<?xml version='1.0' encoding='UTF-8'?>
<dataset>
    <authors author_id="1" first_name="Merritt" last_name="Eric"/>
    <authors author_id="2" first_name="Linda" last_name="Mui"/>
    <authors author_id="3" first_name="Alecos" last_name="Papadatos"/>
    <authors author_id="4" first_name="Paul" middle_name="C.van" last_name="Oorschot"/>
    <authors author_id="5" first_name="David" last_name="Cronin"/>
    <authors author_id="6" first_name="Richard" last_name="Blum"/>
    <authors author_id="7" first_name="Yuval" middle_name="Noah" last_name="Harari"/>
    <authors author_id="8" first_name="Paul" last_name="Albitz"/>
    <authors author_id="9" first_name="David" last_name="Beazley"/>
    <authors author_id="10" first_name="John" middle_name="Paul" last_name="Shen"/>
    <authors author_id="11" first_name="Andrew" last_name="Miller"/>
    <authors author_id="12" first_name="Melanie" last_name="Swan"/>
    <authors author_id="13" first_name="Neal" last_name="Ford"/>
    <authors author_id="14" first_name="Nir" last_name="Shavit"/>
    <authors author_id="15" first_name="Tim" last_name="Kindberg"/>
    <authors author_id="16" first_name="Mike" last_name="McQuaid"/>
    <authors author_id="17" first_name="Brian" middle_name="P." last_name="Hogan"/>
    <authors author_id="18" first_name="Jean-Philippe" last_name="Aumasson"/>
    <authors author_id="19" first_name="Lance" last_name="Fortnow"/>
    <authors author_id="20" first_name="Richard" middle_name="C." last_name="Jeffrey"/>
    <authors author_id="21" first_name="William" middle_name="L." last_name="Simon"/>
    <authors author_id="22" first_name="Magnus" middle_name="Lie" last_name="Hetland"/>
    <authors author_id="23" first_name="Mike" last_name="McShaffry"/>
    <authors author_id="24" first_name="Norman" last_name="Matloff"/>
    <authors author_id="25" first_name="John" middle_name="E." last_name="Hopcroft"/>
    <authors author_id="26" first_name="S." last_name="Sudarshan"/>
    <authors author_id="27" first_name="Bruce" last_name="Eckel"/>
    <authors author_id="28" first_name="Bill" last_name="Gates"/>
    <authors author_id="29" first_name="Shane" last_name="Harvie"/>
    <authors author_id="30" first_name="Ralph" middle_name="P." last_name="Grimaldi"/>
    <authors author_id="31" first_name="Garry" last_name="Kasparov"/>
    <authors author_id="32" first_name="Lawrence" middle_name="C." last_name="Paulson"/>
    <authors author_id="33" first_name="Donella" middle_name="H." last_name="Meadows"/>
    <authors author_id="34" first_name="Maria" last_name="Levitin"/>
    <authors author_id="35" first_name="Joy" middle_name="A." last_name="Thomas"/>
    <authors author_id="36" first_name="Scott" last_name="Rosenberg"/>
    <authors author_id="37" first_name="Mark" last_name="Nelson"/>
    <authors author_id="38" first_name="Hal" last_name="Abelson"/>
    <authors author_id="39" first_name="Ray" last_name="Seyfarth"/>
    <authors author_id="40" first_name="Fred" last_name="Turner"/>
    <authors author_id="41" first_name="Andrew" last_name="Honig"/>
    <authors author_id="42" first_name="Helen" last_name="Sharp"/>
    <authors author_id="43" first_name="Katie" last_name="Hafner"/>
    <authors author_id="44" first_name="Christopher" last_name="Negus"/>
    <authors author_id="45" first_name="Ralph" last_name="Kimball"/>
    <authors author_id="46" first_name="Trent" middle_name="R." last_name="Hein"/>
    <authors author_id="47" first_name="Venkat" last_name="Subramaniam"/>
    <authors author_id="48" first_name="Simon" middle_name="J.D." last_name="Prince"/>
    <authors author_id="50" first_name="Stephen" last_name="Wolfram"/>
    <authors author_id="51" first_name="Jennifer" last_name="Petoff"/>
    <authors author_id="52" first_name="Massimo" last_name="Banzi"/>
    <authors author_id="53" first_name="Mickey" last_name="Petersen"/>
    <authors author_id="54" first_name="Ethem" last_name="Alpaydin"/>
    <authors author_id="55" first_name="Ytaelena" last_name="LA3pez"/>
    <authors author_id="56" first_name="John" middle_name="L." last_name="Hennessy"/>
    <authors author_id="57" first_name="Cameron" last_name="Moll"/>
    <authors author_id="58" first_name="Jamie" last_name="Levy"/>
    <authors author_id="59" first_name="Janet" last_name="Gregory"/>
    <authors author_id="60" first_name="Jenifer" last_name="Tidwell"/>
    <authors author_id="61" first_name="Steven" middle_name="S." last_name="Skiena"/>
    <authors author_id="62" first_name="Jimmy" last_name="Soni"/>
    <authors author_id="63" first_name="Tracy" last_name="Kidder"/>
    <authors author_id="64" first_name="Douglas" middle_name="R." last_name="Hofstadter"/>
    <authors author_id="65" first_name="Zed" last_name="Shaw"/>
    <authors author_id="66" first_name="Yoav" last_name="Shoham"/>
    <authors author_id="67" first_name="Danny" last_name="Goodman"/>
    <authors author_id="68" first_name="Bert" last_name="Bates"/>
    <authors author_id="69" first_name="David" last_name="Gries"/>
    <authors author_id="70" first_name="Eric" last_name="Newcomer"/>
    <authors author_id="71" first_name="Jim" middle_name="R." last_name="Wilson"/>
    <authors author_id="72" first_name="Maarten" middle_name="van" last_name="Steen"/>
    <authors author_id="73" first_name="Tsung-Hsien" last_name="Lee"/>
    <authors author_id="74" first_name="M." middle_name="Mitchell" last_name="Waldrop"/>
    <authors author_id="75" first_name="George" last_name="PÃ³lya"/>
    <authors author_id="76" first_name="Richard" middle_name="S." last_name="Bird"/>
    <authors author_id="77" first_name="Ben" last_name="Collins-Sussman"/>
    <authors author_id="78" first_name="Micha" last_name="Gorelick"/>
    <authors author_id="79" first_name="Christopher" middle_name="T." last_name="Haynes"/>
    <authors author_id="80" first_name="Carlos" last_name="Bueno"/>
    <authors author_id="81" first_name="Michael" middle_name="L." last_name="Scott"/>
    <authors author_id="82" first_name="William" middle_name="Jr." last_name="Gwaltney"/>
    <authors author_id="83" first_name="Binu" last_name="John"/>
    <authors author_id="84" first_name="Dan" last_name="Bader"/>
    <authors author_id="85" first_name="Chris" last_name="Smith"/>
    <authors author_id="86" first_name="Andrew" last_name="Stellman"/>
    <authors author_id="87" first_name="Kevin" last_name="Poulsen"/>
    <authors author_id="88" first_name="Peter" last_name="Linz"/>
    <authors author_id="89" first_name="Jim" last_name="OGorman"/>
    <authors author_id="90" first_name="Ali" last_name="Almossawi"/>
    <authors author_id="91" first_name="David" last_name="Robson"/>
    <authors author_id="92" first_name="Brad" last_name="Abrams"/>
    <authors author_id="93" first_name="Timothy" last_name="Downs"/>
    <authors author_id="94" first_name="Kyle" last_name="Loudon"/>
    <authors author_id="95" first_name="Robert" last_name="Eckstein"/>
    <authors author_id="96" first_name="Wolfgang" last_name="Banzhaf"/>
    <authors author_id="97" first_name="Mike" last_name="Beedle"/>
    <authors author_id="98" first_name="Luke" last_name="Ruth"/>
    <authors author_id="99" first_name="Brad" last_name="Stone"/>
    <authors author_id="100" first_name="David" last_name="Gourley"/>
    <authors author_id="101" first_name="Greg" last_name="Kroah-Hartman"/>
    <authors author_id="102" first_name="Jurgen" last_name="Appelo"/>
    <authors author_id="103" first_name="Eric" last_name="Ries"/>
    <authors author_id="104" first_name="Ian" last_name="Parberry"/>
    <authors author_id="105" first_name="Johan" last_name="Vromans"/>
    <authors author_id="106" first_name="Corey" last_name="Sandler"/>
    <authors author_id="107" first_name="Devon" last_name="Kearns"/>
    <authors author_id="108" first_name="Steven" last_name="Feiner"/>
    <authors author_id="109" first_name="Kevlin" last_name="Henney"/>
    <authors author_id="110" first_name="Abraham" last_name="Silberschatz"/>
    <authors author_id="111" first_name="Mark" last_name="Russinovich"/>
    <authors author_id="112" first_name="Carl" last_name="Eastlund"/>
    <authors author_id="113" first_name="Hans" last_name="Langtangen"/>
    <authors author_id="114" first_name="Carin" last_name="Meier"/>
    <authors author_id="115" first_name="Rebecca" last_name="Wirfs-Brock"/>
    <authors author_id="116" first_name="Lasse" last_name="Koskela"/>
    <authors author_id="117" first_name="David" last_name="Chelimsky"/>
    <authors author_id="118" first_name="Why" middle_name="Stiff" last_name="Lucky"/>
    <authors author_id="119" first_name="Christopher" last_name="Hadnagy"/>
    <authors author_id="120" first_name="Sebastian" last_name="Raschka"/>
    <authors author_id="121" first_name="Henk" last_name="Barendregt"/>
    <authors author_id="122" first_name="Tobias" last_name="Nipkow"/>
    <authors author_id="123" first_name="Chris" last_name="Bernhardt"/>
    <authors author_id="124" first_name="Joost-Pieter" last_name="Katoen"/>
    <authors author_id="125" first_name="R.G." last_name="Dromey"/>
    <authors author_id="126" first_name="Andrew" last_name="McAfee"/>
    <authors author_id="127" first_name="Jeff" last_name="Hawkins"/>
    <authors author_id="128" first_name="Paul" last_name="Deitel"/>
    <authors author_id="129" first_name="Albert" last_name="Meyer"/>
    <authors author_id="130" first_name="Angus" last_name="Croll"/>
    <authors author_id="131" first_name="Jason" last_name="Hickey"/>
    <authors author_id="132" first_name="Nathan" last_name="Marz"/>
    <authors author_id="133" first_name="Miguel" last_name="Revilla"/>
    <authors author_id="134" first_name="Maurice" last_name="Herlihy"/>
    <authors author_id="135" first_name="Gareth" last_name="James"/>
    <authors author_id="136" first_name="Hanne" last_name="Nielson"/>
    <authors author_id="137" first_name="Vern" last_name="Ceder"/>
    <authors author_id="138" first_name="Matt" last_name="Pharr"/>
    <authors author_id="139" first_name="Joe" last_name="Armstrong"/>
    <authors author_id="140" first_name="Mati" last_name="Aharoni"/>
    <authors author_id="141" first_name="Patrick" last_name="Debois"/>
    <authors author_id="142" first_name="Sandi" last_name="Metz"/>
    <authors author_id="143" first_name="Benedikt" last_name="GroAY"/>
    <authors author_id="144" first_name="Peter" last_name="Sanders"/>
    <authors author_id="145" first_name="Baron" last_name="Schwartz"/>
    <authors author_id="146" first_name="Paul" last_name="Clements"/>
    <authors author_id="147" first_name="Scott" last_name="Ambler"/>
    <authors author_id="148" first_name="R." last_name="Dybvig"/>
    <authors author_id="149" first_name="Stephen" last_name="Figgins"/>
    <authors author_id="150" first_name="Stephan" last_name="Mertens"/>
    <authors author_id="151" first_name="Cay" last_name="Horstmann"/>
    <authors author_id="152" first_name="Luis" last_name="Atencio"/>
    <authors author_id="153" first_name="Michael" last_name="Nielsen"/>
    <authors author_id="154" first_name="Aaron" last_name="Courville"/>
    <authors author_id="155" first_name="W.H." last_name="Feijen"/>
    <authors author_id="156" first_name="Richard" last_name="Bejtlich"/>
    <authors author_id="157" first_name="Peter" last_name="Bruce"/>
    <authors author_id="158" first_name="Adam" last_name="Gibson"/>
    <authors author_id="159" first_name="Vernon" last_name="Ceder"/>
    <authors author_id="160" first_name="Patrick" last_name="Winston"/>
    <authors author_id="161" first_name="Scott" last_name="Vanstone"/>
    <authors author_id="162" first_name="Jon" last_name="Duckett"/>
    <authors author_id="163" first_name="Nick" last_name="Bostrom"/>
    <authors author_id="164" first_name="Michael" last_name="Dahlin"/>
    <authors author_id="165" first_name="Eric" last_name="Meyer"/>
    <authors author_id="166" first_name="David" last_name="Harel"/>
    <authors author_id="167" first_name="Claude" last_name="Shannon"/>
    <authors author_id="168" first_name="Daryl" last_name="Harms"/>
    <authors author_id="169" first_name="Dan" last_name="North"/>
    <authors author_id="170" first_name="Roberto" last_name="Tamassia"/>
    <authors author_id="171" first_name="Paul" last_name="Freiberger"/>
    <authors author_id="172" first_name="George" last_name="Heineman"/>
    <authors author_id="173" first_name="Jeffrey" last_name="Yost"/>
    <authors author_id="174" first_name="Matt" last_name="Weisfeld"/>
    <authors author_id="175" first_name="Luciano" last_name="Ramalho"/>
    <authors author_id="176" first_name="Mary" last_name="Poppendieck"/>
    <authors author_id="177" first_name="M." last_name="Ozsu"/>
    <authors author_id="178" first_name="Emily" last_name="Chang"/>
    <authors author_id="179" first_name="Douglas" last_name="Stinson"/>
    <authors author_id="180" first_name="Sara" last_name="Wachter-Boettcher"/>
    <authors author_id="181" first_name="Rajeev" last_name="Motwani"/>
    <authors author_id="182" first_name="John" last_name="Sonmez"/>
    <authors author_id="183" first_name="Y." last_name="Liang"/>
    <authors author_id="184" first_name="Stanley" last_name="Selkow"/>
    <authors author_id="185" first_name="Christopher" last_name="Duncan"/>
    <authors author_id="186" first_name="Michael" last_name="Whitman"/>
    <authors author_id="187" first_name="Ron" last_name="Jeffries"/>
    <authors author_id="188" first_name="Johannes" last_name="Braams"/>
    <authors author_id="189" first_name="SaA!a" last_name="Juric"/>
    <authors author_id="190" first_name="Peter" last_name="Thiel"/>
    <authors author_id="191" first_name="Steve" last_name="Souders"/>
    <authors author_id="192" first_name="Jerome" last_name="Friedman"/>
    <authors author_id="193" first_name="Scott" last_name="Mueller"/>
    <authors author_id="194" first_name="Mark" last_name="Dowd"/>
    <authors author_id="195" first_name="Kelli" last_name="Houston"/>
    <authors author_id="196" first_name="Hinrich" last_name="SchÃ¼tze"/>
    <authors author_id="197" first_name="Ethan" last_name="Marcotte"/>
    <authors author_id="198" first_name="Mark" last_name="Pilgrim"/>
    <authors author_id="199" first_name="Martin" last_name="Davis"/>
    <authors author_id="200" first_name="Craig" last_name="Sharkie"/>
    <authors author_id="201" first_name="Addy" last_name="Osmani"/>
    <authors author_id="202" first_name="N." last_name="Friedman"/>
    <authors author_id="203" first_name="Daniel" last_name="Rose"/>
    <authors author_id="204" first_name="Chris" last_name="Houser"/>
    <authors author_id="205" first_name="Linus" last_name="Torvalds"/>
    <authors author_id="206" first_name="Matthew" last_name="Helmke"/>
    <authors author_id="207" first_name="John" last_name="Battelle"/>
    <authors author_id="208" first_name="Jon" last_name="Kleinberg"/>
    <authors author_id="209" first_name="Alan" last_name="Cooper"/>
    <authors author_id="210" first_name="Yoshua" last_name="Bengio"/>
    <authors author_id="211" first_name="Henrik" last_name="Kniberg"/>
    <authors author_id="212" first_name="Anshul" last_name="Gupta"/>
    <authors author_id="213" first_name="Judith" last_name="Gersting"/>
    <authors author_id="214" first_name="Jared" last_name="Spool"/>
    <authors author_id="215" first_name="William" last_name="Brown"/>
    <authors author_id="216" first_name="Ward" last_name="Cunningham"/>
    <authors author_id="217" first_name="Wladston" last_name="Filho"/>
    <authors author_id="218" first_name="Johnny" last_name="Long"/>
    <authors author_id="219" first_name="Cathy" last_name="ONeil"/>
    <authors author_id="220" first_name="June" last_name="Barrow-Green"/>
    <authors author_id="221" first_name="Jason" last_name="Williams"/>
    <authors author_id="222" first_name="Edward" last_name="Skoudis"/>
    <authors author_id="223" first_name="JÃ©rÃ©mie" last_name="Zimmermann"/>
    <authors author_id="224" first_name="Mario" last_name="Fusco"/>
    <authors author_id="225" first_name="Jason" last_name="Gregory"/>
    <authors author_id="226" first_name="Micah" last_name="Martin"/>
    <authors author_id="227" first_name="Lloyd" last_name="Trefethen"/>
    <authors author_id="228" first_name="Erwin" last_name="SchrÃ¶dinger"/>
    <authors author_id="229" first_name="Chris" last_name="Dannen"/>
    <authors author_id="230" first_name="Shlomo" last_name="Angel"/>
    <authors author_id="231" first_name="Tom" last_name="Badgett"/>
    <authors author_id="232" first_name="Shon" last_name="Harris"/>
    <authors author_id="233" first_name="Brian" last_name="Krebs"/>
    <authors author_id="234" first_name="Graham" last_name="Hutton"/>
    <authors author_id="235" first_name="Ross" last_name="Anderson"/>
    <authors author_id="236" first_name="Linda" last_name="Torczon"/>
    <authors author_id="237" first_name="Steve" last_name="Freeman"/>
    <authors author_id="238" first_name="Simson" last_name="Garfinkel"/>
    <authors author_id="239" first_name="Ilya" last_name="Grigorik"/>
    <authors author_id="240" first_name="Jan" last_name="Eijck"/>
    <authors author_id="241" first_name="Philip" last_name="Bernstein"/>
    <authors author_id="242" first_name="Larry" last_name="Ullman"/>
    <authors author_id="243" first_name="Michael" last_name="Feathers"/>
    <authors author_id="244" first_name="Linda"/>
    <authors author_id="245" first_name="Martin" last_name="Ford"/>
    <authors author_id="246" first_name="Sandro" last_name="Mancuso"/>
    <authors author_id="248" first_name="Donald" last_name="Rubin"/>
    <authors author_id="249" first_name="Steve" last_name="Matyas"/>
    <authors author_id="250" first_name="Richard" last_name="Woods"/>
    <authors author_id="251" first_name="Tim" last_name="Roughgarden"/>
    <authors author_id="252" first_name="Jeff" last_name="Edmonds"/>
    <authors author_id="253" first_name="Eoin" last_name="Woods"/>
    <authors author_id="254" first_name="Brian" last_name="Fitzpatrick"/>
    <authors author_id="255" first_name="N." last_name="Mermin"/>
    <authors author_id="256" first_name="Karl" last_name="Seguin"/>
    <authors author_id="257" first_name="Leo" last_name="Brodie"/>
    <authors author_id="258" first_name="Robert" last_name="Sebesta"/>
    <authors author_id="259" first_name="Janet" last_name="Valade"/>
    <authors author_id="260" first_name="Bill" last_name="Fenner"/>
    <authors author_id="261" first_name="Lorna" last_name="Mitchell"/>
    <authors author_id="262" first_name="Satya" last_name="Nadella"/>
    <authors author_id="263" first_name="Dan" last_name="Cederholm"/>
    <authors author_id="264" first_name="Bryan" last_name="Helmkamp"/>
    <authors author_id="265" first_name="Dale" last_name="Dougherty"/>
    <authors author_id="266" first_name="Ka" last_name="Cheung"/>
    <authors author_id="267" first_name="Mark" last_name="Lutz"/>
    <authors author_id="268" first_name="Tom" last_name="Phoenix"/>
    <authors author_id="269" first_name="Mark" last_name="Hamstra"/>
    <authors author_id="270" first_name="Gayle" last_name="McDowell"/>
    <authors author_id="271" first_name="Michael" last_name="Swaine"/>
    <authors author_id="272" first_name="Yvonne" last_name="Rogers"/>
    <authors author_id="273" first_name="Edmond" last_name="Lau"/>
    <authors author_id="274" first_name="Mike" last_name="Clark"/>
    <authors author_id="275" first_name="Gordon" last_name="Blair"/>
    <authors author_id="276" first_name="Mark" last_name="Ciampa"/>
    <authors author_id="277" first_name="Pramod" last_name="Sadalage"/>
    <authors author_id="278" first_name="Subrata" last_name="Dasgupta"/>
    <authors author_id="279" first_name="Stuart" last_name="McClure"/>
    <authors author_id="280" first_name="Gary" last_name="Bradski"/>
    <authors author_id="281" first_name="Brian" last_name="Lonsdorf"/>
    <authors author_id="282" first_name="Jesse" last_name="Robbins"/>
    <authors author_id="283" first_name="Steven" last_name="Pinker"/>
    <authors author_id="284" first_name="David" last_name="Stork"/>
    <authors author_id="285" first_name="Luke" last_name="Wroblewski"/>
    <authors author_id="286" first_name="Graham" last_name="Lee"/>
    <authors author_id="287" first_name="J." last_name="Adams"/>
    <authors author_id="288" first_name="Stephen" last_name="Thorne"/>
    <authors author_id="289" first_name="Dmitry" last_name="Jemerov"/>
    <authors author_id="290" first_name="Thomas" last_name="Connolly"/>
    <authors author_id="291" first_name="J." last_name="Brookshear"/>
    <authors author_id="292" first_name="W." last_name="Hillis"/>
    <authors author_id="293" first_name="Petar" last_name="Tahchiev"/>
    <authors author_id="294" first_name="Arnold" last_name="Robbins"/>
    <authors author_id="295" first_name="Chris" last_name="Hankin"/>
    <authors author_id="296" first_name="Jack" last_name="Moffett"/>
    <authors author_id="297" first_name="Andreas" last_name="Wittig"/>
    <authors author_id="298" first_name="Kjell" last_name="Johnson"/>
    <authors author_id="299" first_name="Christine" last_name="Bresnahan"/>
    <authors author_id="300" first_name="Tom" last_name="Christiansen"/>
    <authors author_id="301" first_name="Harvey" last_name="Deitel"/>
    <authors author_id="302" first_name="Allan" last_name="Friedman"/>
    <authors author_id="303" first_name="Tom" last_name="DeMarco"/>
    <authors author_id="304" first_name="Chris" last_name="Rowley"/>
    <authors author_id="305" first_name="Chris" last_name="Eagle"/>
    <authors author_id="306" first_name="Gina" last_name="Smith"/>
    <authors author_id="307" first_name="David" last_name="LeBlanc"/>
    <authors author_id="308" first_name="Andrea" last_name="Arpaci-Dusseau"/>
    <authors author_id="309" first_name="Martin" last_name="Reddy"/>
    <authors author_id="310" first_name="Eliezer" last_name="Yudkowsky"/>
    <authors author_id="311" first_name="Alfred" last_name="Aho"/>
    <authors author_id="312" first_name="John" last_name="Maeda"/>
    <authors author_id="313" first_name="Janna" last_name="Levin"/>
    <authors author_id="314" first_name="Christopher" last_name="Cunningham"/>
    <authors author_id="315" first_name="Flemming" last_name="Nielson"/>
    <authors author_id="316" first_name="Anne" last_name="Troelstra"/>
    <authors author_id="317" first_name="Hartley" last_name="Rogers"/>
    <authors author_id="318" first_name="Jonathan" last_name="Katz"/>
    <authors author_id="319" first_name="Cory" last_name="Althoff"/>
    <authors author_id="320" first_name="Betty" last_name="Toole"/>
    <authors author_id="321" first_name="H." last_name="Schwichtenberg"/>
    <authors author_id="322" first_name="Sara" last_name="Ishikawa"/>
    <authors author_id="323" first_name="Dennis" last_name="Shasha"/>
    <authors author_id="324" first_name="Daniela" last_name="Witten"/>
    <authors author_id="325" first_name="Nilanjan" last_name="Raychaudhuri"/>
    <authors author_id="326" first_name="Avdi" last_name="Grimm"/>
    <authors author_id="327" first_name="Martin" last_name="Fowler"/>
    <authors author_id="328" first_name="Brian" last_name="Carper"/>
    <authors author_id="329" first_name="Mat" last_name="Buckland"/>
    <authors author_id="330" first_name="Amit" last_name="Prakash"/>
    <authors author_id="331" first_name="V." last_name="Spraul"/>
    <authors author_id="332" first_name="Craig" last_name="Martell"/>
    <authors author_id="333" first_name="Svetlana" last_name="Isakova"/>
    <authors author_id="334" first_name="James" last_name="Trott"/>
    <authors author_id="335" first_name="Kenneth" last_name="Rubin"/>
    <authors author_id="336" first_name="William" middle_name="Jr." last_name="Shotts"/>
    <authors author_id="337" first_name="Ian" last_name="Sommerville"/>
    <authors author_id="338" first_name="Dennis" last_name="Ritchie"/>
    <authors author_id="339" first_name="Brendan" last_name="Burns"/>
    <authors author_id="340" first_name="Adele" last_name="Goldberg"/>
    <authors author_id="341" first_name="Conor" last_name="McBride"/>
    <authors author_id="342" first_name="Andy" last_name="MÃ¼ller-Maguhn"/>
    <authors author_id="343" first_name="Foster" last_name="Provost"/>
    <authors author_id="344" first_name="Tom" last_name="Mitchell"/>
    <authors author_id="345" first_name="Duncan" last_name="Watts"/>
    <authors author_id="346" first_name="David" last_name="Wood"/>
    <authors author_id="347" first_name="Ming" last_name="Li"/>
    <authors author_id="348" first_name="Alan" last_name="McKean"/>
    <authors author_id="349" first_name="Tatiana" last_name="Diaz"/>
    <authors author_id="350" first_name="David" last_name="III"/>
    <authors author_id="351" first_name="Nelson" last_name="Beebe"/>
    <authors author_id="352" first_name="Mike" last_name="Meyers"/>
    <authors author_id="353" first_name="Bruce" last_name="MacLennan"/>
    <authors author_id="354" first_name="Suzanne" last_name="Robertson"/>
    <authors author_id="355" first_name="David" last_name="Carlisle"/>
    <authors author_id="356" first_name="Peter" last_name="Weinberger"/>
    <authors author_id="357" first_name="Ingrid" last_name="Fiksdahl-King"/>
    <authors author_id="358" first_name="Igal" last_name="Tabachnik"/>
    <authors author_id="359" first_name="Greg" last_name="Michaelson"/>
    <authors author_id="360" first_name="Jeroen" last_name="Janssens"/>
    <authors author_id="361" first_name="Nicholas" last_name="Haemel"/>
    <authors author_id="362" first_name="Felix" last_name="Halim"/>
    <authors author_id="363" first_name="David" last_name="Kennedy"/>
    <authors author_id="364" first_name="Roger" last_name="Pressman"/>
    <authors author_id="365" first_name="J.P." last_name="Vossen"/>
    <authors author_id="366" first_name="Daniel" last_name="Higginbotham"/>
    <authors author_id="367" first_name="Colin" last_name="Evans"/>
    <authors author_id="368" first_name="Robert" last_name="Nystrom"/>
    <authors author_id="369" first_name="Ron" last_name="White"/>
    <authors author_id="370" first_name="Justin" last_name="Schuh"/>
    <authors author_id="371" first_name="Carlos" last_name="Coronel"/>
    <authors author_id="372" first_name="Matt" last_name="Carter"/>
    <authors author_id="373" first_name="Guy" last_name="Theraulaz"/>
    <authors author_id="374" first_name="Zachary" last_name="Tong"/>
    <authors author_id="375" first_name="Richard" last_name="Stallman"/>
    <authors author_id="376" first_name="David" last_name="Holmes"/>
    <authors author_id="377" first_name="George" last_name="Dyson"/>
    <authors author_id="378" first_name="Kent" last_name="Beck"/>
    <authors author_id="379" first_name="Nathan" last_name="Ensmenger"/>
    <authors author_id="380" first_name="Micah" last_name="Alpern"/>
    <authors author_id="381" first_name="Steven" last_name="Halim"/>
    <authors author_id="382" first_name="Greg" last_name="Riccardi"/>
    <authors author_id="383" first_name="Matthew" last_name="Lyon"/>
    <authors author_id="384" first_name="Dan" last_name="Jurafsky"/>
    <authors author_id="385" first_name="Asanovi"/>
    <authors author_id="386" first_name="Richard" last_name="Gabriel"/>
    <authors author_id="387" first_name="Marco" last_name="Dorigo"/>
    <authors author_id="388" first_name="Brian" last_name="Flannery"/>
    <authors author_id="389" first_name="Thomas" last_name="Anderson"/>
    <authors author_id="390" first_name="Ben" last_name="Albahari"/>
    <authors author_id="391" first_name="Gary" last_name="Pollice"/>
    <authors author_id="392" first_name="Jon" last_name="Orwant"/>
    <authors author_id="393" first_name="Dave" last_name="Fancher"/>
    <authors author_id="394" first_name="John" last_name="Smart"/>
    <authors author_id="395" first_name="Wallace" last_name="Wang"/>
    <authors author_id="396" first_name="Julian" last_name="Assange"/>
    <authors author_id="397" first_name="Alex" last_name="Payne"/>
    <authors author_id="398" first_name="Terence" last_name="Parr"/>
    <authors author_id="399" first_name="Kees" last_name="Doets"/>
    <authors author_id="400" first_name="Eldad" last_name="Eilam"/>
    <authors author_id="401" first_name="John" last_name="Zelle"/>
    <authors author_id="402" first_name="Marsha" last_name="Zaidman"/>
    <authors author_id="403" first_name="Kip" last_name="Irvine"/>
    <authors author_id="404" first_name="Deepak" last_name="Alur"/>
    <authors author_id="405" first_name="Magnus" last_name="Christerson"/>
    <authors author_id="406" first_name="Martin" last_name="Abbott"/>
    <authors author_id="407" first_name="F." last_name="Lawvere"/>
    <authors author_id="408" first_name="Robert" last_name="Harper"/>
    <authors author_id="409" first_name="K.N." last_name="King"/>
    <authors author_id="410" first_name="Diana" last_name="Wright"/>
    <authors author_id="411" first_name="Daniel" last_name="Velleman"/>
    <authors author_id="412" first_name="Frank" last_name="OBrien"/>
    <authors author_id="413" first_name="Andrew" last_name="Farris"/>
    <authors author_id="414" first_name="Niranjan" last_name="Shivaratri"/>
    <authors author_id="415" first_name="Don" last_name="Jones"/>
    <authors author_id="416" first_name="Adam" last_name="Freeman"/>
    <authors author_id="417" first_name="William" last_name="Cook"/>
    <authors author_id="418" first_name="Andrei" last_name="Alexandrescu"/>
    <authors author_id="419" first_name="Yehuda" last_name="Katz"/>
    <authors author_id="420" first_name="Richard" last_name="Monson-Haefel"/>
    <authors author_id="421" first_name="George" last_name="Kurtz"/>
    <authors author_id="422" first_name="Seth" last_name="Stephens-Davidowitz"/>
    <authors author_id="423" first_name="Martin" last_name="Gardner"/>
    <authors author_id="424" first_name="Bruce" last_name="Lawson"/>
    <authors author_id="425" first_name="Robert" last_name="Knake"/>
    <authors author_id="426" first_name="Ellen" last_name="Ullman"/>
    <authors author_id="427" first_name="John" last_name="Crupi"/>
    <authors author_id="428" first_name="Diana" last_name="Larsen"/>
    <authors author_id="429" first_name="Eric" last_name="Giguere"/>
    <authors author_id="430" first_name="Derek" last_name="Balling"/>
    <authors author_id="431" first_name="Paul" last_name="Ceruzzi"/>
    <authors author_id="432" first_name="Tom" last_name="Fawcett"/>
    <authors author_id="433" first_name="Jeff" last_name="Johnson"/>
    <authors author_id="434" first_name="Jon" last_name="Gertner"/>
    <authors author_id="435" first_name="Yashavant" last_name="Kanetkar"/>
    <authors author_id="436" first_name="Andy" last_name="Oram"/>
    <authors author_id="437" first_name="Kenneth" last_name="Steiglitz"/>
    <authors author_id="438" first_name="Trevor" last_name="Hastie"/>
    <authors author_id="439" first_name="Jeffrey" last_name="Ullman"/>
    <authors author_id="440" first_name="Adrian" last_name="Holovaty"/>
    <authors author_id="441" first_name="Kevin" last_name="Kelly"/>
    <authors author_id="442" first_name="Paul" last_name="Barry"/>
    <authors author_id="443" first_name="Uwe" last_name="SchÃÂ¶ning"/>
    <authors author_id="444" first_name="John" last_name="Burgess"/>
    <authors author_id="445" first_name="Christopher" last_name="Steiner"/>
    <authors author_id="446" first_name="Eric" last_name="Redmond"/>
    <authors author_id="447" first_name="Jon" last_name="Erickson"/>
    <authors author_id="448" first_name="Timothy" last_name="Gowers"/>
    <authors author_id="449" first_name="Karl" last_name="Matthias"/>
    <authors author_id="450" first_name="Jason" last_name="Fried"/>
    <authors author_id="451" first_name="Jacquelyn" last_name="Carter"/>
    <authors author_id="452" first_name="Jacob" last_name="Appelbaum"/>
    <authors author_id="453" first_name="Andrew" last_name="Glover"/>
    <authors author_id="454" first_name="John" last_name="White"/>
    <authors author_id="455" first_name="Ed" last_name="Yourdon"/>
    <authors author_id="456" first_name="The" last_name="Consortium"/>
    <authors author_id="457" first_name="Michael" last_name="Lucas"/>
    <authors author_id="458" first_name="Raphael" last_name="Malveau"/>
    <authors author_id="459" first_name="Simon" last_name="Marlow"/>
    <authors author_id="460" first_name="Ralph" last_name="Johnson"/>
    <authors author_id="461" first_name="Bjarne" last_name="Stroustrup"/>
    <authors author_id="462" first_name="Jeremy" last_name="Kubica"/>
    <authors author_id="463" first_name="Dan" last_name="Malks"/>
    <authors author_id="464" first_name="Michael" last_name="Folk"/>
    <authors author_id="465" first_name="Allen" last_name="Dutoit"/>
    <authors author_id="466" first_name="Jack" last_name="Falk"/>
    <authors author_id="467" first_name="Andrew" last_name="Tanenbaum"/>
    <authors author_id="468" first_name="Andrew" last_name="Appel"/>
    <authors author_id="469" first_name="Rachel" last_name="Warren"/>
    <authors author_id="470" first_name="Nick" last_name="Rozanski"/>
    <authors author_id="471" first_name="Gunnar" last_name="Overgaard"/>
    <authors author_id="472" first_name="Debra" last_name="Cameron"/>
    <authors author_id="473" first_name="Sanjay" last_name="Patel"/>
    <authors author_id="474" first_name="Greg" last_name="Perry"/>
    <authors author_id="475" first_name="Andrew" last_name="Barto"/>
    <authors author_id="476" first_name="Pedro" last_name="Domingos"/>
    <authors author_id="477" first_name="Mordechai" last_name="Ben-Ari"/>
    <authors author_id="478" first_name="John" last_name="Koza"/>
    <authors author_id="479" first_name="Peter" last_name="Pacheco"/>
    <authors author_id="480" first_name="David" last_name="Bourg"/>
    <authors author_id="481" first_name="Robert" last_name="Martin"/>
    <authors author_id="482" first_name="Philip" last_name="Jackson"/>
    <authors author_id="483" first_name="Paul" last_name="Duvall"/>
    <authors author_id="484" first_name="Paul" last_name="Churchland"/>
    <authors author_id="485" first_name="David" last_name="Patterson"/>
    <authors author_id="486" first_name="Roland" last_name="Mas"/>
    <authors author_id="487" first_name="Imre" last_name="Leader"/>
    <authors author_id="488" first_name="Michael" last_name="Dirolf"/>
    <authors author_id="489" first_name="Jerome" last_name="Saltzer"/>
    <authors author_id="490" first_name="James" last_name="Whittaker"/>
    <authors author_id="491" first_name="Betsy" last_name="Beyer"/>
    <authors author_id="492" first_name="Albert-LÃ¡szlÃ³" last_name="BarabÃ¡si"/>
    <authors author_id="493" first_name="Lisa" last_name="Crispin"/>
    <authors author_id="494" first_name="Peter" last_name="Wallack"/>
    <authors author_id="495" first_name="Trend-Pro" last_name="Ltd."/>
    <authors author_id="496" first_name="Sydney" last_name="Padua"/>
    <authors author_id="497" first_name="Niklaus" last_name="Wirth"/>
    <authors author_id="498" first_name="James" last_name="Foley"/>
    <authors author_id="499" first_name="Lawrence" last_name="Lessig"/>
    <authors author_id="500" first_name="Edward" last_name="Tufte"/>
    <authors author_id="501" first_name="Carl" last_name="Albing"/>
    <authors author_id="502" first_name="Luke" last_name="Hohmann"/>
    <authors author_id="503" first_name="Mark" last_name="Ryan"/>
    <authors author_id="504" first_name="Richard" last_name="Sutton"/>
    <authors author_id="505" first_name="Fletcher" last_name="Dunn"/>
    <authors author_id="506" first_name="George" last_name="Karypis"/>
    <authors author_id="507" first_name="Maurice" last_name="Naftalin"/>
    <authors author_id="508" first_name="John" last_name="Willis"/>
    <authors author_id="509" first_name="Jez" last_name="Humble"/>
    <authors author_id="510" first_name="Neil" last_name="Jones"/>
    <authors author_id="511" first_name="Stanley" last_name="Lippman"/>
    <authors author_id="512" first_name="Simon" last_name="Brown"/>
    <authors author_id="513" first_name="Eric" last_name="Lengyel"/>
    <authors author_id="514" first_name="Marc" last_name="Kreveld"/>
    <authors author_id="515" first_name="Chris" last_name="Jones"/>
    <authors author_id="516" first_name="Andrew" last_name="Hodges"/>
    <authors author_id="517" first_name="Earle" last_name="Castledine"/>
    <authors author_id="518" first_name="F." last_name="Leighton"/>
    <authors author_id="519" first_name="Philippe" last_name="Flajolet"/>
    <authors author_id="520" first_name="Peter" last_name="Hart"/>
    <authors author_id="521" first_name="Philip" last_name="Japikse"/>
    <authors author_id="522" first_name="Michael" last_name="Ligh"/>
    <authors author_id="523" first_name="Mark" last_name="Richards"/>
    <authors author_id="524" first_name="Gary" last_name="Wright"/>
    <authors author_id="525" first_name="Viktor" last_name="Mayer-SchÃ¶nberger"/>
    <authors author_id="526" first_name="Gautam" last_name="Shroff"/>
    <authors author_id="527" first_name="Jonathan" last_name="Stoddard"/>
    <authors author_id="528" first_name="Richard" last_name="Hamming"/>
    <authors author_id="529" first_name="Cristina" last_name="Lopes"/>
    <authors author_id="530" first_name="Stoyan" last_name="Stefanov"/>
    <authors author_id="531" first_name="Michael" last_name="Abrash"/>
    <authors author_id="532" first_name="Bradley" last_name="Miller"/>
    <authors author_id="533" first_name="Jim" last_name="Highsmith"/>
    <authors author_id="534" first_name="Anthony" last_name="Molinaro"/>
    <authors author_id="535" first_name="Frank" last_name="Buschmann"/>
    <authors author_id="536" first_name="Peter" last_name="Dayan"/>
    <authors author_id="537" first_name="James" last_name="Gleick"/>
    <authors author_id="538" first_name="Tony" last_name="Mason"/>
    <authors author_id="539" first_name="Nell" last_name="Dale"/>
    <authors author_id="540" first_name="Kevin" last_name="Fall"/>
    <authors author_id="541" first_name="Ryan" last_name="Breidenbach"/>
    <authors author_id="542" first_name="Doug" last_name="Hoyte"/>
    <authors author_id="543" first_name="Remy" last_name="Sharp"/>
    <authors author_id="544" first_name="Chas" last_name="Emerick"/>
    <authors author_id="545" first_name="Daniel" last_name="Shiffman"/>
    <authors author_id="546" first_name="Flavio" last_name="Junqueira"/>
    <authors author_id="547" first_name="Nello" last_name="Cristianini"/>
    <authors author_id="548" first_name="Greg" last_name="Wilson"/>
    <authors author_id="549" first_name="Mike" last_name="Cohn"/>
    <authors author_id="550" first_name="Michael" last_name="Lewis"/>
    <authors author_id="551" first_name="Neal" last_name="Gafter"/>
    <authors author_id="552" first_name="William" last_name="Byrd"/>
    <authors author_id="553" first_name="Frederick" middle_name="Jr." last_name="Brooks"/>
    <authors author_id="554" first_name="OReilly" last_name="Team"/>
    <authors author_id="555" first_name="Axel" last_name="Rauschmayer"/>
    <authors author_id="556" first_name="Andrew" last_name="Ng"/>
    <authors author_id="557" first_name="William" last_name="Press"/>
    <authors author_id="558" first_name="ACM" last_name="Staff"/>
    <authors author_id="559" first_name="Michael" last_name="Fisher"/>
    <authors author_id="560" first_name="John" last_name="Lewis"/>
    <authors author_id="561" first_name="Simon" last_name="Haykin"/>
    <authors author_id="562" first_name="Jim" last_name="Blandy"/>
    <authors author_id="563" first_name="Herbert" last_name="Schildt"/>
    <authors author_id="564" first_name="Rich" last_name="Gibson"/>
    <authors author_id="565" first_name="Markus" last_name="Winand"/>
    <authors author_id="566" first_name="Seymour" last_name="Papert"/>
    <authors author_id="567" first_name="Raghu" last_name="Ramakrishnan"/>
    <authors author_id="568" first_name="Greg" last_name="Newman"/>
    <authors author_id="569" first_name="Christopher" last_name="Manning"/>
    <authors author_id="570" first_name="Gregor" last_name="Hohpe"/>
    <authors author_id="571" first_name="Roland" last_name="Kuhn"/>
    <authors author_id="572" first_name="Doug" last_name="Cutting"/>
    <authors author_id="573" first_name="Daniel" last_name="Cohen"/>
    <authors author_id="574" first_name="Brian" last_name="Foy"/>
    <authors author_id="575" first_name="Alan" last_name="Mycroft"/>
    <authors author_id="576" first_name="Ian" last_name="Witten"/>
    <authors author_id="577" first_name="Chad" last_name="Fowler"/>
    <authors author_id="578" first_name="Ronen" last_name="Feldman"/>
    <authors author_id="579" first_name="Marvin" last_name="Zelkowitz"/>
    <authors author_id="580" first_name="Mana" last_name="Takahashi"/>
    <authors author_id="581" first_name="John" last_name="Foreman"/>
    <authors author_id="582" first_name="Andries" last_name="Dam"/>
    <authors author_id="583" first_name="John" last_name="Hughes"/>
    <authors author_id="584" first_name="William" last_name="Kent"/>
    <authors author_id="585" first_name="Gene" last_name="Kim"/>
    <authors author_id="586" first_name="Wes" last_name="McKinney"/>
    <authors author_id="587" first_name="Brian" last_name="Totty"/>
    <authors author_id="588" first_name="Matt" last_name="Welsh"/>
    <authors author_id="589" first_name="Gojko" last_name="Adzic"/>
    <authors author_id="590" first_name="Greg" last_name="Nudelman"/>
    <authors author_id="591" first_name="Dean" last_name="Leffingwell"/>
    <authors author_id="592" first_name="Peter" last_name="Salus"/>
    <authors author_id="593" first_name="Jared" last_name="Richardson"/>
    <authors author_id="594" first_name="Willi" last_name="Richert"/>
    <authors author_id="595" first_name="Winston" last_name="Chang"/>
    <authors author_id="596" first_name="Martin" last_name="Odersky"/>
    <authors author_id="597" first_name="Drew" last_name="Neil"/>
    <authors author_id="598" first_name="Gilbert" last_name="Strang"/>
    <authors author_id="599" first_name="Jon" last_name="Loeliger"/>
    <authors author_id="600" first_name="Christos" last_name="Papadimitriou"/>
    <authors author_id="601" first_name="Chris" last_name="Shiflett"/>
    <authors author_id="602" first_name="Glenn" last_name="Greenwald"/>
    <authors author_id="603" first_name="Mike" last_name="Gancarz"/>
    <authors author_id="604" first_name="Kevin" last_name="Beaver"/>
    <authors author_id="605" first_name="James" last_name="Warren"/>
    <authors author_id="606" first_name="Reto" last_name="Meier"/>
    <authors author_id="607" first_name="Jennifer" last_name="Robbins"/>
    <authors author_id="608" first_name="Mike" last_name="Loukides"/>
    <authors author_id="609" first_name="Aaron" last_name="Tenenbaum"/>
    <authors author_id="610" first_name="Anany" last_name="Levitin"/>
    <authors author_id="611" first_name="Joshua" last_name="Bloch"/>
    <authors author_id="612" first_name="Benjamin" last_name="Reed"/>
    <authors author_id="613" first_name="Michael" last_name="Goldwasser"/>
    <authors author_id="614" first_name="Marcus" last_name="Pinto"/>
    <authors author_id="615" first_name="Robert" last_name="Vamosi"/>
    <authors author_id="616" first_name="Tariq" last_name="Rashid"/>
    <authors author_id="617" first_name="Daphne" last_name="Koller"/>
    <authors author_id="618" first_name="James" last_name="Reffell"/>
    <authors author_id="619" first_name="Boaz" last_name="Barak"/>
    <authors author_id="620" first_name="Steven" last_name="Holzner"/>
    <authors author_id="621" first_name="Franz" last_name="Baader"/>
    <authors author_id="622" first_name="Sara" last_name="Baase"/>
    <authors author_id="623" first_name="Christel" last_name="Baier"/>
    <authors author_id="624" first_name="Jon" last_name="Bentley"/>
    <authors author_id="625" first_name="Hadley" last_name="Wickham"/>
    <authors author_id="626" first_name="Jeff" last_name="Atwood"/>
    <authors author_id="627" first_name="John" last_name="Mongan"/>
    <authors author_id="628" first_name="Jeff" last_name="Hammerbacher"/>
    <authors author_id="629" first_name="John" last_name="Mitchell"/>
    <authors author_id="630" first_name="Marc" last_name="Goodman"/>
    <authors author_id="631" first_name="John" last_name="Allen"/>
    <authors author_id="632" first_name="Neil" last_name="Matthew"/>
    <authors author_id="633" first_name="Tony" last_name="Gaddis"/>
    <authors author_id="634" first_name="Timothy" last_name="Lister"/>
    <authors author_id="635" first_name="Carl" last_name="Meyer"/>
    <authors author_id="636" first_name="Amy" last_name="Brown"/>
    <authors author_id="637" first_name="Eric" last_name="Matthes"/>
    <authors author_id="638" first_name="Dan" last_name="Gusfield"/>
    <authors author_id="639" first_name="Vincent" last_name="Massol"/>
    <authors author_id="640" first_name="Robert" last_name="Romano"/>
    <authors author_id="641" first_name="Christer" last_name="Ericson"/>
    <authors author_id="642" first_name="Andreas" last_name="Zeller"/>
    <authors author_id="643" first_name="Carolyn" last_name="Begg"/>
    <authors author_id="644" first_name="Claire" last_name="Evans"/>
    <authors author_id="645" first_name="Dusty" last_name="Phillips"/>
    <authors author_id="646" first_name="Dave" last_name="Agans"/>
    <authors author_id="647" first_name="Mark" last_name="Berg"/>
    <authors author_id="648" first_name="Felipe" last_name="Leme"/>
    <authors author_id="649" first_name="John" last_name="Kelleher"/>
    <authors author_id="650" first_name="Andy" last_name="Hertzfeld"/>
    <authors author_id="651" first_name="Samuel" last_name="Arbesman"/>
    <authors author_id="652" first_name="Max" last_name="Jacobson"/>
    <authors author_id="653" first_name="Yale" last_name="Patt"/>
    <authors author_id="654" first_name="Dick" last_name="Grune"/>
    <authors author_id="655" first_name="Michael" last_name="Stonebraker"/>
    <authors author_id="656" first_name="Tomas" last_name="Akenine-MÃ¶ller"/>
    <authors author_id="657" first_name="Ken" last_name="Schwaber"/>
    <authors author_id="658" first_name="Michael" last_name="Taylor"/>
    <authors author_id="659" first_name="Grady" last_name="Booch"/>
    <authors author_id="660" first_name="Pete" last_name="Goodliffe"/>
    <authors author_id="661" first_name="Joshua" last_name="Suereth"/>
    <authors author_id="662" first_name="Garth" last_name="Snyder"/>
    <authors author_id="663" first_name="Leo" last_name="Dorst"/>
    <authors author_id="664" first_name="Barry" last_name="OReilly"/>
    <authors author_id="665" first_name="Jennifer" last_name="Greene"/>
    <authors author_id="666" first_name="Douglas" last_name="Schmidt"/>
    <authors author_id="667" first_name="Joseph" last_name="Schmuller"/>
    <authors author_id="668" first_name="Andrew" last_name="Gelman"/>
    <authors author_id="669" first_name="Karl" last_name="Wiegers"/>
    <authors author_id="670" first_name="Andreas" last_name="Wirthensohn"/>
    <authors author_id="672" first_name="Tom" last_name="Liston"/>
    <authors author_id="673" first_name="Dean" last_name="Miller"/>
    <authors author_id="674" first_name="Jakob" last_name="Nielsen"/>
    <authors author_id="675" first_name="Elaine" last_name="Rich"/>
    <authors author_id="676" first_name="Leland" last_name="Purvis"/>
    <authors author_id="677" first_name="Ivan" last_name="Ristic"/>
    <authors author_id="678" first_name="Richard" last_name="Warburton"/>
    <authors author_id="679" first_name="Michel" last_name="Goossens"/>
    <authors author_id="680" first_name="S." last_name="Cooper"/>
    <authors author_id="681" first_name="Michael" last_name="Mitzenmacher"/>
    <authors author_id="682" first_name="Shamkant" last_name="Navathe"/>
    <authors author_id="683" first_name="Gordon" last_name="Lyon"/>
    <authors author_id="684" first_name="Matthew" last_name="Gast"/>
    <authors author_id="685" first_name="William" last_name="Lidwell"/>
    <authors author_id="686" first_name="Bruce" last_name="Sterling"/>
    <authors author_id="687" first_name="Chuck" last_name="Musciano"/>
    <authors author_id="688" first_name="Benjamin" last_name="Lipchak"/>
    <authors author_id="689" first_name="Peter" last_name="Zaitsev"/>
    <authors author_id="690" first_name="Keith" last_name="Jones"/>
    <authors author_id="691" first_name="Steven" last_name="Levithan"/>
    <authors author_id="692" first_name="Bryan" last_name="OSullivan"/>
    <authors author_id="693" first_name="Ken" last_name="Ledeen"/>
    <authors author_id="694" first_name="Christopher" last_name="Alexander"/>
    <authors author_id="695" first_name="Lar" last_name="Kaufman"/>
    <authors author_id="696" first_name="David" last_name="Leavitt"/>
    <authors author_id="697" first_name="Sam" last_name="Williams"/>
    <authors author_id="698" first_name="Marco" last_name="Cesati"/>
    <authors author_id="699" first_name="Alan" last_name="Turing"/>
    <authors author_id="700" first_name="Ira" last_name="Pohl"/>
    <authors author_id="701" first_name="Ernest" last_name="Nagel"/>
    <authors author_id="702" first_name="Eibe" last_name="Frank"/>
    <authors author_id="703" first_name="George" last_name="Boolos"/>
    <authors author_id="704" first_name="Peter" last_name="Robson"/>
    <authors author_id="705" first_name="Michael" last_name="Lopp"/>
    <authors author_id="707" first_name="Dean" last_name="Wampler"/>
    <authors author_id="708" first_name="Brett" last_name="McLaughlin"/>
    <authors author_id="709" first_name="P.J." last_name="Plauger"/>
    <authors author_id="710" first_name="Herb" last_name="Sutter"/>
    <authors author_id="711" first_name="Peter" last_name="Kim"/>
    <authors author_id="712" first_name="Russ" last_name="Miles"/>
    <authors author_id="713" first_name="Alex" last_name="Ionescu"/>
    <authors author_id="714" first_name="Prabhakar" last_name="Raghavan"/>
    <authors author_id="715" first_name="Chris" last_name="Anley"/>
    <authors author_id="716" first_name="Mor" last_name="Harchol-Balter"/>
    <authors author_id="717" first_name="Neal" last_name="Stephenson"/>
    <authors author_id="718" first_name="Harry" last_name="Lewis"/>
    <authors author_id="719" first_name="Andriy" last_name="Burkov"/>
    <authors author_id="720" first_name="Vaughn" last_name="Vernon"/>
    <authors author_id="721" first_name="David" last_name="Barber"/>
    <authors author_id="722" first_name="David" last_name="Kahn"/>
    <authors author_id="723" first_name="Toby" last_name="Segaran"/>
    <authors author_id="724" first_name="Holden" last_name="Karau"/>
    <authors author_id="725" first_name="Nancy" last_name="Lynch"/>
    <authors author_id="726" first_name="Shawn" last_name="Hedman"/>
    <authors author_id="727" first_name="Peter" last_name="Hruschka"/>
    <authors author_id="728" first_name="Sailu" last_name="Reddy"/>
    <authors author_id="729" first_name="Christophe" last_name="Grand"/>
    <authors author_id="730" first_name="Daniel" last_name="Holden"/>
    <authors author_id="731" first_name="Joseph" last_name="Bonneau"/>
    <authors author_id="732" first_name="Andrew" last_name="Blum"/>
    <authors author_id="733" first_name="Mark" last_name="Overmars"/>
    <authors author_id="734" first_name="Miran" last_name="LipovaÃÂa"/>
    <authors author_id="735" first_name="Gerald" last_name="Weinberg"/>
    <authors author_id="736" first_name="Aoife" last_name="DArcy"/>
    <authors author_id="737" first_name="Anthony" last_name="Williams"/>
    <authors author_id="738" first_name="Kent" last_name="Kawahara"/>
    <authors author_id="739" first_name="Jeff" last_name="Duntemann"/>
    <authors author_id="740" first_name="Robert" last_name="Glass"/>
    <authors author_id="741" first_name="Donald" last_name="Yacktman"/>
    <authors author_id="742" first_name="Terrence" last_name="Pratt"/>
    <authors author_id="743" first_name="Rachid" last_name="Guerraoui"/>
    <authors author_id="744" first_name="Jan" last_name="Goyvaerts"/>
    <authors author_id="745" first_name="Steve" last_name="Oualline"/>
    <authors author_id="746" first_name="Edsger" last_name="Dijkstra"/>
    <authors author_id="747" first_name="Jaron" last_name="Lanier"/>
    <authors author_id="748" first_name="Bruce" last_name="Dang"/>
    <authors author_id="749" first_name="Adam" last_name="Tornhill"/>
    <authors author_id="750" first_name="Robert" last_name="Maksimchuk"/>
    <authors author_id="751" first_name="Jon" last_name="Skeet"/>
    <authors author_id="752" first_name="Richard" last_name="Clarke"/>
    <authors author_id="753" first_name="David" last_name="Goldberg"/>
    <authors author_id="754" first_name="Vadim" last_name="Tkachenko"/>
    <authors author_id="755" first_name="Jeff" last_name="Langr"/>
    <authors author_id="756" first_name="Andrew" last_name="Case"/>
    <authors author_id="757" first_name="Ãâ leen" last_name="Frisch"/>
    <authors author_id="758" first_name="Robert" last_name="Tibshirani"/>
    <authors author_id="759" first_name="Edward" last_name="Loper"/>
    <authors author_id="760" first_name="Martin" last_name="Kleppmann"/>
    <authors author_id="761" first_name="Narasimha" last_name="Karumanchi"/>
    <authors author_id="762" first_name="Elias" last_name="Bachaalany"/>
    <authors author_id="763" first_name="Adam" last_name="Chlipala"/>
    <authors author_id="764" first_name="Jamie" last_name="Allen"/>
    <authors author_id="765" first_name="Ellen" last_name="Siever"/>
    <authors author_id="766" first_name="Don" last_name="Widrig"/>
    <authors author_id="767" first_name="Laurence" last_name="Abbott"/>
    <authors author_id="768" first_name="Hung" last_name="Nguyen"/>
    <authors author_id="769" first_name="Alvaro" last_name="Videla"/>
    <authors author_id="770" first_name="Nikhil" last_name="Buduma"/>
    <authors author_id="771" first_name="LuÃÂ­s" last_name="Rodrigues"/>
    <authors author_id="772" first_name="Stephen" last_name="Schanuel"/>
    <authors author_id="773" first_name="Kim" last_name="Zetter"/>
    <authors author_id="774" first_name="Raoul-Gabriel" last_name="Urma"/>
    <authors author_id="775" first_name="Remzi" last_name="Arpaci-Dusseau"/>
    <authors author_id="776" first_name="Linda" last_name="Liukas"/>
    <authors author_id="777" first_name="Mukesh" last_name="Singhal"/>
    <authors author_id="778" first_name="Ron" last_name="Sigal"/>
    <authors author_id="779" first_name="Paul" last_name="Hudak"/>
    <authors author_id="780" first_name="Jonathan" last_name="Rosenberg"/>
    <authors author_id="781" first_name="Duane" last_name="Bibby"/>
    <authors author_id="782" first_name="Ajay" last_name="Agrawal"/>
    <authors author_id="783" first_name="Brendan" last_name="Gregg"/>
    <authors author_id="784" first_name="Trevor" last_name="Foucher"/>
    <authors author_id="785" first_name="Steven" last_name="Bird"/>
    <authors author_id="786" first_name="Jimmy" last_name="Nilsson"/>
    <authors author_id="787" first_name="David" last_name="Herman"/>
    <authors author_id="788" first_name="Aaron" last_name="Hillegass"/>
    <authors author_id="789" first_name="Edward" last_name="Reingold"/>
    <authors author_id="790" first_name="Tom" last_name="White"/>
    <authors author_id="791" first_name="Christopher" last_name="Bishop"/>
    <authors author_id="792" first_name="Cathy" last_name="Lazere"/>
    <authors author_id="793" first_name="Mark" last_name="Chu-Carroll"/>
    <authors author_id="794" first_name="Gerard" last_name="Tel"/>
    <authors author_id="795" first_name="Jeffrey" last_name="Zeldman"/>
    <authors author_id="796" first_name="James" last_name="Grenning"/>
    <authors author_id="797" first_name="Antonio" last_name="Goncalves"/>
    <authors author_id="798" first_name="GyÃ¶rgy" middle_name="E." last_name="RÃ©vÃ©sz"/>
    <authors author_id="799" first_name="Robert" last_name="Reimann"/>
    <authors author_id="800" first_name="Tom" last_name="Poppendieck"/>
    <authors author_id="801" first_name="William" last_name="Poundstone"/>
    <authors author_id="802" first_name="George" last_name="Reese"/>
    <authors author_id="803" first_name="Susannah" last_name="Pfalzer"/>
    <authors author_id="804" first_name="Chris" last_name="Sims"/>
    <authors author_id="805" first_name="Mark" last_name="Sobell"/>
    <authors author_id="806" first_name="Philipp" last_name="Janert"/>
    <authors author_id="807" first_name="Nicolai" last_name="Josuttis"/>
    <authors author_id="808" first_name="Michael" last_name="Huth"/>
    <authors author_id="809" first_name="Jonathan" last_name="Seldin"/>
    <authors author_id="810" first_name="William" last_name="Couie"/>
    <authors author_id="811" first_name="Dave" last_name="Shreiner"/>
    <authors author_id="812" first_name="Gabriella" last_name="Coleman"/>
    <authors author_id="813" first_name="Douglas" last_name="Comer"/>
    <authors author_id="814" first_name="Indra" last_name="Widjaja"/>
    <authors author_id="815" first_name="Albert" last_name="Woodhull"/>
    <authors author_id="816" first_name="Daniel" last_name="Brolund"/>
    <authors author_id="817" first_name="Jeremy" last_name="Kun"/>
    <authors author_id="818" first_name="Curtis" last_name="Rose"/>
    <authors author_id="819" first_name="Vijay" last_name="Vazirani"/>
    <authors author_id="820" first_name="Leonard" last_name="Richardson"/>
    <authors author_id="821" first_name="Mitchell" last_name="Wand"/>
    <authors author_id="822" first_name="Jonas" last_name="BonAÂ©r"/>
    <authors author_id="823" first_name="Judea" last_name="Pearl"/>
    <authors author_id="824" first_name="Richard" middle_name="Jr." last_name="Wright"/>
    <authors author_id="825" first_name="Jeff" last_name="Sutherland"/>
    <authors author_id="826" first_name="Scott" last_name="McCartney"/>
    <authors author_id="827" first_name="Mikko" last_name="Lipasti"/>
    <authors author_id="828" first_name="George" last_name="Varghese"/>
    <authors author_id="829" first_name="Alessandro" last_name="Rubini"/>
    <authors author_id="830" first_name="Behrouz" last_name="Forouzan"/>
    <authors author_id="831" first_name="Marc" last_name="Loy"/>
    <authors author_id="832" first_name="Micheline" last_name="Kamber"/>
    <authors author_id="833" first_name="Jamis" last_name="Buck"/>
    <authors author_id="834" first_name="John" last_name="Carlin"/>
    <authors author_id="835" first_name="John" last_name="Lions"/>
    <authors author_id="836" first_name="Ivar" last_name="Jacobson"/>
    <authors author_id="837" first_name="Ben" last_name="Clark"/>
    <authors author_id="838" first_name="Joseph" last_name="Weizenbaum"/>
    <authors author_id="839" first_name="John" last_name="Resig"/>
    <authors author_id="840" first_name="Stephen" last_name="Huston"/>
    <authors author_id="841" first_name="Simon" last_name="Collison"/>
    <authors author_id="842" first_name="Bill" last_name="Phillips"/>
    <authors author_id="843" first_name="Jake" last_name="Vanderplas"/>
    <authors author_id="844" first_name="David" last_name="Black"/>
    <authors author_id="845" first_name="Hans" last_name="Rohnert"/>
    <authors author_id="846" first_name="Arthur" last_name="Riel"/>
    <authors author_id="847" first_name="Doug" last_name="Brown"/>
    <authors author_id="848" first_name="James" last_name="Newman"/>
    <authors author_id="849" first_name="David" last_name="Harris"/>
    <authors author_id="850" first_name="Swaroop" last_name="C.H."/>
    <authors author_id="851" first_name="Hsuan-Tien" last_name="Lin"/>
    <authors author_id="852" first_name="Dana" last_name="Mackenzie"/>
    <authors author_id="853" first_name="Ray" last_name="Kurzweil"/>
    <authors author_id="854" first_name="Walter" last_name="Isaacson"/>
    <authors author_id="855" first_name="Brian" last_name="Okken"/>
    <authors author_id="856" first_name="Donald" last_name="Knuth"/>
    <authors author_id="857" first_name="Ben" last_name="Forta"/>
    <authors author_id="858" first_name="Hannah" last_name="Fry"/>
    <authors author_id="859" first_name="Philip" last_name="Klein"/>
    <authors author_id="860" first_name="Sanjoy" last_name="Dasgupta"/>
    <authors author_id="861" first_name="Walter" last_name="Savitch"/>
    <authors author_id="862" first_name="Uwe" last_name="SchÃ¶ning"/>
    <authors author_id="863" first_name="J." last_name="Scott"/>
    <authors author_id="864" first_name="George" last_name="Neville-Neil"/>
    <authors author_id="865" first_name="Leon" last_name="Breedt"/>
    <authors author_id="866" first_name="Donald" last_name="Norman"/>
    <authors author_id="867" first_name="David" last_name="McFarland"/>
    <authors author_id="868" first_name="Conrad" last_name="Barski"/>
    <authors author_id="869" first_name="Nathaniel" last_name="Popper"/>
    <authors author_id="870" first_name="Martin" last_name="Logan"/>
    <authors author_id="871" first_name="Randall" last_name="Hyde"/>
    <authors author_id="872" first_name="Raymond" last_name="Chen"/>
    <authors author_id="873" first_name="Emil" last_name="Eifrem"/>
    <authors author_id="874" first_name="Kevin" last_name="Murphy"/>
    <authors author_id="875" first_name="A.E." last_name="Eiben"/>
    <authors author_id="876" first_name="Andreas" last_name="Antonopoulos"/>
    <authors author_id="877" first_name="Dan" last_name="Pilone"/>
    <authors author_id="878" first_name="George" last_name="Luger"/>
    <authors author_id="879" first_name="Nat" last_name="Pryce"/>
    <authors author_id="880" first_name="Mark" last_name="Bowden"/>
    <authors author_id="881" first_name="Eben" last_name="Hewitt"/>
    <authors author_id="882" first_name="Joshua" last_name="Gay"/>
    <authors author_id="883" first_name="Ryan" last_name="Boyd"/>
    <authors author_id="884" first_name="David" last_name="Solomon"/>
    <authors author_id="885" first_name="Alistair" last_name="Cockburn"/>
    <authors author_id="886" first_name="Melanie" last_name="Mitchell"/>
    <authors author_id="887" first_name="Sam" last_name="Ruby"/>
    <authors author_id="888" first_name="B." last_name="Copeland"/>
    <authors author_id="889" first_name="Clifford" last_name="Stoll"/>
    <authors author_id="890" first_name="Paul" last_name="Butcher"/>
    <authors author_id="891" first_name="Roger" last_name="Penrose"/>
    <authors author_id="892" first_name="Alberto" last_name="Leon-Garcia"/>
    <authors author_id="893" first_name="Thomas" last_name="Sudkamp"/>
    <authors author_id="894" first_name="Gary" last_name="Flake"/>
    <authors author_id="895" first_name="AurÃ©lien" last_name="GÃ©ron"/>
    <authors author_id="896" first_name="Susanne" last_name="Teschl"/>
    <authors author_id="897" first_name="Jacob" last_name="Kaplan-Moss"/>
    <authors author_id="898" first_name="Robert" last_name="Sedgewick"/>
    <authors author_id="899" first_name="Tobias" last_name="Klein"/>
    <authors author_id="900" first_name="Rob" last_name="Goodman"/>
    <authors author_id="901" first_name="Jamie" last_name="Bartlett"/>
    <authors author_id="902" first_name="Nicholas" last_name="Carr"/>
    <authors author_id="903" first_name="Steve" last_name="Wozniak"/>
    <authors author_id="904" first_name="Michael" last_name="Dawson"/>
    <authors author_id="905" first_name="J.E." last_name="Smith"/>
    <authors author_id="906" first_name="Grant" last_name="Ingersoll"/>
    <authors author_id="907" first_name="David" last_name="Anderson"/>
    <authors author_id="908" first_name="Thomas" last_name="Limoncelli"/>
    <authors author_id="909" first_name="Peter" last_name="Kogge"/>
    <authors author_id="910" first_name="Zvonko" last_name="Vranesic"/>
    <authors author_id="911" first_name="Luis" last_name="Coelho"/>
    <authors author_id="912" first_name="Cameron" last_name="Newham"/>
    <authors author_id="913" first_name="Zbigniew" last_name="Michalewicz"/>
    <authors author_id="914" first_name="T.J." last_name="OConnor"/>
    <authors author_id="915" first_name="Vipin" last_name="Kumar"/>
    <authors author_id="916" first_name="Kristina" last_name="Chodorow"/>
    <authors author_id="917" first_name="Ceriel" last_name="Jacobs"/>
    <authors author_id="918" first_name="Casey" last_name="Reas"/>
    <authors author_id="919" first_name="Mirco" last_name="Mannucci"/>
    <authors author_id="920" first_name="Adnan" last_name="Aziz"/>
    <authors author_id="921" first_name="Luke" last_name="Muehlhauser"/>
    <authors author_id="922" first_name="Daniel" last_name="Dennett"/>
    <authors author_id="923" first_name="Frank" last_name="Mittelbach"/>
    <authors author_id="924" first_name="Marjorie" last_name="Sayer"/>
    <authors author_id="925" first_name="Jeff" last_name="Carollo"/>
    <authors author_id="926" first_name="Kenneth" last_name="Cukier"/>
    <authors author_id="927" first_name="A.K." last_name="Dewdney"/>
    <authors author_id="928" first_name="Helen" last_name="Gaines"/>
    <authors author_id="929" first_name="Audrey" last_name="Greenfeld"/>
    <authors author_id="930" first_name="M." last_name="Mano"/>
    <authors author_id="931" first_name="Keith" last_name="Cooper"/>
    <authors author_id="932" first_name="Simon" last_name="Thompson"/>
    <authors author_id="933" first_name="Greg" last_name="Gagne"/>
    <authors author_id="934" first_name="Per" last_name="Hansen"/>
    <authors author_id="935" first_name="Paul" last_name="Wilson"/>
    <authors author_id="936" first_name="Otfried" last_name="Schwarzkopf"/>
    <authors author_id="937" first_name="Nathan" last_name="Torkington"/>
    <authors author_id="938" first_name="David" last_name="Vise"/>
    <authors author_id="939" first_name="Jeremy" last_name="Zawodny"/>
    <authors author_id="940" first_name="Paul" last_name="Horowitz"/>
    <authors author_id="941" first_name="Douglas" last_name="Rushkoff"/>
    <authors author_id="942" first_name="David" last_name="Christiansen"/>
    <authors author_id="943" first_name="Joe" last_name="Celko"/>
    <authors author_id="944" first_name="Samuel" middle_name="III" last_name="Harbison"/>
    <authors author_id="945" first_name="Michael" last_name="Tilson"/>
    <authors author_id="946" first_name="John" last_name="Heasman"/>
    <authors author_id="947" first_name="Yaser" last_name="Abu-Mostafa"/>
    <authors author_id="948" first_name="Eric" last_name="Haines"/>
    <authors author_id="949" first_name="Paul" last_name="VitÃ¡nyi"/>
    <authors author_id="950" first_name="Noam" last_name="Nisan"/>
    <authors author_id="951" first_name="Mark" last_name="Summerfield"/>
    <authors author_id="952" first_name="Evi" last_name="Nemeth"/>
    <authors author_id="953" first_name="Adewale" last_name="Oshineye"/>
    <authors author_id="954" first_name="John" last_name="Markoff"/>
    <authors author_id="955" first_name="Zach" last_name="Dennis"/>
    <authors author_id="956" first_name="Matthias" last_name="Felleisen"/>
    <authors author_id="957" first_name="Ola" last_name="Ellnestam"/>
    <authors author_id="958" first_name="Peter" last_name="Harrington"/>
    <authors author_id="959" first_name="Aaron" last_name="Weber"/>
    <authors author_id="960" first_name="Anil" last_name="Madhavapeddy"/>
    <authors author_id="961" first_name="Bob" last_name="Baxley"/>
    <authors author_id="963" first_name="Kyle" last_name="Simpson"/>
    <authors author_id="964" first_name="David" last_name="Rogers"/>
    <authors author_id="965" first_name="JÃ¼rgen" last_name="Holdorf"/>
    <authors author_id="966" first_name="Warren" last_name="Weaver"/>
    <authors author_id="967" first_name="Ian" last_name="Goodfellow"/>
    <authors author_id="968" first_name="Hillary" last_name="Johnson"/>
    <authors author_id="969" first_name="Barbara" last_name="Moo"/>
    <authors author_id="970" first_name="Justin" last_name="Seitz"/>
    <authors author_id="971" first_name="Eric" last_name="Raymond"/>
    <authors author_id="972" first_name="Edward" last_name="Yourdon"/>
    <authors author_id="973" first_name="Mark" last_name="Seemann"/>
    <authors author_id="974" first_name="Bobbi" last_name="Young"/>
    <authors author_id="975" first_name="Jim" last_name="Conallen"/>
    <authors author_id="976" first_name="Edwin" last_name="Brady"/>
    <authors author_id="977" first_name="Steve" last_name="Krug"/>
    <authors author_id="978" first_name="Jonathan" last_name="Rasmusson"/>
    <authors author_id="979" first_name="Russ" last_name="Olsen"/>
    <authors author_id="980" first_name="Paul" last_name="Vigna"/>
    <authors author_id="981" first_name="Kelsey" last_name="Hightower"/>
    <authors author_id="982" first_name="Caroline" last_name="Jarrett"/>
    <authors author_id="983" first_name="Keith" last_name="Frankish"/>
    <authors author_id="984" first_name="Joseph" last_name="Albahari"/>
    <authors author_id="985" first_name="Allen" last_name="Downey"/>
    <authors author_id="987" first_name="Peter" last_name="Seibel"/>
    <authors author_id="988" first_name="Peter" last_name="Norvig"/>
    <authors author_id="989" first_name="David" last_name="Flanagan"/>
    <authors author_id="990" first_name="April" last_name="Chu"/>
    <authors author_id="991" first_name="Marshall" last_name="McKusick"/>
    <authors author_id="992" first_name="Rick" last_name="Kazman"/>
    <authors author_id="993" first_name="Cynthia" last_name="Andres"/>
    <authors author_id="994" first_name="Francesco" last_name="Cesarini"/>
    <authors author_id="995" first_name="Pavel" last_name="Pevzner"/>
    <authors author_id="996" first_name="Andrew" last_name="Koenig"/>
    <authors author_id="997" first_name="Anshu" last_name="Aggarwal"/>
    <authors author_id="998" first_name="Krzysztof" last_name="Cwalina"/>
    <authors author_id="999" first_name="John" last_name="Pierce"/>
    <authors author_id="1000" first_name="Alexander" last_name="Stepanov"/>
    <authors author_id="1001" first_name="Blake" last_name="Masters"/>
    <authors author_id="1002" first_name="Stephen" last_name="Prata"/>
    <authors author_id="1003" first_name="Thomas" last_name="Cormen"/>
    <authors author_id="1004" first_name="Joshua" last_name="Kerievsky"/>
    <authors author_id="1005" first_name="Niall" last_name="Murphy"/>
    <authors author_id="1006" first_name="Patrick" last_name="Niemeyer"/>
    <authors author_id="1007" first_name="Udi" last_name="Manber"/>
    <authors author_id="1008" first_name="Tom" last_name="Stuart"/>
    <authors author_id="1009" first_name="Kate" last_name="Thompson"/>
    <authors author_id="1010" first_name="Joshua" last_name="Gans"/>
    <authors author_id="1011" first_name="Paolo" last_name="Perrotta"/>
    <authors author_id="1012" first_name="David" last_name="Horn"/>
    <authors author_id="1013" first_name="Lex" last_name="Spoon"/>
    <authors author_id="1014" first_name="Henry" last_name="Korth"/>
    <authors author_id="1015" first_name="Bill" last_name="Wagner"/>
    <authors author_id="1016" first_name="Matt" last_name="Carter"/>
    <authors author_id="1017" first_name="Philip" last_name="Wadler"/>
    <authors author_id="1018" first_name="Pete" last_name="McBreen"/>
    <authors author_id="1019" first_name="Paul" last_name="Graham"/>
    <authors author_id="1020" first_name="Dave" last_name="Hoover"/>
    <authors author_id="1021" first_name="Robert" last_name="Cringely"/>
    <authors author_id="1022" first_name="Stephen" last_name="Davis"/>
    <authors author_id="1023" first_name="Kurt" last_name="Beyer"/>
    <authors author_id="1024" first_name="Christian" last_name="Rudder"/>
    <authors author_id="1025" first_name="Randal" last_name="Schwartz"/>
    <authors author_id="1026" first_name="Alan" last_name="Beaulieu"/>
    <authors author_id="1027" first_name="Jamie" last_name="Taylor"/>
    <authors author_id="1028" first_name="Bill" last_name="Rosenblatt"/>
    <authors author_id="1029" first_name="David" last_name="West"/>
    <authors author_id="1030" first_name="Ben" last_name="Whaley"/>
    <authors author_id="1031" first_name="Donald" last_name="Stewart"/>
    <authors author_id="1032" first_name="Christopher" last_name="Date"/>
    <authors author_id="1033" first_name="Ãâ°va" last_name="Tardos"/>
    <authors author_id="1034" first_name="Tadayoshi" last_name="Kohno"/>
    <authors author_id="1035" first_name="George" last_name="Coulouris"/>
    <authors author_id="1036" first_name="Gary" last_name="Gregory"/>
    <authors author_id="1037" first_name="Cricket" last_name="Liu"/>
    <authors author_id="1038" first_name="Elizabeth" last_name="Castro"/>
    <authors author_id="1039" first_name="Jay" last_name="Wengrow"/>
    <authors author_id="1040" first_name="Dave" last_name="Thomas"/>
    <authors author_id="1041" first_name="Murray" last_name="Silverstein"/>
    <authors author_id="1042" first_name="Scott" last_name="Oaks"/>
    <authors author_id="1043" first_name="Apostolos" last_name="Doxiadis"/>
    <authors author_id="1044" first_name="Peter" middle_name="Linden" last_name="der"/>
    <authors author_id="1045" first_name="Robin" last_name="Williams"/>
    <authors author_id="1046" first_name="Saul" last_name="Teukolsky"/>
    <authors author_id="1047" first_name="Anand" last_name="Rajaraman"/>
    <authors author_id="1048" first_name="Daniel" last_name="Bovet"/>
    <authors author_id="1049" first_name="Kevin" last_name="Goldberg"/>
    <authors author_id="1050" first_name="Mark" last_name="Masse"/>
    <authors author_id="1051" first_name="Andrew" last_name="Troelsen"/>
    <authors author_id="1052" first_name="William" last_name="Aspray"/>
    <authors author_id="1053" first_name="Adam" last_name="Shook"/>
    <authors author_id="1054" first_name="Ryan" last_name="Mitchell"/>
    <authors author_id="1055" first_name="Christian" last_name="Cachin"/>
    <authors author_id="1056" first_name="Avi" last_name="Goldfarb"/>
    <authors author_id="1057" first_name="Max" last_name="Kanat-Alexander"/>
    <authors author_id="1058" first_name="Noson" last_name="Yanofsky"/>
    <authors author_id="1059" first_name="Elbert" last_name="Hannah"/>
    <authors author_id="1060" first_name="Bill" last_name="Venners"/>
    <authors author_id="1061" first_name="Rafael" last_name="Gonzalez"/>
    <authors author_id="1062" first_name="Eric" last_name="Bonabeau"/>
    <authors author_id="1063" first_name="Richard" last_name="Trudeau"/>
    <authors author_id="1064" first_name="Ananth" last_name="Grama"/>
    <authors author_id="1065" first_name="Robert" last_name="Daigneau"/>
    <authors author_id="1066" first_name="Aâ leen" last_name="Frisch"/>
    <authors author_id="1067" first_name="Adam" last_name="Drozdek"/>
    <authors author_id="1068" first_name="Alfred" last_name="Menezes"/>
    <authors author_id="1069" first_name="Hal" last_name="Stern"/>
    <authors author_id="1070" first_name="P.W." last_name="Singer"/>
    <authors author_id="1071" first_name="Shoko" last_name="Azuma"/>
    <authors author_id="1072" first_name="Malik" last_name="Magdon-Ismail"/>
    <authors author_id="1073" first_name="Daniel" last_name="Greenfeld"/>
    <authors author_id="1074" first_name="Kurt" last_name="Mehlhorn"/>
    <authors author_id="1075" first_name="Kevin" last_name="Leyton-Brown"/>
    <authors author_id="1076" first_name="Scott" last_name="Page"/>
    <authors author_id="1077" first_name="Brian" last_name="Christian"/>
    <authors author_id="1078" first_name="John" last_name="Neumann"/>
    <authors author_id="1079" first_name="Jane" last_name="Margolis"/>
    <authors author_id="1080" first_name="Adrian" last_name="Kaehler"/>
    <authors author_id="1081" first_name="Allen" last_name="Harper"/>
    <authors author_id="1082" first_name="Steven" last_name="Muchnick"/>
    <authors author_id="1083" first_name="Herbert" last_name="Simon"/>
    <authors author_id="1084" first_name="Stuart" last_name="Halloway"/>
    <authors author_id="1085" first_name="Ken" last_name="Arnold"/>
    <authors author_id="1086" first_name="Joseph" last_name="Hellerstein"/>
    <authors author_id="1087" first_name="Rob" last_name="Conery"/>
    <authors author_id="1088" first_name="Gerard" last_name="Meszaros"/>
    <authors author_id="1089" first_name="Kritina" last_name="Holden"/>
    <authors author_id="1090" first_name="Niels" last_name="Ferguson"/>
    <authors author_id="1091" first_name="Annie" last_name="Donna"/>
    <authors author_id="1092" first_name="Jim" last_name="Gray"/>
    <authors author_id="1093" first_name="Oleg" last_name="Kiselyov"/>
    <authors author_id="1094" first_name="Ian" last_name="Wienand"/>
    <authors author_id="1095" first_name="Trevor" last_name="Burnham"/>
    <authors author_id="1096" first_name="Josh" last_name="Patterson"/>
    <authors author_id="1097" first_name="Amy" last_name="Langville"/>
    <authors author_id="1098" first_name="C.A.R." last_name="Hoare"/>
    <authors author_id="1099" first_name="Susanna" last_name="Epp"/>
    <authors author_id="1100" first_name="Rina" last_name="Dechter"/>
    <authors author_id="1101" first_name="Eric" last_name="Sink"/>
    <authors author_id="1102" first_name="Carlos" last_name="Varela"/>
    <authors author_id="1103" first_name="Lawrie" last_name="Brown"/>
    <authors author_id="1104" first_name="Jonathan" last_name="Corbet"/>
    <authors author_id="1105" first_name="Andrew" last_name="Rudoff"/>
    <authors author_id="1106" first_name="James" last_name="Gosling"/>
    <authors author_id="1107" first_name="Steve" last_name="Maguire"/>
    <authors author_id="1108" first_name="Michael" last_name="Howard"/>
    <authors author_id="1109" first_name="Audrey" last_name="Roy"/>
    <authors author_id="1110" first_name="David" last_name="Easley"/>
    <authors author_id="1112" first_name="Jean" last_name="Dollimore"/>
    <authors author_id="1113" first_name="James" last_name="Sanger"/>
    <authors author_id="1114" first_name="Gerald" last_name="Teschl"/>
    <authors author_id="1115" first_name="Eric" last_name="Merritt"/>
    <authors author_id="1116" first_name="Damian" last_name="Conway"/>
    <authors author_id="1117" first_name="Roy" last_name="Osherove"/>
    <authors author_id="1118" first_name="Randy" last_name="Pausch"/>
    <authors author_id="1119" first_name="Scott" last_name="Millett"/>
    <authors author_id="1120" first_name="Hays" middle_name="McCormick" last_name="Skip"/>
    <authors author_id="1121" first_name="Jack" last_name="Koziol"/>
    <authors author_id="1122" first_name="John" last_name="Allspaw"/>
    <authors author_id="1123" first_name="Jonathan" last_name="Bartlett"/>
    <authors author_id="1124" first_name="Eli" last_name="Bressert"/>
    <authors author_id="1125" first_name="Julia" last_name="Lobur"/>
    <authors author_id="1126" first_name="David" last_name="Fogel"/>
    <authors author_id="1127" first_name="Dafydd" last_name="Stuttard"/>
    <authors author_id="1128" first_name="Jason" last_name="Arbon"/>
    <authors author_id="1129" first_name="Thomas" last_name="Fuchs"/>
    <authors author_id="1130" first_name="Charlie" last_name="Hunt"/>
    <authors author_id="1131" first_name="Patrik" last_name="Jonsson"/>
    <authors author_id="1132" first_name="Benjamin" last_name="Pierce"/>
    <authors author_id="1133" first_name="Sanjeev" last_name="Arora"/>
    <authors author_id="1134" first_name="Noah" last_name="Suojanen"/>
    <authors author_id="1135" first_name="Jeffrey" last_name="Hicks"/>
    <authors author_id="1136" first_name="Brian" last_name="Macnamee"/>
    <authors author_id="1137" first_name="Ada" last_name="Lovelace"/>
    <authors author_id="1138" first_name="Ehud" last_name="Shapiro"/>
    <authors author_id="1139" first_name="Jim" last_name="Webber"/>
    <authors author_id="1140" first_name="JosÃ©e" last_name="Lajoie"/>
    <authors author_id="1141" first_name="Scott" last_name="Granneman"/>
    <authors author_id="1142" first_name="Clinton" last_name="Gormley"/>
    <authors author_id="1143" first_name="David" last_name="Kadavy"/>
    <authors author_id="1144" first_name="James" last_name="Broad"/>
    <authors author_id="1145" first_name="Bryan" last_name="Basham"/>
    <authors author_id="1146" first_name="Yehuda" last_name="Lindell"/>
    <authors author_id="1147" first_name="Richard" last_name="Stones"/>
    <authors author_id="1148" first_name="Len" last_name="Bass"/>
    <authors author_id="1149" first_name="Leon" last_name="Sterling"/>
    <authors author_id="1150" first_name="Stephen" last_name="Brown"/>
    <authors author_id="1151" first_name="Max" last_name="Kuhn"/>
    <authors author_id="1152" first_name="Jim" last_name="Ottaviani"/>
    <authors author_id="1153" first_name="Nick" last_name="Bilton"/>
    <authors author_id="1154" first_name="Jesse" last_name="Storimer"/>
    <authors author_id="1155" first_name="Leslie" last_name="Valiant"/>
    <authors author_id="1156" first_name="Robert" last_name="Love"/>
    <authors author_id="1157" first_name="Robert" last_name="Lafore"/>
    <authors author_id="1158" first_name="Michael" last_name="Heath"/>
    <authors author_id="1159" first_name="D.S." last_name="Malik"/>
    <authors author_id="1160" first_name="Richard" last_name="Carlsson"/>
    <authors author_id="1161" first_name="RaphaÃ«l" last_name="Hertzog"/>
    <authors author_id="1162" first_name="Haralambos" last_name="Marmanis"/>
    <authors author_id="1163" first_name="John" last_name="Miller"/>
    <authors author_id="1164" first_name="Hubert" last_name="Dreyfus"/>
    <authors author_id="1165" first_name="Michael" last_name="Sikorski"/>
    <authors author_id="1166" first_name="Erik" last_name="Brynjolfsson"/>
    <authors author_id="1167" first_name="Ramez" last_name="Elmasri"/>
    <authors author_id="1168" first_name="Erik" last_name="Buck"/>
    <authors author_id="1169" first_name="Ron" last_name="Patton"/>
    <authors author_id="1170" first_name="Brian" last_name="Kernighan"/>
    <authors author_id="1171" first_name="Dmitry" last_name="Babenko"/>
    <authors author_id="1172" first_name="Yves" last_name="Bertot"/>
    <authors author_id="1173" first_name="37" last_name="Signals"/>
    <authors author_id="1174" first_name="Dustin" last_name="Boswell"/>
    <authors author_id="1175" first_name="Bertrand" last_name="Meyer"/>
    <authors author_id="1176" first_name="Stephen" last_name="Mann"/>
    <authors author_id="1177" first_name="David" last_name="Hansson"/>
    <authors author_id="1178" first_name="Brian" last_name="Hardy"/>
    <authors author_id="1179" first_name="Sandra" last_name="Blakeslee"/>
    <authors author_id="1180" first_name="Mason" last_name="Woo"/>
    <authors author_id="1181" first_name="Rod" last_name="Stephens"/>
    <authors author_id="1182" first_name="Andrew" last_name="Bruce"/>
    <authors author_id="1183" first_name="Martin" last_name="Campbell-Kelly"/>
    <authors author_id="1184" first_name="James" last_name="Elliott"/>
    <authors author_id="1185" first_name="J." last_name="Hindley"/>
    <authors author_id="1186" first_name="Michael" last_name="Engle"/>
    <authors author_id="1187" first_name="Kenneth" last_name="Louden"/>
    <authors author_id="1188" first_name="Mig" last_name="Greengard"/>
    <authors author_id="1189" first_name="Richard" last_name="Jones"/>
    <authors author_id="1190" first_name="Alex" last_name="Tapscott"/>
    <authors author_id="1191" first_name="Frank" last_name="Pasquale"/>
    <authors author_id="1192" first_name="Gene" last_name="Spafford"/>
    <authors author_id="1193" first_name="Raymond" last_name="Smullyan"/>
    <authors author_id="1194" first_name="Christopher" last_name="Allen"/>
    <authors author_id="1195" first_name="Julie" last_name="Moronuki"/>
    <authors author_id="1196" first_name="Craig" last_name="Walls"/>
    <authors author_id="1197" first_name="Bruce" last_name="Schneier"/>
    <authors author_id="1198" first_name="Caleb" last_name="Doxsey"/>
    <authors author_id="1199" first_name="John" last_name="Vlissides"/>
    <authors author_id="1200" first_name="Dave" last_name="Astels"/>
    <authors author_id="1201" first_name="Reshma" last_name="Saujani"/>
    <authors author_id="1202" first_name="Noam" last_name="Nison"/>
    <authors author_id="1203" first_name="Drew" last_name="Conway"/>
    <authors author_id="1204" first_name="James" last_name="Martin"/>
    <authors author_id="1205" first_name="Maurice" last_name="Bach"/>
    <authors author_id="1206" first_name="Stephen" last_name="Marsland"/>
    <authors author_id="1207" first_name="Andy" last_name="Terrel"/>
    <authors author_id="1208" first_name="Joe" last_name="Kutner"/>
    <authors author_id="1209" first_name="Brian" last_name="Jones"/>
    <authors author_id="1210" first_name="Andrew" last_name="Davison"/>
    <authors author_id="1211" first_name="Nachum" last_name="Dershowitz"/>
    <authors author_id="1212" first_name="Matthew" last_name="Hahn"/>
    <authors author_id="1213" first_name="Mark" last_name="Weiss"/>
    <authors author_id="1214" first_name="Kevin" last_name="Mitnick"/>
    <authors author_id="1215" first_name="John" last_name="Ousterhout"/>
    <authors author_id="1216" first_name="Elisabeth" last_name="Hendrickson"/>
    <authors author_id="1217" first_name="Wesley" last_name="Chun"/>
    <authors author_id="1218" first_name="Tim" last_name="Wu"/>
    <authors author_id="1219" first_name="Ian" last_name="Robinson"/>
    <authors author_id="1220" first_name="Gigi" last_name="Estabrook"/>
    <authors author_id="1221" first_name="Andy" last_name="Hunt"/>
    <authors author_id="1222" first_name="Alexandre" last_name="Gazet"/>
    <authors author_id="1223" first_name="James" last_name="Barrat"/>
    <authors author_id="1224" first_name="Joel" last_name="Grus"/>
    <authors author_id="1225" first_name="Doug" last_name="Hellmann"/>
    <authors author_id="1226" first_name="Jonathan" last_name="Knudsen"/>
    <authors author_id="1227" first_name="Patricia" last_name="Churchland"/>
    <authors author_id="1228" first_name="David" last_name="Ascher"/>
    <authors author_id="1229" first_name="Antonio" last_name="MartAfÃÂ­nez"/>
    <authors author_id="1230" first_name="Michael" last_name="Fogus"/>
    <authors author_id="1231" first_name="Richard" last_name="Szeliski"/>
    <authors author_id="1232" first_name="Michael" last_name="Casey"/>
    <authors author_id="1233" first_name="Ben" last_name="Fry"/>
    <authors author_id="1234" first_name="David" last_name="Kushner"/>
    <authors author_id="1235" first_name="Daniel" last_name="Fontijne"/>
    <authors author_id="1236" first_name="Ole-Johan" last_name="Dahl"/>
    <authors author_id="1237" first_name="Ben" last_name="Klemens"/>
    <authors author_id="1238" first_name="V." last_name="Hamacher"/>
    <authors author_id="1239" first_name="Patrick" last_name="Engebretson"/>
    <authors author_id="1240" first_name="Alex" last_name="Martelli"/>
    <authors author_id="1241" first_name="Scott" last_name="Meyers"/>
    <authors author_id="1242" first_name="Justin" last_name="Zobel"/>
    <authors author_id="1243" first_name="Thomas" last_name="Morton"/>
    <authors author_id="1244" first_name="Douglas" last_name="West"/>
    <authors author_id="1245" first_name="Jill" last_name="Butler"/>
    <authors author_id="1246" first_name="Marvin" last_name="Minsky"/>
    <authors author_id="1247" first_name="Savas" last_name="Parastatidis"/>
    <authors author_id="1248" first_name="John" last_name="Goerzen"/>
    <authors author_id="1249" first_name="Donald" last_name="Reinertsen"/>
    <authors author_id="1250" first_name="Aaron" last_name="Gustafson"/>
    <authors author_id="1251" first_name="Winfield" last_name="Hill"/>
    <authors author_id="1252" first_name="Aslak" last_name="Hellesoy"/>
    <authors author_id="1253" first_name="Tim" last_name="OReilly"/>
    <authors author_id="1254" first_name="John" last_name="Guttag"/>
    <authors author_id="1255" first_name="Isaac" last_name="Chuang"/>
    <authors author_id="1256" first_name="Robin" last_name="Milner"/>
    <authors author_id="1257" first_name="Pekka" last_name="Himanen"/>
    <authors author_id="1258" first_name="Vitalik" last_name="Buterin"/>
    <authors author_id="1259" first_name="Nathan" last_name="Yau"/>
    <authors author_id="1260" first_name="Michael" last_name="Wittig"/>
    <authors author_id="1261" first_name="Craig" last_name="Hunt"/>
    <authors author_id="1262" first_name="Michael" last_name="Morrison"/>
    <authors author_id="1263" first_name="David" last_name="Rensin"/>
    <authors author_id="1264" first_name="Christian" last_name="Queinnec"/>
    <authors author_id="1265" first_name="Rachel" last_name="Schutt"/>
    <authors author_id="1266" first_name="Brett" last_name="Slatkin"/>
    <authors author_id="1267" first_name="Yedidyah" last_name="Langsam"/>
    <authors author_id="1268" first_name="Donald" last_name="Miner"/>
    <authors author_id="1269" first_name="Daniel" last_name="Friedman"/>
    <authors author_id="1270" first_name="David" last_name="Agans"/>
    <authors author_id="1271" first_name="Thomas" last_name="Cover"/>
    <authors author_id="1272" first_name="Cristopher" last_name="Moore"/>
    <authors author_id="1273" first_name="Jeremy" last_name="Keith"/>
    <authors author_id="1274" first_name="Richard" last_name="Duda"/>
    <authors author_id="1275" first_name="Jay" last_name="Fields"/>
    <authors author_id="1276" first_name="Joel" last_name="Spolsky"/>
    <authors author_id="1277" first_name="John" last_name="Levine"/>
    <authors author_id="1278" first_name="Bill" last_name="Kennedy"/>
    <authors author_id="1279" first_name="Steven" last_name="Levy"/>
    <authors author_id="1280" first_name="David" last_name="Diamond"/>
    <authors author_id="1281" first_name="Glynn" last_name="Winskel"/>
    <authors author_id="1282" first_name="Gary" last_name="Cornell"/>
    <authors author_id="1283" first_name="W." last_name="Stevens"/>
    <authors author_id="1284" first_name="Aaron" last_name="Walters"/>
    <authors author_id="1285" first_name="Peter" last_name="Shirley"/>
    <authors author_id="1286" first_name="Shriram" last_name="Krishnamurthi"/>
    <authors author_id="1287" first_name="Alan" last_name="Shalloway"/>
    <authors author_id="1288" first_name="Sarah" last_name="Harris"/>
    <authors author_id="1289" first_name="Karim" last_name="Yaghmour"/>
    <authors author_id="1290" first_name="Al" last_name="Sweigart"/>
    <authors author_id="1291" first_name="Debasish" last_name="Ghosh"/>
    <authors author_id="1292" first_name="William" last_name="Mougayar"/>
    <authors author_id="1293" first_name="Stephane" last_name="Faroult"/>
    <authors author_id="1294" first_name="Brett" last_name="Lantz"/>
    <authors author_id="1295" first_name="Michael" last_name="Goodrich"/>
    <authors author_id="1296" first_name="Eric" last_name="Schmidt"/>
    <authors author_id="1297" first_name="Raimondo" last_name="Pictet"/>
    <authors author_id="1298" first_name="Brian" last_name="Ward"/>
    <authors author_id="1299" first_name="Peter" last_name="Denning"/>
    <authors author_id="1300" first_name="Vint" last_name="Cert"/>
    <authors author_id="1301" first_name="Peter" last_name="Abel"/>
    <authors author_id="1302" first_name="Cory" last_name="Doctorow"/>
    <authors author_id="1303" first_name="Matei" last_name="Zaharia"/>
    <authors author_id="1305" first_name="Elisabeth" last_name="Robson"/>
    <authors author_id="1306" first_name="Sean" last_name="Kane"/>
    <authors author_id="1307" first_name="Eric" last_name="Lehman"/>
    <authors author_id="1308" first_name="Al" last_name="Kelley"/>
    <authors author_id="1309" first_name="John" last_name="Gall"/>
    <authors author_id="1310" first_name="Yaron" last_name="Minsky"/>
    <authors author_id="1311" first_name="Glyn" last_name="Moody"/>
    <authors author_id="1312" first_name="Jon" last_name="Stokes"/>
    <authors author_id="1313" first_name="Joel" last_name="Scambray"/>
    <authors author_id="1314" first_name="Eric" last_name="Freeman"/>
    <authors author_id="1315" first_name="Ken" last_name="Thompson"/>
    <authors author_id="1316" first_name="John" last_name="Lakos"/>
    <authors author_id="1317" first_name="Andrew" last_name="Huang"/>
    <authors author_id="1319" first_name="Paul" last_name="McJones"/>
    <authors author_id="1320" first_name="Ewan" last_name="Klein"/>
    <authors author_id="1321" first_name="Artur" last_name="Ejsmont"/>
    <authors author_id="1322" first_name="Hans" middle_name="Baeyer" last_name="Von"/>
    <authors author_id="1323" first_name="Joy" last_name="Beatty"/>
    <authors author_id="1324" first_name="William" last_name="Stallings"/>
    <authors author_id="1325" first_name="Satnam" last_name="Alag"/>
    <authors author_id="1327" first_name="George" last_name="Fairbanks"/>
    <authors author_id="1328" first_name="Linda" last_name="Lamb"/>
    <authors author_id="1329" first_name="Ian" last_name="Millington"/>
    <authors author_id="1330" first_name="Andy" last_name="Budd"/>
    <authors author_id="1331" first_name="Stephen" last_name="Kochan"/>
    <authors author_id="1332" first_name="Yukihiro" last_name="Matsumoto"/>
    <authors author_id="1333" first_name="Bobby" last_name="Woolf"/>
    <authors author_id="1334" first_name="Guy" middle_name="Jr." last_name="Steele"/>
    <authors author_id="1335" first_name="Leland" last_name="Wilkinson"/>
    <authors author_id="1336" first_name="Parmy" last_name="Olson"/>
    <authors author_id="1337" first_name="Bartosz" last_name="Milewski"/>
    <authors author_id="1338" first_name="Jerry" last_name="Peek"/>
    <authors author_id="1339" first_name="Peter" last_name="Galvin"/>
    <authors author_id="1340" first_name="Doug" last_name="Lea"/>
    <authors author_id="1341" first_name="David" last_name="Simon"/>
    <authors author_id="1342" first_name="Arvind" last_name="Narayanan"/>
    <authors author_id="1343" first_name="Edward" last_name="Felten"/>
    <authors author_id="1344" first_name="Elaine" last_name="Weyuker"/>
    <authors author_id="1345" first_name="Martin" last_name="Erwig"/>
    <authors author_id="1346" first_name="Michael" last_name="Hiltzik"/>
    <authors author_id="1347" first_name="Johannes" last_name="Gehrke"/>
    <authors author_id="1348" first_name="Carl" last_name="Gunter"/>
    <authors author_id="1349" first_name="Pat" last_name="Shaughnessy"/>
    <authors author_id="1350" first_name="Michal" last_name="Zalewski"/>
    <authors author_id="1351" first_name="Alan" middle_name="Donovan" last_name="A."/>
    <authors author_id="1352" first_name="Joanne" last_name="Molesky"/>
    <authors author_id="1353" first_name="William" last_name="Vetterling"/>
    <authors author_id="1354" first_name="Kathy" last_name="Sierra"/>
    <authors author_id="1355" first_name="Esther" last_name="Derby"/>
    <authors author_id="1356" first_name="Jeffrey" last_name="Ulman"/>
    <authors author_id="1357" first_name="Hartmut" last_name="Bohnacker"/>
    <authors author_id="1358" first_name="Cem" last_name="Kaner"/>
    <authors author_id="1359" first_name="Jonathan" last_name="Gennick"/>
    <authors author_id="1360" first_name="Cole" last_name="Knaflic"/>
    <authors author_id="1361" first_name="Michael" last_name="Nygard"/>
    <authors author_id="1362" first_name="Umesh" last_name="Vazirani"/>
    <authors author_id="1363" first_name="G." last_name="Zachary"/>
    <authors author_id="1364" first_name="Nigel" last_name="Cutland"/>
    <authors author_id="1365" first_name="Joe" last_name="Beda"/>
    <authors author_id="1366" first_name="Glenford" last_name="Myers"/>
    <authors author_id="1367" first_name="Eric" last_name="Roberts"/>
    <authors author_id="1368" first_name="Gabe" last_name="Zichermann"/>
    <authors author_id="1369" first_name="John" last_name="McDonald"/>
    <authors author_id="1370" first_name="Peter" last_name="Rob"/>
    <authors author_id="1371" first_name="Steve" last_name="McConnell"/>
    <authors author_id="1372" first_name="Steven" last_name="Goldfeder"/>
    <authors author_id="1373" first_name="Mark" last_name="Fenoglio"/>
    <authors author_id="1374" first_name="Max" last_name="Tegmark"/>
    <authors author_id="1375" first_name="Laurie" last_name="Wallmark"/>
    <authors author_id="1376" first_name="Colleen" last_name="Gorman"/>
    <authors author_id="1377" first_name="Bear" last_name="Bibeault"/>
    <authors author_id="1378" first_name="Nicholas" last_name="Zakas"/>
    <authors author_id="1379" first_name="Herbert" last_name="Mattord"/>
    <authors author_id="1380" first_name="Bernd" last_name="Bruegge"/>
    <authors author_id="1381" first_name="Don" last_name="Tapscott"/>
    <authors author_id="1382" first_name="Jason" last_name="Brownlee"/>
    <authors author_id="1383" first_name="Anthony" last_name="Hey"/>
    <authors author_id="1384" first_name="Jiawei" last_name="Han"/>
    <authors author_id="1385" first_name="Andreas" last_name="Schwarz"/>
    <authors author_id="1386" first_name="Jennifer" last_name="Widom"/>
    <authors author_id="1387" first_name="Larry" last_name="Wall"/>
    <authors author_id="1388" first_name="Seth" last_name="Lloyd"/>
    <book_authors book_id="1" author_id="176"/>
    <book_authors book_id="1" author_id="533"/>
    <book_authors book_id="1" author_id="657"/>
    <book_authors book_id="1" author_id="800"/>
    <book_authors book_id="2" author_id="921"/>
    <book_authors book_id="3" author_id="325"/>
    <book_authors book_id="4" author_id="386"/>
    <book_authors book_id="5" author_id="631"/>
    <book_authors book_id="6" author_id="699"/>
    <book_authors book_id="7" author_id="1038"/>
    <book_authors book_id="7" author_id="1049"/>
    <book_authors book_id="8" author_id="534"/>
    <book_authors book_id="9" author_id="412"/>
    <book_authors book_id="10" author_id="372"/>
    <book_authors book_id="10" author_id="1016"/>
    <book_authors book_id="11" author_id="909"/>
    <book_authors book_id="12" author_id="326"/>
    <book_authors book_id="13" author_id="683"/>
    <book_authors book_id="14" author_id="810"/>
    <book_authors book_id="15" author_id="1021"/>
    <book_authors book_id="16" author_id="424"/>
    <book_authors book_id="16" author_id="543"/>
    <book_authors book_id="17" author_id="801"/>
    <book_authors book_id="18" author_id="439"/>
    <book_authors book_id="19" author_id="211"/>
    <book_authors book_id="20" author_id="708"/>
    <book_authors book_id="21" author_id="735"/>
    <book_authors book_id="22" author_id="578"/>
    <book_authors book_id="22" author_id="1113"/>
    <book_authors book_id="23" author_id="1100"/>
    <book_authors book_id="24" author_id="349"/>
    <book_authors book_id="24" author_id="601"/>
    <book_authors book_id="24" author_id="937"/>
    <book_authors book_id="25" author_id="700"/>
    <book_authors book_id="25" author_id="1308"/>
    <book_authors book_id="26" author_id="1158"/>
    <book_authors book_id="27" author_id="741"/>
    <book_authors book_id="27" author_id="1168"/>
    <book_authors book_id="28" author_id="788"/>
    <book_authors book_id="29" author_id="345"/>
    <book_authors book_id="30" author_id="554"/>
    <book_authors book_id="31" author_id="811"/>
    <book_authors book_id="31" author_id="1180"/>
    <book_authors book_id="32" author_id="708"/>
    <book_authors book_id="32" author_id="1210"/>
    <book_authors book_id="33" author_id="896"/>
    <book_authors book_id="33" author_id="1114"/>
    <book_authors book_id="34" author_id="666"/>
    <book_authors book_id="34" author_id="840"/>
    <book_authors book_id="35" author_id="314"/>
    <book_authors book_id="35" author_id="1368"/>
    <book_authors book_id="36" author_id="425"/>
    <book_authors book_id="36" author_id="752"/>
    <book_authors book_id="37" author_id="1015"/>
    <book_authors book_id="41" author_id="1159"/>
    <book_authors book_id="42" author_id="227"/>
    <book_authors book_id="42" author_id="350"/>
    <book_authors book_id="43" author_id="1249"/>
    <book_authors book_id="44" author_id="1341"/>
    <book_authors book_id="45" author_id="499"/>
    <book_authors book_id="46" author_id="193"/>
    <book_authors book_id="47" author_id="735"/>
    <book_authors book_id="48" author_id="94"/>
    <book_authors book_id="49" author_id="620"/>
    <book_authors book_id="50" author_id="1101"/>
    <book_authors book_id="51" author_id="113"/>
    <book_authors book_id="52" author_id="745"/>
    <book_authors book_id="80" author_id="1094"/>
    <book_authors book_id="81" author_id="546"/>
    <book_authors book_id="81" author_id="612"/>
    <book_authors book_id="82" author_id="1073"/>
    <book_authors book_id="82" author_id="1109"/>
    <book_authors book_id="102" author_id="16"/>
    <book_authors book_id="103" author_id="85"/>
    <book_authors book_id="104" author_id="602"/>
    <book_authors book_id="105" author_id="590"/>
    <book_authors book_id="106" author_id="185"/>
    <book_authors book_id="107" author_id="477"/>
    <book_authors book_id="108" author_id="804"/>
    <book_authors book_id="108" author_id="968"/>
    <book_authors book_id="109" author_id="151"/>
    <book_authors book_id="110" author_id="393"/>
    <book_authors book_id="111" author_id="793"/>
    <book_authors book_id="112" author_id="155"/>
    <book_authors book_id="112" author_id="746"/>
    <book_authors book_id="113" author_id="186"/>
    <book_authors book_id="113" author_id="1379"/>
    <book_authors book_id="114" author_id="415"/>
    <book_authors book_id="114" author_id="1135"/>
    <book_authors book_id="115" author_id="606"/>
    <book_authors book_id="116" author_id="1363"/>
    <book_authors book_id="117" author_id="1216"/>
    <book_authors book_id="118" author_id="1225"/>
    <book_authors book_id="119" author_id="293"/>
    <book_authors book_id="119" author_id="639"/>
    <book_authors book_id="119" author_id="648"/>
    <book_authors book_id="119" author_id="1036"/>
    <book_authors book_id="120" author_id="816"/>
    <book_authors book_id="120" author_id="957"/>
    <book_authors book_id="121" author_id="1050"/>
    <book_authors book_id="122" author_id="804"/>
    <book_authors book_id="122" author_id="968"/>
    <book_authors book_id="123" author_id="276"/>
    <book_authors book_id="124" author_id="294"/>
    <book_authors book_id="124" author_id="351"/>
    <book_authors book_id="124" author_id="937"/>
    <book_authors book_id="125" author_id="1305"/>
    <book_authors book_id="125" author_id="1314"/>
    <book_authors book_id="126" author_id="285"/>
    <book_authors book_id="127" author_id="753"/>
    <book_authors book_id="128" author_id="794"/>
    <book_authors book_id="129" author_id="890"/>
    <book_authors book_id="130" author_id="500"/>
    <book_authors book_id="131" author_id="526"/>
    <book_authors book_id="132" author_id="70"/>
    <book_authors book_id="132" author_id="241"/>
    <book_authors book_id="133" author_id="64"/>
    <book_authors book_id="133" author_id="922"/>
    <book_authors book_id="134" author_id="455"/>
    <book_authors book_id="134" author_id="591"/>
    <book_authors book_id="134" author_id="766"/>
    <book_authors book_id="135" author_id="1169"/>
    <book_authors book_id="136" author_id="667"/>
    <book_authors book_id="137" author_id="802"/>
    <book_authors book_id="138" author_id="910"/>
    <book_authors book_id="138" author_id="1150"/>
    <book_authors book_id="139" author_id="789"/>
    <book_authors book_id="139" author_id="1211"/>
    <book_authors book_id="140" author_id="1197"/>
    <book_authors book_id="141" author_id="628"/>
    <book_authors book_id="141" author_id="640"/>
    <book_authors book_id="141" author_id="723"/>
    <book_authors book_id="142" author_id="1102"/>
    <book_authors book_id="143" author_id="298"/>
    <book_authors book_id="143" author_id="1151"/>
    <book_authors book_id="144" author_id="114"/>
    <book_authors book_id="145" author_id="29"/>
    <book_authors book_id="145" author_id="327"/>
    <book_authors book_id="145" author_id="378"/>
    <book_authors book_id="145" author_id="1275"/>
    <book_authors book_id="146" author_id="1289"/>
    <book_authors book_id="147" author_id="394"/>
    <book_authors book_id="148" author_id="121"/>
    <book_authors book_id="149" author_id="143"/>
    <book_authors book_id="149" author_id="1357"/>
    <book_authors book_id="150" author_id="309"/>
    <book_authors book_id="151" author_id="286"/>
    <book_authors book_id="152" author_id="433"/>
    <book_authors book_id="153" author_id="676"/>
    <book_authors book_id="153" author_id="1152"/>
    <book_authors book_id="154" author_id="1309"/>
    <book_authors book_id="155" author_id="332"/>
    <book_authors book_id="155" author_id="1299"/>
    <book_authors book_id="155" author_id="1300"/>
    <book_authors book_id="156" author_id="1"/>
    <book_authors book_id="156" author_id="870"/>
    <book_authors book_id="156" author_id="1115"/>
    <book_authors book_id="156" author_id="1160"/>
    <book_authors book_id="157" author_id="109"/>
    <book_authors book_id="157" author_id="535"/>
    <book_authors book_id="157" author_id="666"/>
    <book_authors book_id="158" author_id="747"/>
    <book_authors book_id="159" author_id="521"/>
    <book_authors book_id="159" author_id="1051"/>
    <book_authors book_id="160" author_id="833"/>
    <book_authors book_id="161" author_id="527"/>
    <book_authors book_id="162" author_id="456"/>
    <book_authors book_id="163" author_id="1141"/>
    <book_authors book_id="164" author_id="928"/>
    <book_authors book_id="165" author_id="373"/>
    <book_authors book_id="165" author_id="387"/>
    <book_authors book_id="165" author_id="1062"/>
    <book_authors book_id="166" author_id="951"/>
    <book_authors book_id="167" author_id="1305"/>
    <book_authors book_id="167" author_id="1314"/>
    <book_authors book_id="168" author_id="607"/>
    <book_authors book_id="169" author_id="929"/>
    <book_authors book_id="169" author_id="1073"/>
    <book_authors book_id="170" author_id="536"/>
    <book_authors book_id="170" author_id="767"/>
    <book_authors book_id="171" author_id="663"/>
    <book_authors book_id="171" author_id="1176"/>
    <book_authors book_id="171" author_id="1235"/>
    <book_authors book_id="172" author_id="374"/>
    <book_authors book_id="172" author_id="1142"/>
    <book_authors book_id="173" author_id="248"/>
    <book_authors book_id="173" author_id="668"/>
    <book_authors book_id="173" author_id="834"/>
    <book_authors book_id="173" author_id="1069"/>
    <book_authors book_id="174" author_id="194"/>
    <book_authors book_id="174" author_id="370"/>
    <book_authors book_id="174" author_id="1369"/>
    <book_authors book_id="175" author_id="177"/>
    <book_authors book_id="176" author_id="144"/>
    <book_authors book_id="176" author_id="1074"/>
    <book_authors book_id="177" author_id="434"/>
    <book_authors book_id="178" author_id="677"/>
    <book_authors book_id="179" author_id="416"/>
    <book_authors book_id="180" author_id="242"/>
    <book_authors book_id="181" author_id="678"/>
    <book_authors book_id="182" author_id="65"/>
    <book_authors book_id="183" author_id="302"/>
    <book_authors book_id="183" author_id="1070"/>
    <book_authors book_id="184" author_id="104"/>
    <book_authors book_id="184" author_id="505"/>
    <book_authors book_id="185" author_id="795"/>
    <book_authors book_id="185" author_id="1273"/>
    <book_authors book_id="186" author_id="156"/>
    <book_authors book_id="187" author_id="812"/>
    <book_authors book_id="188" author_id="48"/>
    <book_authors book_id="189" author_id="1063"/>
    <book_authors book_id="189" author_id="1244"/>
    <book_authors book_id="190" author_id="716"/>
    <book_authors book_id="191" author_id="352"/>
    <book_authors book_id="192" author_id="76"/>
    <book_authors book_id="193" author_id="360"/>
    <book_authors book_id="194" author_id="98"/>
    <book_authors book_id="194" author_id="346"/>
    <book_authors book_id="194" author_id="402"/>
    <book_authors book_id="195" author_id="1191"/>
    <book_authors book_id="196" author_id="786"/>
    <book_authors book_id="197" author_id="1153"/>
    <book_authors book_id="198" author_id="251"/>
    <book_authors book_id="199" author_id="1301"/>
    <book_authors book_id="200" author_id="403"/>
    <book_authors book_id="201" author_id="152"/>
    <book_authors book_id="205" author_id="178"/>
    <book_authors book_id="206" author_id="145"/>
    <book_authors book_id="206" author_id="689"/>
    <book_authors book_id="206" author_id="754"/>
    <book_authors book_id="223" author_id="822"/>
    <book_authors book_id="224" author_id="1181"/>
    <book_authors book_id="225" author_id="603"/>
    <book_authors book_id="239" author_id="562"/>
    <book_authors book_id="240" author_id="822"/>
    <book_authors book_id="241" author_id="1095"/>
    <book_authors book_id="242" author_id="1039"/>
    <book_authors book_id="243" author_id="90"/>
    <book_authors book_id="244" author_id="426"/>
    <book_authors book_id="245" author_id="99"/>
    <book_authors book_id="246" author_id="278"/>
    <book_authors book_id="247" author_id="658"/>
    <book_authors book_id="248" author_id="157"/>
    <book_authors book_id="248" author_id="1182"/>
    <book_authors book_id="249" author_id="228"/>
    <book_authors book_id="249" author_id="891"/>
    <book_authors book_id="250" author_id="855"/>
    <book_authors book_id="251" author_id="980"/>
    <book_authors book_id="251" author_id="1232"/>
    <book_authors book_id="252" author_id="229"/>
    <book_authors book_id="253" author_id="163"/>
    <book_authors book_id="253" author_id="310"/>
    <book_authors book_id="253" author_id="983"/>
    <book_authors book_id="254" author_id="1170"/>
    <book_authors book_id="255" author_id="1045"/>
    <book_authors book_id="256" author_id="462"/>
    <book_authors book_id="257" author_id="469"/>
    <book_authors book_id="257" author_id="724"/>
    <book_authors book_id="258" author_id="66"/>
    <book_authors book_id="258" author_id="1075"/>
    <book_authors book_id="259" author_id="555"/>
    <book_authors book_id="260" author_id="1321"/>
    <book_authors book_id="261" author_id="279"/>
    <book_authors book_id="261" author_id="604"/>
    <book_authors book_id="262" author_id="187"/>
    <book_authors book_id="263" author_id="598"/>
    <book_authors book_id="264" author_id="261"/>
    <book_authors book_id="265" author_id="486"/>
    <book_authors book_id="265" author_id="1161"/>
    <book_authors book_id="266" author_id="509"/>
    <book_authors book_id="266" author_id="664"/>
    <book_authors book_id="266" author_id="1352"/>
    <book_authors book_id="267" author_id="1022"/>
    <book_authors book_id="268" author_id="657"/>
    <book_authors book_id="269" author_id="649"/>
    <book_authors book_id="269" author_id="736"/>
    <book_authors book_id="269" author_id="1136"/>
    <book_authors book_id="270" author_id="1322"/>
    <book_authors book_id="271" author_id="556"/>
    <book_authors book_id="272" author_id="1329"/>
    <book_authors book_id="273" author_id="669"/>
    <book_authors book_id="273" author_id="1323"/>
    <book_authors book_id="274" author_id="17"/>
    <book_authors book_id="274" author_id="266"/>
    <book_authors book_id="275" author_id="796"/>
    <book_authors book_id="276" author_id="761"/>
    <book_authors book_id="277" author_id="813"/>
    <book_authors book_id="278" author_id="861"/>
    <book_authors book_id="279" author_id="22"/>
    <book_authors book_id="280" author_id="478"/>
    <book_authors book_id="281" author_id="320"/>
    <book_authors book_id="281" author_id="1137"/>
    <book_authors book_id="282" author_id="1118"/>
    <book_authors book_id="283" author_id="136"/>
    <book_authors book_id="283" author_id="295"/>
    <book_authors book_id="283" author_id="315"/>
    <book_authors book_id="284" author_id="122"/>
    <book_authors book_id="284" author_id="621"/>
    <book_authors book_id="285" author_id="989"/>
    <book_authors book_id="286" author_id="1032"/>
    <book_authors book_id="287" author_id="1256"/>
    <book_authors book_id="288" author_id="932"/>
    <book_authors book_id="288" author_id="994"/>
    <book_authors book_id="289" author_id="37"/>
    <book_authors book_id="290" author_id="38"/>
    <book_authors book_id="290" author_id="693"/>
    <book_authors book_id="290" author_id="718"/>
    <book_authors book_id="291" author_id="579"/>
    <book_authors book_id="291" author_id="742"/>
    <book_authors book_id="292" author_id="871"/>
    <book_authors book_id="293" author_id="212"/>
    <book_authors book_id="293" author_id="506"/>
    <book_authors book_id="293" author_id="915"/>
    <book_authors book_id="293" author_id="1064"/>
    <book_authors book_id="294" author_id="547"/>
    <book_authors book_id="294" author_id="1212"/>
    <book_authors book_id="295" author_id="861"/>
    <book_authors book_id="296" author_id="82"/>
    <book_authors book_id="296" author_id="593"/>
    <book_authors book_id="297" author_id="802"/>
    <book_authors book_id="298" author_id="1334"/>
    <book_authors book_id="299" author_id="563"/>
    <book_authors book_id="300" author_id="650"/>
    <book_authors book_id="300" author_id="903"/>
    <book_authors book_id="301" author_id="573"/>
    <book_authors book_id="302" author_id="1324"/>
    <book_authors book_id="303" author_id="1281"/>
    <book_authors book_id="304" author_id="83"/>
    <book_authors book_id="304" author_id="1130"/>
    <book_authors book_id="305" author_id="563"/>
    <book_authors book_id="306" author_id="338"/>
    <book_authors book_id="306" author_id="592"/>
    <book_authors book_id="306" author_id="835"/>
    <book_authors book_id="306" author_id="945"/>
    <book_authors book_id="306" author_id="1315"/>
    <book_authors book_id="307" author_id="1197"/>
    <book_authors book_id="308" author_id="814"/>
    <book_authors book_id="308" author_id="892"/>
    <book_authors book_id="309" author_id="1364"/>
    <book_authors book_id="310" author_id="862"/>
    <book_authors book_id="311" author_id="64"/>
    <book_authors book_id="312" author_id="151"/>
    <book_authors book_id="312" author_id="1282"/>
    <book_authors book_id="313" author_id="294"/>
    <book_authors book_id="313" author_id="1220"/>
    <book_authors book_id="314" author_id="238"/>
    <book_authors book_id="314" author_id="1192"/>
    <book_authors book_id="315" author_id="510"/>
    <book_authors book_id="315" author_id="995"/>
    <book_authors book_id="316" author_id="826"/>
    <book_authors book_id="317" author_id="218"/>
    <book_authors book_id="318" author_id="938"/>
    <book_authors book_id="319" author_id="735"/>
    <book_authors book_id="320" author_id="709"/>
    <book_authors book_id="321" author_id="632"/>
    <book_authors book_id="321" author_id="1147"/>
    <book_authors book_id="322" author_id="969"/>
    <book_authors book_id="322" author_id="996"/>
    <book_authors book_id="323" author_id="719"/>
    <book_authors book_id="324" author_id="633"/>
    <book_authors book_id="325" author_id="594"/>
    <book_authors book_id="325" author_id="911"/>
    <book_authors book_id="326" author_id="327"/>
    <book_authors book_id="326" author_id="404"/>
    <book_authors book_id="326" author_id="427"/>
    <book_authors book_id="326" author_id="463"/>
    <book_authors book_id="326" author_id="659"/>
    <book_authors book_id="327" author_id="507"/>
    <book_authors book_id="327" author_id="1017"/>
    <book_authors book_id="328" author_id="1283"/>
    <book_authors book_id="329" author_id="666"/>
    <book_authors book_id="329" author_id="845"/>
    <book_authors book_id="330" author_id="173"/>
    <book_authors book_id="330" author_id="379"/>
    <book_authors book_id="330" author_id="1052"/>
    <book_authors book_id="330" author_id="1183"/>
    <book_authors book_id="331" author_id="817"/>
    <book_authors book_id="332" author_id="1187"/>
    <book_authors book_id="333" author_id="958"/>
    <book_authors book_id="334" author_id="608"/>
    <book_authors book_id="335" author_id="435"/>
    <book_authors book_id="336" author_id="1154"/>
    <book_authors book_id="337" author_id="199"/>
    <book_authors book_id="338" author_id="382"/>
    <book_authors book_id="338" author_id="464"/>
    <book_authors book_id="339" author_id="477"/>
    <book_authors book_id="340" author_id="110"/>
    <book_authors book_id="340" author_id="933"/>
    <book_authors book_id="340" author_id="1339"/>
    <book_authors book_id="341" author_id="904"/>
    <book_authors book_id="342" author_id="1162"/>
    <book_authors book_id="342" author_id="1171"/>
    <book_authors book_id="343" author_id="436"/>
    <book_authors book_id="343" author_id="548"/>
    <book_authors book_id="344" author_id="110"/>
    <book_authors book_id="344" author_id="933"/>
    <book_authors book_id="344" author_id="1339"/>
    <book_authors book_id="345" author_id="347"/>
    <book_authors book_id="345" author_id="949"/>
    <book_authors book_id="346" author_id="197"/>
    <book_authors book_id="347" author_id="205"/>
    <book_authors book_id="347" author_id="1257"/>
    <book_authors book_id="348" author_id="1290"/>
    <book_authors book_id="349" author_id="1206"/>
    <book_authors book_id="350" author_id="1291"/>
    <book_authors book_id="351" author_id="156"/>
    <book_authors book_id="351" author_id="690"/>
    <book_authors book_id="351" author_id="818"/>
    <book_authors book_id="352" author_id="23"/>
    <book_authors book_id="353" author_id="353"/>
    <book_authors book_id="354" author_id="30"/>
    <book_authors book_id="355" author_id="465"/>
    <book_authors book_id="355" author_id="1380"/>
    <book_authors book_id="356" author_id="528"/>
    <book_authors book_id="357" author_id="388"/>
    <book_authors book_id="357" author_id="557"/>
    <book_authors book_id="357" author_id="1046"/>
    <book_authors book_id="357" author_id="1353"/>
    <book_authors book_id="358" author_id="880"/>
    <book_authors book_id="359" author_id="57"/>
    <book_authors book_id="359" author_id="841"/>
    <book_authors book_id="359" author_id="1330"/>
    <book_authors book_id="360" author_id="1079"/>
    <book_authors book_id="361" author_id="1170"/>
    <book_authors book_id="362" author_id="206"/>
    <book_authors book_id="362" author_id="805"/>
    <book_authors book_id="363" author_id="875"/>
    <book_authors book_id="363" author_id="905"/>
    <book_authors book_id="364" author_id="737"/>
    <book_authors book_id="364" author_id="1381"/>
    <book_authors book_id="365" author_id="1018"/>
    <book_authors book_id="366" author_id="564"/>
    <book_authors book_id="366" author_id="1305"/>
    <book_authors book_id="366" author_id="1314"/>
    <book_authors book_id="366" author_id="1354"/>
    <book_authors book_id="367" author_id="95"/>
    <book_authors book_id="368" author_id="622"/>
    <book_authors book_id="369" author_id="2"/>
    <book_authors book_id="369" author_id="105"/>
    <book_authors book_id="370" author_id="710"/>
    <book_authors book_id="371" author_id="641"/>
    <book_authors book_id="372" author_id="1382"/>
    <book_authors book_id="373" author_id="280"/>
    <book_authors book_id="373" author_id="1080"/>
    <book_authors book_id="374" author_id="1023"/>
    <book_authors book_id="375" author_id="31"/>
    <book_authors book_id="375" author_id="1188"/>
    <book_authors book_id="376" author_id="158"/>
    <book_authors book_id="376" author_id="1096"/>
    <book_authors book_id="377" author_id="281"/>
    <book_authors book_id="378" author_id="123"/>
    <book_authors book_id="379" author_id="287"/>
    <book_authors book_id="379" author_id="964"/>
    <book_authors book_id="380" author_id="537"/>
    <book_authors book_id="381" author_id="1324"/>
    <book_authors book_id="382" author_id="243"/>
    <book_authors book_id="382" author_id="1275"/>
    <book_authors book_id="383" author_id="462"/>
    <book_authors book_id="384" author_id="213"/>
    <book_authors book_id="385" author_id="394"/>
    <book_authors book_id="386" author_id="1258"/>
    <book_authors book_id="386" author_id="1292"/>
    <book_authors book_id="387" author_id="316"/>
    <book_authors book_id="387" author_id="321"/>
    <book_authors book_id="388" author_id="1119"/>
    <book_authors book_id="389" author_id="220"/>
    <book_authors book_id="389" author_id="448"/>
    <book_authors book_id="389" author_id="487"/>
    <book_authors book_id="390" author_id="449"/>
    <book_authors book_id="390" author_id="1306"/>
    <book_authors book_id="391" author_id="39"/>
    <book_authors book_id="392" author_id="755"/>
    <book_authors book_id="392" author_id="1040"/>
    <book_authors book_id="392" author_id="1221"/>
    <book_authors book_id="393" author_id="10"/>
    <book_authors book_id="393" author_id="827"/>
    <book_authors book_id="394" author_id="1259"/>
    <book_authors book_id="395" author_id="609"/>
    <book_authors book_id="395" author_id="1267"/>
    <book_authors book_id="396" author_id="252"/>
    <book_authors book_id="397" author_id="164"/>
    <book_authors book_id="397" author_id="389"/>
    <book_authors book_id="398" author_id="1076"/>
    <book_authors book_id="398" author_id="1163"/>
    <book_authors book_id="399" author_id="529"/>
    <book_authors book_id="400" author_id="479"/>
    <book_authors book_id="401" author_id="457"/>
    <book_authors book_id="402" author_id="490"/>
    <book_authors book_id="403" author_id="413"/>
    <book_authors book_id="403" author_id="906"/>
    <book_authors book_id="403" author_id="1243"/>
    <book_authors book_id="404" author_id="871"/>
    <book_authors book_id="405" author_id="151"/>
    <book_authors book_id="405" author_id="1282"/>
    <book_authors book_id="406" author_id="303"/>
    <book_authors book_id="406" author_id="354"/>
    <book_authors book_id="406" author_id="634"/>
    <book_authors book_id="406" author_id="727"/>
    <book_authors book_id="407" author_id="58"/>
    <book_authors book_id="407" author_id="522"/>
    <book_authors book_id="407" author_id="756"/>
    <book_authors book_id="407" author_id="1284"/>
    <book_authors book_id="408" author_id="466"/>
    <book_authors book_id="408" author_id="768"/>
    <book_authors book_id="408" author_id="1358"/>
    <book_authors book_id="409" author_id="797"/>
    <book_authors book_id="410" author_id="282"/>
    <book_authors book_id="410" author_id="1122"/>
    <book_authors book_id="411" author_id="115"/>
    <book_authors book_id="411" author_id="348"/>
    <book_authors book_id="412" author_id="365"/>
    <book_authors book_id="412" author_id="501"/>
    <book_authors book_id="412" author_id="912"/>
    <book_authors book_id="413" author_id="221"/>
    <book_authors book_id="413" author_id="769"/>
    <book_authors book_id="414" author_id="283"/>
    <book_authors book_id="415" author_id="1051"/>
    <book_authors book_id="417" author_id="1065"/>
    <book_authors book_id="418" author_id="6"/>
    <book_authors book_id="419" author_id="24"/>
    <book_authors book_id="420" author_id="1103"/>
    <book_authors book_id="420" author_id="1324"/>
    <book_authors book_id="421" author_id="390"/>
    <book_authors book_id="421" author_id="984"/>
    <book_authors book_id="422" author_id="1198"/>
    <book_authors book_id="423" author_id="124"/>
    <book_authors book_id="423" author_id="623"/>
    <book_authors book_id="424" author_id="1066"/>
    <book_authors book_id="425" author_id="1053"/>
    <book_authors book_id="425" author_id="1268"/>
    <book_authors book_id="426" author_id="131"/>
    <book_authors book_id="426" author_id="960"/>
    <book_authors book_id="426" author_id="1310"/>
    <book_authors book_id="427" author_id="188"/>
    <book_authors book_id="427" author_id="304"/>
    <book_authors book_id="427" author_id="355"/>
    <book_authors book_id="427" author_id="679"/>
    <book_authors book_id="427" author_id="923"/>
    <book_authors book_id="428" author_id="440"/>
    <book_authors book_id="428" author_id="897"/>
    <book_authors book_id="429" author_id="549"/>
    <book_authors book_id="430" author_id="932"/>
    <book_authors book_id="431" author_id="867"/>
    <book_authors book_id="432" author_id="1348"/>
    <book_authors book_id="433" author_id="1164"/>
    <book_authors book_id="434" author_id="801"/>
    <book_authors book_id="435" author_id="32"/>
    <book_authors book_id="436" author_id="795"/>
    <book_authors book_id="437" author_id="893"/>
    <book_authors book_id="438" author_id="846"/>
    <book_authors book_id="439" author_id="684"/>
    <book_authors book_id="440" author_id="530"/>
    <book_authors book_id="441" author_id="1331"/>
    <book_authors book_id="442" author_id="1302"/>
    <book_authors book_id="443" author_id="480"/>
    <book_authors book_id="444" author_id="828"/>
    <book_authors book_id="445" author_id="635"/>
    <book_authors book_id="445" author_id="1097"/>
    <book_authors book_id="446" author_id="819"/>
    <book_authors book_id="447" author_id="253"/>
    <book_authors book_id="447" author_id="470"/>
    <book_authors book_id="448" author_id="934"/>
    <book_authors book_id="449" author_id="624"/>
    <book_authors book_id="450" author_id="100"/>
    <book_authors book_id="450" author_id="587"/>
    <book_authors book_id="450" author_id="728"/>
    <book_authors book_id="450" author_id="924"/>
    <book_authors book_id="450" author_id="997"/>
    <book_authors book_id="451" author_id="1311"/>
    <book_authors book_id="452" author_id="781"/>
    <book_authors book_id="452" author_id="856"/>
    <book_authors book_id="453" author_id="1359"/>
    <book_authors book_id="454" author_id="101"/>
    <book_authors book_id="454" author_id="829"/>
    <book_authors book_id="454" author_id="1104"/>
    <book_authors book_id="455" author_id="67"/>
    <book_authors book_id="455" author_id="1262"/>
    <book_authors book_id="456" author_id="622"/>
    <book_authors book_id="457" author_id="405"/>
    <book_authors book_id="457" author_id="471"/>
    <book_authors book_id="457" author_id="558"/>
    <book_authors book_id="457" author_id="836"/>
    <book_authors book_id="457" author_id="1131"/>
    <book_authors book_id="458" author_id="535"/>
    <book_authors book_id="458" author_id="845"/>
    <book_authors book_id="459" author_id="1316"/>
    <book_authors book_id="460" author_id="146"/>
    <book_authors book_id="460" author_id="1148"/>
    <book_authors book_id="461" author_id="1199"/>
    <book_authors book_id="462" author_id="18"/>
    <book_authors book_id="463" author_id="84"/>
    <book_authors book_id="464" author_id="502"/>
    <book_authors book_id="465" author_id="288"/>
    <book_authors book_id="465" author_id="491"/>
    <book_authors book_id="465" author_id="738"/>
    <book_authors book_id="465" author_id="1005"/>
    <book_authors book_id="465" author_id="1263"/>
    <book_authors book_id="466" author_id="339"/>
    <book_authors book_id="466" author_id="981"/>
    <book_authors book_id="466" author_id="1365"/>
    <book_authors book_id="467" author_id="262"/>
    <book_authors book_id="468" author_id="770"/>
    <book_authors book_id="469" author_id="7"/>
    <book_authors book_id="469" author_id="670"/>
    <book_authors book_id="469" author_id="965"/>
    <book_authors book_id="470" author_id="40"/>
    <book_authors book_id="471" author_id="748"/>
    <book_authors book_id="471" author_id="762"/>
    <book_authors book_id="471" author_id="1222"/>
    <book_authors book_id="472" author_id="1360"/>
    <book_authors book_id="473" author_id="651"/>
    <book_authors book_id="474" author_id="71"/>
    <book_authors book_id="475" author_id="1155"/>
    <book_authors book_id="476" author_id="91"/>
    <book_authors book_id="476" author_id="340"/>
    <book_authors book_id="477" author_id="165"/>
    <book_authors book_id="478" author_id="685"/>
    <book_authors book_id="478" author_id="1089"/>
    <book_authors book_id="478" author_id="1245"/>
    <book_authors book_id="479" author_id="211"/>
    <book_authors book_id="480" author_id="96"/>
    <book_authors book_id="481" author_id="531"/>
    <book_authors book_id="482" author_id="1156"/>
    <book_authors book_id="483" author_id="125"/>
    <book_authors book_id="484" author_id="1335"/>
    <book_authors book_id="485" author_id="1015"/>
    <book_authors book_id="486" author_id="303"/>
    <book_authors book_id="487" author_id="669"/>
    <book_authors book_id="488" author_id="1325"/>
    <book_authors book_id="489" author_id="686"/>
    <book_authors book_id="490" author_id="704"/>
    <book_authors book_id="490" author_id="1293"/>
    <book_authors book_id="491" author_id="898"/>
    <book_authors book_id="492" author_id="680"/>
    <book_authors book_id="493" author_id="17"/>
    <book_authors book_id="494" author_id="492"/>
    <book_authors book_id="495" author_id="311"/>
    <book_authors book_id="495" author_id="356"/>
    <book_authors book_id="495" author_id="1170"/>
    <book_authors book_id="496" author_id="511"/>
    <book_authors book_id="497" author_id="59"/>
    <book_authors book_id="497" author_id="393"/>
    <book_authors book_id="497" author_id="493"/>
    <book_authors book_id="497" author_id="549"/>
    <book_authors book_id="498" author_id="328"/>
    <book_authors book_id="498" author_id="544"/>
    <book_authors book_id="498" author_id="729"/>
    <book_authors book_id="499" author_id="1331"/>
    <book_authors book_id="500" author_id="798"/>
    <book_authors book_id="501" author_id="823"/>
    <book_authors book_id="502" author_id="642"/>
    <book_authors book_id="503" author_id="1276"/>
    <book_authors book_id="503" author_id="1282"/>
    <book_authors book_id="504" author_id="548"/>
    <book_authors book_id="504" author_id="636"/>
    <book_authors book_id="505" author_id="1305"/>
    <book_authors book_id="505" author_id="1314"/>
    <book_authors book_id="506" author_id="660"/>
    <book_authors book_id="507" author_id="430"/>
    <book_authors book_id="507" author_id="939"/>
    <book_authors book_id="508" author_id="214"/>
    <book_authors book_id="508" author_id="285"/>
    <book_authors book_id="508" author_id="296"/>
    <book_authors book_id="508" author_id="380"/>
    <book_authors book_id="508" author_id="494"/>
    <book_authors book_id="508" author_id="618"/>
    <book_authors book_id="508" author_id="961"/>
    <book_authors book_id="508" author_id="982"/>
    <book_authors book_id="508" author_id="1250"/>
    <book_authors book_id="509" author_id="215"/>
    <book_authors book_id="509" author_id="458"/>
    <book_authors book_id="509" author_id="1120"/>
    <book_authors book_id="510" author_id="881"/>
    <book_authors book_id="511" author_id="898"/>
    <book_authors book_id="512" author_id="428"/>
    <book_authors book_id="512" author_id="657"/>
    <book_authors book_id="512" author_id="1355"/>
    <book_authors book_id="513" author_id="406"/>
    <book_authors book_id="513" author_id="559"/>
    <book_authors book_id="514" author_id="1217"/>
    <book_authors book_id="515" author_id="898"/>
    <book_authors book_id="516" author_id="856"/>
    <book_authors book_id="517" author_id="629"/>
    <book_authors book_id="518" author_id="1324"/>
    <book_authors book_id="519" author_id="1246"/>
    <book_authors book_id="520" author_id="1246"/>
    <book_authors book_id="521" author_id="1067"/>
    <book_authors book_id="522" author_id="1329"/>
    <book_authors book_id="523" author_id="951"/>
    <book_authors book_id="524" author_id="876"/>
    <book_authors book_id="525" author_id="940"/>
    <book_authors book_id="525" author_id="1251"/>
    <book_authors book_id="526" author_id="230"/>
    <book_authors book_id="526" author_id="322"/>
    <book_authors book_id="526" author_id="357"/>
    <book_authors book_id="526" author_id="652"/>
    <book_authors book_id="526" author_id="694"/>
    <book_authors book_id="526" author_id="1041"/>
    <book_authors book_id="527" author_id="72"/>
    <book_authors book_id="527" author_id="467"/>
    <book_authors book_id="528" author_id="1317"/>
    <book_authors book_id="529" author_id="289"/>
    <book_authors book_id="529" author_id="333"/>
    <book_authors book_id="530" author_id="1054"/>
    <book_authors book_id="531" author_id="954"/>
    <book_authors book_id="532" author_id="1229"/>
    <book_authors book_id="533" author_id="776"/>
    <book_authors book_id="534" author_id="1009"/>
    <book_authors book_id="535" author_id="395"/>
    <book_authors book_id="536" author_id="523"/>
    <book_authors book_id="537" author_id="189"/>
    <book_authors book_id="538" author_id="366"/>
    <book_authors book_id="539" author_id="481"/>
    <book_authors book_id="540" author_id="441"/>
    <book_authors book_id="541" author_id="290"/>
    <book_authors book_id="541" author_id="643"/>
    <book_authors book_id="542" author_id="53"/>
    <book_authors book_id="543" author_id="990"/>
    <book_authors book_id="543" author_id="1375"/>
    <book_authors book_id="544" author_id="746"/>
    <book_authors book_id="544" author_id="1098"/>
    <book_authors book_id="544" author_id="1236"/>
    <book_authors book_id="545" author_id="297"/>
    <book_authors book_id="545" author_id="1260"/>
    <book_authors book_id="546" author_id="375"/>
    <book_authors book_id="546" author_id="499"/>
    <book_authors book_id="546" author_id="882"/>
    <book_authors book_id="547" author_id="720"/>
    <book_authors book_id="548" author_id="102"/>
    <book_authors book_id="549" author_id="755"/>
    <book_authors book_id="550" author_id="563"/>
    <book_authors book_id="551" author_id="941"/>
    <book_authors book_id="552" author_id="761"/>
    <book_authors book_id="553" author_id="317"/>
    <book_authors book_id="554" author_id="1024"/>
    <book_authors book_id="555" author_id="44"/>
    <book_authors book_id="555" author_id="299"/>
    <book_authors book_id="556" author_id="563"/>
    <book_authors book_id="558" author_id="970"/>
    <book_authors book_id="559" author_id="730"/>
    <book_authors book_id="560" author_id="1349"/>
    <book_authors book_id="561" author_id="899"/>
    <book_authors book_id="562" author_id="414"/>
    <book_authors book_id="562" author_id="777"/>
    <book_authors book_id="563" author_id="431"/>
    <book_authors book_id="564" author_id="1294"/>
    <book_authors book_id="565" author_id="711"/>
    <book_authors book_id="566" author_id="922"/>
    <book_authors book_id="567" author_id="550"/>
    <book_authors book_id="568" author_id="207"/>
    <book_authors book_id="569" author_id="743"/>
    <book_authors book_id="569" author_id="771"/>
    <book_authors book_id="569" author_id="1055"/>
    <book_authors book_id="570" author_id="153"/>
    <book_authors book_id="571" author_id="1317"/>
    <book_authors book_id="572" author_id="595"/>
    <book_authors book_id="573" author_id="1237"/>
    <book_authors book_id="574" author_id="488"/>
    <book_authors book_id="574" author_id="916"/>
    <book_authors book_id="595" author_id="830"/>
    <book_authors book_id="596" author_id="1123"/>
    <book_authors book_id="597" author_id="326"/>
    <book_authors book_id="598" author_id="97"/>
    <book_authors book_id="598" author_id="657"/>
    <book_authors book_id="628" author_id="137"/>
    <book_authors book_id="628" author_id="159"/>
    <book_authors book_id="628" author_id="168"/>
    <book_authors book_id="629" author_id="907"/>
    <book_authors book_id="630" author_id="77"/>
    <book_authors book_id="630" author_id="254"/>
    <book_authors book_id="631" author_id="1213"/>
    <book_authors book_id="632" author_id="1285"/>
    <book_authors book_id="633" author_id="450"/>
    <book_authors book_id="633" author_id="1177"/>
    <book_authors book_id="634" author_id="407"/>
    <book_authors book_id="634" author_id="772"/>
    <book_authors book_id="635" author_id="1157"/>
    <book_authors book_id="636" author_id="1143"/>
    <book_authors book_id="637" author_id="1083"/>
    <book_authors book_id="638" author_id="763"/>
    <book_authors book_id="639" author_id="116"/>
    <book_authors book_id="640" author_id="267"/>
    <book_authors book_id="641" author_id="68"/>
    <book_authors book_id="641" author_id="1354"/>
    <book_authors book_id="642" author_id="1238"/>
    <book_authors book_id="643" author_id="147"/>
    <book_authors book_id="643" author_id="277"/>
    <book_authors book_id="644" author_id="200"/>
    <book_authors book_id="644" author_id="517"/>
    <book_authors book_id="645" author_id="27"/>
    <book_authors book_id="646" author_id="1006"/>
    <book_authors book_id="646" author_id="1226"/>
    <book_authors book_id="647" author_id="705"/>
    <book_authors book_id="648" author_id="367"/>
    <book_authors book_id="648" author_id="723"/>
    <book_authors book_id="648" author_id="1027"/>
    <book_authors book_id="649" author_id="263"/>
    <book_authors book_id="650" author_id="830"/>
    <book_authors book_id="651" author_id="1032"/>
    <book_authors book_id="652" author_id="856"/>
    <book_authors book_id="653" author_id="801"/>
    <book_authors book_id="654" author_id="28"/>
    <book_authors book_id="655" author_id="705"/>
    <book_authors book_id="656" author_id="106"/>
    <book_authors book_id="656" author_id="231"/>
    <book_authors book_id="656" author_id="1366"/>
    <book_authors book_id="657" author_id="117"/>
    <book_authors book_id="657" author_id="169"/>
    <book_authors book_id="657" author_id="264"/>
    <book_authors book_id="657" author_id="451"/>
    <book_authors book_id="657" author_id="955"/>
    <book_authors book_id="657" author_id="1200"/>
    <book_authors book_id="657" author_id="1252"/>
    <book_authors book_id="658" author_id="524"/>
    <book_authors book_id="658" author_id="1283"/>
    <book_authors book_id="659" author_id="1098"/>
    <book_authors book_id="660" author_id="1172"/>
    <book_authors book_id="661" author_id="1189"/>
    <book_authors book_id="662" author_id="371"/>
    <book_authors book_id="662" author_id="1370"/>
    <book_authors book_id="663" author_id="472"/>
    <book_authors book_id="663" author_id="831"/>
    <book_authors book_id="663" author_id="971"/>
    <book_authors book_id="663" author_id="1028"/>
    <book_authors book_id="663" author_id="1184"/>
    <book_authors book_id="664" author_id="757"/>
    <book_authors book_id="665" author_id="1261"/>
    <book_authors book_id="666" author_id="259"/>
    <book_authors book_id="667" author_id="856"/>
    <book_authors book_id="668" author_id="710"/>
    <book_authors book_id="669" author_id="341"/>
    <book_authors book_id="669" author_id="408"/>
    <book_authors book_id="669" author_id="942"/>
    <book_authors book_id="669" author_id="1269"/>
    <book_authors book_id="670" author_id="129"/>
    <book_authors book_id="670" author_id="518"/>
    <book_authors book_id="670" author_id="1307"/>
    <book_authors book_id="671" author_id="179"/>
    <book_authors book_id="672" author_id="482"/>
    <book_authors book_id="673" author_id="1371"/>
    <book_authors book_id="674" author_id="555"/>
    <book_authors book_id="675" author_id="782"/>
    <book_authors book_id="675" author_id="1010"/>
    <book_authors book_id="675" author_id="1056"/>
    <book_authors book_id="676" author_id="598"/>
    <book_authors book_id="677" author_id="1201"/>
    <book_authors book_id="678" author_id="180"/>
    <book_authors book_id="679" author_id="985"/>
    <book_authors book_id="680" author_id="255"/>
    <book_authors book_id="681" author_id="339"/>
    <book_authors book_id="682" author_id="294"/>
    <book_authors book_id="682" author_id="608"/>
    <book_authors book_id="682" author_id="1376"/>
    <book_authors book_id="683" author_id="500"/>
    <book_authors book_id="684" author_id="723"/>
    <book_authors book_id="685" author_id="11"/>
    <book_authors book_id="685" author_id="731"/>
    <book_authors book_id="685" author_id="1342"/>
    <book_authors book_id="685" author_id="1343"/>
    <book_authors book_id="685" author_id="1372"/>
    <book_authors book_id="686" author_id="268"/>
    <book_authors book_id="686" author_id="574"/>
    <book_authors book_id="686" author_id="1025"/>
    <book_authors book_id="687" author_id="442"/>
    <book_authors book_id="688" author_id="976"/>
    <book_authors book_id="689" author_id="1291"/>
    <book_authors book_id="690" author_id="630"/>
    <book_authors book_id="691" author_id="12"/>
    <book_authors book_id="692" author_id="1011"/>
    <book_authors book_id="693" author_id="431"/>
    <book_authors book_id="694" author_id="130"/>
    <book_authors book_id="695" author_id="1327"/>
    <book_authors book_id="696" author_id="512"/>
    <book_authors book_id="697" author_id="78"/>
    <book_authors book_id="697" author_id="1207"/>
    <book_authors book_id="698" author_id="473"/>
    <book_authors book_id="698" author_id="653"/>
    <book_authors book_id="699" author_id="86"/>
    <book_authors book_id="699" author_id="665"/>
    <book_authors book_id="700" author_id="199"/>
    <book_authors book_id="700" author_id="778"/>
    <book_authors book_id="700" author_id="1344"/>
    <book_authors book_id="701" author_id="571"/>
    <book_authors book_id="701" author_id="764"/>
    <book_authors book_id="702" author_id="222"/>
    <book_authors book_id="702" author_id="672"/>
    <book_authors book_id="703" author_id="842"/>
    <book_authors book_id="703" author_id="1178"/>
    <book_authors book_id="704" author_id="170"/>
    <book_authors book_id="704" author_id="613"/>
    <book_authors book_id="704" author_id="1295"/>
    <book_authors book_id="705" author_id="1144"/>
    <book_authors book_id="705" author_id="1239"/>
    <book_authors book_id="706" author_id="883"/>
    <book_authors book_id="707" author_id="459"/>
    <book_authors book_id="708" author_id="417"/>
    <book_authors book_id="709" author_id="625"/>
    <book_authors book_id="710" author_id="467"/>
    <book_authors book_id="711" author_id="1124"/>
    <book_authors book_id="712" author_id="596"/>
    <book_authors book_id="712" author_id="661"/>
    <book_authors book_id="713" author_id="378"/>
    <book_authors book_id="714" author_id="208"/>
    <book_authors book_id="714" author_id="1110"/>
    <book_authors book_id="715" author_id="223"/>
    <book_authors book_id="715" author_id="342"/>
    <book_authors book_id="715" author_id="396"/>
    <book_authors book_id="715" author_id="452"/>
    <book_authors book_id="716" author_id="746"/>
    <book_authors book_id="717" author_id="908"/>
    <book_authors book_id="718" author_id="732"/>
    <book_authors book_id="719" author_id="52"/>
    <book_authors book_id="720" author_id="174"/>
    <book_authors book_id="721" author_id="256"/>
    <book_authors book_id="722" author_id="943"/>
    <book_authors book_id="723" author_id="745"/>
    <book_authors book_id="724" author_id="989"/>
    <book_authors book_id="725" author_id="654"/>
    <book_authors book_id="725" author_id="917"/>
    <book_authors book_id="726" author_id="856"/>
    <book_authors book_id="727" author_id="856"/>
    <book_authors book_id="728" author_id="872"/>
    <book_authors book_id="729" author_id="1312"/>
    <book_authors book_id="730" author_id="1240"/>
    <book_authors book_id="731" author_id="712"/>
    <book_authors book_id="731" author_id="877"/>
    <book_authors book_id="732" author_id="329"/>
    <book_authors book_id="733" author_id="538"/>
    <book_authors book_id="733" author_id="847"/>
    <book_authors book_id="733" author_id="1277"/>
    <book_authors book_id="734" author_id="176"/>
    <book_authors book_id="734" author_id="800"/>
    <book_authors book_id="735" author_id="68"/>
    <book_authors book_id="735" author_id="1145"/>
    <book_authors book_id="735" author_id="1354"/>
    <book_authors book_id="736" author_id="725"/>
    <book_authors book_id="737" author_id="118"/>
    <book_authors book_id="738" author_id="1116"/>
    <book_authors book_id="739" author_id="687"/>
    <book_authors book_id="739" author_id="1278"/>
    <book_authors book_id="740" author_id="160"/>
    <book_authors book_id="741" author_id="644"/>
    <book_authors book_id="742" author_id="232"/>
    <book_authors book_id="742" author_id="305"/>
    <book_authors book_id="742" author_id="1081"/>
    <book_authors book_id="743" author_id="54"/>
    <book_authors book_id="743" author_id="344"/>
    <book_authors book_id="744" author_id="1345"/>
    <book_authors book_id="745" author_id="1383"/>
    <book_authors book_id="746" author_id="749"/>
    <book_authors book_id="747" author_id="843"/>
    <book_authors book_id="748" author_id="1040"/>
    <book_authors book_id="749" author_id="233"/>
    <book_authors book_id="750" author_id="474"/>
    <book_authors book_id="750" author_id="673"/>
    <book_authors book_id="751" author_id="739"/>
    <book_authors book_id="752" author_id="956"/>
    <book_authors book_id="752" author_id="1269"/>
    <book_authors book_id="753" author_id="809"/>
    <book_authors book_id="753" author_id="1185"/>
    <book_authors book_id="754" author_id="624"/>
    <book_authors book_id="755" author_id="863"/>
    <book_authors book_id="756" author_id="269"/>
    <book_authors book_id="756" author_id="1303"/>
    <book_authors book_id="757" author_id="1042"/>
    <book_authors book_id="758" author_id="837"/>
    <book_authors book_id="759" author_id="783"/>
    <book_authors book_id="760" author_id="201"/>
    <book_authors book_id="761" author_id="565"/>
    <book_authors book_id="762" author_id="645"/>
    <book_authors book_id="763" author_id="270"/>
    <book_authors book_id="764" author_id="418"/>
    <book_authors book_id="764" author_id="710"/>
    <book_authors book_id="765" author_id="111"/>
    <book_authors book_id="765" author_id="713"/>
    <book_authors book_id="765" author_id="884"/>
    <book_authors book_id="766" author_id="1208"/>
    <book_authors book_id="767" author_id="1090"/>
    <book_authors book_id="767" author_id="1197"/>
    <book_authors book_id="768" author_id="249"/>
    <book_authors book_id="768" author_id="453"/>
    <book_authors book_id="768" author_id="483"/>
    <book_authors book_id="769" author_id="857"/>
    <book_authors book_id="770" author_id="1213"/>
    <book_authors book_id="771" author_id="1218"/>
    <book_authors book_id="772" author_id="721"/>
    <book_authors book_id="773" author_id="539"/>
    <book_authors book_id="773" author_id="560"/>
    <book_authors book_id="774" author_id="1230"/>
    <book_authors book_id="775" author_id="1336"/>
    <book_authors book_id="776" author_id="726"/>
    <book_authors book_id="777" author_id="787"/>
    <book_authors book_id="778" author_id="171"/>
    <book_authors book_id="778" author_id="271"/>
    <book_authors book_id="779" author_id="41"/>
    <book_authors book_id="779" author_id="1165"/>
    <book_authors book_id="780" author_id="788"/>
    <book_authors book_id="780" author_id="1373"/>
    <book_authors book_id="781" author_id="1138"/>
    <book_authors book_id="781" author_id="1149"/>
    <book_authors book_id="782" author_id="985"/>
    <book_authors book_id="783" author_id="584"/>
    <book_authors book_id="784" author_id="1026"/>
    <book_authors book_id="785" author_id="64"/>
    <book_authors book_id="785" author_id="701"/>
    <book_authors book_id="785" author_id="848"/>
    <book_authors book_id="786" author_id="244"/>
    <book_authors book_id="786" author_id="1125"/>
    <book_authors book_id="787" author_id="419"/>
    <book_authors book_id="787" author_id="1377"/>
    <book_authors book_id="788" author_id="1367"/>
    <book_authors book_id="789" author_id="972"/>
    <book_authors book_id="790" author_id="397"/>
    <book_authors book_id="790" author_id="707"/>
    <book_authors book_id="791" author_id="1187"/>
    <book_authors book_id="792" author_id="803"/>
    <book_authors book_id="792" author_id="1084"/>
    <book_authors book_id="793" author_id="361"/>
    <book_authors book_id="793" author_id="688"/>
    <book_authors book_id="793" author_id="824"/>
    <book_authors book_id="794" author_id="257"/>
    <book_authors book_id="795" author_id="1277"/>
    <book_authors book_id="796" author_id="312"/>
    <book_authors book_id="796" author_id="918"/>
    <book_authors book_id="796" author_id="1233"/>
    <book_authors book_id="797" author_id="674"/>
    <book_authors book_id="798" author_id="148"/>
    <book_authors book_id="799" author_id="9"/>
    <book_authors book_id="800" author_id="409"/>
    <book_authors book_id="801" author_id="468"/>
    <book_authors book_id="802" author_id="111"/>
    <book_authors book_id="802" author_id="713"/>
    <book_authors book_id="802" author_id="884"/>
    <book_authors book_id="803" author_id="60"/>
    <book_authors book_id="804" author_id="443"/>
    <book_authors book_id="805" author_id="495"/>
    <book_authors book_id="805" author_id="580"/>
    <book_authors book_id="805" author_id="1071"/>
    <book_authors book_id="806" author_id="181"/>
    <book_authors book_id="806" author_id="714"/>
    <book_authors book_id="807" author_id="779"/>
    <book_authors book_id="808" author_id="977"/>
    <book_authors book_id="809" author_id="878"/>
    <book_authors book_id="810" author_id="313"/>
    <book_authors book_id="811" author_id="1378"/>
    <book_authors book_id="812" author_id="489"/>
    <book_authors book_id="813" author_id="251"/>
    <book_authors book_id="813" author_id="950"/>
    <book_authors book_id="813" author_id="1033"/>
    <book_authors book_id="813" author_id="1202"/>
    <book_authors book_id="814" author_id="561"/>
    <book_authors book_id="815" author_id="588"/>
    <book_authors book_id="815" author_id="695"/>
    <book_authors book_id="816" author_id="260"/>
    <book_authors book_id="816" author_id="1105"/>
    <book_authors book_id="816" author_id="1283"/>
    <book_authors book_id="817" author_id="376"/>
    <book_authors book_id="817" author_id="1085"/>
    <book_authors book_id="817" author_id="1106"/>
    <book_authors book_id="818" author_id="838"/>
    <book_authors book_id="819" author_id="61"/>
    <book_authors book_id="819" author_id="133"/>
    <book_authors book_id="820" author_id="913"/>
    <book_authors book_id="820" author_id="1126"/>
    <book_authors book_id="821" author_id="885"/>
    <book_authors book_id="822" author_id="1340"/>
    <book_authors book_id="823" author_id="858"/>
    <book_authors book_id="824" author_id="62"/>
    <book_authors book_id="824" author_id="900"/>
    <book_authors book_id="825" author_id="1241"/>
    <book_authors book_id="826" author_id="112"/>
    <book_authors book_id="826" author_id="1269"/>
    <book_authors book_id="827" author_id="901"/>
    <book_authors book_id="828" author_id="138"/>
    <book_authors book_id="829" author_id="362"/>
    <book_authors book_id="829" author_id="381"/>
    <book_authors book_id="830" author_id="859"/>
    <book_authors book_id="831" author_id="190"/>
    <book_authors book_id="831" author_id="1001"/>
    <book_authors book_id="832" author_id="655"/>
    <book_authors book_id="832" author_id="1086"/>
    <book_authors book_id="833" author_id="45"/>
    <book_authors book_id="834" author_id="637"/>
    <book_authors book_id="835" author_id="581"/>
    <book_authors book_id="836" author_id="1378"/>
    <book_authors book_id="837" author_id="238"/>
    <book_authors book_id="838" author_id="33"/>
    <book_authors book_id="838" author_id="410"/>
    <book_authors book_id="839" author_id="1138"/>
    <book_authors book_id="839" author_id="1149"/>
    <book_authors book_id="840" author_id="540"/>
    <book_authors book_id="840" author_id="1283"/>
    <book_authors book_id="841" author_id="868"/>
    <book_authors book_id="841" author_id="956"/>
    <book_authors book_id="841" author_id="1012"/>
    <book_authors book_id="842" author_id="64"/>
    <book_authors book_id="843" author_id="572"/>
    <book_authors book_id="843" author_id="790"/>
    <book_authors book_id="844" author_id="886"/>
    <book_authors book_id="845" author_id="311"/>
    <book_authors book_id="845" author_id="439"/>
    <book_authors book_id="846" author_id="599"/>
    <book_authors book_id="847" author_id="566"/>
    <book_authors book_id="848" author_id="589"/>
    <book_authors book_id="849" author_id="34"/>
    <book_authors book_id="849" author_id="610"/>
    <book_authors book_id="850" author_id="747"/>
    <book_authors book_id="851" author_id="378"/>
    <book_authors book_id="852" author_id="513"/>
    <book_authors book_id="853" author_id="1057"/>
    <book_authors book_id="854" author_id="92"/>
    <book_authors book_id="854" author_id="998"/>
    <book_authors book_id="855" author_id="3"/>
    <book_authors book_id="855" author_id="600"/>
    <book_authors book_id="855" author_id="1043"/>
    <book_authors book_id="855" author_id="1091"/>
    <book_authors book_id="856" author_id="318"/>
    <book_authors book_id="856" author_id="1146"/>
    <book_authors book_id="857" author_id="468"/>
    <book_authors book_id="858" author_id="646"/>
    <book_authors book_id="858" author_id="1270"/>
    <book_authors book_id="859" author_id="1011"/>
    <book_authors book_id="860" author_id="8"/>
    <book_authors book_id="860" author_id="1037"/>
    <book_authors book_id="861" author_id="119"/>
    <book_authors book_id="861" author_id="935"/>
    <book_authors book_id="862" author_id="468"/>
    <book_authors book_id="863" author_id="806"/>
    <book_authors book_id="864" author_id="856"/>
    <book_authors book_id="865" author_id="978"/>
    <book_authors book_id="866" author_id="4"/>
    <book_authors book_id="866" author_id="161"/>
    <book_authors book_id="866" author_id="1068"/>
    <book_authors book_id="867" author_id="166"/>
    <book_authors book_id="868" author_id="932"/>
    <book_authors book_id="869" author_id="111"/>
    <book_authors book_id="869" author_id="713"/>
    <book_authors book_id="869" author_id="884"/>
    <book_authors book_id="870" author_id="170"/>
    <book_authors book_id="870" author_id="1157"/>
    <book_authors book_id="870" author_id="1295"/>
    <book_authors book_id="871" author_id="696"/>
    <book_authors book_id="872" author_id="697"/>
    <book_authors book_id="873" author_id="864"/>
    <book_authors book_id="873" author_id="991"/>
    <book_authors book_id="874" author_id="979"/>
    <book_authors book_id="875" author_id="1346"/>
    <book_authors book_id="876" author_id="1264"/>
    <book_authors book_id="877" author_id="378"/>
    <book_authors book_id="877" author_id="549"/>
    <book_authors book_id="878" author_id="1139"/>
    <book_authors book_id="878" author_id="1219"/>
    <book_authors book_id="878" author_id="1247"/>
    <book_authors book_id="879" author_id="1286"/>
    <book_authors book_id="880" author_id="549"/>
    <book_authors book_id="881" author_id="791"/>
    <book_authors book_id="882" author_id="306"/>
    <book_authors book_id="882" author_id="903"/>
    <book_authors book_id="883" author_id="567"/>
    <book_authors book_id="883" author_id="1347"/>
    <book_authors book_id="884" author_id="420"/>
    <book_authors book_id="885" author_id="717"/>
    <book_authors book_id="886" author_id="1019"/>
    <book_authors book_id="887" author_id="886"/>
    <book_authors book_id="888" author_id="1107"/>
    <book_authors book_id="889" author_id="307"/>
    <book_authors book_id="889" author_id="1108"/>
    <book_authors book_id="890" author_id="545"/>
    <book_authors book_id="891" author_id="930"/>
    <book_authors book_id="892" author_id="807"/>
    <book_authors book_id="893" author_id="25"/>
    <book_authors book_id="893" author_id="311"/>
    <book_authors book_id="893" author_id="439"/>
    <book_authors book_id="894" author_id="437"/>
    <book_authors book_id="894" author_id="600"/>
    <book_authors book_id="895" author_id="856"/>
    <book_authors book_id="896" author_id="638"/>
    <book_authors book_id="897" author_id="216"/>
    <book_authors book_id="897" author_id="327"/>
    <book_authors book_id="897" author_id="460"/>
    <book_authors book_id="898" author_id="461"/>
    <book_authors book_id="899" author_id="334"/>
    <book_authors book_id="899" author_id="1287"/>
    <book_authors book_id="900" author_id="54"/>
    <book_authors book_id="901" author_id="1190"/>
    <book_authors book_id="901" author_id="1381"/>
    <book_authors book_id="902" author_id="245"/>
    <book_authors book_id="903" author_id="239"/>
    <book_authors book_id="904" author_id="825"/>
    <book_authors book_id="905" author_id="343"/>
    <book_authors book_id="905" author_id="432"/>
    <book_authors book_id="906" author_id="167"/>
    <book_authors book_id="906" author_id="966"/>
    <book_authors book_id="907" author_id="902"/>
    <book_authors book_id="908" author_id="1029"/>
    <book_authors book_id="909" author_id="151"/>
    <book_authors book_id="910" author_id="626"/>
    <book_authors book_id="911" author_id="914"/>
    <book_authors book_id="912" author_id="103"/>
    <book_authors book_id="913" author_id="849"/>
    <book_authors book_id="913" author_id="1288"/>
    <book_authors book_id="914" author_id="979"/>
    <book_authors book_id="915" author_id="149"/>
    <book_authors book_id="915" author_id="294"/>
    <book_authors book_id="915" author_id="765"/>
    <book_authors book_id="915" author_id="959"/>
    <book_authors book_id="915" author_id="1156"/>
    <book_authors book_id="916" author_id="1231"/>
    <book_authors book_id="917" author_id="1242"/>
    <book_authors book_id="918" author_id="944"/>
    <book_authors book_id="918" author_id="1334"/>
    <book_authors book_id="919" author_id="919"/>
    <book_authors book_id="919" author_id="1058"/>
    <book_authors book_id="920" author_id="1193"/>
    <book_authors book_id="921" author_id="850"/>
    <book_authors book_id="922" author_id="1099"/>
    <book_authors book_id="923" author_id="675"/>
    <book_authors book_id="924" author_id="1246"/>
    <book_authors book_id="925" author_id="265"/>
    <book_authors book_id="925" author_id="294"/>
    <book_authors book_id="926" author_id="209"/>
    <book_authors book_id="927" author_id="246"/>
    <book_authors book_id="928" author_id="963"/>
    <book_authors book_id="929" author_id="963"/>
    <book_authors book_id="930" author_id="548"/>
    <book_authors book_id="930" author_id="636"/>
    <book_authors book_id="931" author_id="418"/>
    <book_authors book_id="931" author_id="1199"/>
    <book_authors book_id="931" author_id="1241"/>
    <book_authors book_id="932" author_id="182"/>
    <book_authors book_id="933" author_id="773"/>
    <book_authors book_id="934" author_id="73"/>
    <book_authors book_id="934" author_id="330"/>
    <book_authors book_id="934" author_id="920"/>
    <book_authors book_id="935" author_id="279"/>
    <book_authors book_id="935" author_id="421"/>
    <book_authors book_id="935" author_id="1313"/>
    <book_authors book_id="936" author_id="722"/>
    <book_authors book_id="937" author_id="1082"/>
    <book_authors book_id="938" author_id="1173"/>
    <book_authors book_id="939" author_id="784"/>
    <book_authors book_id="939" author_id="1174"/>
    <book_authors book_id="940" author_id="930"/>
    <book_authors book_id="941" author_id="398"/>
    <book_authors book_id="942" author_id="118"/>
    <book_authors book_id="942" author_id="989"/>
    <book_authors book_id="942" author_id="1332"/>
    <book_authors book_id="943" author_id="519"/>
    <book_authors book_id="943" author_id="898"/>
    <book_authors book_id="944" author_id="614"/>
    <book_authors book_id="944" author_id="1127"/>
    <book_authors book_id="945" author_id="120"/>
    <book_authors book_id="946" author_id="871"/>
    <book_authors book_id="947" author_id="219"/>
    <book_authors book_id="947" author_id="1265"/>
    <book_authors book_id="948" author_id="715"/>
    <book_authors book_id="948" author_id="946"/>
    <book_authors book_id="948" author_id="1121"/>
    <book_authors book_id="949" author_id="69"/>
    <book_authors book_id="950" author_id="503"/>
    <book_authors book_id="950" author_id="808"/>
    <book_authors book_id="951" author_id="42"/>
    <book_authors book_id="951" author_id="272"/>
    <book_authors book_id="952" author_id="1092"/>
    <book_authors book_id="953" author_id="820"/>
    <book_authors book_id="953" author_id="887"/>
    <book_authors book_id="954" author_id="1175"/>
    <book_authors book_id="955" author_id="856"/>
    <book_authors book_id="956" author_id="1283"/>
    <book_authors book_id="957" author_id="844"/>
    <book_authors book_id="958" author_id="358"/>
    <book_authors book_id="958" author_id="1337"/>
    <book_authors book_id="959" author_id="319"/>
    <book_authors book_id="960" author_id="869"/>
    <book_authors book_id="961" author_id="1194"/>
    <book_authors book_id="961" author_id="1195"/>
    <book_authors book_id="962" author_id="691"/>
    <book_authors book_id="962" author_id="744"/>
    <book_authors book_id="963" author_id="963"/>
    <book_authors book_id="964" author_id="183"/>
    <book_authors book_id="965" author_id="530"/>
    <book_authors book_id="966" author_id="35"/>
    <book_authors book_id="966" author_id="1271"/>
    <book_authors book_id="967" author_id="987"/>
    <book_authors book_id="968" author_id="873"/>
    <book_authors book_id="968" author_id="1139"/>
    <book_authors book_id="968" author_id="1219"/>
    <book_authors book_id="969" author_id="462"/>
    <book_authors book_id="970" author_id="1279"/>
    <book_authors book_id="971" author_id="294"/>
    <book_authors book_id="971" author_id="1059"/>
    <book_authors book_id="971" author_id="1328"/>
    <book_authors book_id="972" author_id="132"/>
    <book_authors book_id="972" author_id="605"/>
    <book_authors book_id="973" author_id="277"/>
    <book_authors book_id="973" author_id="327"/>
    <book_authors book_id="974" author_id="46"/>
    <book_authors book_id="974" author_id="662"/>
    <book_authors book_id="974" author_id="952"/>
    <book_authors book_id="974" author_id="1030"/>
    <book_authors book_id="975" author_id="608"/>
    <book_authors book_id="975" author_id="1253"/>
    <book_authors book_id="975" author_id="1338"/>
    <book_authors book_id="976" author_id="1350"/>
    <book_authors book_id="977" author_id="532"/>
    <book_authors book_id="978" author_id="283"/>
    <book_authors book_id="978" author_id="422"/>
    <book_authors book_id="979" author_id="141"/>
    <book_authors book_id="979" author_id="508"/>
    <book_authors book_id="979" author_id="509"/>
    <book_authors book_id="979" author_id="585"/>
    <book_authors book_id="980" author_id="1234"/>
    <book_authors book_id="981" author_id="13"/>
    <book_authors book_id="982" author_id="240"/>
    <book_authors book_id="982" author_id="399"/>
    <book_authors book_id="983" author_id="586"/>
    <book_authors book_id="984" author_id="868"/>
    <book_authors book_id="985" author_id="596"/>
    <book_authors book_id="985" author_id="1013"/>
    <book_authors book_id="985" author_id="1060"/>
    <book_authors book_id="986" author_id="391"/>
    <book_authors book_id="986" author_id="708"/>
    <book_authors book_id="986" author_id="1029"/>
    <book_authors book_id="987" author_id="300"/>
    <book_authors book_id="987" author_id="937"/>
    <book_authors book_id="988" author_id="1324"/>
    <book_authors book_id="989" author_id="541"/>
    <book_authors book_id="989" author_id="1196"/>
    <book_authors book_id="990" author_id="615"/>
    <book_authors book_id="990" author_id="1214"/>
    <book_authors book_id="991" author_id="461"/>
    <book_authors book_id="992" author_id="1087"/>
    <book_authors book_id="993" author_id="43"/>
    <book_authors book_id="993" author_id="383"/>
    <book_authors book_id="994" author_id="1170"/>
    <book_authors book_id="994" author_id="1351"/>
    <book_authors book_id="995" author_id="496"/>
    <book_authors book_id="996" author_id="74"/>
    <book_authors book_id="997" author_id="224"/>
    <book_authors book_id="997" author_id="575"/>
    <book_authors book_id="997" author_id="774"/>
    <book_authors book_id="998" author_id="335"/>
    <book_authors book_id="999" author_id="851"/>
    <book_authors book_id="999" author_id="947"/>
    <book_authors book_id="999" author_id="1072"/>
    <book_authors book_id="1000" author_id="191"/>
    <book_authors book_id="1001" author_id="973"/>
    <book_authors book_id="1002" author_id="76"/>
    <book_authors book_id="1002" author_id="1017"/>
    <book_authors book_id="1003" author_id="284"/>
    <book_authors book_id="1003" author_id="520"/>
    <book_authors book_id="1003" author_id="1274"/>
    <book_authors book_id="1004" author_id="656"/>
    <book_authors book_id="1004" author_id="948"/>
    <book_authors book_id="1005" author_id="87"/>
    <book_authors book_id="1006" author_id="408"/>
    <book_authors book_id="1007" author_id="19"/>
    <book_authors book_id="1008" author_id="1088"/>
    <book_authors book_id="1009" author_id="514"/>
    <book_authors book_id="1009" author_id="647"/>
    <book_authors book_id="1009" author_id="733"/>
    <book_authors book_id="1009" author_id="936"/>
    <book_authors book_id="1010" author_id="86"/>
    <book_authors book_id="1010" author_id="665"/>
    <book_authors book_id="1011" author_id="139"/>
    <book_authors book_id="1012" author_id="1002"/>
    <book_authors book_id="1014" author_id="198"/>
    <book_authors book_id="1015" author_id="551"/>
    <book_authors book_id="1015" author_id="611"/>
    <book_authors book_id="1016" author_id="912"/>
    <book_authors book_id="1016" author_id="1028"/>
    <book_authors book_id="1017" author_id="47"/>
    <book_authors book_id="1017" author_id="1221"/>
    <book_authors book_id="1018" author_id="50"/>
    <book_authors book_id="1019" author_id="894"/>
    <book_authors book_id="1020" author_id="1007"/>
    <book_authors book_id="1021" author_id="14"/>
    <book_authors book_id="1021" author_id="134"/>
    <book_authors book_id="1022" author_id="999"/>
    <book_authors book_id="1023" author_id="823"/>
    <book_authors book_id="1023" author_id="852"/>
    <book_authors book_id="1024" author_id="856"/>
    <book_authors book_id="1025" author_id="1371"/>
    <book_authors book_id="1026" author_id="1032"/>
    <book_authors book_id="1027" author_id="267"/>
    <book_authors book_id="1028" author_id="195"/>
    <book_authors book_id="1028" author_id="659"/>
    <book_authors book_id="1028" author_id="750"/>
    <book_authors book_id="1028" author_id="974"/>
    <book_authors book_id="1028" author_id="975"/>
    <book_authors book_id="1028" author_id="1186"/>
    <book_authors book_id="1029" author_id="576"/>
    <book_authors book_id="1029" author_id="702"/>
    <book_authors book_id="1030" author_id="616"/>
    <book_authors book_id="1031" author_id="273"/>
    <book_authors book_id="1032" author_id="985"/>
    <book_authors book_id="1033" author_id="153"/>
    <book_authors book_id="1034" author_id="780"/>
    <book_authors book_id="1034" author_id="1296"/>
    <book_authors book_id="1035" author_id="890"/>
    <book_authors book_id="1036" author_id="985"/>
    <book_authors book_id="1037" author_id="1254"/>
    <book_authors book_id="1038" author_id="439"/>
    <book_authors book_id="1038" author_id="1047"/>
    <book_authors book_id="1039" author_id="5"/>
    <book_authors book_id="1039" author_id="209"/>
    <book_authors book_id="1039" author_id="799"/>
    <book_authors book_id="1040" author_id="20"/>
    <book_authors book_id="1040" author_id="444"/>
    <book_authors book_id="1040" author_id="703"/>
    <book_authors book_id="1041" author_id="76"/>
    <book_authors book_id="1042" author_id="400"/>
    <book_authors book_id="1043" author_id="88"/>
    <book_authors book_id="1044" author_id="1241"/>
    <book_authors book_id="1045" author_id="205"/>
    <book_authors book_id="1045" author_id="1280"/>
    <book_authors book_id="1046" author_id="1034"/>
    <book_authors book_id="1046" author_id="1090"/>
    <book_authors book_id="1046" author_id="1197"/>
    <book_authors book_id="1047" author_id="21"/>
    <book_authors book_id="1047" author_id="1214"/>
    <book_authors book_id="1048" author_id="1374"/>
    <book_authors book_id="1049" author_id="874"/>
    <book_authors book_id="1050" author_id="963"/>
    <book_authors book_id="1051" author_id="681"/>
    <book_authors book_id="1052" author_id="126"/>
    <book_authors book_id="1052" author_id="1166"/>
    <book_authors book_id="1053" author_id="1223"/>
    <book_authors book_id="1054" author_id="445"/>
    <book_authors book_id="1055" author_id="699"/>
    <book_authors book_id="1055" author_id="888"/>
    <book_authors book_id="1056" author_id="411"/>
    <book_authors book_id="1057" author_id="490"/>
    <book_authors book_id="1057" author_id="925"/>
    <book_authors book_id="1057" author_id="1128"/>
    <book_authors book_id="1058" author_id="55"/>
    <book_authors book_id="1058" author_id="80"/>
    <book_authors book_id="1059" author_id="1132"/>
    <book_authors book_id="1060" author_id="9"/>
    <book_authors book_id="1060" author_id="1209"/>
    <book_authors book_id="1061" author_id="876"/>
    <book_authors book_id="1062" author_id="740"/>
    <book_authors book_id="1063" author_id="89"/>
    <book_authors book_id="1063" author_id="107"/>
    <book_authors book_id="1063" author_id="140"/>
    <book_authors book_id="1063" author_id="363"/>
    <book_authors book_id="1064" author_id="71"/>
    <book_authors book_id="1064" author_id="446"/>
    <book_authors book_id="1065" author_id="1077"/>
    <book_authors book_id="1066" author_id="327"/>
    <book_authors book_id="1067" author_id="388"/>
    <book_authors book_id="1067" author_id="557"/>
    <book_authors book_id="1067" author_id="1046"/>
    <book_authors book_id="1067" author_id="1353"/>
    <book_authors book_id="1068" author_id="856"/>
    <book_authors book_id="1069" author_id="1132"/>
    <book_authors book_id="1070" author_id="423"/>
    <book_authors book_id="1070" author_id="891"/>
    <book_authors book_id="1071" author_id="956"/>
    <book_authors book_id="1071" author_id="1269"/>
    <book_authors book_id="1072" author_id="36"/>
    <book_authors book_id="1073" author_id="454"/>
    <book_authors book_id="1073" author_id="1203"/>
    <book_authors book_id="1074" author_id="199"/>
    <book_authors book_id="1075" author_id="1019"/>
    <book_authors book_id="1076" author_id="327"/>
    <book_authors book_id="1077" author_id="597"/>
    <book_authors book_id="1078" author_id="202"/>
    <book_authors book_id="1078" author_id="617"/>
    <book_authors book_id="1079" author_id="1002"/>
    <book_authors book_id="1080" author_id="225"/>
    <book_authors book_id="1081" author_id="172"/>
    <book_authors book_id="1081" author_id="184"/>
    <book_authors book_id="1081" author_id="391"/>
    <book_authors book_id="1082" author_id="832"/>
    <book_authors book_id="1082" author_id="1384"/>
    <book_authors book_id="1083" author_id="717"/>
    <book_authors book_id="1084" author_id="291"/>
    <book_authors book_id="1085" author_id="331"/>
    <book_authors book_id="1086" author_id="25"/>
    <book_authors book_id="1086" author_id="311"/>
    <book_authors book_id="1086" author_id="439"/>
    <book_authors book_id="1087" author_id="234"/>
    <book_authors book_id="1088" author_id="150"/>
    <book_authors book_id="1088" author_id="1272"/>
    <book_authors book_id="1089" author_id="153"/>
    <book_authors book_id="1089" author_id="1255"/>
    <book_authors book_id="1090" author_id="853"/>
    <book_authors book_id="1091" author_id="235"/>
    <book_authors book_id="1092" author_id="1215"/>
    <book_authors book_id="1093" author_id="217"/>
    <book_authors book_id="1093" author_id="1297"/>
    <book_authors book_id="1094" author_id="182"/>
    <book_authors book_id="1095" author_id="75"/>
    <book_authors book_id="1096" author_id="368"/>
    <book_authors book_id="1097" author_id="963"/>
    <book_authors book_id="1098" author_id="475"/>
    <book_authors book_id="1098" author_id="504"/>
    <book_authors book_id="1099" author_id="65"/>
    <book_authors book_id="1099" author_id="568"/>
    <book_authors book_id="1100" author_id="1197"/>
    <book_authors book_id="1101" author_id="461"/>
    <book_authors book_id="1102" author_id="162"/>
    <book_authors book_id="1103" author_id="856"/>
    <book_authors book_id="1104" author_id="226"/>
    <book_authors book_id="1104" author_id="481"/>
    <book_authors book_id="1105" author_id="274"/>
    <book_authors book_id="1105" author_id="865"/>
    <book_authors book_id="1105" author_id="1040"/>
    <book_authors book_id="1105" author_id="1129"/>
    <book_authors book_id="1105" author_id="1177"/>
    <book_authors book_id="1105" author_id="1385"/>
    <book_authors book_id="1106" author_id="600"/>
    <book_authors book_id="1106" author_id="718"/>
    <book_authors book_id="1107" author_id="250"/>
    <book_authors book_id="1107" author_id="1061"/>
    <book_authors book_id="1108" author_id="839"/>
    <book_authors book_id="1108" author_id="1377"/>
    <book_authors book_id="1109" author_id="127"/>
    <book_authors book_id="1109" author_id="1179"/>
    <book_authors book_id="1110" author_id="1197"/>
    <book_authors book_id="1111" author_id="146"/>
    <book_authors book_id="1111" author_id="992"/>
    <book_authors book_id="1111" author_id="1148"/>
    <book_authors book_id="1112" author_id="292"/>
    <book_authors book_id="1113" author_id="364"/>
    <book_authors book_id="1114" author_id="311"/>
    <book_authors book_id="1114" author_id="1356"/>
    <book_authors book_id="1115" author_id="401"/>
    <book_authors book_id="1116" author_id="610"/>
    <book_authors book_id="1117" author_id="93"/>
    <book_authors book_id="1117" author_id="369"/>
    <book_authors book_id="1118" author_id="27"/>
    <book_authors book_id="1119" author_id="203"/>
    <book_authors book_id="1119" author_id="1000"/>
    <book_authors book_id="1120" author_id="552"/>
    <book_authors book_id="1120" author_id="1093"/>
    <book_authors book_id="1120" author_id="1269"/>
    <book_authors book_id="1121" author_id="79"/>
    <book_authors book_id="1121" author_id="821"/>
    <book_authors book_id="1121" author_id="1269"/>
    <book_authors book_id="1122" author_id="497"/>
    <book_authors book_id="1123" author_id="1298"/>
    <book_authors book_id="1124" author_id="175"/>
    <book_authors book_id="1125" author_id="511"/>
    <book_authors book_id="1125" author_id="969"/>
    <book_authors book_id="1125" author_id="1140"/>
    <book_authors book_id="1126" author_id="108"/>
    <book_authors book_id="1126" author_id="498"/>
    <book_authors book_id="1126" author_id="582"/>
    <book_authors book_id="1126" author_id="583"/>
    <book_authors book_id="1127" author_id="258"/>
    <book_authors book_id="1128" author_id="204"/>
    <book_authors book_id="1128" author_id="1230"/>
    <book_authors book_id="1129" author_id="1117"/>
    <book_authors book_id="1130" author_id="128"/>
    <book_authors book_id="1130" author_id="301"/>
    <book_authors book_id="1131" author_id="439"/>
    <book_authors book_id="1131" author_id="1386"/>
    <book_authors book_id="1132" author_id="853"/>
    <book_authors book_id="1133" author_id="577"/>
    <book_authors book_id="1133" author_id="1040"/>
    <book_authors book_id="1133" author_id="1221"/>
    <book_authors book_id="1134" author_id="889"/>
    <book_authors book_id="1135" author_id="709"/>
    <book_authors book_id="1135" author_id="1170"/>
    <book_authors book_id="1136" author_id="963"/>
    <book_authors book_id="1137" author_id="751"/>
    <book_authors book_id="1138" author_id="219"/>
    <book_authors book_id="1139" author_id="1224"/>
    <book_authors book_id="1140" author_id="128"/>
    <book_authors book_id="1140" author_id="301"/>
    <book_authors book_id="1141" author_id="720"/>
    <book_authors book_id="1142" author_id="542"/>
    <book_authors book_id="1143" author_id="698"/>
    <book_authors book_id="1143" author_id="1048"/>
    <book_authors book_id="1144" author_id="359"/>
    <book_authors book_id="1145" author_id="953"/>
    <book_authors book_id="1145" author_id="1020"/>
    <book_authors book_id="1146" author_id="1000"/>
    <book_authors book_id="1146" author_id="1319"/>
    <book_authors book_id="1147" author_id="236"/>
    <book_authors book_id="1147" author_id="931"/>
    <book_authors book_id="1148" author_id="717"/>
    <book_authors book_id="1149" author_id="196"/>
    <book_authors book_id="1149" author_id="569"/>
    <book_authors book_id="1149" author_id="714"/>
    <book_authors book_id="1150" author_id="300"/>
    <book_authors book_id="1150" author_id="392"/>
    <book_authors book_id="1150" author_id="1387"/>
    <book_authors book_id="1151" author_id="1388"/>
    <book_authors book_id="1152" author_id="895"/>
    <book_authors book_id="1153" author_id="1371"/>
    <book_authors book_id="1154" author_id="196"/>
    <book_authors book_id="1154" author_id="569"/>
    <book_authors book_id="1155" author_id="323"/>
    <book_authors book_id="1155" author_id="792"/>
    <book_authors book_id="1156" author_id="1266"/>
    <book_authors book_id="1157" author_id="525"/>
    <book_authors book_id="1157" author_id="926"/>
    <book_authors book_id="1158" author_id="1241"/>
    <book_authors book_id="1159" author_id="692"/>
    <book_authors book_id="1159" author_id="1031"/>
    <book_authors book_id="1159" author_id="1248"/>
    <book_authors book_id="1160" author_id="1003"/>
    <book_authors book_id="1161" author_id="377"/>
    <book_authors book_id="1162" author_id="971"/>
    <book_authors book_id="1163" author_id="26"/>
    <book_authors book_id="1163" author_id="110"/>
    <book_authors book_id="1163" author_id="1014"/>
    <book_authors book_id="1164" author_id="327"/>
    <book_authors book_id="1164" author_id="460"/>
    <book_authors book_id="1164" author_id="1004"/>
    <book_authors book_id="1165" author_id="51"/>
    <book_authors book_id="1165" author_id="491"/>
    <book_authors book_id="1165" author_id="515"/>
    <book_authors book_id="1165" author_id="1005"/>
    <book_authors book_id="1166" author_id="336"/>
    <book_authors book_id="1167" author_id="927"/>
    <book_authors book_id="1168" author_id="989"/>
    <book_authors book_id="1169" author_id="1156"/>
    <book_authors book_id="1170" author_id="81"/>
    <book_authors book_id="1171" author_id="1008"/>
    <book_authors book_id="1172" author_id="866"/>
    <book_authors book_id="1173" author_id="854"/>
    <book_authors book_id="1174" author_id="63"/>
    <book_authors book_id="1175" author_id="192"/>
    <book_authors book_id="1175" author_id="438"/>
    <book_authors book_id="1175" author_id="758"/>
    <book_authors book_id="1176" author_id="484"/>
    <book_authors book_id="1176" author_id="1078"/>
    <book_authors book_id="1176" author_id="1227"/>
    <book_authors book_id="1177" author_id="570"/>
    <book_authors book_id="1177" author_id="1333"/>
    <book_authors book_id="1178" author_id="1361"/>
    <book_authors book_id="1179" author_id="600"/>
    <book_authors book_id="1179" author_id="619"/>
    <book_authors book_id="1179" author_id="1133"/>
    <book_authors book_id="1180" author_id="1290"/>
    <book_authors book_id="1181" author_id="162"/>
    <book_authors book_id="1182" author_id="384"/>
    <book_authors book_id="1182" author_id="1204"/>
    <book_authors book_id="1183" author_id="988"/>
    <book_authors book_id="1184" author_id="481"/>
    <book_authors book_id="1185" author_id="308"/>
    <book_authors book_id="1185" author_id="775"/>
    <book_authors book_id="1186" author_id="337"/>
    <book_authors book_id="1187" author_id="64"/>
    <book_authors book_id="1187" author_id="516"/>
    <book_authors book_id="1188" author_id="1044"/>
    <book_authors book_id="1189" author_id="467"/>
    <book_authors book_id="1189" author_id="815"/>
    <book_authors book_id="1190" author_id="1324"/>
    <book_authors book_id="1191" author_id="268"/>
    <book_authors book_id="1191" author_id="574"/>
    <book_authors book_id="1191" author_id="1025"/>
    <book_authors book_id="1191" author_id="1387"/>
    <book_authors book_id="1192" author_id="378"/>
    <book_authors book_id="1192" author_id="993"/>
    <book_authors book_id="1193" author_id="135"/>
    <book_authors book_id="1193" author_id="324"/>
    <book_authors book_id="1193" author_id="438"/>
    <book_authors book_id="1193" author_id="758"/>
    <book_authors book_id="1194" author_id="553"/>
    <book_authors book_id="1195" author_id="109"/>
    <book_authors book_id="1196" author_id="21"/>
    <book_authors book_id="1196" author_id="903"/>
    <book_authors book_id="1196" author_id="1214"/>
    <book_authors book_id="1197" author_id="759"/>
    <book_authors book_id="1197" author_id="785"/>
    <book_authors book_id="1197" author_id="1320"/>
    <book_authors book_id="1198" author_id="996"/>
    <book_authors book_id="1199" author_id="15"/>
    <book_authors book_id="1199" author_id="275"/>
    <book_authors book_id="1199" author_id="1035"/>
    <book_authors book_id="1199" author_id="1112"/>
    <book_authors book_id="1200" author_id="142"/>
    <book_authors book_id="1201" author_id="682"/>
    <book_authors book_id="1201" author_id="1167"/>
    <book_authors book_id="1202" author_id="72"/>
    <book_authors book_id="1202" author_id="467"/>
    <book_authors book_id="1203" author_id="735"/>
    <book_authors book_id="1205" author_id="1205"/>
    <book_authors book_id="1206" author_id="429"/>
    <book_authors book_id="1206" author_id="627"/>
    <book_authors book_id="1206" author_id="1134"/>
    <book_authors book_id="1207" author_id="1221"/>
    <book_authors book_id="1208" author_id="734"/>
    <book_authors book_id="1209" author_id="760"/>
    <book_authors book_id="1210" author_id="476"/>
    <book_authors book_id="1211" author_id="447"/>
    <book_authors book_id="1212" author_id="791"/>
    <book_authors book_id="1213" author_id="303"/>
    <book_authors book_id="1213" author_id="634"/>
    <book_authors book_id="1214" author_id="856"/>
    <book_authors book_id="1215" author_id="270"/>
    <book_authors book_id="1217" author_id="267"/>
    <book_authors book_id="1217" author_id="1228"/>
    <book_authors book_id="1218" author_id="1279"/>
    <book_authors book_id="1219" author_id="154"/>
    <book_authors book_id="1219" author_id="210"/>
    <book_authors book_id="1219" author_id="967"/>
    <book_authors book_id="1220" author_id="746"/>
    <book_authors book_id="1221" author_id="208"/>
    <book_authors book_id="1221" author_id="1033"/>
    <book_authors book_id="1222" author_id="856"/>
    <book_authors book_id="1223" author_id="56"/>
    <book_authors book_id="1223" author_id="308"/>
    <book_authors book_id="1223" author_id="385"/>
    <book_authors book_id="1223" author_id="485"/>
    <book_authors book_id="1223" author_id="775"/>
    <book_authors book_id="1224" author_id="237"/>
    <book_authors book_id="1224" author_id="879"/>
    <book_authors book_id="1225" author_id="1283"/>
    <book_authors book_id="1226" author_id="600"/>
    <book_authors book_id="1226" author_id="860"/>
    <book_authors book_id="1226" author_id="1362"/>
    <books book_id="1" title="Lean Software Development: An Agile Toolkit" total_pages="240" rating="4.17"
           isbn="9780320000000" published_date="2003-05-18" publisher_id="5"/>
    <books book_id="2" title="Facing the Intelligence Explosion" total_pages="91" rating="3.87"
           published_date="2013-02-01" publisher_id="109"/>
    <books book_id="3" title="Scala in Action" total_pages="419" rating="3.74" isbn="9781940000000"
           published_date="2013-04-10" publisher_id="111"/>
    <books book_id="4" title="Patterns of Software: Tales from the Software Community" total_pages="256" rating="3.84"
           isbn="9780200000000" published_date="1996-08-15" publisher_id="150"/>
    <books book_id="5" title="Anatomy Of LISP" total_pages="446" rating="4.43" isbn="9780070000000"
           published_date="1978-01-01" publisher_id="119"/>
    <books book_id="6" title="Computing machinery and intelligence" total_pages="24" rating="4.17"
           published_date="2009-03-22" publisher_id="134"/>
    <books book_id="7" title="XML: Visual QuickStart Guide" total_pages="269" rating="3.66" isbn="9780320000000"
           published_date="2009-01-01" publisher_id="156"/>
    <books book_id="8" title="SQL Cookbook" total_pages="595" rating="3.95" isbn="9780600000000"
           published_date="2005-12-01" publisher_id="1"/>
    <books book_id="9"
           title="The Apollo Guidance Computer: Architecture And Operation (Springer Praxis Books / Space Exploration)"
           total_pages="439" rating="4.29" isbn="9781440000000" published_date="2010-07-01" publisher_id="168"/>
    <books book_id="10" title="Minds and Computers: An Introduction to the Philosophy of Artificial Intelligence"
           total_pages="222" rating="3.54" isbn="9780750000000" published_date="2007-02-13" publisher_id="71"/>
    <books book_id="11" title="The Architecture of Symbolic Computers" total_pages="739" rating="4.50"
           isbn="9780070000000" published_date="1990-11-01" publisher_id="119"/>
    <books book_id="12" title="Exceptional Ruby: Master the Art of Handling Failure in Ruby" total_pages="102"
           rating="4.00"/>
    <books book_id="13"
           title="Nmap Network Scanning: The Official Nmap Project Guide to Network Discovery and Security Scanning"
           total_pages="468" rating="4.32" isbn="9780980000000" published_date="2009-01-01" publisher_id="138"/>
    <books book_id="14" title="The It Handbook for Business: Managing Information Technology Support Costs"
           total_pages="180" rating="4.40" isbn="9781450000000" published_date="2010-09-17" publisher_id="52"/>
    <books book_id="15" title="Accidental Empires" total_pages="384" rating="4.00" isbn="9780890000000"
           published_date="1996-09-13" publisher_id="88"/>
    <books book_id="16" title="Introducing HTML5" total_pages="223" rating="3.97" isbn="9780320000000"
           published_date="2010-07-21" publisher_id="136"/>
    <books book_id="17" title="Are You Smart Enough to Work at Google?" total_pages="290" rating="3.52"
           isbn="9780320000000" published_date="2012-01-04" publisher_id="106"/>
    <books book_id="18" title="Elements of ML Programming, Ml97 Edition" total_pages="400" rating="3.70"
           isbn="9780140000000" published_date="1998-01-01" publisher_id="157"/>
    <books book_id="19" title="Scrum and XP from the Trenches" total_pages="140" rating="4.17" isbn="9781430000000"
           published_date="2007-10-05" publisher_id="107"/>
    <books book_id="20" title="What is HTML 5?" total_pages="27" rating="3.31"/>
    <books book_id="21" title="Becoming a Technical Leader: An Organic Problem-Solving Approach" total_pages="284"
           rating="4.09" isbn="9780930000000" published_date="1986-01-01" publisher_id="65"/>
    <books book_id="22" title="The Text Mining Handbook: Advanced Approaches in Analyzing Unstructured Data"
           total_pages="410" rating="3.95" isbn="9780520000000" published_date="2013-08-15" publisher_id="34"/>
    <books book_id="23" title="Constraint Processing" total_pages="480" rating="3.38" isbn="9781560000000"
           published_date="2003-05-19" publisher_id="133"/>
    <books book_id="24" title="Essential PHP Security" total_pages="109" rating="4.07" isbn="9780600000000"
           published_date="2005-11-01" publisher_id="1"/>
    <books book_id="25" title="A Book on C: Programming in C" total_pages="576" rating="3.74" isbn="9780810000000"
           published_date="1994-11-01" publisher_id="5"/>
    <books book_id="26" title="Scientific Computing" total_pages="576" rating="3.42" isbn="9780070000000"
           published_date="2001-07-17" publisher_id="119"/>
    <books book_id="27" title="Cocoa Design Patterns" total_pages="427" rating="4.00" isbn="9780320000000"
           published_date="2009-09-01" publisher_id="5"/>
    <books book_id="28" title="Cocoa Programming for Mac OS X" total_pages="433" rating="3.97" isbn="9780320000000"
           published_date="2008-05-05" publisher_id="5"/>
    <books book_id="29" title="Six Degrees: The Science of a Connected Age" total_pages="384" rating="3.90"
           isbn="9780390000000" published_date="2004-02-17" publisher_id="223"/>
    <books book_id="30" title="Big Data Now: Current Perspectives from O&apos;Reilly Radar" total_pages="137"
           rating="3.33"/>
    <books book_id="31" title="OpenGL Programming Guide: The Official Guide to Learning OpenGL, Version 2"
           total_pages="838" rating="3.66" isbn="9780320000000" published_date="2005-08-11" publisher_id="5"/>
    <books book_id="32" title="Killer Game Programming in Java" total_pages="969" rating="3.26" isbn="9780600000000"
           published_date="2005-05-30" publisher_id="1"/>
    <books book_id="33" title="Mathematik Fur Informatiker: Band 1: Diskrete Mathematik Und Lineare Algebra"
           total_pages="514" rating="4.10" isbn="9783540000000" published_date="2010-10-13" publisher_id="199"/>
    <books book_id="34" title="C++ Network Programming, Volume I: Mastering Complexity with ACE and Patterns"
           total_pages="336" rating="3.85" isbn="9780200000000" published_date="2001-12-20" publisher_id="5"/>
    <books book_id="35" title="Gamification by Design" total_pages="208" rating="3.66" isbn="9781450000000"
           published_date="2011-08-19" publisher_id="1"/>
    <books book_id="36" title="Cyberwar: The Next Threat to National Security &amp; What to Do About It"
           total_pages="304" rating="3.72" isbn="9780060000000" published_date="2010-04-20" publisher_id="70"/>
    <books book_id="37" title="More Effective C#: 50 Specific Ways to Improve Your C#" total_pages="297" rating="4.09"
           isbn="9780320000000" published_date="2008-10-17" publisher_id="5"/>
    <books book_id="41" title="C++ Programming: From Problem Analysis to Program Design" total_pages="1344"
           rating="4.18" isbn="9781420000000" published_date="2006-02-01" publisher_id="48"/>
    <books book_id="42" title="Numerical Linear Algebra" total_pages="184" rating="4.17" isbn="9780900000000"
           published_date="1997-06-01" publisher_id="194"/>
    <books book_id="43" title="The Principles of Product Development Flow: Second Generation Lean Product Development"
           total_pages="276" rating="4.16" isbn="9781940000000" published_date="2009-05-01" publisher_id="38"/>
    <books book_id="44" title="An Embedded Software Primer" total_pages="448" rating="3.71" isbn="9780200000000"
           published_date="1999-08-15" publisher_id="5"/>
    <books book_id="45" title="Free Culture: The Nature and Future of Creativity" total_pages="368" rating="4.12"
           isbn="9780140000000" published_date="2005-02-22" publisher_id="160"/>
    <books book_id="46" title="Upgrading and Repairing PCs" total_pages="1608" rating="4.13" isbn="9780790000000"
           published_date="2006-04-03" publisher_id="179"/>
    <books book_id="47" title="Perfect Software--And Other Illusions about Testing" total_pages="182" rating="4.13"
           isbn="9780930000000" published_date="2008-01-01" publisher_id="65"/>
    <books book_id="48" title="Mastering Algorithms with C" total_pages="562" rating="3.78" isbn="9781570000000"
           published_date="1999-08-12" publisher_id="1"/>
    <books book_id="49" title="Ant: The Definitive Guide" total_pages="336" rating="3.08" isbn="9780600000000"
           published_date="2005-04-20" publisher_id="1"/>
    <books book_id="50" title="Version Control By Example" rating="3.49" published_date="2011-07-22"
           publisher_id="177"/>
    <books book_id="51" title="A Primer on Scientific Programming with Python" total_pages="693" rating="3.85"
           isbn="9783640000000" published_date="2009-09-10" publisher_id="199"/>
    <books book_id="52" title="Practical C++ Programming" total_pages="574" rating="3.58" isbn="9780600000000"
           published_date="2002-12-20" publisher_id="1"/>
    <books book_id="80" title="Computer Science from the Bottom Up" rating="3.80"/>
    <books book_id="81" title="ZooKeeper: Distributed process coordination" total_pages="238" rating="3.92"
           isbn="9781450000000" published_date="2013-12-02" publisher_id="1"/>
    <books book_id="82" title="Two Scoops of Django: Best Practices for Django 1.5" total_pages="277" rating="4.23"
           published_date="2013-01-20" publisher_id="37"/>
    <books book_id="102" title="Git in Practice" total_pages="225" rating="4.12" isbn="9781620000000"
           published_date="2014-10-31" publisher_id="111"/>
    <books book_id="103" title="Programming F# 3.0" total_pages="476" rating="3.86" isbn="9781450000000"
           published_date="2012-10-26" publisher_id="1"/>
    <books book_id="104" title="No Place to Hide: Edward Snowden, the NSA, and the U.S. Surveillance State"
           total_pages="260" rating="4.08" isbn="9781630000000" published_date="2014-05-13" publisher_id="127"/>
    <books book_id="105" title="Android Design Patterns: Interaction Design Solutions for Developers" total_pages="456"
           rating="3.72" isbn="9781120000000" published_date="2013-03-11" publisher_id="232"/>
    <books book_id="106" title="The Career Programmer: Guerilla Tactics for an Imperfect World (Expert&apos;s Voice)"
           total_pages="264" rating="3.15" isbn="9781590000000" published_date="2006-02-01" publisher_id="14"/>
    <books book_id="107" title="Principles of Concurrent and Distributed Programming" total_pages="361" rating="3.44"
           isbn="9780320000000" published_date="2006-02-01" publisher_id="157"/>
    <books book_id="108" title="The Elements of Scrum" total_pages="184" rating="3.94" isbn="9780980000000"
           published_date="2011-03-22" publisher_id="69"/>
    <books book_id="109" title="Java Se8 for the Really Impatient: A Short Course on the Basics" total_pages="215"
           rating="3.92" isbn="9780320000000" published_date="2014-01-24" publisher_id="5"/>
    <books book_id="110" title="The Book of F#: Breaking Free with Managed Functional Programming" total_pages="352"
           rating="3.88" isbn="9781590000000" published_date="2014-03-22" publisher_id="139"/>
    <books book_id="111" title="Good Math: A Geek&apos;s Guide to the Beauty of Numbers, Logic, and Computation"
           total_pages="262" rating="3.62" isbn="9781940000000" published_date="2013-09-06" publisher_id="208"/>
    <books book_id="112" title="Methods of Programming" total_pages="272" rating="4.08" isbn="9780200000000"
           published_date="1988-01-01" publisher_id="5"/>
    <books book_id="113" title="Principles of Information Security" total_pages="624" rating="3.42" isbn="9781420000000"
           published_date="2008-01-01" publisher_id="48"/>
    <books book_id="114" title="Learn Windows PowerShell 3 in a Month of Lunches" total_pages="368" rating="4.30"
           isbn="9781620000000" published_date="2012-11-22" publisher_id="111"/>
    <books book_id="115" title="Professional Android 4 Application Development" total_pages="817" rating="3.94"
           isbn="9781120000000" published_date="2012-05-01" publisher_id="238"/>
    <books book_id="116"
           title="Show Stopper,: The Breakneck Race to Create Windows NT and the Next Generation at Microsoft"
           total_pages="312" rating="4.12" isbn="9780030000000" published_date="1994-06-01" publisher_id="78"/>
    <books book_id="117" title="Explore It,: Reduce Risk and Increase Confidence with Exploratory Testing"
           total_pages="162" rating="4.33" isbn="9781940000000" published_date="2012-03-22" publisher_id="167"/>
    <books book_id="118" title="The Python Standard Library by Example" total_pages="672" rating="4.23"
           isbn="9780320000000" published_date="2011-06-11" publisher_id="5"/>
    <books book_id="119" title="JUnit in Action" total_pages="504" rating="3.54" isbn="9781940000000"
           published_date="2010-08-04" publisher_id="111"/>
    <books book_id="120" title="The Mikado Method" total_pages="245" rating="3.36" isbn="9781620000000"
           published_date="2014-03-22" publisher_id="111"/>
    <books book_id="121" title="REST API Design Rulebook" total_pages="116" rating="3.29"/>
    <books book_id="122" title="Scrum: a Breathtakingly Brief and Agile Introduction" total_pages="54" rating="3.93"
           published_date="2014-07-30" publisher_id="69"/>
    <books book_id="123" title="Security+ Guide to Network Security Fundamentals" total_pages="592" rating="3.65"
           isbn="9781430000000" published_date="2008-11-11" publisher_id="39"/>
    <books book_id="124" title="Classic Shell Scripting: Hidden Commands that Unlock the Power of Unix"
           total_pages="560" rating="4.03" isbn="9780600000000" published_date="2005-05-23" publisher_id="1"/>
    <books book_id="125" title="Head First HTML and CSS" total_pages="768" rating="4.25" isbn="9780600000000"
           published_date="2012-09-05" publisher_id="1"/>
    <books book_id="126" title="Mobile First" total_pages="130" rating="3.96" published_date="2011-10-18"
           publisher_id="2"/>
    <books book_id="127" title="Genetic Algorithms in Search, Optimization, and Machine Learning" total_pages="432"
           rating="4.14" isbn="785342000000" published_date="1989-01-11" publisher_id="5"/>
    <books book_id="128" title="Introduction to Distributed Algorithms" total_pages="612" rating="3.73"
           isbn="9780520000000" published_date="2004-01-05" publisher_id="34"/>
    <books book_id="129" title="Debug It,: Find, Repair, and Prevent Bugs in Your Code" total_pages="232" rating="3.45"
           isbn="9781930000000" published_date="2009-11-22" publisher_id="167"/>
    <books book_id="130" title="Visual Explanations: Images and Quantities, Evidence and Narrative" total_pages="156"
           rating="4.29" isbn="9780960000000" published_date="1998-04-22" publisher_id="84"/>
    <books book_id="131" title="The Intelligent Web: Search, Smart Algorithms, and Big Data" total_pages="295"
           rating="3.70" isbn="9780200000000" published_date="2014-01-28" publisher_id="150"/>
    <books book_id="132" title="Principles of Transaction Processing" total_pages="378" rating="3.78"
           isbn="9781560000000" published_date="2009-06-01" publisher_id="133"/>
    <books book_id="133" title="The Mindi?1s I: Fantasies and Reflections on Self and Soul" total_pages="512"
           rating="4.14" isbn="9780550000000" published_date="1985-04-01" publisher_id="21"/>
    <books book_id="134" title="Managing Software Requirements: A Use Case Approach" total_pages="502" rating="3.50"
           isbn="9780320000000" published_date="2003-05-05" publisher_id="5"/>
    <books book_id="135" title="Software Testing" total_pages="416" rating="3.74" isbn="9780670000000"
           published_date="2005-07-01" publisher_id="186"/>
    <books book_id="136" title="Teach Yourself Uml In 24 Hours" rating="3.36" isbn="9780670000000"/>
    <books book_id="137" title="MySQL Pocket Reference" total_pages="96" rating="3.84" isbn="9780600000000"
           published_date="2003-03-03" publisher_id="1"/>
    <books book_id="138" title="Fundamentals of Digital Logic with VHDL Design With CDROM" total_pages="939"
           rating="3.76" isbn="9780070000000" published_date="2004-07-15" publisher_id="119"/>
    <books book_id="139" title="Calendrical Calculations" total_pages="479" rating="4.23" isbn="9780520000000"
           published_date="2007-12-01" publisher_id="34"/>
    <books book_id="140" title="Liars and Outliers: Enabling the Trust that Society Needs to Thrive" total_pages="348"
           rating="3.77" isbn="9781120000000" published_date="2012-02-01" publisher_id="232"/>
    <books book_id="141" title="Beautiful Data: The Stories Behind Elegant Data Solutions (Theory In Practice, #31)"
           total_pages="384" rating="3.64" isbn="9780600000000" published_date="2009-07-28" publisher_id="1"/>
    <books book_id="142" title="Programming Distributed Computing Systems: A Foundational Approach" total_pages="296"
           rating="3.72" isbn="9780260000000" published_date="2013-05-31" publisher_id="129"/>
    <books book_id="143" title="Applied Predictive Modeling" total_pages="600" rating="4.45" isbn="9781460000000"
           published_date="2018-03-30" publisher_id="199"/>
    <books book_id="144" title="Living Clojure" total_pages="300" rating="4.09" published_date="2015-01-25"
           publisher_id="1"/>
    <books book_id="145" title="Refactoring: Ruby Edition, Adobe Reader" total_pages="480" rating="4.10"
           isbn="9780320000000" published_date="2009-10-15" publisher_id="5"/>
    <books book_id="146" title="Embedded Android: Porting, Extending, and Customizing" rating="4.14"
           isbn="9781450000000" published_date="2011-10-22" publisher_id="1"/>
    <books book_id="147" title="Jenkins: The Definitive Guide" total_pages="406" rating="3.42" isbn="9781450000000"
           published_date="2011-07-27" publisher_id="1"/>
    <books book_id="148" title="The Lambda Calculus: Its Syntax and Semantics" total_pages="654" rating="4.21"
           isbn="9780440000000" published_date="1985-11-15" publisher_id="1"/>
    <books book_id="149" title="Generative Design: Visualize, Program, and Create with Processing" total_pages="472"
           rating="4.55" isbn="9781620000000" published_date="2012-08-22" publisher_id="173"/>
    <books book_id="150" title="API Design for C++" total_pages="472" rating="4.09" isbn="9780120000000"
           published_date="2011-02-18" publisher_id="133"/>
    <books book_id="151" title="Test-Driven iOS Development" total_pages="256" rating="3.56" isbn="9780320000000"
           published_date="2012-04-19" publisher_id="5"/>
    <books book_id="152"
           title="Designing with the Mind in Mind: Simple Guide to Understanding User Interface Design Rules"
           total_pages="201" rating="4.09" isbn="9780080000000" published_date="2010-05-20" publisher_id="73"/>
    <books book_id="153" title="The Imitation Game" total_pages="197" rating="3.63" published_date="2014-06-22"
           publisher_id="212"/>
    <books book_id="154"
           title="The Systems Bible: The Beginner&apos;s Guide to Systems Large and Small: Being the Third Edition of Systemantics"
           total_pages="314" rating="4.04" isbn="9780960000000" published_date="2002-01-01" publisher_id="82"/>
    <books book_id="155" title="Great Principles of Computing" total_pages="320" rating="3.13" isbn="9780260000000"
           published_date="2015-01-23" publisher_id="129"/>
    <books book_id="156" title="Erlang and OTP in Action" total_pages="432" rating="4.27" isbn="9781930000000"
           published_date="2010-12-05" publisher_id="111"/>
    <books book_id="157" title="Pattern Oriented Software Architecture Volume 5: On Patterns and Pattern Languages"
           total_pages="450" rating="3.73" isbn="9780470000000" published_date="2007-06-01" publisher_id="100"/>
    <books book_id="158" title="Who Owns the Future?" total_pages="367" rating="3.77" isbn="9781450000000"
           published_date="2013-05-07" publisher_id="190"/>
    <books book_id="159" title="C# 6.0 and the .NET 4.6 Framework" total_pages="1660" rating="4.58"
           published_date="2015-11-11" publisher_id="14"/>
    <books book_id="160" title="Mazes for Programmers: Code Your Own Twisty Little Passages" total_pages="275"
           rating="4.31" isbn="9781680000000" published_date="2015-09-25" publisher_id="167"/>
    <books book_id="161" title="Computer Science: Discovering God&apos;s Glory in Ones and Zeros" total_pages="32"
           rating="3.82" published_date="2015-03-08" publisher_id="151"/>
    <books book_id="162" title="The Unicode Standard" total_pages="1472" rating="4.22" isbn="9780320000000"
           published_date="2006-11-01" publisher_id="5"/>
    <books book_id="163" title="Linux Phrasebook" total_pages="382" rating="4.12" isbn="9780670000000"
           published_date="2006-06-22" publisher_id="186"/>
    <books book_id="164" title="Cryptanalysis: A Study of Ciphers and Their Solution" total_pages="256" rating="3.79"
           isbn="9780490000000" published_date="1989-04-01" publisher_id="68"/>
    <books book_id="165" title="Swarm Intelligence: From Natural to Artificial Systems" total_pages="307" rating="3.96"
           isbn="9780200000000" published_date="1999-09-23" publisher_id="150"/>
    <books book_id="166" title="Programming in Go: Creating Applications for the 21st Century" total_pages="475"
           rating="3.75" isbn="9780320000000" published_date="2012-05-14" publisher_id="5"/>
    <books book_id="167" title="Head First JavaScript Programming" total_pages="661" rating="4.24" isbn="9781450000000"
           published_date="2014-03-22" publisher_id="1"/>
    <books book_id="168" title="Learning Web Design: A Beginner&apos;s Guide to Html, Css, Javascript, and Web Graphics"
           total_pages="624" rating="4.17" isbn="9781450000000" published_date="2012-08-24" publisher_id="1"/>
    <books book_id="169" title="Two Scoops of Django: Best Practices for Django 1.8" total_pages="505" rating="4.53"
           published_date="2015-04-29" publisher_id="215"/>
    <books book_id="170" title="Theoretical Neuroscience: Computational and Mathematical Modeling of Neural Systems"
           total_pages="480" rating="4.26" isbn="9780260000000" published_date="2005-08-12" publisher_id="129"/>
    <books book_id="171" title="Geometric Algebra for Computer Science: An Object-Oriented Approach to Geometry"
           total_pages="626" rating="3.97" isbn="9780120000000" published_date="2007-04-01" publisher_id="133"/>
    <books book_id="172"
           title="Elasticsearch: The Definitive Guide: A Distributed Real-Time Search and Analytics Engine"
           total_pages="724" rating="4.23" isbn="9781450000000" published_date="2015-02-14" publisher_id="1"/>
    <books book_id="173" title="Bayesian Data Analysis" total_pages="690" rating="4.20" isbn="9781580000000"
           published_date="2003-07-29" publisher_id="50"/>
    <books book_id="174"
           title="The Art of Software Security Assessment: Identifying and Preventing Software Vulnerabilities"
           total_pages="1174" rating="4.45" isbn="9780320000000" published_date="2006-11-01" publisher_id="5"/>
    <books book_id="175" title="Principles of Distributed Database Systems" total_pages="666" rating="3.94"
           isbn="9780140000000" published_date="1999-01-19" publisher_id="169"/>
    <books book_id="176" title="Algorithms And Data Structures: The Basic Toolbox" total_pages="300" rating="4.00"
           isbn="9783640000000" published_date="2010-11-10" publisher_id="199"/>
    <books book_id="177" title="The Idea Factory: Bell Labs and the Great Age of American Innovation" total_pages="432"
           rating="4.15" isbn="9781590000000" published_date="2012-03-15" publisher_id="160"/>
    <books book_id="178"
           title="Bulletproof SSL and TLS: The Complete Guide to Deploying Secure Servers and Web Applications"
           total_pages="425" rating="4.59" isbn="9781910000000" published_date="2014-07-31" publisher_id="74"/>
    <books book_id="179" title="Pro ASP.NET MVC 5" total_pages="832" rating="4.13" published_date="2013-12-19"
           publisher_id="14"/>
    <books book_id="180" title="PHP and MySQL for Dynamic Web Sites: Visual QuickPro Guide" total_pages="692"
           rating="3.83" isbn="9780320000000" published_date="2005-06-21" publisher_id="156"/>
    <books book_id="181" title="Java 8 Lambdas: Pragmatic Functional Programming" total_pages="182" rating="3.99"
           isbn="9781450000000" published_date="2014-04-22" publisher_id="1"/>
    <books book_id="182" title="Learn Ruby the Hard Way" total_pages="173" rating="3.67" published_date="2011-12-11"
           publisher_id="188"/>
    <books book_id="183" title="Cybersecurity and Cyberwar: What Everyone Needs to Know(r)" total_pages="306"
           rating="3.83" isbn="9780200000000" published_date="2014-01-03" publisher_id="150"/>
    <books book_id="184" title="3D Math Primer for Graphics and Game Development" total_pages="429" rating="4.16"
           isbn="9781560000000" published_date="2002-06-21" publisher_id="101"/>
    <books book_id="185" title="HTML5 for Web Designers" total_pages="87" rating="4.02" isbn="9780980000000"
           published_date="2010-05-04" publisher_id="2"/>
    <books book_id="186"
           title="The Practice of Network Security Monitoring: Understanding Incident Detection and Response"
           total_pages="376" rating="4.03" isbn="9781590000000" published_date="2013-08-02" publisher_id="139"/>
    <books book_id="187" title="Hacker, Hoaxer, Whistleblower, Spy: The Many Faces of Anonymous" total_pages="453"
           rating="3.84" isbn="9781780000000" published_date="2014-11-04" publisher_id="218"/>
    <books book_id="188" title="Computer Vision: Models, Learning, and Inference" total_pages="600" rating="4.38"
           isbn="9781110000000" published_date="2012-06-18" publisher_id="34"/>
    <books book_id="189" title="Introduction to Graph Theory" total_pages="224" rating="4.09" isbn="9780490000000"
           published_date="1994-02-09" publisher_id="68"/>
    <books book_id="190" title="Performance Modeling and Design of Computer Systems: Queueing Theory in Action"
           total_pages="576" rating="4.70" isbn="9781110000000" published_date="2013-02-01" publisher_id="34"/>
    <books book_id="191" title="Comptia A+ Certification All-In-One Exam Guide: Exams 220-801 &amp; 220-802"
           total_pages="1200" rating="4.16" isbn="9780070000000" published_date="2012-08-22" publisher_id="119"/>
    <books book_id="192" title="Thinking Functionally with Haskell" total_pages="350" rating="4.14" isbn="9781110000000"
           published_date="2014-10-09" publisher_id="34"/>
    <books book_id="193" title="Data Science at the Command Line: Facing the Future with Time-Tested Tools"
           total_pages="212" rating="3.87" isbn="9781490000000" published_date="2014-10-12" publisher_id="1"/>
    <books book_id="194" title="Linked Data" total_pages="336" rating="3.66" isbn="9781620000000"
           published_date="2013-03-22" publisher_id="111"/>
    <books book_id="195" title="The Black Box Society: The Secret Algorithms That Control Money and Information"
           total_pages="320" rating="3.63" isbn="9780670000000" published_date="2015-01-05" publisher_id="92"/>
    <books book_id="196" title="Applying Domain-Driven Design and Patterns : With Examples in C# and .NET"
           total_pages="528" rating="3.61" isbn="9780320000000" published_date="2006-05-01" publisher_id="5"/>
    <books book_id="197" title="Hatching Twitter: A True Story of Money, Power, Friendship, and Betrayal"
           total_pages="299" rating="4.04" isbn="9781590000000" published_date="2013-11-05" publisher_id="166"/>
    <books book_id="198" title="Algorithms Illuminated: Part 1: The Basics" rating="4.49" published_date="2017-09-26"
           publisher_id="195"/>
    <books book_id="199" title="IBM PC Assembly Language and Programming" total_pages="545" rating="4.02"
           isbn="9780130000000" published_date="2000-08-22" publisher_id="169"/>
    <books book_id="200" title="Assembly Language for Intel-Based Computers" total_pages="676" rating="4.07"
           isbn="9780140000000" published_date="1998-09-08" publisher_id="169"/>
    <books book_id="201" title="Functional Programming in JavaScript" total_pages="272" rating="4.17"
           published_date="2016-06-22" publisher_id="111"/>
    <books book_id="205" title="Brotopia: Breaking Up the Boys&apos; Club of Silicon Valley" total_pages="317"
           rating="4.03" published_date="2018-02-06" publisher_id="165"/>
    <books book_id="206" title="High Performance MySQL: Optimization, Backups, and Replication" total_pages="826"
           rating="4.39" published_date="2012-03-05" publisher_id="1"/>
    <books book_id="223" title="Reactive Microservices Architecture" total_pages="54" rating="3.66"
           published_date="2016-03-22" publisher_id="1"/>
    <books book_id="224" title="Essential Algorithms: A Practical Approach to Computer Algorithms" total_pages="301"
           rating="3.90" isbn="9781120000000" published_date="2013-08-12" publisher_id="232"/>
    <books book_id="225" title="The Unix Philosophy" total_pages="176" rating="4.05" isbn="9781560000000"
           published_date="1994-12-28" publisher_id="64"/>
    <books book_id="239" title="Programming Rust: Fast, Safe Systems Development" total_pages="622" rating="4.61"
           isbn="9781490000000" published_date="2017-12-21" publisher_id="1"/>
    <books book_id="240" title="Reactive Microsystems" total_pages="84" rating="4.48" published_date="2017-08-07"
           publisher_id="1"/>
    <books book_id="241" title="Async JavaScript" total_pages="104" rating="4.02" published_date="2012-03-21"
           publisher_id="105"/>
    <books book_id="242"
           title="A Common-Sense Guide to Data Structures and Algorithms: Level Up Your Core Programming Skills"
           rating="4.16" isbn="9781680000000" published_date="2017-10-25" publisher_id="167"/>
    <books book_id="243" title="Bad Choices" total_pages="160" rating="3.28" isbn="9780740000000"
           published_date="2017-04-04" publisher_id="220"/>
    <books book_id="244" title="Life in Code: A Personal History of Technology" total_pages="320" rating="3.96"
           isbn="9780370000000" published_date="2017-08-08" publisher_id="117"/>
    <books book_id="245" title="The Everything Store: Jeff Bezos and the Age of Amazon" total_pages="384" rating="4.12"
           isbn="9780320000000" published_date="2013-10-15" publisher_id="106"/>
    <books book_id="246" title="Computer Science: A Very Short Introduction" total_pages="144" rating="3.78"
           isbn="9780200000000" published_date="2016-06-01" publisher_id="150"/>
    <books book_id="247" title="Make Your Own Neural Network: An In-depth Visual Introduction For Beginners"
           total_pages="316" rating="4.21" published_date="2017-08-29" publisher_id="30"/>
    <books book_id="248" title="Practical Statistics for Data Scientists: 50 Essential Concepts" total_pages="318"
           rating="4.05" isbn="9781490000000" published_date="2017-05-28" publisher_id="1"/>
    <books book_id="249" title="What Is Life? with Mind and Matter and Autobiographical Sketches" total_pages="184"
           rating="4.15" isbn="9780520000000" published_date="1992-01-31" publisher_id="34"/>
    <books book_id="250" title="Python Testing with Pytest: Simple, Rapid, Effective, and Scalable" rating="4.16"
           isbn="9781680000000" published_date="2017-10-25" publisher_id="167"/>
    <books book_id="251"
           title="The Age of Cryptocurrency: How Bitcoin and Digital Money Are Challenging the Global Economic Order"
           total_pages="368" rating="3.89" isbn="9781250000000" published_date="2015-01-27" publisher_id="201"/>
    <books book_id="252"
           title="Introducing Ethereum and Solidity: Foundations of Cryptocurrency and Blockchain Programming for Beginners"
           total_pages="208" rating="3.37" isbn="9781480000000" published_date="2017-03-18" publisher_id="14"/>
    <books book_id="253" title="The Cambridge Handbook of Artificial Intelligence" total_pages="368" rating="4.10"
           isbn="9780520000000" published_date="2014-07-31" publisher_id="34"/>
    <books book_id="254"
           title="Understanding the Digital World: What You Need to Know about Computers, the Internet, Privacy, and Security"
           total_pages="256" rating="4.28" isbn="9780690000000" published_date="2017-01-24" publisher_id="174"/>
    <books book_id="255" title="The Non-Designer&apos;s Design Book" total_pages="191" rating="4.05"
           isbn="9780320000000" published_date="2003-08-28" publisher_id="156"/>
    <books book_id="256" title="The CS Detective: An Algorithmic Tale of Crime, Conspiracy, and Computation"
           total_pages="246" rating="3.98" isbn="9781590000000" published_date="2016-08-16" publisher_id="139"/>
    <books book_id="257" title="High Performance Spark: Best Practices for Scaling and Optimizing Apache Spark"
           total_pages="358" rating="3.89" isbn="9781490000000" published_date="2017-06-16" publisher_id="1"/>
    <books book_id="258" title="Multiagent Systems: Algorithmic, Game-Theoretic, and Logical Foundations"
           total_pages="504" rating="3.68" isbn="9780520000000" published_date="2008-12-01" publisher_id="34"/>
    <books book_id="259" title="Exploring ES6" total_pages="630" rating="4.42" published_date="2015-06-13"/>
    <books book_id="260" title="Web Scalability for Startup Engineers" total_pages="416" rating="4.58"
           isbn="9780070000000" published_date="2015-06-23" publisher_id="119"/>
    <books book_id="261" title="Hacking For Dummies" total_pages="388" rating="3.69" isbn="9780470000000"
           published_date="2006-11-01" publisher_id="232"/>
    <books book_id="262" title="The Nature of Software Development" rating="4.13"/>
    <books book_id="263" title="Computational Science and Engineering" total_pages="716" rating="4.00"
           isbn="9780960000000" published_date="2007-11-01" publisher_id="229"/>
    <books book_id="264" title="PHP Web Services: APIs for the Modern Web" total_pages="118" rating="3.64"
           isbn="9781450000000" published_date="2013-05-03" publisher_id="1"/>
    <books book_id="265" title="The Debian Administrator&apos;s Handbook" total_pages="498" rating="4.09"
           published_date="2012-04-22"/>
    <books book_id="266" title="Lean Enterprise: How High Performance Organizations Innovate at Scale" total_pages="352"
           rating="4.25" isbn="9781450000000" published_date="2014-12-04" publisher_id="1"/>
    <books book_id="267" title="C++ For Dummies" total_pages="432" rating="3.59" published_date="2004-05-07"
           publisher_id="76"/>
    <books book_id="268" title="Agile Project Management with Scrum" total_pages="188" rating="3.70"
           isbn="9780740000000" published_date="2004-02-18" publisher_id="128"/>
    <books book_id="269"
           title="Fundamentals of Machine Learning for Predictive Data Analytics: Algorithms, Worked Examples, and Case Studies"
           total_pages="624" rating="4.48" isbn="9780260000000" published_date="2015-07-24" publisher_id="129"/>
    <books book_id="270" title="Information: The New Language of Science" rating="3.91" isbn="9780670000000"
           published_date="2004-04-30" publisher_id="92"/>
    <books book_id="271" title="Machine Learning Yearning" rating="4.30"/>
    <books book_id="272" title="Game Physics Engine Development With CDROM" total_pages="456" rating="4.22"
           isbn="9780120000000" published_date="2007-03-07" publisher_id="133"/>
    <books book_id="273" title="Software Requirements 3" total_pages="672" rating="4.29" isbn="9780740000000"
           published_date="2013-08-12" publisher_id="128"/>
    <books book_id="274" title="The Developer&apos;s Code: What Real Programmers Do" total_pages="142" rating="3.42"
           published_date="2012-02-22" publisher_id="208"/>
    <books book_id="275" title="Test Driven Development for Embedded C" total_pages="352" rating="4.20"
           isbn="9781930000000" published_date="2011-05-02" publisher_id="167"/>
    <books book_id="276" title="Coding Interview Questions" total_pages="520" rating="4.09" isbn="9781480000000"
           published_date="2012-05-02" publisher_id="52"/>
    <books book_id="277" title="Internetworking with TCP/IP Vol.1: Principles, Protocols, and Architecture"
           total_pages="750" rating="4.12" isbn="9780130000000" published_date="2000-01-18" publisher_id="169"/>
    <books book_id="278" title="Absolute C++" total_pages="943" rating="3.84" isbn="9780320000000"
           published_date="2007-03-01" publisher_id="5"/>
    <books book_id="279" title="Python Algorithms: Mastering Basic Algorithms in the Python Language" total_pages="316"
           rating="4.01" isbn="9781430000000" published_date="2010-11-24" publisher_id="14"/>
    <books book_id="280" title="Genetic Programming: On the Programming of Computers by Means of Natural Selection"
           total_pages="836" rating="4.28" isbn="9780260000000" published_date="1992-12-11" publisher_id="32"/>
    <books book_id="281"
           title="Ada, the Enchantress of Numbers: A Selection from the Letters of Lord Byron&apos;s Daughter and Her Description of the First Computer"
           total_pages="439" rating="3.34" isbn="9780910000000" published_date="1992-01-08" publisher_id="55"/>
    <books book_id="282" title="The Last Lecture" total_pages="217" rating="4.26" published_date="2008-04-11"
           publisher_id="87"/>
    <books book_id="283" title="Principles of Program Analysis" total_pages="452" rating="3.87" isbn="9783540000000"
           published_date="2004-12-10" publisher_id="199"/>
    <books book_id="284" title="Term Rewriting and All That" total_pages="316" rating="4.11" isbn="9780520000000"
           published_date="2006-07-31" publisher_id="34"/>
    <books book_id="285" title="Java Examples in a Nutshell: A Companion Volume to Java in a Nutshell" total_pages="397"
           rating="3.47" isbn="9781570000000" published_date="1997-09-08" publisher_id="1"/>
    <books book_id="286" title="Database in Depth: Relational Theory for Practitioners" total_pages="232" rating="3.96"
           isbn="9780600000000" published_date="2005-05-15" publisher_id="1"/>
    <books book_id="287" title="Communication and Concurrency" total_pages="300" rating="4.73" isbn="9780130000000"
           published_date="1995-12-01" publisher_id="169"/>
    <books book_id="288" title="ERLANG Programming" total_pages="496" rating="4.09" isbn="9780600000000"
           published_date="2009-06-26" publisher_id="1"/>
    <books book_id="289" title="Data Compression Book" total_pages="576" rating="3.93" isbn="9781560000000"
           published_date="1995-12-14" publisher_id="232"/>
    <books book_id="290" title="Blown to Bits: Your Life, Liberty, and Happiness After the Digital Explosion"
           total_pages="366" rating="3.63" isbn="9780140000000" published_date="2008-06-01" publisher_id="5"/>
    <books book_id="291" title="Programming Languages: Design and Implementation" total_pages="672" rating="3.91"
           isbn="9780130000000" published_date="2000-09-07" publisher_id="157"/>
    <books book_id="292" title="The Art of Assembly Language" total_pages="928" rating="3.70" isbn="9781890000000"
           published_date="2003-09-08" publisher_id="139"/>
    <books book_id="293" title="Introduction to Parallel Computing" total_pages="656" rating="3.39" isbn="9780200000000"
           published_date="2003-01-26" publisher_id="157"/>
    <books book_id="294" title="Introduction to Computational Genomics" total_pages="182" rating="4.00"
           isbn="9780520000000" published_date="2007-02-01" publisher_id="34"/>
    <books book_id="295" title="Problem Solving with C++: The Object of Programming" total_pages="800" rating="3.72"
           isbn="9780810000000" published_date="1996-01-01" publisher_id="5"/>
    <books book_id="296" title="Ship It," total_pages="200" rating="3.75" isbn="9780970000000"
           published_date="2005-06-08" publisher_id="167"/>
    <books book_id="297" title="Cloud Application Architectures: Building Applications and Infrastructure in the Cloud"
           total_pages="208" rating="3.07" isbn="9780600000000" published_date="2009-04-10" publisher_id="1"/>
    <books book_id="298" title="Common LISP: The Language" total_pages="1029" rating="4.26" isbn="9781560000000"
           published_date="1984-06-29" publisher_id="64"/>
    <books book_id="299" title="C++: The Complete Reference" total_pages="1056" rating="4.04" isbn="9780070000000"
           published_date="2002-12-10" publisher_id="119"/>
    <books book_id="300" title="Revolution in The Valley: The Insanely Great Story of How the Mac Was Made"
           total_pages="291" rating="4.17" isbn="9780600000000" published_date="2004-12-16" publisher_id="1"/>
    <books book_id="301" title="Introduction to Computer Theory" total_pages="648" rating="3.89" isbn="9780470000000"
           published_date="1996-10-25" publisher_id="232"/>
    <books book_id="302" title="Network Security Essentials: Applications and Standards" total_pages="413" rating="3.81"
           isbn="9780130000000" published_date="2006-07-01" publisher_id="169"/>
    <books book_id="303" title="The Formal Semantics of Programming Languages: An Introduction" total_pages="384"
           rating="3.68" isbn="9780260000000" published_date="1993-02-05" publisher_id="129"/>
    <books book_id="304" title="Java Performance" total_pages="720" rating="4.11"/>
    <books book_id="305" title="C++ from the Ground Up" total_pages="624" rating="4.02" isbn="9780070000000"
           published_date="2003-04-09" publisher_id="119"/>
    <books book_id="306" title="Lionsi?1 Commentary on UNIX 6th Edition with Source Code" total_pages="254"
           rating="4.38" isbn="9781570000000" published_date="1996-01-01" publisher_id="159"/>
    <books book_id="307" title="Beyond Fear: Thinking Sensibly about Security in an Uncertain World" total_pages="296"
           rating="4.00" isbn="9780390000000" published_date="2006-05-04" publisher_id="46"/>
    <books book_id="308" title="Communication Networks: Fundamental Concepts and Key Architectures" total_pages="928"
           rating="4.17" isbn="639786000000" published_date="2003-07-16" publisher_id="119"/>
    <books book_id="309" title="Computability: An Introduction to Recursive Function Theory" total_pages="264"
           rating="3.76" isbn="9780520000000" published_date="1980-06-19" publisher_id="34"/>
    <books book_id="310" title="Logik fA1r Informatiker" total_pages="200" rating="3.23" isbn="9783830000000"
           published_date="2000-01-01" publisher_id="199"/>
    <books book_id="311" title="Fluid Concepts and Creative Analogies" total_pages="528" rating="3.98"
           isbn="9780470000000" published_date="1996-03-22" publisher_id="24"/>
    <books book_id="312" title="Core Java 2, Volume I--Fundamentals (Core Series)" total_pages="784" rating="3.83"
           isbn="9780130000000" published_date="2004-08-27" publisher_id="169"/>
    <books book_id="313" title="VI Editor Pocket Reference (Pocket Reference" total_pages="80" rating="4.02"
           isbn="9781570000000" published_date="1999-01-25" publisher_id="1"/>
    <books book_id="314" title="Practical UNIX &amp; Internet Security" total_pages="1004" rating="3.86"
           isbn="9781570000000" published_date="1996-04-08" publisher_id="1"/>
    <books book_id="315" title="An Introduction to Bioinformatics Algorithms" total_pages="456" rating="3.78"
           isbn="9780260000000" published_date="2004-08-06" publisher_id="129"/>
    <books book_id="316" title="Eniac: The Triumphs and Tragedies of the World&apos;s First Computer" total_pages="262"
           rating="3.78" isbn="9780430000000" published_date="2001-02-01" publisher_id="25"/>
    <books book_id="317" title="No Tech Hacking: A Guide to Social Engineering, Dumpster Diving, and Shoulder Surfing"
           total_pages="285" rating="4.00" isbn="9781600000000" published_date="2008-02-01" publisher_id="203"/>
    <books book_id="318"
           title="The Google Story: Inside the Hottest Business, Media, and Technology Success of Our Time"
           total_pages="336" rating="3.84" isbn="9780550000000" published_date="2008-09-23" publisher_id="62"/>
    <books book_id="319" title="Quality Software Management: Systems Thinking" total_pages="336" rating="4.26"
           isbn="9780930000000" published_date="1992-01-01" publisher_id="65"/>
    <books book_id="320" title="The Standard C Library" total_pages="512" rating="4.12" isbn="9780130000000"
           published_date="1991-07-11" publisher_id="169"/>
    <books book_id="321" title="Beginning Linux Programming" total_pages="848" rating="3.78" isbn="9780760000000"
           published_date="2004-01-02" publisher_id="232"/>
    <books book_id="322" title="Ruminations on C++: A Decade of Programming Insight and Experience" total_pages="400"
           rating="3.91" isbn="9780200000000" published_date="1996-08-17" publisher_id="5"/>
    <books book_id="323" title="The Hundred-Page Machine Learning Book" rating="4.64"/>
    <books book_id="324" title="Starting Out with C++: From Control Structures Through Objects" total_pages="1248"
           rating="3.90" isbn="9780130000000" published_date="2011-03-07" publisher_id="157"/>
    <books book_id="325" title="Building Machine Learning Systems with Python" total_pages="350" rating="3.86"
           isbn="9781780000000" published_date="2013-09-30" publisher_id="152"/>
    <books book_id="326" title="Core J2EE Patterns: Best Practices and Design Strategies" total_pages="528"
           rating="3.41" isbn="9780130000000" published_date="2003-06-20" publisher_id="169"/>
    <books book_id="327" title="Java Generics and Collections: Speed Up the Java Development Process" total_pages="286"
           rating="3.94" isbn="9780600000000" published_date="2006-10-24" publisher_id="1"/>
    <books book_id="328" title="UNIX Network Programming, Volume 2: Interprocess Communications" total_pages="592"
           rating="4.35" isbn="9780130000000" published_date="1998-09-04" publisher_id="169"/>
    <books book_id="329"
           title="Pattern-Oriented Software Architecture Volume 2: Patterns for Concurrent and Networked Objects"
           total_pages="666" rating="3.65" isbn="9780470000000" published_date="2000-10-03" publisher_id="232"/>
    <books book_id="330" title="Computer: A History of the Information Machine" total_pages="376" rating="4.11"
           isbn="9780810000000" published_date="2013-07-30" publisher_id="230"/>
    <books book_id="331" title="A Programmer&apos;s Introduction to Mathematics" total_pages="378" rating="3.83"
           isbn="9781730000000" published_date="2018-11-27" publisher_id="52"/>
    <books book_id="332" title="Programming Languages: Principles and Practice" total_pages="720" rating="3.12"
           isbn="9780530000000" published_date="2002-07-16" publisher_id="48"/>
    <books book_id="333" title="Machine Learning in Action" total_pages="384" rating="3.74" isbn="9781620000000"
           published_date="2012-04-16" publisher_id="111"/>
    <books book_id="334" title="What is DevOps?" total_pages="18" rating="3.53" published_date="2012-06-11"
           publisher_id="1"/>
    <books book_id="335" title="Let Us C" total_pages="746" rating="4.12" isbn="9788180000000"
           published_date="2004-03-22" publisher_id="31"/>
    <books book_id="336" title="Working with UNIX Processes" total_pages="148" rating="4.06"
           published_date="2012-01-01"/>
    <books book_id="337" title="Computability and Unsolvability" total_pages="288" rating="3.87" isbn="9780490000000"
           published_date="1985-12-01" publisher_id="68"/>
    <books book_id="338" title="File Structures: An Object-Oriented Approach with C++" total_pages="724" rating="3.89"
           isbn="9780200000000" published_date="1997-12-16" publisher_id="5"/>
    <books book_id="339" title="Mathematical Logic for Computer Science" total_pages="354" rating="3.77"
           isbn="9781850000000" published_date="2011-11-22" publisher_id="199"/>
    <books book_id="340" title="Operating System Concepts Essentials" total_pages="725" rating="3.76"
           isbn="9780470000000" published_date="2010-11-23" publisher_id="100"/>
    <books book_id="341" title="Python Programming for the Absolute Beginner" total_pages="472" rating="3.89"
           isbn="9781600000000" published_date="2005-11-08" publisher_id="48"/>
    <books book_id="342" title="Algorithms of the Intelligent Web" total_pages="368" rating="3.61" isbn="9781930000000"
           published_date="2009-07-05" publisher_id="111"/>
    <books book_id="343" title="Making Software: What Really Works, and Why We Believe It" total_pages="624"
           rating="3.48" isbn="9780600000000" published_date="2010-10-27" publisher_id="1"/>
    <books book_id="344" title="Operating System Concepts with Java" total_pages="1020" rating="3.74"
           isbn="9780470000000" published_date="2009-11-01" publisher_id="232"/>
    <books book_id="345" title="An Introduction to Kolmogorov Complexity and Its Applications" total_pages="637"
           rating="3.96" isbn="9780390000000" published_date="1997-02-27" publisher_id="199"/>
    <books book_id="346" title="Responsive Web Design" total_pages="150" rating="4.16" published_date="2011-06-07"
           publisher_id="2"/>
    <books book_id="347" title="The Hacker Ethic: A Radical Approach to the Philosophy of Business" total_pages="256"
           rating="3.71" isbn="9780380000000" published_date="2002-02-12" publisher_id="181"/>
    <books book_id="348" title="Invent Your Own Computer Games with Python" total_pages="438" rating="4.05"
           isbn="9780980000000" published_date="2010-05-01" publisher_id="10"/>
    <books book_id="349" title="Machine Learning: An Algorithmic Perspective" total_pages="390" rating="3.64"
           isbn="9781420000000" published_date="2009-04-01" publisher_id="41"/>
    <books book_id="350" title="DSLs in Action" total_pages="376" rating="3.49" isbn="9781940000000"
           published_date="2011-01-04" publisher_id="111"/>
    <books book_id="351" title="Real Digital Forensics: Computer Security and Incident Response" total_pages="688"
           rating="4.13" published_date="2005-09-23" publisher_id="5"/>
    <books book_id="352" title="Game Coding Complete" total_pages="928" rating="4.01" isbn="9781930000000"
           published_date="2003-06-15" publisher_id="155"/>
    <books book_id="353" title="Principles of Programming Languages: Design, Evaluation, and Implementation"
           total_pages="528" rating="3.70" isbn="9780200000000" published_date="1999-03-25" publisher_id="150"/>
    <books book_id="354" title="Discrete and Combinatorial Mathematics" total_pages="800" rating="3.62"
           isbn="9780200000000" published_date="2003-07-27" publisher_id="157"/>
    <books book_id="355" title="Object-Oriented Software Engineering: Using UML, Patterns and Java" total_pages="762"
           rating="3.68" isbn="9780130000000" published_date="2003-09-25" publisher_id="169"/>
    <books book_id="356" title="The Art of Doing Science and Engineering: Learning to Learn" total_pages="376"
           rating="4.28" isbn="9789060000000" published_date="1997-10-28" publisher_id="50"/>
    <books book_id="357" title="Numerical Recipes: The Art of Scientific Computing" total_pages="1235" rating="4.23"
           isbn="9780520000000" published_date="2007-10-01" publisher_id="34"/>
    <books book_id="358" title="Worm: The First Digital World War" total_pages="233" rating="3.55" isbn="9780800000000"
           published_date="2011-09-27" publisher_id="17"/>
    <books book_id="359" title="CSS Mastery: Advanced Web Standards Solutions" total_pages="255" rating="4.11"
           isbn="9781590000000" published_date="2006-02-01" publisher_id="80"/>
    <books book_id="360" title="Unlocking the Clubhouse: Women in Computing" total_pages="184" rating="4.18"
           isbn="9780260000000" published_date="2003-02-28" publisher_id="129"/>
    <books book_id="361"
           title="D Is for Digital: What a Well-Informed Person Should Know about Computers and Communications"
           total_pages="238" rating="4.22" isbn="9781460000000" published_date="2011-09-23" publisher_id="52"/>
    <books book_id="362" title="A Practical Guide to Linux Commands, Editors, and Shell Programming" total_pages="1008"
           rating="4.00" isbn="9780130000000" published_date="2005-07-01" publisher_id="169"/>
    <books book_id="363" title="Introduction to Evolutionary Computing" total_pages="300" rating="4.03"
           isbn="9783540000000" published_date="2007-08-06" publisher_id="199"/>
    <books book_id="364" title="Wikinomics: How Mass Collaboration Changes Everything" total_pages="324" rating="3.72"
           isbn="9781590000000" published_date="2006-12-12" publisher_id="160"/>
    <books book_id="365" title="Software Craftsmanship: The New Imperative" total_pages="182" rating="3.92"
           isbn="9780200000000" published_date="2001-09-02" publisher_id="5"/>
    <books book_id="366" title="Head First HTML with CSS &amp; XHTML" total_pages="702" rating="4.14"
           isbn="9780600000000" published_date="2005-12-01" publisher_id="1"/>
    <books book_id="367" title="Webmaster in a Nutshell" total_pages="537" rating="3.65" isbn="9781570000000"
           published_date="1999-06-11" publisher_id="1"/>
    <books book_id="368" title="A Gift of Fire: Social, Legal, and Ethical Issues for Computers and the Internet"
           total_pages="464" rating="3.33" isbn="9780130000000" published_date="2002-06-05" publisher_id="169"/>
    <books book_id="369" title="Perl Pocket Reference" total_pages="96" rating="4.22" isbn="9780600000000"
           published_date="2002-07-29" publisher_id="1"/>
    <books book_id="370" title="More Exceptional C++: 40 New Engineering Puzzles, Programming Problems, and Solutions"
           total_pages="304" rating="4.20" isbn="9780200000000" published_date="2001-12-17" publisher_id="5"/>
    <books book_id="371" title="Real-Time Collision Detection (The Morgan Kaufmann Series in Interactive 3d Technology)"
           total_pages="632" rating="4.45" isbn="9781560000000" published_date="2004-12-22" publisher_id="50"/>
    <books book_id="372" title="Clever Algorithms: Nature-Inspired Programming Recipes" total_pages="436" rating="3.73"
           published_date="2011-01-22" publisher_id="107"/>
    <books book_id="373" title="Learning OpenCV: Computer Vision with the OpenCV Library" total_pages="580"
           rating="4.01" isbn="9780600000000" published_date="2008-10-01" publisher_id="1"/>
    <books book_id="374"
           title="Grace Hopper and the Invention of the Information Age (Lemelson Center Studies in Invention and Innovation series)"
           total_pages="408" rating="3.83" isbn="9780260000000" published_date="2009-07-10" publisher_id="204"/>
    <books book_id="375" title="Deep Thinking: Where Machine Intelligence Ends and Human Creativity Begins"
           rating="3.94" isbn="9781480000000" published_date="2017-05-02" publisher_id="175"/>
    <books book_id="376" title="Deep Learning: A Practitioner&apos;s Approach" total_pages="200" rating="3.71"
           isbn="9781490000000" published_date="2015-08-15" publisher_id="1"/>
    <books book_id="377" title="Professor Frisby&apos;s Mostly Adequate Guide to Functional Programming"
           total_pages="115" rating="4.36"/>
    <books book_id="378" title="Turing&apos;s Vision: The Birth of Computer Science" total_pages="208" rating="4.29"
           isbn="9780260000000" published_date="2016-05-13" publisher_id="129"/>
    <books book_id="379" title="Mathematical Elements for Computer Graphics" total_pages="611" rating="4.02"
           isbn="9780070000000" published_date="1989-08-01" publisher_id="119"/>
    <books book_id="380" title="Chaos: Making a New Science" total_pages="352" rating="3.99" isbn="9780140000000"
           published_date="1988-12-01" publisher_id="160"/>
    <books book_id="381" title="Operating Systems: Internals and Design Principles" total_pages="818" rating="3.65"
           isbn="9780130000000" published_date="2005-02-14" publisher_id="169"/>
    <books book_id="382" title="Working Effectively with Unit Tests" total_pages="204" rating="4.04"
           published_date="2014-06-29" publisher_id="105"/>
    <books book_id="383" title="Best Practices of Spell Design" total_pages="140" rating="3.84" isbn="9781480000000"
           published_date="2013-01-21" publisher_id="52"/>
    <books book_id="384" title="Mathematical Structures for Computer Science" total_pages="784" rating="3.98"
           isbn="9780720000000" published_date="2006-07-07" publisher_id="222"/>
    <books book_id="385" title="BDD in Action: Behavior-driven development for the whole software lifecycle"
           total_pages="384" rating="4.09" isbn="9781620000000" published_date="2014-10-12" publisher_id="111"/>
    <books book_id="386"
           title="The Business Blockchain: Promise, Practice, and Application of the Next Internet Technology"
           total_pages="208" rating="3.49" isbn="9781120000000" published_date="2016-04-26" publisher_id="232"/>
    <books book_id="387" title="Basic Proof Theory" total_pages="355" rating="3.83" isbn="9780520000000"
           published_date="1996-09-13" publisher_id="34"/>
    <books book_id="388" title="Patterns Principles and Practices of Domain Driven Design" total_pages="736"
           rating="4.29" published_date="2015-03-22" publisher_id="228"/>
    <books book_id="389" title="The Princeton Companion to Mathematics" total_pages="1034" rating="4.39"
           isbn="9780690000000" published_date="2008-09-28" publisher_id="174"/>
    <books book_id="390" title="Docker: Up &amp; Running: Shipping Reliable Containers in Production" total_pages="230"
           rating="3.76" isbn="9781490000000" published_date="2015-06-09" publisher_id="1"/>
    <books book_id="391" title="Introduction to 64 Bit Intel Assembly Language Programming for Linux: Second Edition"
           total_pages="310" rating="3.86" published_date="2012-07-02"/>
    <books book_id="392" title="Pragmatic Unit Testing in Java 8 with Junit" total_pages="200" rating="3.77"
           isbn="9781940000000" published_date="2015-03-19" publisher_id="167"/>
    <books book_id="393" title="Modern Processor Design: Fundamentals of Superscalar Processors" total_pages="642"
           rating="4.25" isbn="9781480000000" published_date="2013-08-12" publisher_id="228"/>
    <books book_id="394" title="Visualize This: The FlowingData Guide to Design, Visualization, and Statistics"
           total_pages="358" rating="3.88" isbn="9780470000000" published_date="2011-07-20" publisher_id="232"/>
    <books book_id="395" title="Data Structures Using C and C++" total_pages="672" rating="4.21" isbn="9780130000000"
           published_date="1995-12-29" publisher_id="157"/>
    <books book_id="396" title="How to Think About Algorithms" total_pages="472" rating="3.87"
           published_date="2008-05-19" publisher_id="34"/>
    <books book_id="397" title="Operating Systems: Principles and Practice" total_pages="674" rating="4.10"
           isbn="9780990000000" published_date="2012-07-17" publisher_id="182"/>
    <books book_id="398" title="Complex Adaptive Systems: An Introduction to Computational Models of Social Life"
           total_pages="263" rating="3.95" isbn="9780690000000" published_date="2007-03-01" publisher_id="174"/>
    <books book_id="399" title="Exercises in Programming Style" total_pages="304" rating="4.39" isbn="9781480000000"
           published_date="2014-06-16" publisher_id="50"/>
    <books book_id="400" title="An Introduction to Parallel Programming" total_pages="370" rating="3.78"
           isbn="9780120000000" published_date="2011-01-21" publisher_id="133"/>
    <books book_id="401" title="SSH Mastery: OpenSSH, PuTTY, Tunnels and Keys" total_pages="150" rating="4.16"
           published_date="2012-01-18" publisher_id="211"/>
    <books book_id="402" title="How to Break Software: A Practical Guide to Testing" total_pages="208" rating="3.66"
           published_date="2002-05-09" publisher_id="5"/>
    <books book_id="403" title="Taming Text" total_pages="322" rating="3.81" isbn="9781930000000"
           published_date="2013-01-21" publisher_id="111"/>
    <books book_id="404" title="Write Great Code: Volume 2: Thinking Low-Level, Writing High-Level" total_pages="640"
           rating="4.05" isbn="9781590000000" published_date="2006-03-18" publisher_id="139"/>
    <books book_id="405" title="Core Java, Volume II--Advanced Features" total_pages="1002" rating="3.96"
           isbn="9780130000000"/>
    <books book_id="406" title="Adrenaline Junkies and Template Zombies: Understanding Patterns of Project Behavior"
           total_pages="238" rating="3.95" isbn="9780930000000" published_date="2008-03-01" publisher_id="65"/>
    <books book_id="407"
           title="The Art of Memory Forensics: Detecting Malware and Threats in Windows, Linux, and Mac Memory"
           total_pages="912" rating="4.38" isbn="9781120000000" published_date="2014-07-28" publisher_id="232"/>
    <books book_id="408" title="Testing Computer Software" total_pages="480" rating="3.88" isbn="9780470000000"
           published_date="1999-04-26" publisher_id="232"/>
    <books book_id="409" title="Beginning Java EE 7" total_pages="603" rating="3.95" published_date="2013-06-26"
           publisher_id="14"/>
    <books book_id="410" title="Web Operations: Keeping the Data on Time" total_pages="315" rating="4.11"
           isbn="9781450000000" published_date="2010-07-01" publisher_id="1"/>
    <books book_id="411" title="Object Design: Roles, Responsibilities, and Collaborations" total_pages="416"
           rating="3.70" isbn="785342000000" published_date="2002-11-18" publisher_id="5"/>
    <books book_id="412" title="Bash Cookbook: Solutions and Examples for Bash Users" total_pages="630" rating="3.90"
           isbn="9780600000000" published_date="2007-05-31" publisher_id="1"/>
    <books book_id="413" title="RabbitMQ in Action" total_pages="312" rating="3.94" isbn="9781940000000"
           published_date="2012-05-01" publisher_id="111"/>
    <books book_id="414" title="How the Mind Works" total_pages="660" rating="3.97" isbn="9780390000000"
           published_date="1999-01-17" publisher_id="223"/>
    <books book_id="415" title="Pro C# 5.0 and the .Net 4.5 Framework" total_pages="1560" rating="4.26"
           isbn="9781430000000" published_date="2012-08-27" publisher_id="14"/>
    <books book_id="417"
           title="Service Design Patterns: Fundamental Design Solutions for SOAP/WSDL and RESTful Web Services"
           total_pages="321" rating="3.71" isbn="9780320000000" published_date="2011-10-28" publisher_id="5"/>
    <books book_id="418" title="Linux Command Line and Shell Scripting Bible" total_pages="809" rating="4.12"
           isbn="9780470000000" published_date="2008-06-01" publisher_id="100"/>
    <books book_id="419" title="The Art of R Programming: A Tour of Statistical Software Design" total_pages="400"
           rating="4.08" isbn="9781590000000" published_date="2011-10-12" publisher_id="139"/>
    <books book_id="420" title="Computer Security: Principles and Practice" total_pages="798" rating="3.74"
           isbn="9780140000000" published_date="2008-07-01" publisher_id="158"/>
    <books book_id="421" title="C# 5.0 in a Nutshell: The Definitive Reference" total_pages="1064" rating="4.30"
           isbn="9781450000000" published_date="2012-06-26" publisher_id="1"/>
    <books book_id="422" title="An Introduction to Programming in Go" total_pages="161" rating="3.77"
           published_date="2012-09-03" publisher_id="53"/>
    <books book_id="423" title="Principles of Model Checking" total_pages="975" rating="3.72" isbn="9780260000000"
           published_date="2008-05-01" publisher_id="129"/>
    <books book_id="424" title="Essential System Administration" total_pages="788" rating="3.84" isbn="9781570000000"
           published_date="1995-09-08" publisher_id="1"/>
    <books book_id="425"
           title="MapReduce Design Patterns: Building Effective Algorithms and Analytics for Hadoop and Other Systems"
           total_pages="230" rating="3.91" isbn="9781450000000" published_date="2012-12-22" publisher_id="1"/>
    <books book_id="426" title="Real World OCaml: Functional programming for the masses" total_pages="510" rating="4.23"
           isbn="9781450000000" published_date="2013-11-22" publisher_id="1"/>
    <books book_id="427" title="The Latex Companion" total_pages="1120" rating="4.03" isbn="9780200000000"
           published_date="2004-05-02" publisher_id="5"/>
    <books book_id="428" title="The Definitive Guide to Django: Web Development Done Right" total_pages="447"
           rating="3.86" isbn="9781590000000" published_date="2007-12-01" publisher_id="14"/>
    <books book_id="429" title="Succeeding with Agile: Software Development Using Scrum" total_pages="475" rating="4.00"
           isbn="9780320000000" published_date="2009-10-01" publisher_id="5"/>
    <books book_id="430" title="Type Theory And Functional Programming" total_pages="372" rating="4.20"
           isbn="9780200000000" published_date="1991-08-01" publisher_id="5"/>
    <books book_id="431" title="CSS: The Missing Manual" total_pages="560" rating="4.12" isbn="9780600000000"
           published_date="2009-09-01" publisher_id="1"/>
    <books book_id="432" title="Semantics of Programming Languages: Structures and Techniques" rating="3.44"
           isbn="9780260000000" published_date="1992-09-14" publisher_id="129"/>
    <books book_id="433" title="What Computers Still Can&apos;t Do: A Critique of Artificial Reason" total_pages="408"
           rating="4.12" isbn="9780260000000" published_date="1992-10-30" publisher_id="129"/>
    <books book_id="434" title="The Recursive Universe: Cosmic Complexity and the Limits of Scientific Knowledge"
           total_pages="252" rating="3.95" isbn="9780810000000" published_date="1985-10-01" publisher_id="119"/>
    <books book_id="435" title="ML for the Working Programmer" total_pages="500" rating="3.76" isbn="9780520000000"
           published_date="1996-06-28" publisher_id="34"/>
    <books book_id="436" title="Designing With Web Standards" total_pages="456" rating="4.09" isbn="9780740000000"
           published_date="2003-05-14" publisher_id="136"/>
    <books book_id="437" title="Languages and Machines: An Introduction to the Theory of Computer Science"
           total_pages="654" rating="3.56" isbn="9780320000000" published_date="2005-02-24" publisher_id="157"/>
    <books book_id="438" title="Object-Oriented Design Heuristics" total_pages="379" rating="4.18" isbn="9780200000000"
           published_date="1996-04-30" publisher_id="5"/>
    <books book_id="439" title="802.11 Wireless Networks: The Definitive Guide" total_pages="672" rating="3.64"
           isbn="9780600000000" published_date="2005-05-02" publisher_id="1"/>
    <books book_id="440" title="Object-Oriented JavaScript" total_pages="337" rating="4.16" isbn="9781850000000"
           published_date="2008-07-24" publisher_id="152"/>
    <books book_id="441" title="Programming in Objective-C 2.0" total_pages="600" rating="3.85" isbn="9780320000000"
           published_date="2008-11-01" publisher_id="5"/>
    <books book_id="442" title="Little Brother" total_pages="382" rating="3.93" isbn="9780770000000"
           published_date="2008-04-29" publisher_id="212"/>
    <books book_id="443" title="Physics for Game Developers" total_pages="344" rating="3.47" isbn="9780600000000"
           published_date="2001-11-23" publisher_id="1"/>
    <books book_id="444" title="Network Algorithmics: An Interdisciplinary Approach to Designing Fast Networked Devices"
           total_pages="496" rating="4.30" isbn="9780120000000" published_date="2004-12-01" publisher_id="133"/>
    <books book_id="445" title="Google&apos;s Pagerank and Beyond: The Science of Search Engine Rankings"
           total_pages="224" rating="3.70" isbn="9780690000000" published_date="2006-05-01" publisher_id="174"/>
    <books book_id="446" title="Approximation Algorithms" total_pages="380" rating="4.19" isbn="9783540000000"
           published_date="2002-12-05" publisher_id="199"/>
    <books book_id="447"
           title="Software Systems Architecture: Working with Stakeholders Using Viewpoints and Perspectives"
           total_pages="576" rating="4.07" isbn="9780320000000" published_date="2005-04-01" publisher_id="5"/>
    <books book_id="448" title="Operating System Principles" total_pages="366" rating="3.78" isbn="9780140000000"
           published_date="1973-01-01" publisher_id="169"/>
    <books book_id="449" title="Writing Efficient Programs" total_pages="170" rating="4.00" isbn="9780140000000"
           published_date="1982-01-01" publisher_id="169"/>
    <books book_id="450" title="HTTP: The Definitive Guide" total_pages="656" rating="4.14" isbn="9781570000000"
           published_date="2002-10-07" publisher_id="1"/>
    <books book_id="451" title="Rebel Code: Linux and the Open Source Revolution" total_pages="344" rating="3.90"
           isbn="9780740000000" published_date="2002-07-11" publisher_id="24"/>
    <books book_id="452" title="Computers &amp; Typesetting, Volume A: The TeXBook" total_pages="483" rating="4.32"
           isbn="9780200000000" published_date="1986-01-11" publisher_id="5"/>
    <books book_id="453" title="SQL Pocket Guide" total_pages="184" rating="3.90" isbn="9780600000000"
           published_date="2006-04-27" publisher_id="1"/>
    <books book_id="454" title="Linux Device Drivers" total_pages="615" rating="4.08" isbn="9780600000000"
           published_date="2005-02-17" publisher_id="1"/>
    <books book_id="455" title="JavaScript Bible" total_pages="1236" rating="3.70" isbn="9780760000000"
           published_date="2004-03-22" publisher_id="232"/>
    <books book_id="456" title="Computer Algorithms: Introduction to Design and Analysis" total_pages="600"
           rating="3.53" isbn="9780200000000" published_date="1988-01-01" publisher_id="5"/>
    <books book_id="457" title="Object-Oriented Software Engineering" total_pages="552" rating="3.79"
           isbn="785343000000" published_date="1992-07-01" publisher_id="5"/>
    <books book_id="458" title="Pattern-Oriented Software Architecture Volume 1: A System of Patterns" total_pages="476"
           rating="3.85" isbn="9780470000000" published_date="1996-08-16" publisher_id="232"/>
    <books book_id="459" title="Large-Scale C++ Software Design" total_pages="896" rating="3.90" isbn="9780200000000"
           published_date="1996-07-20" publisher_id="5"/>
    <books book_id="460" title="Documenting Software Architectures: Views and Beyond" total_pages="560" rating="3.69"
           isbn="9780200000000" published_date="2002-10-06" publisher_id="5"/>
    <books book_id="461" title="Pattern Hatching: Design Patterns Applied" total_pages="160" rating="3.73"
           isbn="9780200000000" published_date="1998-07-02" publisher_id="5"/>
    <books book_id="462" title="Serious Cryptography: A Practical Introduction to Modern Encryption" total_pages="312"
           rating="4.25" published_date="2017-11-21" publisher_id="139"/>
    <books book_id="463" title="Python Tricks" total_pages="304" rating="4.40" isbn="9781780000000"
           published_date="2017-10-25" publisher_id="61"/>
    <books book_id="464" title="Beyond Software Architecture: Creating and Sustaining Winning Solutions"
           total_pages="352" rating="3.72" isbn="9780200000000" published_date="2003-02-09" publisher_id="5"/>
    <books book_id="465" title="The Site Reliability Workbook: Practical Ways to Implement SRE" total_pages="512"
           rating="4.29" isbn="9781490000000" published_date="2018-08-04" publisher_id="1"/>
    <books book_id="466" title="Kubernetes: Up &amp; Running" total_pages="202" rating="3.99" isbn="9781490000000"
           published_date="2016-01-31" publisher_id="1"/>
    <books book_id="467" title="Hit Refresh" total_pages="273" rating="3.77" isbn="9780060000000"
           published_date="2017-11-15" publisher_id="88"/>
    <books book_id="468"
           title="Fundamentals of Deep Learning: Designing Next-Generation Artificial Intelligence Algorithms"
           total_pages="298" rating="3.90" isbn="9781490000000" published_date="2015-07-22" publisher_id="1"/>
    <books book_id="469" title="Homo Deus: A Brief History of Tomorrow" total_pages="450" rating="4.29"
           published_date="2017-02-21" publisher_id="88"/>
    <books book_id="470"
           title="From Counterculture to Cyberculture: Stewart Brand, the Whole Earth Network, and the Rise of Digital Utopianism"
           total_pages="327" rating="3.97" isbn="9780230000000" published_date="2006-09-23" publisher_id="216"/>
    <books book_id="471"
           title="Practical Reverse Engineering: x86, x64, ARM, Windows Kernel, Reversing Tools, and Obfuscation"
           total_pages="355" rating="3.88" isbn="9781120000000" published_date="2014-02-17" publisher_id="232"/>
    <books book_id="472" title="Storytelling with Data: A Data Visualization Guide for Business Professionals"
           total_pages="288" rating="4.37" isbn="9781120000000" published_date="2015-11-02" publisher_id="232"/>
    <books book_id="473" title="Overcomplicated: Technology at the Limits of Comprehension" total_pages="240"
           rating="3.38" isbn="9781590000000" published_date="2016-07-19" publisher_id="60"/>
    <books book_id="474" title="Node.Js the Right Way: Practical, Server-Side JavaScript That Scales" total_pages="148"
           rating="3.86" isbn="9781940000000" published_date="2013-12-05" publisher_id="167"/>
    <books book_id="475"
           title="Probably Approximately Correct: Nature&apos;s Algorithms for Learning and Prospering in a Complex World"
           total_pages="208" rating="3.62" isbn="9780470000000" published_date="2013-06-04" publisher_id="24"/>
    <books book_id="476" title="SmallTalk 80 Language: The Language and Its Implementation" total_pages="714"
           rating="4.68" isbn="9780200000000" published_date="1983-03-01" publisher_id="5"/>
    <books book_id="477" title="CSS: The Definitive Guide" total_pages="518" rating="3.99" isbn="9780600000000"
           published_date="2006-11-01" publisher_id="1"/>
    <books book_id="478"
           title="Universal Principles of Design: 100 Ways to Enhance Usability, Influence Perception, Increase Appeal, Make Better Design Decisions, and Teach Through Design"
           total_pages="216" rating="4.13" isbn="9781590000000" published_date="2003-10-01" publisher_id="183"/>
    <books book_id="479" title="Lean from the Trenches" total_pages="176" rating="4.20" isbn="9781930000000"
           published_date="2011-12-21" publisher_id="167"/>
    <books book_id="480"
           title="Genetic Programming: An Introduction On The Automatic Evolution Of Computer Programs And Its Applications"
           rating="3.82" isbn="9781560000000"/>
    <books book_id="481" title="Graphics Programming Black Book Special Edition" total_pages="1200" rating="4.48"
           isbn="9781580000000" published_date="1997-09-01" publisher_id="47"/>
    <books book_id="482" title="Linux System Programming: Talking Directly to the Kernel and C Library"
           total_pages="429" rating="4.20" isbn="9781450000000" published_date="2013-06-05" publisher_id="1"/>
    <books book_id="483" title="How to Solve It by Computer" total_pages="442" rating="4.12" isbn="9780130000000"
           published_date="1982-07-01" publisher_id="169"/>
    <books book_id="484" title="The Grammar of Graphics" total_pages="691" rating="4.20" isbn="9780390000000"
           published_date="2005-06-01" publisher_id="199"/>
    <books book_id="485" title="Effective C#: 50 Specific Ways to Improve Your C#" total_pages="307" rating="4.01"
           isbn="9780320000000" published_date="2004-12-13" publisher_id="5"/>
    <books book_id="486" title="Slack: Getting Past Burnout, Busywork, and the Myth of Total Efficiency"
           total_pages="256" rating="4.01" isbn="9780770000000" published_date="2002-04-09" publisher_id="57"/>
    <books book_id="487"
           title="Software Requirements: Practical Techniques for Gathering and Managing Requirements Throughout the Product Development Cycle"
           total_pages="516" rating="3.97" isbn="9780740000000" published_date="2003-03-08" publisher_id="128"/>
    <books book_id="488" title="Collective Intelligence in Action" total_pages="425" rating="3.74" isbn="9781930000000"
           published_date="2008-11-04" publisher_id="111"/>
    <books book_id="489" title="The Hacker Crackdown: Law and Disorder on the Electronic Frontier" total_pages="336"
           rating="3.74" isbn="9780550000000" published_date="1993-11-01" publisher_id="21"/>
    <books book_id="490" title="The Art of SQL" total_pages="349" rating="3.92" isbn="9780600000000"
           published_date="2006-03-01" publisher_id="1"/>
    <books book_id="491" title="Algorithms in C, Part 5: Graph Algorithms" total_pages="512" rating="3.96"
           isbn="9780200000000" published_date="2001-08-26" publisher_id="5"/>
    <books book_id="492" title="Computability Theory" total_pages="420" rating="4.62" isbn="9781580000000"
           published_date="2003-11-17" publisher_id="50"/>
    <books book_id="493" title="Tmux: Productive Mouse-Free Development" total_pages="88" rating="3.92"
           isbn="9781930000000" published_date="2012-02-29" publisher_id="208"/>
    <books book_id="494"
           title="Linked: How Everything Is Connected to Everything Else and What It Means for Business, Science, and Everyday Life"
           total_pages="304" rating="3.93" isbn="9780450000000" published_date="2003-04-29" publisher_id="164"/>
    <books book_id="495" title="The AWK Programming Language" total_pages="224" rating="4.25" isbn="9780200000000"
           published_date="1988-01-11" publisher_id="157"/>
    <books book_id="496" title="Inside the C++ Object Model" total_pages="304" rating="4.20" isbn="9780200000000"
           published_date="1996-05-13" publisher_id="5"/>
    <books book_id="497" title="Agile Testing: A Practical Guide for Testers and Agile Teams" total_pages="533"
           rating="3.83" isbn="9780320000000" published_date="2009-01-09" publisher_id="5"/>
    <books book_id="498" title="Clojure Programming" total_pages="630" rating="4.18" isbn="9781450000000"
           published_date="2012-04-19" publisher_id="1"/>
    <books book_id="499" title="Programming in Objective C" total_pages="556" rating="3.96" isbn="9780670000000"
           published_date="2003-12-08" publisher_id="96"/>
    <books book_id="500" title="Lambda-Calculus, Combinators and Functional Programming" total_pages="192" rating="3.00"
           isbn="9780520000000" published_date="2009-02-27" publisher_id="34"/>
    <books book_id="501" title="Causality: Models, Reasoning, and Inference" total_pages="400" rating="4.18"
           isbn="9780520000000" published_date="2000-03-13" publisher_id="34"/>
    <books book_id="502" title="Why Programs Fail: A Guide to Systematic Debugging" total_pages="400" rating="3.91"
           isbn="9780120000000" published_date="2009-06-01" publisher_id="133"/>
    <books book_id="503" title="The Best Software Writing I: Selected and Introduced by Joel Spolsky" total_pages="305"
           rating="3.84" isbn="9781590000000" published_date="2005-10-21" publisher_id="14"/>
    <books book_id="504" title="The Architecture of Open Source Applications, Volume II" total_pages="390" rating="4.05"
           isbn="9781110000000" published_date="2012-05-08" publisher_id="107"/>
    <books book_id="505" title="Head First HTML5 Programming" total_pages="610" rating="3.99" isbn="9781450000000"
           published_date="2011-10-18" publisher_id="1"/>
    <books book_id="506" title="Code Craft: The Practice of Writing Excellent Code" total_pages="610" rating="3.96"
           isbn="9781590000000" published_date="2006-12-21" publisher_id="139"/>
    <books book_id="507" title="High Performance MySQL: Optimization, Backups, Replication &amp; Load Balancing"
           total_pages="304" rating="4.24" isbn="9780600000000" published_date="2004-04-18" publisher_id="1"/>
    <books book_id="508" title="Web Form Design: Filling in the Blanks" total_pages="226" rating="4.04"
           isbn="9781930000000" published_date="2008-12-01" publisher_id="184"/>
    <books book_id="509" title="Antipatterns: Refactoring Software, Architectures, and Projects in Crisis"
           total_pages="336" rating="3.79" isbn="9780470000000" published_date="1998-04-03" publisher_id="232"/>
    <books book_id="510" title="Cassandra: The Definitive Guide" total_pages="330" rating="3.59" isbn="9781450000000"
           published_date="2010-11-29" publisher_id="1"/>
    <books book_id="511" title="Algorithms in C++" total_pages="672" rating="3.94" isbn="785343000000"
           published_date="1992-04-30" publisher_id="5"/>
    <books book_id="512" title="Agile Retrospectives: Making Good Teams Great" total_pages="170" rating="3.91"
           isbn="9780980000000" published_date="2006-08-02" publisher_id="167"/>
    <books book_id="513"
           title="The Art of Scalability: Scalable Web Architecture, Processes, and Organizations for the Modern Enterprise"
           total_pages="559" rating="3.96" isbn="9780140000000" published_date="2009-12-01" publisher_id="5"/>
    <books book_id="514" title="Core Python Programming" total_pages="1100" rating="3.86" isbn="9780130000000"
           published_date="2006-09-28" publisher_id="169"/>
    <books book_id="515" title="Algorithms in C, Parts 1-4: Fundamentals, Data Structures, Sorting, Searching"
           total_pages="720" rating="4.14" isbn="785342000000" published_date="1997-09-27" publisher_id="5"/>
    <books book_id="516" title="The Art of Computer Programming, Volume 4, Fascicles 0-4" total_pages="944"
           rating="5.00" isbn="9780320000000" published_date="2009-04-01" publisher_id="5"/>
    <books book_id="517" title="Concepts in Programming Languages" total_pages="540" rating="3.45" isbn="9780520000000"
           published_date="2010-07-23" publisher_id="34"/>
    <books book_id="518" title="Data and Computer Communications" total_pages="878" rating="3.87" isbn="9780130000000"
           published_date="2006-08-01" publisher_id="169"/>
    <books book_id="519" title="The Society of Mind" total_pages="336" rating="4.01" isbn="9780670000000"
           published_date="1988-03-15" publisher_id="190"/>
    <books book_id="520"
           title="The Emotion Machine: Commonsense Thinking, Artificial Intelligence, and the Future of the Human Mind"
           total_pages="400" rating="3.76" isbn="9780740000000" published_date="2006-11-07" publisher_id="190"/>
    <books book_id="521" title="Data Structures and Algorithms in C++" total_pages="528" rating="3.70"
           isbn="9780530000000" published_date="2000-06-30" publisher_id="48"/>
    <books book_id="522"
           title="Artificial Intelligence for Games (The Morgan Kaufmann Series in Interactive 3D Technology)"
           total_pages="896" rating="4.17" isbn="9780120000000" published_date="2006-06-21" publisher_id="50"/>
    <books book_id="523" title="Programming in Python 3: A Complete Introduction to the Python Language"
           total_pages="552" rating="3.69" isbn="9780140000000" published_date="2008-12-26" publisher_id="5"/>
    <books book_id="524" title="The Internet of Money" total_pages="150" rating="4.13" published_date="2016-08-29"
           publisher_id="126"/>
    <books book_id="525" title="The Art of Electronics" total_pages="1152" rating="4.33" isbn="9780520000000"
           published_date="1989-07-28" publisher_id="34"/>
    <books book_id="526" title="A Pattern Language: Towns, Buildings, Construction" total_pages="1216" rating="4.39"
           isbn="9780200000000" published_date="1977-08-25" publisher_id="150"/>
    <books book_id="527" title="Distributed Systems" total_pages="582" rating="4.09" isbn="9781540000000"
           published_date="2017-02-01" publisher_id="52"/>
    <books book_id="528" title="The Hardware Hacker: Adventures in Making and Breaking Hardware" total_pages="396"
           rating="4.29" isbn="9781590000000" published_date="2017-03-09" publisher_id="139"/>
    <books book_id="529" title="Kotlin in Action" total_pages="360" rating="4.50" isbn="9781620000000"
           published_date="2016-05-23" publisher_id="111"/>
    <books book_id="530" title="Web Scraping with Python: Collecting Data from the Modern Web" total_pages="256"
           rating="4.14" published_date="2015-06-15" publisher_id="1"/>
    <books book_id="531"
           title="What the Dormouse Said: How the Sixties Counterculture Shaped the Personal Computer Industry"
           total_pages="310" rating="3.81" isbn="9780140000000" published_date="2006-02-28" publisher_id="160"/>
    <books book_id="532" title="Chaos Monkeys: Obscene Fortune and Random Failure in Silicon Valley" total_pages="528"
           rating="3.72" isbn="9780060000000" published_date="2016-06-28" publisher_id="88"/>
    <books book_id="533" title="Hello Ruby: Adventures in Coding" total_pages="112" rating="3.90" isbn="9781250000000"
           published_date="2015-10-06" publisher_id="75"/>
    <books book_id="534" title="Zero Bugs and Program Faster" total_pages="182" rating="3.71" isbn="9781000000000"
           published_date="2016-01-01" publisher_id="102"/>
    <books book_id="535"
           title="Steal This Computer Book 4.0 AcÃ¢âÂ¬Ã¢â¬o What They WonAcÃ¢âÂ¬2t Tell You About the Internet 4e"
           total_pages="376" rating="3.66" isbn="9781590000000" published_date="2006-05-11" publisher_id="139"/>
    <books book_id="536" title="Software Architecture Patterns" total_pages="47" rating="3.69"
           published_date="2015-03-23" publisher_id="1"/>
    <books book_id="537" title="Elixir in Action, Second Edition" total_pages="384" rating="4.50"
           published_date="2019-01-23" publisher_id="111"/>
    <books book_id="538" title="Clojure for the Brave and True" total_pages="352" rating="4.27"/>
    <books book_id="539" title="The Robert C. Martin Clean Code Collection (Collection)" total_pages="699" rating="4.51"
           isbn="9780130000000" published_date="2011-11-10" publisher_id="169"/>
    <books book_id="540" title="The Inevitable: Understanding the 12 Technological Forces That Will Shape Our Future"
           total_pages="336" rating="3.96" published_date="2016-06-07" publisher_id="220"/>
    <books book_id="541" title="Database Systems: A Practical Approach to Design, Implementation and Management"
           total_pages="1424" rating="3.67" isbn="9780320000000" published_date="2004-05-24" publisher_id="5"/>
    <books book_id="542" title="Mastering Emacs" total_pages="280" rating="4.16" published_date="2015-05-23"/>
    <books book_id="543" title="Ada Byron Lovelace and the Thinking Machine" total_pages="40" rating="4.19"
           isbn="9781940000000" published_date="2015-10-13" publisher_id="54"/>
    <books book_id="544" title="Structured Programming" total_pages="234" rating="4.23" isbn="9780120000000"
           published_date="1972-03-23" publisher_id="4"/>
    <books book_id="545" title="Amazon Web Services in Action" total_pages="424" rating="3.81" isbn="9781620000000"
           published_date="2015-10-17" publisher_id="111"/>
    <books book_id="546" title="Free Software, Free Society: Selected Essays" total_pages="224" rating="4.13"
           isbn="9781880000000" published_date="2002-10-01" publisher_id="79"/>
    <books book_id="547"
           title="Reactive Messaging Patterns with the Actor Model: Applications and Integration in Scala and Akka"
           total_pages="480" rating="3.56" isbn="9780130000000" published_date="2015-08-17" publisher_id="5"/>
    <books book_id="548" title="Management 3.0: Leading Agile Developers, Developing Agile Leaders" total_pages="451"
           rating="4.14" isbn="9780320000000" published_date="2010-12-28" publisher_id="5"/>
    <books book_id="549" title="Modern C++ Programming with Test-Driven Development: Code Better, Sleep Better"
           total_pages="380" rating="4.43" isbn="9781940000000" published_date="2013-10-20" publisher_id="167"/>
    <books book_id="550" title="Java: A Beginner&apos;s Guide (Beginner&apos;s Guide)" rating="3.96"
           isbn="9780070000000" published_date="2005-04-01" publisher_id="119"/>
    <books book_id="551" title="Program or Be Programmed: Ten Commands for a Digital Age" total_pages="152"
           rating="3.69" published_date="2010-11-01" publisher_id="143"/>
    <books book_id="552" title="Data Structure and Algorithmic Thinking with Python" total_pages="468" rating="4.10"
           isbn="9788190000000" published_date="2015-01-29" publisher_id="35"/>
    <books book_id="553" title="Theory of Recursive Functions and Effective Computability" total_pages="506"
           rating="4.00" isbn="9780260000000" published_date="1987-04-22" publisher_id="129"/>
    <books book_id="554" title="Dataclysm: Who We Are (When We Think No One&apos;s Looking)" total_pages="304"
           rating="3.74" isbn="9780390000000" published_date="2014-09-09" publisher_id="56"/>
    <books book_id="555" title="Linux Bible" total_pages="864" rating="4.30" isbn="9781120000000"
           published_date="2012-09-11" publisher_id="232"/>
    <books book_id="556" title="Java:  The Complete Reference" total_pages="1000" rating="4.15" isbn="9780070000000"
           published_date="2011-02-07" publisher_id="119"/>
    <books book_id="558" title="Black Hat Python: Python Programming for Hackers and Pentesters" total_pages="171"
           rating="4.07" isbn="9781590000000" published_date="2014-12-14" publisher_id="139"/>
    <books book_id="559" title="Build Your Own Lisp" rating="4.22" published_date="2014-03-23"/>
    <books book_id="560" title="Ruby Under a Microscope" total_pages="272" rating="4.37" published_date="2012-03-23"/>
    <books book_id="561" title="A Bug Hunter&apos;s Diary: A Guided Tour Through the Wilds of Software Security"
           total_pages="208" rating="3.92" isbn="9781590000000" published_date="2011-11-11" publisher_id="139"/>
    <books book_id="562" title="Advanced Concepts in Operating Systems" total_pages="448" rating="3.96"
           isbn="9780070000000" published_date="1994-01-01" publisher_id="119"/>
    <books book_id="563" title="A History of Modern Computing" total_pages="459" rating="3.96" isbn="9780260000000"
           published_date="2003-04-08" publisher_id="129"/>
    <books book_id="564" title="Machine Learning with R" total_pages="396" rating="4.22" isbn="9781310000000"
           published_date="2014-06-13" publisher_id="152"/>
    <books book_id="565" title="The Hacker Playbook: Practical Guide To Penetration Testing" total_pages="294"
           rating="3.99" published_date="2014-03-20"/>
    <books book_id="566" title="Intuition Pumps And Other Tools for Thinking" total_pages="496" rating="3.79"
           isbn="9780390000000" published_date="2014-05-05" publisher_id="223"/>
    <books book_id="567" title="Flash Boys: A Wall Street Revolt" total_pages="320" rating="4.14" isbn="9780390000000"
           published_date="2015-03-23" publisher_id="223"/>
    <books book_id="568"
           title="The Search: How Google and Its Rivals Rewrote the Rules of Business and Transformed Our Culture"
           total_pages="320" rating="3.83" isbn="9781590000000" published_date="2005-09-08" publisher_id="166"/>
    <books book_id="569" title="Introduction to Reliable and Secure Distributed Programming" total_pages="367"
           rating="4.41" isbn="9783640000000" published_date="2011-02-12" publisher_id="199"/>
    <books book_id="570" title="Reinventing Discovery: The New Era of Networked Science" total_pages="264" rating="3.92"
           isbn="9780690000000" published_date="2011-10-23" publisher_id="174"/>
    <books book_id="571" title="Hacking the Xbox: An Introduction to Reverse Engineering" total_pages="288"
           rating="4.07" isbn="9781590000000" published_date="2003-07-01" publisher_id="139"/>
    <books book_id="572" title="R Graphics Cookbook: Practical Recipes for Visualizing Data" total_pages="416"
           rating="4.24" isbn="9781450000000" published_date="2012-12-06" publisher_id="1"/>
    <books book_id="573" title="21st Century C: C Tips from the New School" total_pages="296" rating="3.81"
           isbn="9781450000000" published_date="2012-11-05" publisher_id="1"/>
    <books book_id="574" title="MongoDB: The Definitive Guide" total_pages="216" rating="3.85" isbn="9781450000000"
           published_date="2010-09-24" publisher_id="1"/>
    <books book_id="595" title="Foundations of Computer Science" total_pages="624" rating="3.95" isbn="9781840000000"
           published_date="2007-12-01" publisher_id="210"/>
    <books book_id="596" title="Programming from the Ground Up" total_pages="332" rating="4.12" isbn="9780980000000"
           published_date="2004-07-01" publisher_id="23"/>
    <books book_id="597" title="Confident Ruby" total_pages="296" rating="4.40" published_date="2012-06-05"/>
    <books book_id="598" title="Agile Software Development with Scrum" total_pages="158" rating="3.82"
           isbn="9780130000000" published_date="2001-10-21" publisher_id="157"/>
    <books book_id="628" title="The Quick Python Book" total_pages="367" rating="3.82" isbn="9781940000000"
           published_date="2010-01-22" publisher_id="111"/>
    <books book_id="629" title="Kanban: Successful Evolutionary Change for Your Technology Business" total_pages="262"
           rating="3.97" isbn="9780980000000" published_date="2010-04-07" publisher_id="29"/>
    <books book_id="630" title="Team Geek: A Software Developer&apos;s Guide to Working Well with Others"
           total_pages="167" rating="3.97" isbn="9781450000000" published_date="2012-07-21" publisher_id="1"/>
    <books book_id="631" title="Data Structures and Algorithm Analysis in Java" total_pages="576" rating="3.63"
           isbn="9780320000000" published_date="2006-03-03" publisher_id="5"/>
    <books book_id="632" title="Fundamentals of Computer Graphics" total_pages="392" rating="3.67" isbn="9781570000000"
           published_date="2002-06-15" publisher_id="3"/>
    <books book_id="633" title="Rework" total_pages="279" rating="3.94" isbn="9780310000000" published_date="2010-03-09"
           publisher_id="57"/>
    <books book_id="634" title="Conceptual Mathematics: A First Introduction To Categories" rating="4.32"
           isbn="9780520000000" published_date="1997-11-28" publisher_id="34"/>
    <books book_id="635" title="Object-Oriented Programming in C++" total_pages="1012" rating="4.11"
           isbn="9780670000000" published_date="2001-12-29" publisher_id="186"/>
    <books book_id="636" title="Design for Hackers: Reverse Engineering Beauty" total_pages="352" rating="3.74"
           isbn="9781120000000" published_date="2011-08-29" publisher_id="232"/>
    <books book_id="637" title="The Sciences of the Artificial" total_pages="248" rating="4.23" isbn="9780260000000"
           published_date="1996-09-26" publisher_id="129"/>
    <books book_id="638"
           title="Certified Programming with Dependent Types: A Pragmatic Introduction to the Coq Proof Assistant"
           total_pages="424" rating="4.09" isbn="9780260000000" published_date="2013-12-06" publisher_id="129"/>
    <books book_id="639" title="Test Driven: Practical TDD and Acceptance TDD for Java Developers" total_pages="513"
           rating="3.83" isbn="9781930000000" published_date="2007-10-19" publisher_id="111"/>
    <books book_id="640" title="Python Pocket Reference" total_pages="148" rating="4.00" isbn="9780600000000"
           published_date="2005-03-06" publisher_id="1"/>
    <books book_id="641" title="SCJP Sun Certified Programmer for Java 6 Study Guide" total_pages="851" rating="4.28"
           isbn="9780070000000" published_date="2008-06-24" publisher_id="119"/>
    <books book_id="642" title="Computer Organization" total_pages="832" rating="3.67" isbn="9780070000000"
           published_date="2001-08-02" publisher_id="119"/>
    <books book_id="643" title="Refactoring Databases: Evolutionary Database Design" total_pages="384" rating="3.70"
           isbn="9780320000000" published_date="2006-03-03" publisher_id="5"/>
    <books book_id="644" title="jQuery: Novice to Ninja" total_pages="407" rating="3.91" isbn="9780980000000"
           published_date="2010-03-07" publisher_id="193"/>
    <books book_id="645" title="Thinking in C++, Volume One: Introduction to Standard C++" total_pages="840"
           rating="4.12" isbn="76092006565" published_date="2000-03-25" publisher_id="157"/>
    <books book_id="646" title="Learning Java" total_pages="954" rating="3.60" isbn="9780600000000"
           published_date="2005-05-30" publisher_id="1"/>
    <books book_id="647" title="Managing Humans: Biting and Humorous Tales of a Software Engineering Manager"
           total_pages="209" rating="3.97" isbn="9781590000000" published_date="2007-06-01" publisher_id="14"/>
    <books book_id="648" title="Programming the Semantic Web" total_pages="302" rating="3.69" isbn="9780600000000"
           published_date="2009-07-21" publisher_id="1"/>
    <books book_id="649" title="CSS3 For Web Designers" total_pages="125" rating="4.06" published_date="2010-11-16"
           publisher_id="2"/>
    <books book_id="650" title="Data Communications and Networking (McGraw-Hill Forouzan Networking)" total_pages="1168"
           rating="3.90" isbn="9780070000000" published_date="2006-02-09" publisher_id="119"/>
    <books book_id="651" title="SQL and Relational Theory: How to Write Accurate SQL Code" total_pages="428"
           rating="3.75" isbn="9780600000000" published_date="2009-01-30" publisher_id="1"/>
    <books book_id="652"
           title="The Art of Computer Programming, Volume 4, Fascicle 4: Generating All Trees--History of Combinatorial Generation"
           total_pages="120" rating="4.50" isbn="9780320000000" published_date="2006-02-01" publisher_id="5"/>
    <books book_id="653"
           title="How Would You Move Mount Fuji? Microsoft&apos;s Cult of the Puzzle--How the World&apos;s Smartest Companies Select the Most Creative Thinkers"
           total_pages="288" rating="3.57" isbn="9780320000000" published_date="2004-04-02" publisher_id="106"/>
    <books book_id="654" title="The Road Ahead" total_pages="286" rating="3.69" isbn="9780670000000"
           published_date="1995-11-21" publisher_id="220"/>
    <books book_id="655" title="Being Geek: The Software Developer&apos;s Career Handbook" total_pages="318"
           rating="3.70" isbn="9780600000000" published_date="2010-08-10" publisher_id="1"/>
    <books book_id="656" title="The Art of Software Testing" total_pages="256" rating="3.69" isbn="9780470000000"
           published_date="2004-06-21" publisher_id="232"/>
    <books book_id="657" title="The RSpec Book" total_pages="426" rating="3.87" isbn="9781930000000"
           published_date="2010-12-22" publisher_id="167"/>
    <books book_id="658" title="The Implementation (TCP/IP Illustrated, Volume 2)" total_pages="1174" rating="4.21"
           isbn="9780200000000" published_date="1995-02-10" publisher_id="5"/>
    <books book_id="659"
           title="Communicating Sequential Processes (Prentice Hall International Series in Computing Science)"
           total_pages="256" rating="4.33" isbn="9780130000000" published_date="1985-04-01" publisher_id="169"/>
    <books book_id="660"
           title="Interactive Theorem Proving and Program Development: Coq Art: The Calculus of Inductive Constructions"
           total_pages="472" rating="3.86" isbn="9783540000000" published_date="2004-05-14" publisher_id="199"/>
    <books book_id="661" title="Garbage Collection: Algorithms for Automatic Dynamic Memory Management"
           total_pages="404" rating="4.13" isbn="9780470000000" published_date="1996-08-16" publisher_id="232"/>
    <books book_id="662" title="Database Systems: Design, Implementation, and Management" total_pages="696"
           rating="3.56" isbn="9781420000000" published_date="2006-01-27" publisher_id="48"/>
    <books book_id="663" title="Learning GNU Emacs" total_pages="536" rating="3.63" isbn="9780600000000"
           published_date="2004-12-20" publisher_id="1"/>
    <books book_id="664" title="Essential System Administration: Tools and Techniques for Linux and Unix Administration"
           total_pages="1176" rating="3.96" isbn="9780600000000" published_date="2002-09-02" publisher_id="1"/>
    <books book_id="665" title="TCP/IP Network Administration" total_pages="748" rating="3.86" isbn="9780600000000"
           published_date="2002-04-11" publisher_id="1"/>
    <books book_id="666" title="PHP &amp; MySQL For Dummies" total_pages="436" rating="3.54" isbn="9780470000000"
           published_date="2006-12-01" publisher_id="232"/>
    <books book_id="667"
           title="The Art of Computer Programming, Volume 1, Fascicle 1: MMIX -- A RISC Computer for the New Millennium"
           total_pages="134" rating="4.19" isbn="9780200000000" published_date="2005-02-24" publisher_id="5"/>
    <books book_id="668" title="Exceptional C++: 47 Engineering Puzzles, Programming Problems, and Solutions"
           total_pages="208" rating="4.18" isbn="9780200000000" published_date="1999-11-28" publisher_id="5"/>
    <books book_id="669" title="The Little Typer" total_pages="424" rating="4.35" isbn="9780260000000"
           published_date="2018-09-18" publisher_id="204"/>
    <books book_id="670" title="Mathematics for Computer Science" total_pages="1048" rating="3.91"
           published_date="2010-09-08" publisher_id="129"/>
    <books book_id="671" title="Cryptography: Theory and Practice (Discrete Mathematics and Its Applications)"
           total_pages="593" rating="3.71" isbn="9781580000000" published_date="2005-11-01" publisher_id="50"/>
    <books book_id="672" title="Introduction to Artificial Intelligence" total_pages="454" rating="3.75"
           isbn="9780490000000" published_date="1985-06-01" publisher_id="68"/>
    <books book_id="673" title="Software Project Survival Guide" total_pages="306" rating="3.82" isbn="9781570000000"
           published_date="1997-10-22" publisher_id="128"/>
    <books book_id="674" title="Speaking JavaScript" total_pages="460" rating="4.37" isbn="9781450000000"
           published_date="2014-03-24" publisher_id="1"/>
    <books book_id="675" title="Prediction Machines: The Simple Economics of Artificial Intelligence" total_pages="272"
           rating="4.00" published_date="2018-04-17" publisher_id="91"/>
    <books book_id="676" title="Introduction to Linear Algebra" total_pages="568" rating="4.20" isbn="9780960000000"
           published_date="2003-01-01" publisher_id="229"/>
    <books book_id="677" title="Girls Who Code: Learn to Code and Change the World" total_pages="176" rating="4.10"
           isbn="9780750000000" published_date="2017-08-24" publisher_id="221"/>
    <books book_id="678" title="Technically Wrong: Sexist Apps, Biased Algorithms, and Other Threats of Toxic Tech"
           total_pages="240" rating="4.16" isbn="9780390000000" published_date="2018-10-16" publisher_id="223"/>
    <books book_id="679" title="Think Java: How to Think Like a Computer Scientist" total_pages="248" rating="3.66"
           published_date="2012-03-23" publisher_id="85"/>
    <books book_id="680" title="Quantum Computer Science" total_pages="220" rating="3.59" isbn="9780520000000"
           published_date="2007-08-01" publisher_id="34"/>
    <books book_id="681" title="Designing Distributed Systems: Patterns and Paradigms for Scalable, Reliable Services"
           total_pages="149" rating="3.53" isbn="9781490000000" published_date="2018-03-05" publisher_id="1"/>
    <books book_id="682" title="UNIX in a Nutshell: A Desktop Quick Reference - Covers GNU/Linux, Mac OS X, and Solaris"
           total_pages="908" rating="3.90" isbn="9780600000000" published_date="2005-11-02" publisher_id="1"/>
    <books book_id="683" title="Envisioning Information" total_pages="126" rating="4.22" isbn="9780960000000"
           published_date="1992-12-23" publisher_id="84"/>
    <books book_id="684" title="Programming Collective Intelligence: Building Smart Web 2.0 Applications"
           total_pages="362" rating="4.07" isbn="9780600000000" published_date="2007-08-23" publisher_id="1"/>
    <books book_id="685" title="Bitcoin and Cryptocurrency Technologies: A Comprehensive Introduction" total_pages="336"
           rating="4.41" isbn="9780690000000" published_date="2016-07-19" publisher_id="174"/>
    <books book_id="686" title="Intermediate Perl" total_pages="256" rating="3.97" isbn="9780600000000"
           published_date="2006-03-18" publisher_id="1"/>
    <books book_id="687" title="Head First Python" total_pages="494" rating="3.77" isbn="9781450000000"
           published_date="2010-12-07" publisher_id="1"/>
    <books book_id="688" title="Type-Driven Development with Idris" total_pages="453" rating="4.51" isbn="9781620000000"
           published_date="2017-04-07" publisher_id="111"/>
    <books book_id="689" title="Functional and Reactive Domain Modeling" total_pages="320" rating="4.19"
           isbn="9781620000000" published_date="2016-08-28" publisher_id="111"/>
    <books book_id="690"
           title="Future Crimes: Everything Is Connected, Everyone Is Vulnerable, and What We Can Do About It"
           total_pages="393" rating="3.94" isbn="9780390000000" published_date="2015-02-24" publisher_id="67"/>
    <books book_id="691" title="Blockchain: Blueprint for a New Economy" total_pages="152" rating="3.31"
           published_date="2015-01-24" publisher_id="1"/>
    <books book_id="692" title="Metaprogramming Ruby 2: Program Like the Ruby Pros" total_pages="280" rating="4.47"
           isbn="9781940000000" published_date="2014-08-18" publisher_id="167"/>
    <books book_id="693" title="Computing: A Concise History" total_pages="199" rating="3.63" isbn="9780260000000"
           published_date="2012-06-15" publisher_id="129"/>
    <books book_id="694" title="If Hemingway Wrote JavaScript" total_pages="192" rating="4.17" isbn="9781590000000"
           published_date="2014-10-23" publisher_id="139"/>
    <books book_id="695" title="Just Enough Software Architecture: A Risk-Driven Approach" total_pages="360"
           rating="3.53" isbn="9780980000000" published_date="2010-09-01" publisher_id="116"/>
    <books book_id="696"
           title="Software Architecture for Developers: Volume 1 - Technical leadership and the balance with agility"
           total_pages="133" rating="3.84" published_date="2016-11-18" publisher_id="105"/>
    <books book_id="697" title="High Performance Python: Practical Performant Programming for Humans" total_pages="370"
           rating="4.17" isbn="9781450000000" published_date="2014-08-25" publisher_id="1"/>
    <books book_id="698" title="Introduction to Computing Systems: From Bits &amp; Gates to C &amp; Beyond"
           total_pages="656" rating="3.77" isbn="9780070000000" published_date="2003-08-05" publisher_id="119"/>
    <books book_id="699" title="Learning Agile: Understanding Scrum, XP, Lean, and Kanban" total_pages="400"
           rating="4.12" isbn="9781450000000" published_date="2014-06-22" publisher_id="1"/>
    <books book_id="700"
           title="Computability, Complexity, and Languages: Fundamentals of Theoretical Computer Science (Computer Science and Scientific Computing)"
           total_pages="609" rating="3.96" isbn="9780120000000" published_date="1994-02-17" publisher_id="133"/>
    <books book_id="701" title="Reactive Design Patterns" total_pages="325" rating="3.54" isbn="9781620000000"
           published_date="2014-03-28" publisher_id="111"/>
    <books book_id="702" title="Counter Hack Reloaded: A Step-By-Step Guide to Computer Attacks and Effective Defenses"
           total_pages="748" rating="3.96" isbn="9780130000000" published_date="2005-12-23" publisher_id="169"/>
    <books book_id="703" title="Android Programming: The Big Nerd Ranch Guide" total_pages="602" rating="4.31"
           isbn="9780320000000" published_date="2013-04-07" publisher_id="27"/>
    <books book_id="704" title="Data Structures and Algorithms in Python" total_pages="768" rating="4.08"
           isbn="9781120000000" published_date="2013-03-18" publisher_id="232"/>
    <books book_id="705"
           title="The Basics of Hacking and Penetration Testing: Ethical Hacking and Penetration Testing Made Easy"
           total_pages="159" rating="3.91" isbn="9781600000000" published_date="2011-08-04" publisher_id="202"/>
    <books book_id="706" title="Getting Started with OAuth 2.0" total_pages="82" rating="3.50" isbn="9781450000000"
           published_date="2012-02-29" publisher_id="1"/>
    <books book_id="707"
           title="Parallel and Concurrent Programming in Haskell: Techniques for Multicore and Multithreaded Programming"
           total_pages="322" rating="4.54" isbn="9781450000000" published_date="2013-08-15" publisher_id="1"/>
    <books book_id="708" title="In Pursuit of the Traveling Salesman: Mathematics at the Limits of Computation"
           total_pages="228" rating="3.88" isbn="691152705" published_date="2012-01-16" publisher_id="174"/>
    <books book_id="709" title="ggplot2: Elegant Graphics for Data Analysis" total_pages="212" rating="4.31"
           isbn="9780390000000" published_date="2009-08-01" publisher_id="199"/>
    <books book_id="710" title="Distributed Operating Systems" total_pages="632" rating="3.96" isbn="9780130000000"
           published_date="1994-09-04" publisher_id="157"/>
    <books book_id="711" title="SciPy and NumPy: An Overview for Developers" total_pages="82" rating="2.96"
           isbn="9781450000000" published_date="2012-11-22" publisher_id="1"/>
    <books book_id="712" title="Scala in Depth" total_pages="276" rating="3.93" published_date="2012-05-23"
           publisher_id="111"/>
    <books book_id="713" title="Implementation Patterns" total_pages="157" rating="3.62" isbn="9780320000000"
           published_date="2007-10-01" publisher_id="5"/>
    <books book_id="714" title="Networks, Crowds, and Markets: Reasoning about a Highly Connected World"
           total_pages="727" rating="4.17" isbn="9780520000000" published_date="2010-07-31" publisher_id="34"/>
    <books book_id="715" title="Cypherpunks: Freedom and the Future of the Internet" total_pages="192" rating="3.70"
           isbn="9781940000000" published_date="2012-11-23" publisher_id="143"/>
    <books book_id="716" title="Selected Writings on Computing: A Personal Perspective" total_pages="362" rating="4.25"
           isbn="9780390000000" published_date="1982-10-25" publisher_id="199"/>
    <books book_id="717" title="The Practice of System and Network Administration" total_pages="1011" rating="4.39"
           isbn="9780320000000" published_date="2007-06-01" publisher_id="5"/>
    <books book_id="718" title="Tubes: A Journey to the Center of the Internet" total_pages="294" rating="3.50"
           isbn="9780060000000" published_date="2012-05-23" publisher_id="70"/>
    <books book_id="719" title="Getting Started with Arduino" total_pages="128" rating="3.78" isbn="9780600000000"
           published_date="2009-03-31" publisher_id="110"/>
    <books book_id="720" title="The Object-Oriented Thought Process" total_pages="330" rating="3.68"
           isbn="9780670000000" published_date="2008-08-01" publisher_id="5"/>
    <books book_id="721" title="Foundations of Programming - Building Better Software" total_pages="79" rating="3.81"
           published_date="2008-03-23"/>
    <books book_id="722" title="Joe Celko&apos;s SQL for Smarties: Advanced SQL Programming" total_pages="840"
           rating="3.95" isbn="9780120000000" published_date="2005-08-01" publisher_id="133"/>
    <books book_id="723" title="Practical C Programming" total_pages="456" rating="3.68" isbn="9781570000000"
           published_date="1997-08-11" publisher_id="1"/>
    <books book_id="724" title="Java in a Nutshell" total_pages="1224" rating="3.81" isbn="9780600000000"
           published_date="2005-03-25" publisher_id="1"/>
    <books book_id="725" title="Parsing Techniques: A Practical Guide" total_pages="662" rating="4.20"
           isbn="9780390000000" published_date="2008-01-01" publisher_id="199"/>
    <books book_id="726"
           title="The Art of Computer Programming, Volume 4, Fascicle 2: Generating All Tuples and Permutations"
           total_pages="127" rating="4.70" isbn="9780200000000" published_date="2005-02-24" publisher_id="5"/>
    <books book_id="727"
           title="The Art of Computer Programming, Volume 4, Fascicle 1: Bitwise Tricks &amp; Techniques; Binary Decision Diagrams"
           total_pages="260" rating="4.73" isbn="9780320000000" published_date="2009-03-01" publisher_id="5"/>
    <books book_id="728" title="The Old New Thing: Practical Development Throughout the Evolution of Windows"
           total_pages="517" rating="3.92" isbn="9780320000000" published_date="2006-12-01" publisher_id="5"/>
    <books book_id="729" title="Inside the Machine" total_pages="320" rating="4.13" isbn="9781590000000"
           published_date="2006-12-08" publisher_id="139"/>
    <books book_id="730" title="Python in a Nutshell" total_pages="695" rating="3.88" isbn="9780600000000"
           published_date="2006-07-24" publisher_id="1"/>
    <books book_id="731" title="Head First Software Development" total_pages="498" rating="3.93" isbn="9780600000000"
           published_date="2007-12-27" publisher_id="1"/>
    <books book_id="732" title="Programming Game AI by Example" total_pages="495" rating="4.07" isbn="9781560000000"
           published_date="2004-09-30" publisher_id="101"/>
    <books book_id="733" title="Lex &amp; Yacc" total_pages="388" rating="3.68" isbn="9781570000000"
           published_date="1992-10-08" publisher_id="1"/>
    <books book_id="734" title="Implementing Lean Software Development: From Concept to Cash" total_pages="276"
           rating="4.16" isbn="9780320000000" published_date="2006-10-01" publisher_id="5"/>
    <books book_id="735" title="Head First Servlets and JSP: Passing the Sun Certified Web Component Developer Exam"
           total_pages="888" rating="4.16" isbn="9780600000000" published_date="2004-08-30" publisher_id="1"/>
    <books book_id="736" title="Distributed Algorithms" total_pages="904" rating="4.19" isbn="9781560000000"
           published_date="1996-03-15" publisher_id="133"/>
    <books book_id="737" title="Why&apos;s (Poignant) Guide to Ruby" total_pages="176" rating="4.05"
           published_date="2007-03-23" publisher_id="18"/>
    <books book_id="738" title="Perl Best Practices: Standards and Styles for Developing Maintainable Code"
           total_pages="517" rating="4.27" isbn="9780600000000" published_date="2005-07-22" publisher_id="1"/>
    <books book_id="739" title="HTML &amp; XHTML: The Definitive Guide" total_pages="680" rating="3.91"
           isbn="9780600000000" published_date="2006-10-24" publisher_id="1"/>
    <books book_id="740" title="Lisp" total_pages="611" rating="3.98" isbn="9780200000000" published_date="1989-01-11"
           publisher_id="5"/>
    <books book_id="741" title="Broad Band: The Untold Story of the Women Who Made the Internet" total_pages="288"
           rating="4.00" isbn="9780740000000" published_date="2018-03-06" publisher_id="165"/>
    <books book_id="742" title="Gray Hat Hacking: The Ethical Hacker&apos;s Handbook" total_pages="434" rating="4.09"
           isbn="9780070000000" published_date="2004-12-01" publisher_id="119"/>
    <books book_id="743" title="Machine Learning" total_pages="224" rating="3.62" published_date="2016-09-30"
           publisher_id="204"/>
    <books book_id="744" title="Once Upon an Algorithm: How Stories Explain Computing" total_pages="336" rating="3.81"
           isbn="9780260000000" published_date="2017-08-11" publisher_id="129"/>
    <books book_id="745" title="Feynman And Computation" total_pages="462" rating="4.42" isbn="9780810000000"
           published_date="2002-06-27" publisher_id="230"/>
    <books book_id="746"
           title="Your Code As a Crime Scene: Use Forensic Techniques to Arrest Defects, Bottlenecks, and Bad Design in Your Programs"
           total_pages="190" rating="3.59" isbn="9781680000000" published_date="2014-05-23" publisher_id="167"/>
    <books book_id="747" title="Python Data Science Handbook: Tools and Techniques for Developers" total_pages="500"
           rating="4.28" isbn="9781490000000" published_date="2016-12-25" publisher_id="1"/>
    <books book_id="748" title="Programming Elixir: Functional |&gt; Concurrent |&gt; Pragmatic |&gt; Fun"
           total_pages="287" rating="4.33" isbn="9781940000000" published_date="2013-03-23" publisher_id="208"/>
    <books book_id="749"
           title="Spam Nation: The Inside Story of Organized Cybercrime AcÃ¢âÂ¬Ã¢â¬? from Global Epidemic to Your Front Door"
           total_pages="256" rating="3.72" isbn="9781400000000" published_date="2014-11-18" publisher_id="196"/>
    <books book_id="750" title="C Programming Absolute Beginner&apos;s Guide" total_pages="352" rating="4.24"
           published_date="2013-08-02" publisher_id="179"/>
    <books book_id="751" title="Assembly Language: Step-By-Step" total_pages="448" rating="4.22" isbn="9780470000000"
           published_date="1992-10-06" publisher_id="232"/>
    <books book_id="752" title="The Little MLer" total_pages="198" rating="3.91" isbn="9780260000000"
           published_date="1998-01-05" publisher_id="129"/>
    <books book_id="753" title="Lambda-Calculus and Combinators: An Introduction" total_pages="345" rating="3.80"
           isbn="9780520000000" published_date="2008-07-01" publisher_id="34"/>
    <books book_id="754" title="More Programming Pearls: Confessions of a Coder" total_pages="224" rating="4.03"
           isbn="9780200000000" published_date="1988-01-11" publisher_id="5"/>
    <books book_id="755" title="But How Do It Know? - The Basic Principles of Computers for Everyone" total_pages="221"
           rating="4.49" isbn="9780620000000" published_date="2009-07-04" publisher_id="98"/>
    <books book_id="756" title="Learning Spark" total_pages="300" rating="3.87" isbn="9781450000000"
           published_date="2014-07-22" publisher_id="1"/>
    <books book_id="757" title="Java Performance: The Definitive Guide" total_pages="500" rating="4.38"
           isbn="9781450000000" published_date="2014-05-22" publisher_id="1"/>
    <books book_id="758" title="Red Team Field Manual (RTFM)" total_pages="96" rating="4.22" isbn="9781490000000"
           published_date="2014-02-11" publisher_id="52"/>
    <books book_id="759" title="Systems Performance: Enterprise and the Cloud" total_pages="735" rating="4.47"
           isbn="9780130000000" published_date="2013-10-26" publisher_id="169"/>
    <books book_id="760" title="Learning Javascript Design Patterns" total_pages="227" rating="3.84"
           published_date="2012-05-01" publisher_id="1"/>
    <books book_id="761" title="SQL Performance Explained" total_pages="204" rating="4.34" isbn="9783950000000"
           published_date="2012-07-30" publisher_id="115"/>
    <books book_id="762" title="Python 3 Object Oriented Programming" total_pages="388" rating="4.01"
           isbn="9781850000000" published_date="2010-07-19" publisher_id="152"/>
    <books book_id="763"
           title="The Google Resume: How to Prepare for a Career and Land a Job at Apple, Microsoft, Google, or Any Top Tech Company"
           total_pages="280" rating="3.77" isbn="9780470000000" published_date="2011-03-01" publisher_id="100"/>
    <books book_id="764" title="C++ Coding Standards: 101 Rules, Guidelines, and Best Practices" total_pages="240"
           rating="4.20" isbn="76092018117" published_date="2004-11-01" publisher_id="5"/>
    <books book_id="765" title="WindowsÃÂ® Internals, Part 2: Covering Windows ServerÃÂ® 2008 R2 and Windows 7"
           total_pages="674" rating="4.54" isbn="9780740000000" published_date="2012-10-02" publisher_id="128"/>
    <books book_id="766" title="The Healthy Programmer" total_pages="220" rating="3.73" isbn="9781940000000"
           published_date="2013-03-23" publisher_id="208"/>
    <books book_id="767" title="Practical Cryptography" total_pages="385" rating="4.18" isbn="9780470000000"
           published_date="2003-04-17" publisher_id="232"/>
    <books book_id="768" title="Continuous Integration: Improving Software Quality and Reducing Risk" total_pages="283"
           rating="3.79" isbn="9780320000000" published_date="2007-07-09" publisher_id="5"/>
    <books book_id="769" title="Sams Teach Yourself SQLAcÃ¢â¬Å¾c in 10 Minutes" total_pages="242" rating="4.02"
           isbn="9780670000000" published_date="2004-03-01" publisher_id="186"/>
    <books book_id="770" title="Data Structures and Algorithm Analysis in C" total_pages="528" rating="3.80"
           isbn="9780200000000" published_date="1996-09-19" publisher_id="157"/>
    <books book_id="771" title="The Master Switch: The Rise and Fall of Information Empires" total_pages="384"
           rating="3.84" isbn="9780310000000" published_date="2010-11-02" publisher_id="103"/>
    <books book_id="772" title="Bayesian Reasoning and Machine Learning" total_pages="697" rating="4.11"
           isbn="9780520000000" published_date="2012-04-01" publisher_id="34"/>
    <books book_id="773" title="Computer Science Illuminated" total_pages="636" rating="3.55" isbn="9780760000000"
           published_date="2006-12-01" publisher_id="101"/>
    <books book_id="774" title="Functional JavaScript: Introducing Functional Programming with Underscore.js"
           total_pages="260" rating="4.07" isbn="9781450000000" published_date="2013-06-17" publisher_id="1"/>
    <books book_id="775"
           title="We Are Anonymous: Inside the Hacker World of LulzSec, Anonymous, and the Global Cyber Insurgency"
           total_pages="512" rating="3.94" isbn="9780320000000" published_date="2012-06-05" publisher_id="106"/>
    <books book_id="776"
           title="A First Course in Logic: An Introduction to Model Theory, Proof Theory, Computability, and Complexity"
           total_pages="431" rating="4.31" isbn="9780200000000" published_date="2004-09-01" publisher_id="148"/>
    <books book_id="777" title="Effective JavaScript: 68 Specific Ways to Harness the Power of JavaScript"
           total_pages="240" rating="4.32" isbn="9780320000000" published_date="2012-12-06" publisher_id="5"/>
    <books book_id="778" title="Fire in the Valley: The Making of the Personal Computer" total_pages="463" rating="4.11"
           isbn="9780070000000" published_date="1999-11-29" publisher_id="119"/>
    <books book_id="779" title="Practical Malware Analysis: The Hands-On Guide to Dissecting Malicious Software"
           total_pages="800" rating="4.43" isbn="9781590000000" published_date="2012-02-29" publisher_id="139"/>
    <books book_id="780" title="Objective-C Programming: The Big Nerd Ranch Guide" total_pages="263" rating="4.17"
           isbn="9780320000000" published_date="2011-10-18" publisher_id="5"/>
    <books book_id="781" title="The Art Of Prolog: Advanced Programming Techniques" total_pages="437" rating="3.79"
           isbn="9780260000000" published_date="1986-05-01" publisher_id="129"/>
    <books book_id="782" title="Think Stats" total_pages="138" rating="3.66" isbn="9781450000000"
           published_date="2011-07-22" publisher_id="1"/>
    <books book_id="783" title="Data and Reality" rating="4.05" isbn="9781590000000"/>
    <books book_id="784" title="Learning SQL" total_pages="289" rating="3.86" isbn="9780600000000"
           published_date="2005-09-01" publisher_id="1"/>
    <books book_id="785" title="GAÂ¶del&apos;s Proof" total_pages="129" rating="4.14" isbn="9780810000000"
           published_date="2001-10-01" publisher_id="137"/>
    <books book_id="786" title="Essentials of Computer Organization and Architecture" total_pages="673" rating="3.20"
           isbn="9780760000000" published_date="2003-01-01" publisher_id="101"/>
    <books book_id="787" title="jQuery in Action" total_pages="347" rating="3.94" isbn="9781930000000"
           published_date="2008-02-01" publisher_id="111"/>
    <books book_id="788" title="The Art and Science of Java" total_pages="587" rating="3.99" isbn="9780320000000"
           published_date="2007-02-01" publisher_id="157"/>
    <books book_id="789" title="Death March" total_pages="230" rating="3.83" isbn="9780130000000"
           published_date="2003-11-16" publisher_id="169"/>
    <books book_id="790" title="Programming Scala: Scalability = Functional Programming + Objects" total_pages="448"
           rating="3.72" isbn="9780600000000" published_date="2009-09-22" publisher_id="1"/>
    <books book_id="791" title="Compiler Construction: Principles and Practice" total_pages="592" rating="3.90"
           isbn="9780530000000" published_date="1997-01-24" publisher_id="39"/>
    <books book_id="792" title="Programming Clojure" total_pages="304" rating="3.82" isbn="9781930000000"
           published_date="2009-06-04" publisher_id="167"/>
    <books book_id="793" title="OpenGL SuperBible: Comprehensive Tutorial and Reference" total_pages="1205"
           rating="3.99" isbn="9780320000000" published_date="2007-06-01" publisher_id="5"/>
    <books book_id="794" title="Thinking Forth" total_pages="316" rating="3.91" isbn="9780980000000"
           published_date="2004-12-27" publisher_id="176"/>
    <books book_id="795" title="Linkers and Loaders" total_pages="256" rating="3.96" isbn="9781560000000"
           published_date="1999-10-25" publisher_id="133"/>
    <books book_id="796" title="Processing: A Programming Handbook for Visual Designers and Artists" total_pages="710"
           rating="4.15" isbn="9780260000000" published_date="2007-08-17" publisher_id="129"/>
    <books book_id="797" title="Designing Web Usability" total_pages="432" rating="3.80" isbn="9781560000000"
           published_date="2000-01-01" publisher_id="136"/>
    <books book_id="798" title="The Scheme Programming Language" total_pages="295" rating="3.94" isbn="9780260000000"
           published_date="2003-09-26" publisher_id="129"/>
    <books book_id="799" title="Python Essential Reference (Developer&apos;s Library)" total_pages="648" rating="4.21"
           isbn="9780670000000" published_date="2006-03-02" publisher_id="186"/>
    <books book_id="800" title="C Programming: A Modern Approach" total_pages="832" rating="4.26" isbn="9780390000000"
           published_date="2008-04-01" publisher_id="223"/>
    <books book_id="801" title="Modern Compiler Implementation in Java" total_pages="512" rating="3.47"
           isbn="9780520000000" published_date="2015-01-28" publisher_id="34"/>
    <books book_id="802" title="WindowsAâÃÂ® Internals (PRO-Developer)" total_pages="1232" rating="4.46"
           isbn="9780740000000" published_date="2009-06-17" publisher_id="128"/>
    <books book_id="803" title="Designing Interfaces: Patterns for Effective Interaction Design" total_pages="352"
           rating="3.82" isbn="9780600000000" published_date="2005-11-28" publisher_id="1"/>
    <books book_id="804" title="Theoretische Informatik - kurzgefasst" total_pages="198" rating="3.67"
           isbn="9783830000000" published_date="2001-03-01" publisher_id="198"/>
    <books book_id="805" title="The Manga Guide to Databases" total_pages="224" rating="4.05" isbn="9781590000000"
           published_date="2008-12-01" publisher_id="139"/>
    <books book_id="806" title="Randomized Algorithms" total_pages="496" rating="4.06" isbn="9780520000000"
           published_date="1995-08-01" publisher_id="34"/>
    <books book_id="807" title="The Haskell School of Expression: Learning Functional Programming Through Multimedia"
           total_pages="382" rating="3.72" isbn="9780520000000" published_date="2000-02-01" publisher_id="34"/>
    <books book_id="808"
           title="Rocket Surgery Made Easy: The Do-It-Yourself Guide to Finding and Fixing Usability Problems"
           total_pages="161" rating="4.11" isbn="9780320000000" published_date="2009-12-01" publisher_id="136"/>
    <books book_id="809" title="Artificial Intelligence: Structures and Strategies for Complex Problem Solving"
           total_pages="928" rating="3.69" isbn="9780320000000" published_date="2004-10-21" publisher_id="5"/>
    <books book_id="810" title="A Madman Dreams of Turing Machines" total_pages="230" rating="3.67" isbn="9781400000000"
           published_date="2006-08-22" publisher_id="11"/>
    <books book_id="811" title="High Performance JavaScript" total_pages="242" rating="4.05" isbn="9780600000000"
           published_date="2010-03-30" publisher_id="239"/>
    <books book_id="812" title="Principles of Computer System Design: An Introduction" total_pages="526" rating="3.70"
           isbn="9780120000000" published_date="2009-07-07" publisher_id="133"/>
    <books book_id="813" title="Algorithmic Game Theory" total_pages="776" rating="4.19" isbn="9780520000000"
           published_date="2013-12-06" publisher_id="34"/>
    <books book_id="814" title="Neural Networks: A Comprehensive Foundation" total_pages="842" rating="3.89"
           isbn="9780130000000" published_date="1998-07-06" publisher_id="169"/>
    <books book_id="815" title="Running Linux" total_pages="749" rating="3.70" isbn="9781570000000"
           published_date="1999-08-11" publisher_id="1"/>
    <books book_id="816" title="UNIX Network Programming, Volume 1: The Sockets Networking API" total_pages="991"
           rating="4.35" isbn="76092025917" published_date="2003-11-24" publisher_id="5"/>
    <books book_id="817" title="The Java Programming Language" total_pages="891" rating="3.80" isbn="9780320000000"
           published_date="2005-08-25" publisher_id="5"/>
    <books book_id="818" title="Computer Power and Human Reason: From Judgment to Calculation" total_pages="300"
           rating="4.29" isbn="9780720000000" published_date="1976-01-01" publisher_id="226"/>
    <books book_id="819" title="Programming Challenges: The Programming Contest Training Manual" total_pages="364"
           rating="4.04" isbn="9780390000000" published_date="2003-05-12" publisher_id="199"/>
    <books book_id="820" title="How to Solve It: Modern Heuristics" total_pages="554" rating="3.98" isbn="9783540000000"
           published_date="2004-09-21" publisher_id="199"/>
    <books book_id="821" title="Writing Effective Use Cases" total_pages="304" rating="3.95" isbn="9780200000000"
           published_date="2000-10-15" publisher_id="5"/>
    <books book_id="822" title="Concurrent Programming in Javai?1: Design Principles and Pattern" total_pages="432"
           rating="4.18" isbn="9780200000000" published_date="1999-11-04" publisher_id="5"/>
    <books book_id="823" title="Hello World: Being Human in the Age of Algorithms" total_pages="246" rating="4.14"
           isbn="9780390000000" published_date="2018-09-18" publisher_id="223"/>
    <books book_id="824" title="A Mind at Play: How Claude Shannon Invented the Information Age" total_pages="384"
           rating="4.15" isbn="9781480000000" published_date="2017-07-18" publisher_id="190"/>
    <books book_id="825" title="More Effective C++" total_pages="336" rating="4.33" isbn="785343000000"
           published_date="1996-01-08" publisher_id="5"/>
    <books book_id="826" title="The Little Prover" total_pages="248" rating="3.96" isbn="9780260000000"
           published_date="2015-07-10" publisher_id="129"/>
    <books book_id="827" title="The Dark Net: Inside the Digital Underworld" total_pages="320" rating="3.66"
           isbn="9780430000000" published_date="2014-08-21" publisher_id="234"/>
    <books book_id="828" title="Physically Based Rendering: From Theory to Implementation" total_pages="1167"
           rating="4.58" isbn="9780120000000" published_date="2010-07-12" publisher_id="133"/>
    <books book_id="829" title="Competitive Programming 3" total_pages="447" rating="4.62" published_date="2013-06-07"
           publisher_id="107"/>
    <books book_id="830" title="Coding the Matrix: Linear Algebra through Computer Science Applications"
           total_pages="528" rating="4.32" isbn="9780620000000" published_date="2013-07-26" publisher_id="51"/>
    <books book_id="831" title="Zero to One: Notes on Startups, or How to Build the Future" total_pages="195"
           rating="4.16" isbn="9780800000000" published_date="2014-09-16" publisher_id="57"/>
    <books book_id="832" title="Readings in Database Systems" total_pages="685" rating="4.71" isbn="9781560000000"
           published_date="1998-01-01" publisher_id="133"/>
    <books book_id="833" title="The Data Warehouse Toolkit: The Complete Guide to Dimensional Modeling"
           total_pages="464" rating="4.12" isbn="9780470000000" published_date="2002-04-26" publisher_id="100"/>
    <books book_id="834" title="Python Crash Course: A Hands-On, Project-Based Introduction to Programming"
           total_pages="560" rating="4.25" isbn="9781590000000" published_date="2015-12-03" publisher_id="139"/>
    <books book_id="835" title="Data Smart: Using Data Science to Transform Information into Insight" total_pages="409"
           rating="4.17" isbn="9781120000000" published_date="2013-10-31" publisher_id="100"/>
    <books book_id="836" title="The Principles of Object-Oriented JavaScript" total_pages="120" rating="4.38"
           published_date="2014-02-07" publisher_id="139"/>
    <books book_id="837"
           title="The UNIX Hater&apos;s Handbook: The Best of UNIX-Haters On-line Mailing Reveals Why UNIX Must Die,"
           total_pages="329" rating="3.68" isbn="9781570000000" published_date="1994-06-01" publisher_id="95"/>
    <books book_id="838" title="Thinking in Systems: A Primer" total_pages="240" rating="4.26" isbn="9781600000000"
           published_date="2008-12-03" publisher_id="42"/>
    <books book_id="839" title="The Art of Prolog: Advanced Programming Techniques" total_pages="552" rating="3.91"
           isbn="9780260000000" published_date="1994-03-10" publisher_id="129"/>
    <books book_id="840" title="Tcp/IP Illustrated, Volume 1: The Protocols" total_pages="1017" rating="4.60"
           isbn="9780320000000" published_date="2011-11-25" publisher_id="5"/>
    <books book_id="841" title="Realm of Racket: Learn to Program, One Game at a Time," total_pages="312" rating="3.69"
           isbn="9781590000000" published_date="2013-06-25" publisher_id="139"/>
    <books book_id="842" title="Metamagical Themas: Questing for the Essence of Mind and Pattern" total_pages="880"
           rating="4.18" isbn="9780470000000" published_date="1996-04-05" publisher_id="24"/>
    <books book_id="843" title="Hadoop: The Definitive Guide" total_pages="528" rating="3.94" isbn="9780600000000"
           published_date="2009-06-12" publisher_id="1"/>
    <books book_id="844" title="Complexity: A Guided Tour" total_pages="349" rating="4.06" isbn="9780200000000"
           published_date="2009-04-01" publisher_id="150"/>
    <books book_id="845" title="Principles of Compiler Design" total_pages="604" rating="3.97" isbn="9780200000000"
           published_date="1977-03-23" publisher_id="5"/>
    <books book_id="846" title="Version Control with Git" total_pages="297" rating="3.89" isbn="9780600000000"
           published_date="2009-06-11" publisher_id="1"/>
    <books book_id="847" title="Mindstorms: Children, Computers, And Powerful Ideas" total_pages="252" rating="4.30"
           isbn="9780470000000" published_date="1993-08-04" publisher_id="24"/>
    <books book_id="848" title="Specification by Example" total_pages="249" rating="4.04" isbn="9781620000000"
           published_date="2011-06-03" publisher_id="111"/>
    <books book_id="849" title="Algorithmic Puzzles" total_pages="257" rating="4.11" isbn="9780200000000"
           published_date="2011-10-14" publisher_id="150"/>
    <books book_id="850" title="You Are Not a Gadget" total_pages="221" rating="3.54" isbn="9780310000000"
           published_date="2010-01-12" publisher_id="11"/>
    <books book_id="851" title="Smalltalk Best Practice Patterns" total_pages="224" rating="4.18" isbn="9780130000000"
           published_date="1996-10-13" publisher_id="169"/>
    <books book_id="852" title="Mathematics for 3D Game Programming and Computer Graphics" total_pages="545"
           rating="4.05" isbn="8581030000000" published_date="2011-06-02" publisher_id="39"/>
    <books book_id="853" title="Code Simplicity: The Fundamentals of Software" total_pages="84" rating="3.62"
           isbn="9781450000000" published_date="2012-04-05" publisher_id="1"/>
    <books book_id="854"
           title="Framework Design Guidelines: Conventions, Idioms, and Patterns for Reusable .NET Libraries"
           total_pages="480" rating="4.21" isbn="9780320000000" published_date="2008-10-22" publisher_id="5"/>
    <books book_id="855" title="Logicomix: An Epic Search for Truth" total_pages="352" rating="4.03"
           isbn="9781600000000" published_date="2009-10-05" publisher_id="28"/>
    <books book_id="856" title="Introduction to Modern Cryptography: Principles and Protocols" total_pages="534"
           rating="4.30" isbn="9781580000000" published_date="2007-08-31" publisher_id="50"/>
    <books book_id="857" title="Modern Compiler Implementation in ML" total_pages="552" rating="3.91"
           isbn="9780520000000" published_date="2004-05-26" publisher_id="34"/>
    <books book_id="858"
           title="Debugging: The 9 Indispensable Rules for Finding Even the Most Elusive Software and Hardware Problems"
           total_pages="192" rating="4.22" isbn="9780810000000" published_date="2006-11-05" publisher_id="12"/>
    <books book_id="859" title="Metaprogramming Ruby" total_pages="296" rating="4.33" isbn="9781930000000"
           published_date="2010-02-22" publisher_id="167"/>
    <books book_id="860" title="DNS and BIND" total_pages="642" rating="3.96" isbn="9780600000000"
           published_date="2006-06-02" publisher_id="1"/>
    <books book_id="861" title="Social Engineering: The Art of Human Hacking" total_pages="382" rating="3.82"
           isbn="9780470000000" published_date="2010-12-21" publisher_id="232"/>
    <books book_id="862" title="Modern Compiler Implementation in C" total_pages="556" rating="3.60"
           isbn="9780520000000" published_date="2004-05-26" publisher_id="34"/>
    <books book_id="863"
           title="Data Analysis with Open Source Tools: A Hands-On Guide for Programmers and Data Scientists"
           total_pages="509" rating="4.05" isbn="9780600000000" published_date="2010-11-28" publisher_id="1"/>
    <books book_id="864"
           title="The Art of Computer Programming, Volume 4, Fascicle 3: Generating All Combinations and Partitions"
           total_pages="160" rating="4.50" isbn="9780200000000" published_date="2005-07-01" publisher_id="5"/>
    <books book_id="865" title="The Agile Samurai: How Agile Masters Deliver Great Software" total_pages="267"
           rating="3.93" published_date="2010-03-23" publisher_id="208"/>
    <books book_id="866" title="Handbook of Applied Cryptography" total_pages="810" rating="4.03" isbn="9780850000000"
           published_date="1996-10-16" publisher_id="50"/>
    <books book_id="867" title="Algorithmics: The Spirit of Computing" total_pages="480" rating="3.94"
           isbn="9780200000000" published_date="1992-01-23" publisher_id="5"/>
    <books book_id="868" title="Haskell: The Craft of Functional Programming" total_pages="487" rating="3.53"
           isbn="9780200000000" published_date="1999-03-29" publisher_id="5"/>
    <books book_id="869" title="WindowsÃÂ® Internals, Part 1: Covering Windows ServerÃÂ® 2008 R2 and Windows 7"
           total_pages="754" rating="4.43" isbn="9780740000000" published_date="2012-04-05" publisher_id="128"/>
    <books book_id="870" title="Data Structures and Algorithms in Java" total_pages="800" rating="4.09"
           isbn="9780670000000" published_date="2002-11-16" publisher_id="186"/>
    <books book_id="871" title="The Man Who Knew Too Much: Alan Turing and the Invention of the Computer"
           total_pages="336" rating="3.48" isbn="9780390000000" published_date="2006-11-17" publisher_id="223"/>
    <books book_id="872" title="Free as in Freedom: Richard Stallman&apos;s Crusade for Free Software" total_pages="240"
           rating="3.81" isbn="9780600000000" published_date="2002-03-08" publisher_id="1"/>
    <books book_id="873" title="The Design and Implementation of the FreeBSD Operating System" total_pages="720"
           rating="4.31" isbn="9780200000000" published_date="2004-08-01" publisher_id="5"/>
    <books book_id="874" title="Eloquent Ruby" total_pages="413" rating="4.35" isbn="9780320000000"
           published_date="2011-02-21" publisher_id="5"/>
    <books book_id="875" title="Dealers of Lightning: Xerox PARC and the Dawn of the Computer Age" total_pages="480"
           rating="4.13" isbn="9780890000000" published_date="2000-04-05" publisher_id="88"/>
    <books book_id="876" title="LISP in Small Pieces" total_pages="514" rating="4.28" isbn="9780520000000"
           published_date="2003-10-18" publisher_id="34"/>
    <books book_id="877" title="User Stories Applied: For Agile Software Development" total_pages="268" rating="3.88"
           isbn="9780320000000" published_date="2004-03-11" publisher_id="5"/>
    <books book_id="878" title="REST in Practice: Hypermedia and Systems Architecture" total_pages="448" rating="3.82"
           isbn="9780600000000" published_date="2010-09-24" publisher_id="1"/>
    <books book_id="879" title="Programming Languages: Application and Interpretation" total_pages="360" rating="4.09"/>
    <books book_id="880" title="Agile Estimating and Planning" total_pages="330" rating="4.09" isbn="9780130000000"
           published_date="2005-11-01" publisher_id="169"/>
    <books book_id="881" title="Neural Networks for Pattern Recognition" total_pages="504" rating="4.07"
           isbn="9780200000000" published_date="1996-01-18" publisher_id="43"/>
    <books book_id="882"
           title="iWoz: Computer Geek to Cult Icon: How I Invented the Personal Computer, Co-Founded Apple, and Had Fun Doing It"
           total_pages="313" rating="3.85" isbn="9780390000000" published_date="2007-10-17" publisher_id="223"/>
    <books book_id="883" title="Database Management Systems" total_pages="1104" rating="3.76" isbn="9780070000000"
           published_date="2002-08-14" publisher_id="119"/>
    <books book_id="884" title="97 Things Every Software Architect Should Know: Collective Wisdom from the Experts"
           total_pages="222" rating="3.60" isbn="9780600000000" published_date="2009-02-12" publisher_id="1"/>
    <books book_id="885" title="Snow Crash" total_pages="480" rating="4.03" published_date="2003-08-26"
           publisher_id="197"/>
    <books book_id="886" title="ANSI Common Lisp" total_pages="444" rating="4.12" isbn="9780130000000"
           published_date="1996-03-23" publisher_id="157"/>
    <books book_id="887" title="An Introduction to Genetic Algorithms" total_pages="221" rating="3.75"
           isbn="9780260000000" published_date="1998-03-02" publisher_id="32"/>
    <books book_id="888" title="Writing Solid Code" total_pages="288" rating="4.09" isbn="9781560000000"
           published_date="1993-01-01" publisher_id="128"/>
    <books book_id="889" title="Writing Secure Code" total_pages="768" rating="4.01" isbn="9780740000000"
           published_date="2002-12-14" publisher_id="128"/>
    <books book_id="890" title="The Nature of Code" total_pages="520" rating="4.60" isbn="9780990000000"
           published_date="2012-12-13" publisher_id="205"/>
    <books book_id="891" title="Computer System Architecture" total_pages="544" rating="3.80" isbn="9780130000000"
           published_date="1992-10-29" publisher_id="169"/>
    <books book_id="892" title="C++ Standard Library: A Tutorial and Reference" total_pages="832" rating="4.15"
           isbn="9780200000000" published_date="1999-08-12" publisher_id="5"/>
    <books book_id="893" title="The Design and Analysis of Computer Algorithms" total_pages="480" rating="3.85"
           isbn="9780200000000" published_date="1974-01-11" publisher_id="157"/>
    <books book_id="894" title="Combinatorial Optimization: Algorithms and Complexity" total_pages="528" rating="3.98"
           isbn="9780490000000" published_date="1998-01-29" publisher_id="68"/>
    <books book_id="895"
           title="The Art of Computer Programming, Volume 4, Fascicle 0: Introduction to Combinatorial Algorithms and Boolean Functions"
           total_pages="216" rating="4.53" isbn="9780320000000" published_date="2008-05-01" publisher_id="5"/>
    <books book_id="896" title="Algorithms on Strings, Trees and Sequences: Computer Science and Computational Biology"
           total_pages="556" rating="4.05" isbn="9780520000000" published_date="1997-05-01" publisher_id="34"/>
    <books book_id="897" title="Analysis Patterns: Reusable Object Models" total_pages="384" rating="3.78"
           isbn="9780200000000" published_date="1996-10-19" publisher_id="5"/>
    <books book_id="898" title="The Design and Evolution of C++" total_pages="480" rating="4.29" isbn="9780200000000"
           published_date="1994-04-08" publisher_id="5"/>
    <books book_id="899" title="Design Patterns Explained: A New Perspective on Object-Oriented Design"
           total_pages="480" rating="3.87" isbn="9780320000000" published_date="2004-10-22" publisher_id="5"/>
    <books book_id="900" title="Introduction to Machine Learning" total_pages="415" rating="3.67" isbn="9780260000000"
           published_date="2004-10-01" publisher_id="129"/>
    <books book_id="901"
           title="Blockchain Revolution: How the Technology Behind Bitcoin Is Changing Money, Business, and the World"
           total_pages="368" rating="3.36" isbn="9780670000000" published_date="2016-05-10" publisher_id="165"/>
    <books book_id="902" title="Rise of the Robots: Technology and the Threat of a Jobless Future" total_pages="352"
           rating="4.03" isbn="9780470000000" published_date="2015-05-05" publisher_id="24"/>
    <books book_id="903" title="High Performance Browser Networking" total_pages="400" rating="4.52"
           published_date="2013-03-23" publisher_id="1"/>
    <books book_id="904" title="Scrum: The Art of Doing Twice the Work in Half the Time" total_pages="237" rating="4.19"
           isbn="9780390000000" published_date="2014-09-30" publisher_id="57"/>
    <books book_id="905"
           title="Data Science for Business: What you need to know about data mining and data-analytic thinking"
           total_pages="414" rating="4.17" isbn="9781450000000" published_date="2013-08-16" publisher_id="1"/>
    <books book_id="906" title="The Mathematical Theory of Communication" total_pages="125" rating="4.39"
           isbn="9780250000000" published_date="1963-03-23" publisher_id="217"/>
    <books book_id="907" title="The Shallows: What the Internet Is Doing to Our Brains" total_pages="280" rating="3.87"
           isbn="9780390000000" published_date="2011-06-06" publisher_id="223"/>
    <books book_id="908" title="Object Thinking" total_pages="334" rating="3.97" isbn="9780740000000"
           published_date="2004-02-21" publisher_id="128"/>
    <books book_id="909" title="Scala for the Impatient" total_pages="384" rating="4.12" isbn="9780320000000"
           published_date="2012-03-16" publisher_id="5"/>
    <books book_id="910" title="Effective Programming: More Than Writing Code" total_pages="283" rating="3.91"
           published_date="2012-07-10" publisher_id="94"/>
    <books book_id="911"
           title="Violent Python: A Cookbook for Hackers, Forensic Analysts, Penetration Testers and Security Engineers"
           total_pages="288" rating="4.03" isbn="9781600000000" published_date="2012-11-22" publisher_id="203"/>
    <books book_id="912"
           title="The Lean Startup: How Today&apos;s Entrepreneurs Use Continuous Innovation to Create Radically Successful Businesses"
           total_pages="299" rating="4.06" isbn="9780310000000" published_date="2011-09-13" publisher_id="59"/>
    <books book_id="913" title="Digital Design and Computer Architecture" total_pages="592" rating="4.29"
           isbn="9780120000000" published_date="2007-03-01" publisher_id="133"/>
    <books book_id="914" title="Design Patterns in Ruby" total_pages="352" rating="4.16" isbn="9780320000000"
           published_date="2007-12-01" publisher_id="5"/>
    <books book_id="915" title="Linux in a Nutshell" total_pages="925" rating="3.91" isbn="9780600000000"
           published_date="2005-08-06" publisher_id="1"/>
    <books book_id="916" title="Computer Vision: Algorithms and Applications" total_pages="812" rating="4.17"
           isbn="9781850000000" published_date="2010-10-19" publisher_id="199"/>
    <books book_id="917" title="Writing for Computer Science" total_pages="270" rating="3.98" isbn="9781850000000"
           published_date="2004-06-03" publisher_id="199"/>
    <books book_id="918" title="C: A Reference Manual" total_pages="458" rating="4.15" isbn="9780130000000"
           published_date="1994-12-01" publisher_id="169"/>
    <books book_id="919" title="Quantum Computing for Computer Scientists" total_pages="384" rating="4.13"
           isbn="9780520000000" published_date="2008-08-11" publisher_id="34"/>
    <books book_id="920" title="To Mock a Mockingbird and Other Logic Puzzles" total_pages="256" rating="4.13"
           isbn="9780190000000" published_date="2000-11-01" publisher_id="150"/>
    <books book_id="921" title="A Byte of Python" total_pages="149" rating="4.05"/>
    <books book_id="922" title="Discrete Mathematics with Applications" total_pages="928" rating="3.94"
           isbn="9780530000000" published_date="2003-12-22" publisher_id="33"/>
    <books book_id="923" title="Artificial Intelligence" total_pages="640" rating="3.82" isbn="9780070000000"
           published_date="1991-03-01" publisher_id="119"/>
    <books book_id="924" title="Computation: Finite and Infinite Machines (Automatic Computation)" total_pages="317"
           rating="4.57" isbn="9780130000000" published_date="1967-06-01" publisher_id="169"/>
    <books book_id="925" title="sed &amp; awk" total_pages="434" rating="3.83" isbn="9781570000000"
           published_date="1997-03-23" publisher_id="1"/>
    <books book_id="926"
           title="The Inmates Are Running the Asylum: Why High Tech Products Drive Us Crazy and How to Restore the Sanity"
           total_pages="255" rating="3.94" published_date="2004-03-05" publisher_id="186"/>
    <books book_id="927" title="Software Craftsmanship" total_pages="305" rating="4.31" published_date="2014-03-10"
           publisher_id="105"/>
    <books book_id="928" title="You Don&apos;t Know JS: Async &amp; Performance" total_pages="296" rating="4.28"
           isbn="9781490000000" published_date="2015-03-09" publisher_id="1"/>
    <books book_id="929" title="You Don&apos;t Know JS: ES6 &amp; Beyond" total_pages="278" rating="4.37"
           isbn="9781490000000" published_date="2015-12-27" publisher_id="1"/>
    <books book_id="930" title="The Architecture of Open Source Applications" total_pages="432" rating="3.68"
           isbn="9781260000000" published_date="2011-05-25" publisher_id="107"/>
    <books book_id="931" title="Modern C++ Design: Generic Programming and Design Patterns Applied" total_pages="360"
           rating="4.24" isbn="9780200000000" published_date="2001-02-23" publisher_id="5"/>
    <books book_id="932"
           title="The Complete Software Developer&apos;s Career Guide: How to Learn Programming Languages Quickly, Ace Your Programming Interview, and Land Your Software Developer Dream Job"
           total_pages="796" rating="4.20" published_date="2017-07-12" publisher_id="192"/>
    <books book_id="933" title="Countdown to Zero Day: Stuxnet and the Launch of the World&apos;s First Digital Weapon"
           total_pages="406" rating="4.12" isbn="9780770000000" published_date="2014-11-11" publisher_id="56"/>
    <books book_id="934" title="Elements of Programming Interviews: The Insiders&apos; Guide C++" total_pages="480"
           rating="4.28" isbn="9781480000000" published_date="2012-10-11" publisher_id="52"/>
    <books book_id="935" title="Hacking Exposed: Network Security Secrets &amp; Solutions" total_pages="692"
           rating="3.77" isbn="9780070000000" published_date="2005-04-19" publisher_id="119"/>
    <books book_id="936"
           title="The Codebreakers: The Comprehensive History of Secret Communication from Ancient Times to the Internet"
           total_pages="1200" rating="4.20" isbn="9780680000000" published_date="1996-12-05" publisher_id="187"/>
    <books book_id="937" title="Advanced Compiler Design and Implementation" total_pages="856" rating="3.90"
           isbn="9781560000000" published_date="1997-08-15" publisher_id="133"/>
    <books book_id="938" title="Getting Real: The Smarter, Faster, Easier Way to Build a Web Application"
           total_pages="171" rating="4.01" published_date="2006-03-23" publisher_id="188"/>
    <books book_id="939" title="The Art of Readable Code" total_pages="204" rating="3.93" isbn="9780600000000"
           published_date="2011-11-23" publisher_id="1"/>
    <books book_id="940" title="Digital Design" total_pages="516" rating="3.98" isbn="9780130000000"
           published_date="2001-08-01" publisher_id="169"/>
    <books book_id="941" title="Language Implementation Patterns: Techniques for Implementing Domain-Specific Languages"
           total_pages="350" rating="3.80" isbn="9781930000000" published_date="2010-01-07" publisher_id="167"/>
    <books book_id="942" title="The Ruby Programming Language" total_pages="448" rating="4.02" isbn="9780600000000"
           published_date="2008-02-01" publisher_id="1"/>
    <books book_id="943" title="An Introduction to the Analysis of Algorithms" total_pages="512" rating="4.00"
           isbn="9780200000000" published_date="1995-12-10" publisher_id="5"/>
    <books book_id="944" title="The Web Application Hacker&apos;s Handbook: Discovering and Exploiting Security Flaws"
           total_pages="722" rating="4.15" isbn="9780470000000" published_date="2007-10-01" publisher_id="100"/>
    <books book_id="945" title="Python Machine Learning" total_pages="454" rating="4.30" isbn="9781780000000"
           published_date="2015-10-01" publisher_id="152"/>
    <books book_id="946" title="Write Great Code: Volume 1: Understanding the Machine" total_pages="456" rating="3.92"
           isbn="9781590000000" published_date="2004-11-08" publisher_id="139"/>
    <books book_id="947" title="Doing Data Science" total_pages="375" rating="3.74" isbn="9781450000000"
           published_date="2013-11-03" publisher_id="1"/>
    <books book_id="948" title="The Shellcoder&apos;s Handbook: Discovering and Exploiting Security Holes"
           total_pages="718" rating="4.13" isbn="9780470000000" published_date="2007-08-01" publisher_id="232"/>
    <books book_id="949" title="The Science of Programming" rating="3.90" isbn="9780390000000"
           published_date="1989-04-21" publisher_id="199"/>
    <books book_id="950" title="Logic in Computer Science: Modelling and Reasoning about Systems" total_pages="447"
           rating="3.87" isbn="9780520000000" published_date="2004-08-26" publisher_id="34"/>
    <books book_id="951" title="Interaction Design: Beyond Human-Computer Interaction" total_pages="773" rating="3.72"
           isbn="9780470000000" published_date="2007-03-01" publisher_id="100"/>
    <books book_id="952" title="Transaction Processing: Concepts and Techniques" total_pages="1070" rating="4.38"
           isbn="9781560000000" published_date="1992-09-15" publisher_id="133"/>
    <books book_id="953" title="RESTful Web Services" total_pages="454" rating="3.84" isbn="9780600000000"
           published_date="2007-05-15" publisher_id="1"/>
    <books book_id="954" title="Object-Oriented Software Construction (Book/CD-ROM)" total_pages="1296" rating="4.06"
           isbn="9780140000000" published_date="1997-04-03" publisher_id="169"/>
    <books book_id="955" title="Literate Programming" total_pages="384" rating="3.86" isbn="9780940000000"
           published_date="1992-06-01" publisher_id="40"/>
    <books book_id="956" title="Unix Network Programming, Volume 1: Networking APIs - Sockets and XTI"
           total_pages="1009" rating="4.29" isbn="9780130000000" published_date="1997-10-17" publisher_id="169"/>
    <books book_id="957" title="The Well-Grounded Rubyist" total_pages="520" rating="4.34" isbn="9781930000000"
           published_date="2009-06-04" publisher_id="111"/>
    <books book_id="958" title="Category Theory for Programmers" total_pages="396" rating="4.13"
           published_date="2018-10-21"/>
    <books book_id="959" title="The Self-Taught Programmer: The Definitive Guide to Programming Professionally"
           total_pages="301" rating="4.05" published_date="2017-01-24" publisher_id="214"/>
    <books book_id="960"
           title="Digital Gold: Bitcoin and the Inside Story of the Misfits and Millionaires Trying to Reinvent Money"
           total_pages="416" rating="4.17" isbn="9780060000000" published_date="2015-05-19" publisher_id="88"/>
    <books book_id="961" title="Haskell Programming From First Principles" total_pages="1189" rating="4.48"
           published_date="2015-03-23" publisher_id="86"/>
    <books book_id="962" title="Regular Expressions Cookbook" total_pages="510" rating="4.09" isbn="9780600000000"
           published_date="2009-05-29" publisher_id="1"/>
    <books book_id="963" title="You Don&apos;t Know JS: Types &amp; Grammar" total_pages="182" rating="4.47"
           isbn="9781490000000" published_date="2015-02-21" publisher_id="1"/>
    <books book_id="964" title="Introduction to Java Programming: Comprehensive Version" total_pages="1301"
           rating="4.08" isbn="9780130000000" published_date="2006-06-01" publisher_id="169"/>
    <books book_id="965" title="JavaScript Patterns" total_pages="216" rating="4.17" isbn="9780600000000"
           published_date="2010-09-28" publisher_id="1"/>
    <books book_id="966" title="Elements of Information Theory" total_pages="748" rating="4.15" isbn="9780470000000"
           published_date="2006-06-01" publisher_id="233"/>
    <books book_id="967" title="Practical Common LISP" total_pages="499" rating="4.14" isbn="9781590000000"
           published_date="2007-06-26" publisher_id="14"/>
    <books book_id="968" title="Graph Databases" total_pages="224" rating="3.66" isbn="9781450000000"
           published_date="2013-06-17" publisher_id="1"/>
    <books book_id="969" title="Computational Fairy Tales" total_pages="204" rating="3.99" isbn="9781480000000"
           published_date="2012-06-26" publisher_id="52"/>
    <books book_id="970" title="Crypto: How the Code Rebels Beat the Government--Saving Privacy in the Digital Age"
           total_pages="368" rating="3.98" isbn="9780140000000" published_date="2001-12-31" publisher_id="160"/>
    <books book_id="971" title="Learning the vi and Vim Editors" total_pages="494" rating="3.90" isbn="9780600000000"
           published_date="2008-07-22" publisher_id="1"/>
    <books book_id="972" title="Big Data: Principles and best practices of scalable realtime data systems"
           total_pages="328" rating="3.83" isbn="9781620000000" published_date="2012-09-23" publisher_id="111"/>
    <books book_id="973" title="NoSQL Distilled: A Brief Guide to the Emerging World of Polyglot Persistence"
           total_pages="192" rating="4.09" isbn="9780320000000" published_date="2012-08-13" publisher_id="5"/>
    <books book_id="974" title="UNIX and Linux System Administration Handbook" total_pages="1327" rating="4.40"
           isbn="9780130000000" published_date="2014-03-23" publisher_id="169"/>
    <books book_id="975" title="UNIX Power Tools" total_pages="1122" rating="4.14" isbn="9781570000000"
           published_date="1997-08-09" publisher_id="1"/>
    <books book_id="976" title="Silence on the Wire: A Field Guide to Passive Reconnaissance and Indirect Attacks"
           total_pages="312" rating="4.20" isbn="9781590000000" published_date="2005-04-22" publisher_id="139"/>
    <books book_id="977" title="Problem Solving with Algorithms and Data Structures Using Python" total_pages="357"
           rating="4.09" isbn="9781590000000" published_date="2005-09-01" publisher_id="77"/>
    <books book_id="978"
           title="Everybody Lies: Big Data, New Data, and What the Internet Can Tell Us About Who We Really Are"
           total_pages="338" rating="3.92" isbn="9780060000000" published_date="2017-05-09" publisher_id="63"/>
    <books book_id="979"
           title="The DevOps Handbook: How to Create World-Class Agility, Reliability, and Security in Technology Organizations"
           total_pages="437" rating="4.35" isbn="9781940000000" published_date="2016-10-06" publisher_id="97"/>
    <books book_id="980" title="Masters of Doom: How Two Guys Created an Empire and Transformed Pop Culture"
           total_pages="339" rating="4.25" isbn="9780810000000" published_date="2004-05-11" publisher_id="181"/>
    <books book_id="981" title="The Productive Programmer" total_pages="226" rating="3.71" isbn="9780600000000"
           published_date="2008-07-10" publisher_id="1"/>
    <books book_id="982" title="The Haskell Road to Logic, Maths and Programming" total_pages="432" rating="3.68"
           isbn="9780950000000" published_date="2012-03-23" publisher_id="45"/>
    <books book_id="983" title="Python for Data Analysis" total_pages="400" rating="4.10" isbn="9781450000000"
           published_date="2012-10-23" publisher_id="1"/>
    <books book_id="984" title="Land of LISP: Learn to Program in LISP, One Game at a Time," total_pages="504"
           rating="4.14" isbn="9781590000000" published_date="2010-04-28" publisher_id="139"/>
    <books book_id="985" title="Programming in Scala" total_pages="736" rating="4.21" isbn="9780980000000"
           published_date="2008-01-01" publisher_id="16"/>
    <books book_id="986" title="Head First Object-Oriented Analysis and Design: A Brain Friendly Guide to OOA&amp;D"
           total_pages="600" rating="3.96" isbn="9780600000000" published_date="2006-11-01" publisher_id="1"/>
    <books book_id="987" title="Perl Cookbook" total_pages="927" rating="4.01" isbn="9780600000000"
           published_date="2003-08-31" publisher_id="1"/>
    <books book_id="988" title="Cryptography and Network Security: Principles and Practice" total_pages="681"
           rating="4.02" isbn="9780130000000" published_date="2002-08-27" publisher_id="169"/>
    <books book_id="989" title="Spring in Action" total_pages="650" rating="3.93" isbn="9781930000000"
           published_date="2007-08-23" publisher_id="111"/>
    <books book_id="990"
           title="The Art of Invisibility: The World&apos;s Most Famous Hacker Teaches You How to Be Safe in the Age of Big Brother and Big Data"
           total_pages="320" rating="3.99" isbn="9780320000000" published_date="2017-02-14" publisher_id="106"/>
    <books book_id="991" title="Programming: Principles and Practice Using C++" total_pages="1236" rating="4.17"
           isbn="9780320000000" published_date="2008-12-25" publisher_id="5"/>
    <books book_id="992" title="The Imposter&apos;s Handbook" total_pages="463" rating="3.97"
           published_date="2016-09-23" publisher_id="26"/>
    <books book_id="993" title="Where Wizards Stay Up Late: The Origins of the Internet" total_pages="304" rating="3.87"
           isbn="9780680000000" published_date="1998-01-21" publisher_id="190"/>
    <books book_id="994" title="The Go Programming Language" total_pages="380" rating="4.45" isbn="9780130000000"
           published_date="2015-08-27" publisher_id="5"/>
    <books book_id="995" title="The Thrilling Adventures of Lovelace and Babbage" total_pages="317" rating="4.05"
           isbn="9780310000000" published_date="2015-04-21" publisher_id="154"/>
    <books book_id="996" title="The Dream Machine: J.C.R. Licklider and the Revolution That Made Computing Personal"
           total_pages="512" rating="4.48" isbn="9780140000000" published_date="2002-08-27" publisher_id="160"/>
    <books book_id="997" title="Java 8 in Action" total_pages="394" rating="4.31" published_date="2014-08-23"
           publisher_id="111"/>
    <books book_id="998" title="Essential Scrum: A Practical Guide to the Most Popular Agile Process" total_pages="496"
           rating="4.14" isbn="9780140000000" published_date="2012-08-05" publisher_id="5"/>
    <books book_id="999" title="Learning From Data: A Short Course" total_pages="213" rating="4.43" isbn="9781600000000"
           published_date="2012-03-23" publisher_id="13"/>
    <books book_id="1000" title="High Performance Web Sites" total_pages="146" rating="4.17" isbn="9780600000000"
           published_date="2007-09-21" publisher_id="1"/>
    <books book_id="1001" title="Dependency Injection in .NET" total_pages="584" rating="4.35" isbn="9781940000000"
           published_date="2011-09-28" publisher_id="111"/>
    <books book_id="1002" title="Introduction to Functional Programming" total_pages="293" rating="4.13"
           isbn="9780130000000"/>
    <books book_id="1003" title="Pattern Classification" total_pages="688" rating="4.02" isbn="9780470000000"
           published_date="2000-11-09" publisher_id="233"/>
    <books book_id="1004" title="Real-Time Rendering" total_pages="1027" rating="4.48" isbn="9781570000000"
           published_date="2008-07-25" publisher_id="3"/>
    <books book_id="1005" title="Kingpin: How One Hacker Took Over the Billion-Dollar Cybercrime Underground"
           total_pages="288" rating="3.94" isbn="9780310000000" published_date="2011-02-22" publisher_id="56"/>
    <books book_id="1006" title="Practical Foundations for Programming Languages" total_pages="582" rating="4.03"
           published_date="2012-01-30" publisher_id="36"/>
    <books book_id="1007" title="The Golden Ticket: P, Np, and the Search for the Impossible" total_pages="176"
           rating="3.60" isbn="9780690000000" published_date="2013-03-31" publisher_id="174"/>
    <books book_id="1008" title="xUnit Test Patterns: Refactoring Test Code" total_pages="883" rating="3.92"
           isbn="9780130000000" published_date="2007-05-01" publisher_id="5"/>
    <books book_id="1009" title="Computational Geometry: Algorithms and Applications" total_pages="367" rating="4.05"
           isbn="9783540000000" published_date="2000-02-18" publisher_id="199"/>
    <books book_id="1010" title="Head First C#" total_pages="714" rating="3.92" isbn="9780600000000"
           published_date="2007-12-03" publisher_id="1"/>
    <books book_id="1011" title="Programming Erlang" total_pages="519" rating="3.97" isbn="9781930000000"
           published_date="2007-07-18" publisher_id="167"/>
    <books book_id="1012" title="C Primer Plus" total_pages="959" rating="4.10" isbn="752063000000"
           published_date="2004-11-23" publisher_id="186"/>
    <books book_id="1014" title="Dive Into Python" total_pages="413" rating="3.96" isbn="9781590000000"
           published_date="2004-11-05" publisher_id="14"/>
    <books book_id="1015" title="Java Puzzlers: Traps, Pitfalls, and Corner Cases" total_pages="282" rating="4.20"
           isbn="9780320000000" published_date="2005-09-01" publisher_id="5"/>
    <books book_id="1016" title="Learning the bash Shell" total_pages="333" rating="3.89" isbn="9780600000000"
           published_date="2005-04-08" publisher_id="1"/>
    <books book_id="1017" title="Practices of an Agile Developer: Working in the Real World" total_pages="189"
           rating="3.88" isbn="9780970000000" published_date="2006-04-01" publisher_id="167"/>
    <books book_id="1018" title="A New Kind of Science" total_pages="1264" rating="3.56" isbn="9781580000000"
           published_date="2002-05-01" publisher_id="236"/>
    <books book_id="1019"
           title="The Computational Beauty of Nature: Computer Explorations of Fractals, Chaos, Complex Systems, and Adaptation"
           total_pages="514" rating="4.34" isbn="9780260000000" published_date="2000-01-27" publisher_id="32"/>
    <books book_id="1020" title="Introduction to Algorithms: A Creative Approach" total_pages="478" rating="4.23"
           isbn="9780200000000" published_date="1989-01-11" publisher_id="5"/>
    <books book_id="1021" title="The Art of Multiprocessor Programming" total_pages="508" rating="3.96"
           isbn="9780120000000" published_date="2008-03-01" publisher_id="133"/>
    <books book_id="1022" title="An Introduction to Information Theory: Symbols, Signals and Noise" total_pages="306"
           rating="3.95" isbn="9780490000000" published_date="1980-11-01" publisher_id="68"/>
    <books book_id="1023" title="The Book of Why: The New Science of Cause and Effect" total_pages="432" rating="4.01"
           isbn="9780470000000" published_date="2018-05-15" publisher_id="24"/>
    <books book_id="1024" title="Selected Papers on Computer Science" total_pages="276" rating="3.88"
           isbn="9781880000000" published_date="2004-11-15" publisher_id="40"/>
    <books book_id="1025" title="Software Estimation: Demystifying the Black Art" total_pages="308" rating="4.03"
           isbn="9780740000000" published_date="2006-03-04" publisher_id="128"/>
    <books book_id="1026" title="An Introduction to Database Systems" total_pages="1040" rating="3.93"
           isbn="9780320000000" published_date="2003-08-01" publisher_id="157"/>
    <books book_id="1027" title="Programming Python" total_pages="1552" rating="3.96" isbn="9780600000000"
           published_date="2006-08-01" publisher_id="1"/>
    <books book_id="1028" title="Object-Oriented Analysis and Design with Applications" total_pages="720" rating="3.90"
           isbn="9780200000000" published_date="2007-04-01" publisher_id="5"/>
    <books book_id="1029" title="Data Mining: Practical Machine Learning Tools and Techniques" total_pages="525"
           rating="3.87" isbn="9780120000000" published_date="2005-06-01" publisher_id="133"/>
    <books book_id="1030" title="Make Your Own Neural Network" total_pages="252" rating="4.36"
           published_date="2016-03-29"/>
    <books book_id="1031"
           title="The Effective Engineer: How to Leverage Your Efforts In Software Engineering to Make a Disproportionate and Meaningful Impact"
           total_pages="260" rating="4.30" isbn="9781000000000" published_date="2015-03-19" publisher_id="72"/>
    <books book_id="1032"
           title="The Little Book of Semaphores: The Ins and Outs of Concurrency Control and Common Mistakes"
           total_pages="294" rating="4.41" isbn="9781440000000" published_date="2009-03-20" publisher_id="51"/>
    <books book_id="1033" title="Neural Networks and Deep Learning" rating="4.49" published_date="2013-11-25"/>
    <books book_id="1034" title="How Google Works" total_pages="305" rating="4.05" published_date="2014-09-23"
           publisher_id="99"/>
    <books book_id="1035" title="Seven Concurrency Models in Seven Weeks: When Threads Unravel" total_pages="267"
           rating="3.84" isbn="9781940000000" published_date="2014-02-25" publisher_id="167"/>
    <books book_id="1036" title="Think Complexity: Complexity Science and Computational Modeling" total_pages="160"
           rating="3.89" isbn="9781450000000" published_date="2012-03-09" publisher_id="1"/>
    <books book_id="1037" title="Introduction to Computation and Programming Using Python" total_pages="268"
           rating="4.20" isbn="9780260000000" published_date="2013-01-18" publisher_id="129"/>
    <books book_id="1038" title="Mining of Massive Datasets" total_pages="326" rating="4.37" isbn="9781110000000"
           published_date="2011-12-30" publisher_id="34"/>
    <books book_id="1039" title="About Face 3: The Essentials of Interaction Design" total_pages="610" rating="4.04"
           isbn="9780470000000" published_date="2007-05-01" publisher_id="100"/>
    <books book_id="1040" title="Computability and Logic" total_pages="350" rating="4.01" isbn="9780520000000"
           published_date="2007-10-01" publisher_id="34"/>
    <books book_id="1041" title="Pearls of Functional Algorithm Design" total_pages="277" rating="4.18"
           isbn="9780520000000" published_date="2010-11-01" publisher_id="34"/>
    <books book_id="1042" title="Reversing: Secrets of Reverse Engineering" total_pages="624" rating="4.03"
           isbn="9780760000000" published_date="2005-04-15" publisher_id="232"/>
    <books book_id="1043" title="An Introduction to Formal Language and Automata" total_pages="415" rating="3.80"
           isbn="9780760000000" published_date="2006-02-17" publisher_id="101"/>
    <books book_id="1044" title="Effective STL: 50 Specific Ways to Improve Your Use of the Standard Template Library"
           total_pages="288" rating="4.20" isbn="9780200000000" published_date="2001-06-16" publisher_id="5"/>
    <books book_id="1045" title="Just for Fun: The Story of an Accidental Revolutionary" total_pages="288" rating="3.91"
           isbn="9780070000000" published_date="2002-06-04" publisher_id="88"/>
    <books book_id="1046" title="Cryptography Engineering: Design Principles and Practical Applications"
           total_pages="353" rating="4.18" isbn="9780470000000" published_date="2010-03-08" publisher_id="232"/>
    <books book_id="1047"
           title="The Art of Intrusion: The Real Stories Behind the Exploits of Hackers, Intruders and Deceivers"
           total_pages="270" rating="3.88" isbn="9780470000000" published_date="2006-01-01" publisher_id="232"/>
    <books book_id="1048" title="Life 3.0: Being Human in the Age of Artificial Intelligence" total_pages="384"
           rating="4.08" isbn="9780450000000" published_date="2017-08-29" publisher_id="180"/>
    <books book_id="1049" title="Machine Learning: A Probabilistic Perspective" total_pages="1104" rating="4.37"
           isbn="9780260000000" published_date="2012-08-24" publisher_id="129"/>
    <books book_id="1050" title="You Don&apos;t Know JS: this &amp; Object Prototypes" total_pages="174" rating="4.46"
           isbn="9781490000000" published_date="2014-07-27" publisher_id="1"/>
    <books book_id="1051" title="Probability and Computing: Randomized Algorithms and Probabilistic Analysis"
           total_pages="370" rating="4.09" isbn="9780520000000" published_date="2005-03-01" publisher_id="34"/>
    <books book_id="1052"
           title="The Second Machine Age: Work, Progress, and Prosperity in a Time of Brilliant Technologies"
           total_pages="336" rating="3.95" isbn="9780390000000" published_date="2016-01-25" publisher_id="223"/>
    <books book_id="1053" title="Our Final Invention: Artificial Intelligence and the End of the Human Era"
           total_pages="336" rating="3.75" isbn="9780310000000" published_date="2013-10-01" publisher_id="209"/>
    <books book_id="1054" title="Automate This: How Algorithms Came to Rule Our World" total_pages="256" rating="3.83"
           isbn="9781590000000" published_date="2012-08-30" publisher_id="165"/>
    <books book_id="1055"
           title="The Essential Turing: Seminal Writings in Computing, Logic, Philosophy, Artificial Intelligence, and Artificial Life Plus the Secrets of Eni"
           total_pages="622" rating="4.19" isbn="9780200000000" published_date="2013-06-24" publisher_id="149"/>
    <books book_id="1056" title="How to Prove It: A Structured Approach" total_pages="384" rating="4.26"
           isbn="9780520000000" published_date="2006-03-01" publisher_id="34"/>
    <books book_id="1057" title="How Google Tests Software" total_pages="281" rating="3.77" isbn="9780320000000"
           published_date="2012-04-02" publisher_id="5"/>
    <books book_id="1058" title="Lauren Ipsum" total_pages="150" rating="3.90" published_date="2011-12-03"
           publisher_id="141"/>
    <books book_id="1059" title="Basic Category Theory for Computer Scientists" total_pages="100" rating="3.54"
           isbn="9780260000000" published_date="1991-08-07" publisher_id="129"/>
    <books book_id="1060" title="Python Cookbook" total_pages="706" rating="4.13" isbn="9781450000000"
           published_date="2013-05-29" publisher_id="1"/>
    <books book_id="1061" title="Mastering Bitcoin: Unlocking Digital Cryptocurrencies" total_pages="298" rating="4.32"
           isbn="9781450000000" published_date="2014-12-27" publisher_id="1"/>
    <books book_id="1062" title="Facts and Fallacies of Software Engineering" total_pages="216" rating="3.95"
           isbn="9780320000000" published_date="2002-11-07" publisher_id="5"/>
    <books book_id="1063" title="Metasploit: The Penetration Tester&apos;s Guide" total_pages="328" rating="4.04"
           isbn="9781590000000" published_date="2011-07-22" publisher_id="139"/>
    <books book_id="1064" title="Seven Databases in Seven Weeks: A Guide to Modern Databases and the NoSQL Movement"
           total_pages="352" rating="4.02" isbn="9781930000000" published_date="2012-05-18" publisher_id="167"/>
    <books book_id="1065"
           title="The Most Human Human: What Talking with Computers Teaches Us About What It Means to Be Alive"
           total_pages="303" rating="3.93" isbn="9780390000000" published_date="2011-03-01" publisher_id="104"/>
    <books book_id="1066" title="Domain-Specific Languages" total_pages="597" rating="3.87" isbn="9780320000000"
           published_date="2011-03-23" publisher_id="5"/>
    <books book_id="1067" title="Numerical Recipes in C: The Art of Scientific Computing" total_pages="1020"
           rating="4.17" isbn="9780520000000" published_date="1992-10-30" publisher_id="34"/>
    <books book_id="1068" title="Things a Computer Scientist Rarely Talks About" total_pages="257" rating="3.98"
           isbn="9781580000000" published_date="2003-08-01" publisher_id="40"/>
    <books book_id="1069" title="Advanced Topics in Types and Programming Languages" total_pages="588" rating="3.92"
           isbn="9780260000000" published_date="2004-12-23" publisher_id="129"/>
    <books book_id="1070" title="The Emperor&apos;s New Mind: Concerning Computers, Minds and the Laws of Physics"
           total_pages="640" rating="3.86" isbn="9780190000000" published_date="2002-12-12" publisher_id="150"/>
    <books book_id="1071" title="The Seasoned Schemer" total_pages="224" rating="4.30" isbn="9780260000000"
           published_date="1995-12-21" publisher_id="129"/>
    <books book_id="1072"
           title="Dreaming in Code: Two Dozen Programmers, Three Years, 4,732 Bugs, and One Quest for Transcendent Software"
           total_pages="416" rating="3.69" isbn="9781400000000" published_date="2007-01-16" publisher_id="58"/>
    <books book_id="1073" title="Machine Learning for Hackers" total_pages="322" rating="3.72"
           published_date="2012-02-23" publisher_id="1"/>
    <books book_id="1074" title="The Universal Computer: The Road from Leibniz to Turing" total_pages="257"
           rating="4.12" isbn="9780390000000" published_date="2000-10-17" publisher_id="223"/>
    <books book_id="1075" title="On Lisp: Advanced Techniques for Common Lisp" total_pages="413" rating="4.31"
           isbn="9780130000000" published_date="1993-09-09" publisher_id="169"/>
    <books book_id="1076" title="UML Distilled: A Brief Guide to the Standard Object Modeling Language"
           total_pages="208" rating="3.78" isbn="9780320000000" published_date="2003-09-25" publisher_id="5"/>
    <books book_id="1077" title="Practical Vim: Edit Text at the Speed of Thought" total_pages="300" rating="4.47"
           isbn="9781930000000" published_date="2012-09-23" publisher_id="208"/>
    <books book_id="1078" title="Probabilistic Graphical Models: Principles and Techniques" total_pages="1231"
           rating="4.21" isbn="9780260000000" published_date="2009-08-01" publisher_id="129"/>
    <books book_id="1079" title="C++ Primer Plus" total_pages="1202" rating="4.05" isbn="752063000000"
           published_date="2004-11-15" publisher_id="186"/>
    <books book_id="1080" title="Game Engine Architecture" total_pages="860" rating="4.33" isbn="9781570000000"
           published_date="2009-06-15" publisher_id="3"/>
    <books book_id="1081" title="Algorithms in a Nutshell" total_pages="343" rating="3.88" isbn="9780600000000"
           published_date="2008-10-01" publisher_id="1"/>
    <books book_id="1082"
           title="Data Mining: Concepts and Techniques (The Morgan Kaufmann Series in Data Management Systems)"
           total_pages="772" rating="3.89" isbn="9781560000000" published_date="2006-03-01" publisher_id="133"/>
    <books book_id="1083" title="Cryptonomicon" total_pages="1139" rating="4.25" isbn="9780060000000"
           published_date="2002-11-01" publisher_id="19"/>
    <books book_id="1084" title="Computer Science: An Overview" total_pages="599" rating="3.77" isbn="9780320000000"
           published_date="2006-02-01" publisher_id="5"/>
    <books book_id="1085" title="Think Like a Programmer: An Introduction to Creative Problem Solving" total_pages="233"
           rating="3.90" isbn="9781590000000" published_date="2012-08-08" publisher_id="139"/>
    <books book_id="1086" title="Data Structures and Algorithms" total_pages="448" rating="3.87" isbn="9780200000000"
           published_date="1983-01-11" publisher_id="157"/>
    <books book_id="1087" title="Programming in Haskell" total_pages="171" rating="4.00" isbn="9780520000000"
           published_date="2007-01-15" publisher_id="34"/>
    <books book_id="1088" title="The Nature of Computation" total_pages="1032" rating="4.59" isbn="9780200000000"
           published_date="2011-09-26" publisher_id="150"/>
    <books book_id="1089" title="Quantum Computation and Quantum Information" total_pages="700" rating="4.31"
           isbn="9780520000000" published_date="2000-10-23" publisher_id="34"/>
    <books book_id="1090" title="The Singularity is Near: When Humans Transcend Biology" total_pages="652" rating="3.94"
           isbn="9780140000000" published_date="2006-09-26" publisher_id="160"/>
    <books book_id="1091" title="Security Engineering: A Guide to Building Dependable Distributed Systems"
           total_pages="1040" rating="4.20" isbn="9780470000000" published_date="2008-04-01" publisher_id="232"/>
    <books book_id="1092" title="A Philosophy of Software Design" total_pages="190" rating="4.12" isbn="9781730000000"
           published_date="2018-04-06" publisher_id="240"/>
    <books book_id="1093" title="Computer Science Distilled: Learn the Art of Solving Computational Problems"
           rating="4.10" isbn="9781000000000" published_date="2017-01-17" publisher_id="44"/>
    <books book_id="1094" title="Soft Skills: The Software Developer&apos;s Life Manual" total_pages="470"
           rating="3.92"/>
    <books book_id="1095" title="How to Solve It: A New Aspect of Mathematical Method" total_pages="288" rating="4.16"
           isbn="9780690000000" published_date="2015-09-25" publisher_id="174"/>
    <books book_id="1096" title="Game Programming Patterns" total_pages="300" rating="4.51" isbn="9781430000000"
           published_date="2011-01-01" publisher_id="83"/>
    <books book_id="1097" title="You Don&apos;t Know JS: Up &amp; Going" total_pages="72" rating="4.31"
           isbn="9781490000000" published_date="2015-04-23" publisher_id="1"/>
    <books book_id="1098" title="Reinforcement Learning: An Introduction" total_pages="322" rating="4.45"
           isbn="9780260000000" published_date="1998-02-26" publisher_id="32"/>
    <books book_id="1099" title="Learn Python The Hard Way" total_pages="210" rating="3.89"/>
    <books book_id="1100" title="Data and Goliath: The Hidden Battles to Collect Your Data and Control Your World"
           total_pages="448" rating="4.03" isbn="9780390000000" published_date="2016-02-08" publisher_id="223"/>
    <books book_id="1101" title="A Tour of C++" total_pages="192" rating="4.24" isbn="9780320000000"
           published_date="2013-10-03" publisher_id="5"/>
    <books book_id="1102" title="JavaScript and jQuery: Interactive Front-End Web Development" total_pages="640"
           rating="4.35" isbn="9781120000000" published_date="2014-06-30" publisher_id="232"/>
    <books book_id="1103" title="The Art of Computer Programming, Volume 4A: Combinatorial Algorithms, Part 1"
           total_pages="912" rating="4.54" isbn="9780200000000" published_date="2011-01-22" publisher_id="5"/>
    <books book_id="1104" title="Agile Principles, Patterns, and Practices in C#" total_pages="732" rating="4.32"
           isbn="9780130000000" published_date="2006-07-30" publisher_id="169"/>
    <books book_id="1105" title="Agile Web Development with Rails: A Pragmatic Guide" total_pages="558" rating="3.91"
           isbn="9780980000000" published_date="2005-07-28" publisher_id="167"/>
    <books book_id="1106" title="Elements of the Theory of Computation" total_pages="384" rating="3.84"
           isbn="9780130000000" published_date="1997-08-17" publisher_id="157"/>
    <books book_id="1107" title="Digital Image Processing" total_pages="793" rating="4.01" isbn="9780200000000"
           published_date="2001-11-09" publisher_id="169"/>
    <books book_id="1108" title="Secrets of the JavaScript Ninja" total_pages="370" rating="4.17" isbn="9781930000000"
           published_date="2013-01-14" publisher_id="111"/>
    <books book_id="1109" title="On Intelligence" total_pages="261" rating="4.13" isbn="9780810000000"
           published_date="2005-08-01" publisher_id="200"/>
    <books book_id="1110" title="Secrets and Lies: Digital Security in a Networked World" total_pages="401"
           rating="3.89" isbn="9780470000000" published_date="2004-01-30" publisher_id="232"/>
    <books book_id="1111" title="Software Architecture in Practice" total_pages="560" rating="3.72" isbn="785342000000"
           published_date="2003-04-09" publisher_id="5"/>
    <books book_id="1112" title="The Pattern on the Stone: The Simple Ideas that Make Computers Work" total_pages="176"
           rating="4.04" isbn="9780470000000" published_date="1999-10-08" publisher_id="24"/>
    <books book_id="1113" title="Software Engineering: A Practitioner&apos;s Approach" total_pages="793" rating="3.70"
           isbn="9780070000000" published_date="2004-03-01" publisher_id="119"/>
    <books book_id="1114" title="Foundations of Computer Science: C Edition" total_pages="800" rating="4.01"
           isbn="9780720000000" published_date="1994-10-15" publisher_id="226"/>
    <books book_id="1115" title="Python Programming: An Introduction to Computer Science" total_pages="517"
           rating="4.00" isbn="9781890000000" published_date="2003-12-01" publisher_id="77"/>
    <books book_id="1116" title="Introduction to the Design and Analysis of Algorithms" total_pages="565" rating="3.97"
           isbn="9780130000000" published_date="2011-10-09" publisher_id="157"/>
    <books book_id="1117" title="How Computers Work" total_pages="464" rating="3.89" isbn="9780790000000"
           published_date="2005-11-19" publisher_id="179"/>
    <books book_id="1118" title="Thinking in Java" total_pages="1482" rating="4.16" isbn="9780130000000"
           published_date="2006-02-20" publisher_id="169"/>
    <books book_id="1119" title="From Mathematics to Generic Programming" total_pages="320" rating="4.15"
           isbn="9780130000000" published_date="2014-10-29" publisher_id="5"/>
    <books book_id="1120" title="The Reasoned Schemer" total_pages="176" rating="4.28" isbn="9780260000000"
           published_date="2005-10-14" publisher_id="129"/>
    <books book_id="1121" title="Essentials of Programming Languages" total_pages="389" rating="3.93"
           isbn="9780260000000" published_date="2001-01-29" publisher_id="129"/>
    <books book_id="1122"
           title="Algorithms Plus Data Structures Equals Programs (Prentice-Hall series in automatic computation)"
           total_pages="400" rating="4.22" isbn="9780130000000" published_date="1975-11-11" publisher_id="169"/>
    <books book_id="1123" title="How Linux Works: What Every Superuser Should Know" total_pages="368" rating="4.10"
           isbn="9781590000000" published_date="2004-05-24" publisher_id="139"/>
    <books book_id="1124" title="Fluent Python: Clear, Concise, and Effective Programming" total_pages="792"
           rating="4.67" isbn="9781490000000" published_date="2015-08-20" publisher_id="1"/>
    <books book_id="1125" title="C++ Primer" total_pages="885" rating="4.19" isbn="9780200000000"
           published_date="2005-02-24" publisher_id="5"/>
    <books book_id="1126" title="Computer Graphics: Principles and Practice" total_pages="9998" rating="4.16"
           isbn="9780200000000" published_date="1995-08-14" publisher_id="5"/>
    <books book_id="1127" title="Concepts of Programming Languages" total_pages="670" rating="3.71" isbn="9780200000000"
           published_date="1998-08-01" publisher_id="5"/>
    <books book_id="1128" title="The Joy of Clojure" total_pages="328" rating="4.18" isbn="9781940000000"
           published_date="2011-03-28" publisher_id="111"/>
    <books book_id="1129" title="The Art of Unit Testing: With Examples in .NET" total_pages="320" rating="4.10"
           isbn="9781930000000" published_date="2009-07-05" publisher_id="111"/>
    <books book_id="1130" title="Java: How to Program" total_pages="1568" rating="3.85" isbn="9780130000000"
           published_date="2004-08-14" publisher_id="169"/>
    <books book_id="1131" title="Database Systems: The Complete Book" total_pages="1119" rating="3.77"
           isbn="9780130000000" published_date="2001-10-02" publisher_id="169"/>
    <books book_id="1132" title="How to Create a Mind: The Secret of Human Thought Revealed" total_pages="336"
           rating="3.96" isbn="9780670000000" published_date="2012-11-13" publisher_id="220"/>
    <books book_id="1133" title="Programming Ruby: The Pragmatic Programmers&apos; Guide" total_pages="828"
           rating="4.05" isbn="9780970000000" published_date="2004-10-11" publisher_id="167"/>
    <books book_id="1134" title="The Cuckoo&apos;s Egg: Tracking a Spy Through the Maze of Computer Espionage"
           total_pages="399" rating="4.21" isbn="9781420000000" published_date="2005-09-13" publisher_id="81"/>
    <books book_id="1135" title="The Elements of Programming Style" total_pages="168" rating="4.18" isbn="9780070000000"
           published_date="1988-06-01" publisher_id="119"/>
    <books book_id="1136" title="You Don&apos;t Know JS: Scope and Closures" total_pages="98" rating="4.54"
           isbn="9781450000000" published_date="2014-03-24" publisher_id="1"/>
    <books book_id="1137" title="C# in Depth" total_pages="554" rating="4.48" isbn="9781940000000"
           published_date="2010-11-22" publisher_id="111"/>
    <books book_id="1138" title="Weapons of Math Destruction: How Big Data Increases Inequality and Threatens Democracy"
           total_pages="259" rating="3.87" isbn="9780550000000" published_date="2016-09-06" publisher_id="56"/>
    <books book_id="1139" title="Data Science from Scratch: First Principles with Python" total_pages="330"
           rating="3.91" published_date="2015-04-14" publisher_id="1"/>
    <books book_id="1140" title="C++: How to Program" total_pages="1536" rating="3.94" isbn="9780130000000"
           published_date="2004-12-01" publisher_id="169"/>
    <books book_id="1141" title="Implementing Domain-Driven Design" total_pages="656" rating="4.06" isbn="9780320000000"
           published_date="2013-02-16" publisher_id="5"/>
    <books book_id="1142" title="Let Over Lambda" total_pages="384" rating="4.04" isbn="9781440000000"
           published_date="2008-04-02" publisher_id="107"/>
    <books book_id="1143" title="Understanding the Linux Kernel" total_pages="923" rating="4.06" isbn="9780600000000"
           published_date="2005-11-24" publisher_id="1"/>
    <books book_id="1144" title="An Introduction to Functional Programming Through Lambda Calculus" total_pages="336"
           rating="4.13" isbn="9780490000000" published_date="2011-08-18" publisher_id="68"/>
    <books book_id="1145" title="Apprenticeship Patterns: Guidance for the Aspiring Software Craftsman"
           total_pages="176" rating="4.11" isbn="9780600000000" published_date="2009-10-22" publisher_id="1"/>
    <books book_id="1146" title="Elements of Programming" total_pages="262" rating="4.01" isbn="9780320000000"
           published_date="2009-06-01" publisher_id="5"/>
    <books book_id="1147" title="Engineering a Compiler" total_pages="801" rating="3.97" isbn="9781560000000"
           published_date="2003-11-10" publisher_id="133"/>
    <books book_id="1148" title="In the Beginning...Was the Command Line" total_pages="160" rating="3.79"
           published_date="2009-10-13" publisher_id="235"/>
    <books book_id="1149" title="Introduction to Information Retrieval" total_pages="482" rating="4.20"
           isbn="9780520000000" published_date="2008-07-01" publisher_id="34"/>
    <books book_id="1150" title="Programming Perl" total_pages="1092" rating="4.05" isbn="9780600000000"
           published_date="2000-07-24" publisher_id="1"/>
    <books book_id="1151" title="Programming the Universe: A Quantum Computer Scientist Takes on the Cosmos"
           total_pages="240" rating="4.00" isbn="9781400000000" published_date="2006-03-14" publisher_id="103"/>
    <books book_id="1152" title="Hands-On Machine Learning with Scikit-Learn and TensorFlow" total_pages="450"
           rating="4.55" published_date="2017-04-09" publisher_id="1"/>
    <books book_id="1153" title="Rapid Development: Taming Wild Software Schedules" total_pages="674" rating="3.96"
           isbn="9781560000000" published_date="1996-07-09" publisher_id="128"/>
    <books book_id="1154" title="Foundations of Statistical Natural Language Processing" total_pages="679" rating="4.16"
           isbn="9780260000000" published_date="1999-05-28" publisher_id="129"/>
    <books book_id="1155" title="Out of Their Minds: The Lives and Discoveries of 15 Great Computer Scientists"
           total_pages="291" rating="3.80" isbn="9780390000000" published_date="1998-07-02" publisher_id="46"/>
    <books book_id="1156" title="Effective Python: 59 Specific Ways to Write Better Python" total_pages="227"
           rating="4.26" isbn="9780130000000" published_date="2015-03-08" publisher_id="5"/>
    <books book_id="1157" title="Big Data: A Revolution That Will Transform How We Live, Work, and Think"
           total_pages="242" rating="3.71" isbn="9780540000000" published_date="2013-03-05" publisher_id="93"/>
    <books book_id="1158" title="Effective Modern C++: 42 Specific Ways to Improve Your Use of C++11 and C++14"
           total_pages="334" rating="4.52" isbn="9781490000000" published_date="2014-12-12" publisher_id="1"/>
    <books book_id="1159" title="Real World Haskell: Code You Can Believe In" total_pages="720" rating="3.93"
           isbn="9780600000000" published_date="2008-12-02" publisher_id="1"/>
    <books book_id="1160" title="Algorithms Unlocked" total_pages="237" rating="4.17" isbn="9781300000000"
           published_date="2013-05-15" publisher_id="129"/>
    <books book_id="1161" title="Turing&apos;s Cathedral: The Origins of the Digital Universe" total_pages="505"
           rating="3.55" isbn="9780310000000" published_date="2012-03-06" publisher_id="154"/>
    <books book_id="1162" title="The Art of UNIX Programming" total_pages="560" rating="4.17" isbn="9780130000000"
           published_date="2003-10-03" publisher_id="5"/>
    <books book_id="1163" title="Database System Concepts" total_pages="1142" rating="3.77" isbn="9780070000000"
           published_date="2005-06-01" publisher_id="119"/>
    <books book_id="1164" title="Refactoring to Patterns" total_pages="400" rating="4.03" isbn="785342000000"
           published_date="2004-08-15" publisher_id="5"/>
    <books book_id="1165" title="Site Reliability Engineering: How Google Runs Production Systems" total_pages="552"
           rating="4.23" isbn="9781490000000" published_date="2016-04-16" publisher_id="1"/>
    <books book_id="1166" title="The Linux Command Line" total_pages="480" rating="4.36" isbn="9781590000000"
           published_date="2012-01-14" publisher_id="139"/>
    <books book_id="1167" title="The New Turing Omnibus: 66 Excursions In Computer Science" total_pages="480"
           rating="3.88" isbn="9780720000000" published_date="1993-04-01" publisher_id="226"/>
    <books book_id="1168" title="JavaScript: The Definitive Guide" total_pages="1032" rating="4.02" isbn="9780600000000"
           published_date="2006-08-24" publisher_id="1"/>
    <books book_id="1169" title="Linux Kernel Development" total_pages="440" rating="4.29" isbn="9780670000000"
           published_date="2010-06-25" publisher_id="5"/>
    <books book_id="1170" title="Programming Language Pragmatics" total_pages="875" rating="3.96" isbn="9780130000000"
           published_date="2005-11-07" publisher_id="133"/>
    <books book_id="1171" title="Understanding Computation: From Simple Machines to Impossible Programs"
           total_pages="332" rating="4.23" isbn="9781450000000" published_date="2013-05-10" publisher_id="1"/>
    <books book_id="1172" title="The Design of Everyday Things" total_pages="240" rating="4.19" isbn="9780470000000"
           published_date="2002-09-19" publisher_id="24"/>
    <books book_id="1173"
           title="The Innovators: How a Group of  Hackers, Geniuses and Geeks Created the Digital Revolution"
           total_pages="528" rating="4.08" isbn="9781480000000" published_date="2014-10-07" publisher_id="190"/>
    <books book_id="1174" title="The Soul of a New Machine" total_pages="293" rating="4.11" isbn="9780320000000"
           published_date="2000-06-01" publisher_id="20"/>
    <books book_id="1175" title="The Elements of Statistical Learning: Data Mining, Inference, and Prediction"
           total_pages="552" rating="4.37" isbn="9780390000000" published_date="2003-09-02" publisher_id="199"/>
    <books book_id="1176" title="The Computer and the Brain" total_pages="112" rating="3.90" isbn="9780300000000"
           published_date="2000-07-11" publisher_id="241"/>
    <books book_id="1177"
           title="Enterprise Integration Patterns: Designing, Building, and Deploying Messaging Solutions"
           total_pages="736" rating="4.07" isbn="785342000000" published_date="2003-10-20" publisher_id="5"/>
    <books book_id="1178" title="Release It,: Design and Deploy Production-Ready Software (Pragmatic Programmers)"
           total_pages="326" rating="4.21" isbn="9780980000000" published_date="2007-04-06" publisher_id="167"/>
    <books book_id="1179" title="Computational Complexity" total_pages="579" rating="4.27" isbn="9780520000000"
           published_date="2009-05-01" publisher_id="34"/>
    <books book_id="1180" title="Automate the Boring Stuff with Python: Practical Programming for Total Beginners"
           total_pages="479" rating="4.25" isbn="9781590000000" published_date="2015-05-01" publisher_id="139"/>
    <books book_id="1181" title="HTML and CSS: Design and Build Websites" total_pages="514" rating="4.34"
           isbn="9781120000000" published_date="2011-11-08" publisher_id="232"/>
    <books book_id="1182"
           title="Speech and Language Processing: An Introduction to Natural Language Processing, Computational Linguistics and Speech Recognition"
           total_pages="934" rating="4.17" isbn="9780130000000" published_date="2000-01-26" publisher_id="169"/>
    <books book_id="1183" title="Paradigms of Artificial Intelligence Programming: Case Studies in Common LISP"
           total_pages="946" rating="4.32" isbn="9781560000000" published_date="1991-10-15" publisher_id="133"/>
    <books book_id="1184" title="Agile Software Development, Principles, Patterns, and Practices" total_pages="552"
           rating="4.26" isbn="9780140000000" published_date="2002-10-25" publisher_id="157"/>
    <books book_id="1185" title="Operating Systems: Three Easy Pieces" total_pages="686" rating="4.72"
           published_date="2012-08-18" publisher_id="15"/>
    <books book_id="1186" title="Software Engineering (International Computer Science Series)" total_pages="759"
           rating="3.75" isbn="9780320000000" published_date="2004-05-10" publisher_id="5"/>
    <books book_id="1187" title="Alan Turing: The Enigma" total_pages="608" rating="3.80" isbn="9780800000000"
           published_date="2000-03-01" publisher_id="227"/>
    <books book_id="1188" title="Expert C Programming: Deep C Secrets" total_pages="384" rating="4.31"
           isbn="9780130000000" published_date="1994-06-24" publisher_id="169"/>
    <books book_id="1189" title="Operating Systems Design and Implementation" total_pages="1088" rating="4.03"
           isbn="9780130000000" published_date="2006-01-01" publisher_id="169"/>
    <books book_id="1190" title="Computer Organization and Architecture: Designing for Performance" total_pages="815"
           rating="4.05" isbn="9780130000000" published_date="2002-05-23" publisher_id="169"/>
    <books book_id="1191" title="Learning Perl" total_pages="312" rating="3.98" isbn="9780600000000"
           published_date="2005-07-21" publisher_id="1"/>
    <books book_id="1192" title="Extreme Programming Explained: Embrace Change (The XP Series)" total_pages="224"
           rating="4.04" isbn="9780320000000" published_date="2004-11-26" publisher_id="5"/>
    <books book_id="1193" title="An Introduction to Statistical Learning: With Applications in R" total_pages="426"
           rating="4.61" isbn="9781460000000" published_date="2017-09-01" publisher_id="199"/>
    <books book_id="1194" title="The Design of Design: Essays from a Computer Scientist" total_pages="421" rating="3.75"
           isbn="9780200000000" published_date="2010-03-26" publisher_id="5"/>
    <books book_id="1195" title="97 Things Every Programmer Should Know: Collective Wisdom from the Experts"
           total_pages="258" rating="3.65" isbn="9780600000000" published_date="2010-02-19" publisher_id="1"/>
    <books book_id="1196" title="The Art of Deception: Controlling the Human Element of Security" total_pages="352"
           rating="3.76" isbn="9780760000000" published_date="2003-10-17" publisher_id="232"/>
    <books book_id="1197" title="Natural Language Processing with Python" total_pages="504" rating="4.14"
           isbn="9780600000000" published_date="2009-07-07" publisher_id="1"/>
    <books book_id="1198" title="Accelerated C++: Practical Programming by Example" total_pages="352" rating="4.06"
           isbn="785343000000" published_date="2000-08-24" publisher_id="5"/>
    <books book_id="1199" title="Distributed Systems: Concepts and Design" total_pages="1047" rating="3.59"
           isbn="9780130000000" published_date="2011-05-07" publisher_id="157"/>
    <books book_id="1200" title="Practical Object Oriented Design in Ruby" total_pages="247" rating="4.55"
           isbn="9780320000000" published_date="2012-08-19" publisher_id="5"/>
    <books book_id="1201" title="Fundamentals of Database Systems" total_pages="1139" rating="3.81" isbn="9780320000000"
           published_date="2006-03-07" publisher_id="5"/>
    <books book_id="1202" title="Distributed Systems: Principles and Paradigms" total_pages="686" rating="3.90"
           isbn="9780130000000" published_date="2006-10-01" publisher_id="158"/>
    <books book_id="1203" title="The Psychology of Computer Programming" total_pages="292" rating="4.10"
           isbn="9780930000000" published_date="2005-10-21" publisher_id="65"/>
    <books book_id="1205" title="The Design of the UNIX Operating System" total_pages="471" rating="4.20"
           isbn="9780130000000" published_date="1986-06-06" publisher_id="169"/>
    <books book_id="1206"
           title="Programming Interviews Exposed: Secrets to Landing Your Next Job (Programmer to Programmer)"
           total_pages="237" rating="3.96" isbn="9780470000000" published_date="2007-04-30" publisher_id="228"/>
    <books book_id="1207" title="Pragmatic Thinking and Learning: Refactor Your Wetware" total_pages="251" rating="4.12"
           isbn="9781930000000" published_date="2008-09-01" publisher_id="167"/>
    <books book_id="1208" title="Learn You a Haskell for Great Good," total_pages="176" rating="4.32"/>
    <books book_id="1209" title="Designing Data-Intensive Applications" total_pages="562" rating="4.72"/>
    <books book_id="1210"
           title="The Master Algorithm: How the Quest for the Ultimate Learning Machine Will Remake Our World"
           total_pages="352" rating="3.80" isbn="9780470000000" published_date="2015-09-22" publisher_id="24"/>
    <books book_id="1211" title="Hacking: The Art of Exploitation" total_pages="241" rating="4.13" isbn="9781590000000"
           published_date="2004-10-08" publisher_id="139"/>
    <books book_id="1212" title="Pattern Recognition and Machine Learning" total_pages="738" rating="4.28"
           isbn="9780390000000" published_date="2011-04-06" publisher_id="199"/>
    <books book_id="1213" title="Peopleware: Productive Projects and Teams" total_pages="245" rating="4.16"
           isbn="9780930000000" published_date="1999-01-01" publisher_id="65"/>
    <books book_id="1214" title="The Art of Computer Programming, Volume 2: Seminumerical Algorithms" total_pages="784"
           rating="4.39" isbn="9780200000000" published_date="1997-11-14" publisher_id="5"/>
    <books book_id="1215" title="Cracking the Coding Interview: 150 Programming Questions and Solutions"
           total_pages="500" rating="4.34" isbn="9781470000000" published_date="2011-08-01" publisher_id="51"/>
    <books book_id="1217" title="Learning Python" total_pages="1214" rating="3.94" isbn="9780600000000"
           published_date="2003-12-30" publisher_id="1"/>
    <books book_id="1218" title="Hackers: Heroes of the Computer Revolution" total_pages="464" rating="4.13"
           isbn="9780140000000" published_date="2001-01-01" publisher_id="160"/>
    <books book_id="1219" title="Deep Learning" total_pages="787" rating="4.47" published_date="2016-03-23"
           publisher_id="204"/>
    <books book_id="1220" title="A Discipline of Programming" total_pages="256" rating="4.27" isbn="9780130000000"
           published_date="1976-03-29" publisher_id="169"/>
    <books book_id="1221" title="Algorithm Design" total_pages="864" rating="4.12" isbn="9780320000000"
           published_date="2005-03-26" publisher_id="157"/>
    <books book_id="1222" title="The Art of Computer Programming: Volume 3: Sorting and Searching" total_pages="800"
           rating="4.38" isbn="785343000000" published_date="1998-05-04" publisher_id="5"/>
    <books book_id="1223" title="Computer Architecture: A Quantitative Approach" total_pages="704" rating="4.08"
           isbn="9780120000000" published_date="2006-11-03" publisher_id="133"/>
    <books book_id="1224" title="Growing Object-Oriented Software, Guided by Tests" total_pages="345" rating="4.17"
           isbn="9780320000000" published_date="2009-10-01" publisher_id="5"/>
    <books book_id="1225" title="Advanced Programming in the UNIX Environment" total_pages="768" rating="4.31"
           isbn="9780200000000" published_date="1992-06-30" publisher_id="5"/>
    <books book_id="1226" title="Algorithms" total_pages="320" rating="4.21" isbn="9780070000000"
           published_date="2006-09-13" publisher_id="119"/>
    <publishers publisher_id="1" name="O&apos;Reilly Media"/>
    <publishers publisher_id="2" name="A Book Apart"/>
    <publishers publisher_id="3" name="A K PETERS"/>
    <publishers publisher_id="4" name="Academic Press"/>
    <publishers publisher_id="5" name="Addison Wesley"/>
    <publishers publisher_id="10" name="Albert&amp;Sweigart"/>
    <publishers publisher_id="11" name="Alfred A. Knopf"/>
    <publishers publisher_id="12" name="AMACOM"/>
    <publishers publisher_id="13" name="AMLbook.com"/>
    <publishers publisher_id="14" name="Apress"/>
    <publishers publisher_id="15" name="Arpaci-Dusseau Books"/>
    <publishers publisher_id="16" name="Artima"/>
    <publishers publisher_id="17" name="Atlantic Monthly Press"/>
    <publishers publisher_id="18" name="Attribution-ShareAlike License"/>
    <publishers publisher_id="19" name="Avon"/>
    <publishers publisher_id="20" name="Back Bay Books"/>
    <publishers publisher_id="21" name="Bantam"/>
    <publishers publisher_id="23" name="Bartlett Publishing"/>
    <publishers publisher_id="24" name="Basic Books"/>
    <publishers publisher_id="25" name="Berkley Trade"/>
    <publishers publisher_id="26" name="Big Machine"/>
    <publishers publisher_id="27" name="Big Nerd Ranch Guides"/>
    <publishers publisher_id="28" name="Bloomsbury (NYC)"/>
    <publishers publisher_id="29" name="Blue Hole Press"/>
    <publishers publisher_id="30" name="Blue Windmill Media"/>
    <publishers publisher_id="31" name="BPB Publications"/>
    <publishers publisher_id="32" name="Bradford Book"/>
    <publishers publisher_id="33" name="Brooks Cole"/>
    <publishers publisher_id="34" name="Cambridge University Press"/>
    <publishers publisher_id="35" name="Careermonk Publications"/>
    <publishers publisher_id="36" name="Carnegie Mellon University"/>
    <publishers publisher_id="37" name="Cartwheel Web"/>
    <publishers publisher_id="38" name="Celeritas Publishing"/>
    <publishers publisher_id="39" name="Cengage Learning"/>
    <publishers publisher_id="40" name="Center for the Study of Language and Inf"/>
    <publishers publisher_id="41" name="Chapman &amp; Hall/CRC"/>
    <publishers publisher_id="42" name="Chelsea Green Publishing"/>
    <publishers publisher_id="43" name="Clarendon Press"/>
    <publishers publisher_id="44" name="Code Energy LLC"/>
    <publishers publisher_id="45" name="College Publications"/>
    <publishers publisher_id="46" name="Copernicus Books"/>
    <publishers publisher_id="47" name="Coriolis Group,U.S."/>
    <publishers publisher_id="48" name="Course Technology"/>
    <publishers publisher_id="50" name="CRC Press"/>
    <publishers publisher_id="51" name="createspace"/>
    <publishers publisher_id="52" name="Createspace Independent Publishing Platform"/>
    <publishers publisher_id="53" name="Creative Commons 3.0"/>
    <publishers publisher_id="54" name="Creston Books"/>
    <publishers publisher_id="55" name="Critical Connection"/>
    <publishers publisher_id="56" name="Crown"/>
    <publishers publisher_id="57" name="Crown Business"/>
    <publishers publisher_id="58" name="Crown Publishing, NY"/>
    <publishers publisher_id="59" name="Currency"/>
    <publishers publisher_id="60" name="Current"/>
    <publishers publisher_id="61" name="Dan Bader"/>
    <publishers publisher_id="62" name="Delta"/>
    <publishers publisher_id="63" name="Dey Street Books"/>
    <publishers publisher_id="64" name="Digital Press"/>
    <publishers publisher_id="65" name="Dorset House"/>
    <publishers publisher_id="66" name="Dorset House Publishing Company, Incorporated"/>
    <publishers publisher_id="67" name="Doubleday"/>
    <publishers publisher_id="68" name="Dover Publications"/>
    <publishers publisher_id="69" name="Dymaxicon"/>
    <publishers publisher_id="70" name="Ecco"/>
    <publishers publisher_id="71" name="Edinburgh University Press"/>
    <publishers publisher_id="72" name="Effective Bookshelf"/>
    <publishers publisher_id="73" name="Elsevier Science &amp; Technology"/>
    <publishers publisher_id="74" name="Feisty Duck Ltd"/>
    <publishers publisher_id="75" name="Feiwel &amp; Friends"/>
    <publishers publisher_id="76" name="For Dummies"/>
    <publishers publisher_id="77" name="Franklin Beedle &amp; Associates"/>
    <publishers publisher_id="78" name="Free Press"/>
    <publishers publisher_id="79" name="Free Software Foundation"/>
    <publishers publisher_id="80" name="Friends of ED"/>
    <publishers publisher_id="81" name="Gallery Books"/>
    <publishers publisher_id="82" name="General Systemantics Press"/>
    <publishers publisher_id="83" name="Genever Benning"/>
    <publishers publisher_id="84" name="Graphics Press"/>
    <publishers publisher_id="85" name="Green Tea Press"/>
    <publishers publisher_id="86" name="Gumroad"/>
    <publishers publisher_id="87" name="Hachette Books"/>
    <publishers publisher_id="88" name="Harper"/>
    <publishers publisher_id="91" name="Harvard Business Review Press"/>
    <publishers publisher_id="92" name="Harvard University Press"/>
    <publishers publisher_id="93" name="Houghton Mifflin Harcourt"/>
    <publishers publisher_id="94" name="Hyperink"/>
    <publishers publisher_id="95" name="IDG Books Worldwide, Inc."/>
    <publishers publisher_id="96" name="Indianapolis"/>
    <publishers publisher_id="97" name="It Revolution Press"/>
    <publishers publisher_id="98" name="John C. Scott"/>
    <publishers publisher_id="99" name="John Murray"/>
    <publishers publisher_id="100" name="John Wiley &amp; Sons"/>
    <publishers publisher_id="101" name="Jones &amp; Bartlett Publishers"/>
    <publishers publisher_id="102" name="Kate Thompson"/>
    <publishers publisher_id="103" name="Knopf"/>
    <publishers publisher_id="104" name="Knopf Doubleday Publishing Group"/>
    <publishers publisher_id="105" name="Leanpub"/>
    <publishers publisher_id="106" name="Little, Brown and Company"/>
    <publishers publisher_id="107" name="Lulu"/>
    <publishers publisher_id="109" name="Machine Intelligence Research Institute"/>
    <publishers publisher_id="110" name="Maker Media, Inc"/>
    <publishers publisher_id="111" name="Manning"/>
    <publishers publisher_id="115" name="Markus Winand (2012)"/>
    <publishers publisher_id="116" name="Marshall &amp; Brainerd"/>
    <publishers publisher_id="117" name="MCD"/>
    <publishers publisher_id="119" name="McGraw-Hill"/>
    <publishers publisher_id="126" name="Merkle Bloom LLC"/>
    <publishers publisher_id="127" name="Metropolitan Books/Henry Holt (NY)"/>
    <publishers publisher_id="128" name="Microsoft Press"/>
    <publishers publisher_id="129" name="MIT"/>
    <publishers publisher_id="133" name="Morgan Kaufmann Publishers"/>
    <publishers publisher_id="134" name="MSAC Philosophy Group"/>
    <publishers publisher_id="136" name="New Riders Publishing"/>
    <publishers publisher_id="137" name="New York University Press"/>
    <publishers publisher_id="138" name="Nmap Project"/>
    <publishers publisher_id="139" name="No Starch Press"/>
    <publishers publisher_id="141" name="Off-By-One Press"/>
    <publishers publisher_id="143" name="OR Books"/>
    <publishers publisher_id="148" name="OUP Oxford"/>
    <publishers publisher_id="149" name="Oxford University Press (UK)"/>
    <publishers publisher_id="150" name="Oxford University Press, USA"/>
    <publishers publisher_id="151" name="P&amp;R Publishing"/>
    <publishers publisher_id="152" name="Packt Publishing"/>
    <publishers publisher_id="154" name="Pantheon"/>
    <publishers publisher_id="155" name="Paraglyph Press"/>
    <publishers publisher_id="156" name="Peachpit Press"/>
    <publishers publisher_id="157" name="Pearson"/>
    <publishers publisher_id="158" name="Pearson Prentice Hall"/>
    <publishers publisher_id="159" name="Peer-To-Peer Communications"/>
    <publishers publisher_id="160" name="Penguin"/>
    <publishers publisher_id="164" name="Plume"/>
    <publishers publisher_id="165" name="Portfolio"/>
    <publishers publisher_id="166" name="Portfolio Hardcover"/>
    <publishers publisher_id="167" name="Pragmatic Bookshelf"/>
    <publishers publisher_id="168" name="Praxis Publications Inc"/>
    <publishers publisher_id="169" name="Prentice Hall"/>
    <publishers publisher_id="173" name="Princeton Architectural Press"/>
    <publishers publisher_id="174" name="Princeton University Press"/>
    <publishers publisher_id="175" name="PublicAffairs"/>
    <publishers publisher_id="176" name="Punchy Publishing"/>
    <publishers publisher_id="177" name="Pyrenean Gold Press"/>
    <publishers publisher_id="179" name="Que Publishing"/>
    <publishers publisher_id="180" name="Random House Audio Publishing Group"/>
    <publishers publisher_id="181" name="Random House Trade Paperbacks"/>
    <publishers publisher_id="182" name="Recursive Books"/>
    <publishers publisher_id="183" name="Rockport Publishers"/>
    <publishers publisher_id="184" name="Rosenfeld Media"/>
    <publishers publisher_id="186" name="Sams Publishing"/>
    <publishers publisher_id="187" name="Scribner"/>
    <publishers publisher_id="188" name="Self"/>
    <publishers publisher_id="190" name="Simon &amp; Schuster"/>
    <publishers publisher_id="192" name="Simple Programmer"/>
    <publishers publisher_id="193" name="SitePoint"/>
    <publishers publisher_id="194" name="Society for Industrial and Applied Mathematics (SIAM)"/>
    <publishers publisher_id="195" name="Soundlikeyourself Publishing, LLC"/>
    <publishers publisher_id="196" name="Sourcebooks"/>
    <publishers publisher_id="197" name="Spectra"/>
    <publishers publisher_id="198" name="Spektrum Akademischer Verlag"/>
    <publishers publisher_id="199" name="Springer"/>
    <publishers publisher_id="200" name="St. Martin&apos;s Griffin"/>
    <publishers publisher_id="201" name="St. Martin&apos;s Press"/>
    <publishers publisher_id="202" name="Syngress"/>
    <publishers publisher_id="203" name="Syngress Publishing"/>
    <publishers publisher_id="204" name="The MIT Press"/>
    <publishers publisher_id="205" name="The Nature of Code"/>
    <publishers publisher_id="208" name="The Pragmatic Programmers, LLC."/>
    <publishers publisher_id="209" name="Thomas Dunne Books/St Martin&apos;s Press (NY)"/>
    <publishers publisher_id="210" name="Thomson Learning"/>
    <publishers publisher_id="211" name="Tilted Windmill Press"/>
    <publishers publisher_id="212" name="Tor Books"/>
    <publishers publisher_id="214" name="Triangle Connection LLC"/>
    <publishers publisher_id="215" name="Two Scoops Press"/>
    <publishers publisher_id="216" name="University of Chicago Press"/>
    <publishers publisher_id="217" name="University of Illinois Press"/>
    <publishers publisher_id="218" name="Verso"/>
    <publishers publisher_id="220" name="Viking Books"/>
    <publishers publisher_id="221" name="Virgin Books"/>
    <publishers publisher_id="222" name="W. H. Freeman"/>
    <publishers publisher_id="223" name="W. W. Norton Company"/>
    <publishers publisher_id="226" name="W.H. Freeman &amp; Company"/>
    <publishers publisher_id="227" name="Walker Books"/>
    <publishers publisher_id="228" name="Waveland Pr Inc"/>
    <publishers publisher_id="229" name="Wellesley College"/>
    <publishers publisher_id="230" name="Westview Press"/>
    <publishers publisher_id="232" name="Wiley Publishing"/>
    <publishers publisher_id="233" name="Wiley-Interscience"/>
    <publishers publisher_id="234" name="William Heinemann"/>
    <publishers publisher_id="235" name="William Morrow"/>
    <publishers publisher_id="236" name="Wolfram Media"/>
    <publishers publisher_id="238" name="Wrox Press"/>
    <publishers publisher_id="239" name="Yahoo Press"/>
    <publishers publisher_id="240" name="Yaknyam Press"/>
    <publishers publisher_id="241" name="Yale University Press"/>
</dataset>
